FILE_TYPE=LIBRARY_PARTS;
PRIMITIVE 'EVQ_PNF05M','EVQ_PNF05M_Other';
  PIN
    'NO':
      PIN_NUMBER='(A1)';
      NO_LOAD_CHECK=BOTH;
      NO_IO_CHECK=BOTH;
      ALLOW_CONNECT=TRUE;
      PINUSE='UNSPEC';
    'COM':
      PIN_NUMBER='(B1)';
      NO_LOAD_CHECK=BOTH;
      NO_IO_CHECK=BOTH;
      ALLOW_CONNECT=TRUE;
      PINUSE='UNSPEC';
  END_PIN;
  BODY
    PART_NAME='EVQ_PNF05M';
    PHYS_DES_PREFIX='S';
    NO_LOAD_CHECK='TRUE';
    PIN_COUNT='2';
    BODY_NAME='EVQ_PNF05M';
    JEDEC_TYPE='EVQPNF05M';
  END_BODY;
END_PRIMITIVE;
END.
