\BOOKMARK [1][-]{section.1}{\376\377\000O\000b\000j\000e\000t\000i\000v\000o}{}% 1
\BOOKMARK [1][-]{section.2}{\376\377\000I\000n\000t\000r\000o\000d\000u\000c\000c\000i\000\363\000n}{}% 2
\BOOKMARK [2][-]{subsection.2.1}{\376\377\000C\000o\000m\000p\000u\000t\000a\000d\000o\000r\000a\000\040\000d\000e\000\040\000V\000u\000e\000l\000o}{section.2}% 3
\BOOKMARK [2][-]{subsection.2.2}{\376\377\000T\000o\000l\000e\000r\000a\000n\000c\000i\000a\000\040\000a\000\040\000F\000a\000l\000l\000a\000s\000\040\000y\000\040\000R\000e\000d\000u\000n\000d\000a\000n\000c\000i\000a\000s}{section.2}% 4
\BOOKMARK [1][-]{section.3}{\376\377\000E\000s\000t\000a\000d\000o\000\040\000d\000e\000l\000\040\000A\000r\000t\000e}{}% 5
\BOOKMARK [2][-]{subsection.3.1}{\376\377\000R\000e\000d\000u\000n\000d\000a\000n\000c\000i\000a\000s\000\040\000e\000n\000\040\000S\000i\000s\000t\000e\000m\000a\000s\000\040\000d\000e\000\040\000C\000o\000n\000t\000r\000o\000l\000\040\000d\000e\000\040\000V\000u\000e\000l\000o\000\040\000e\000n\000\040\000A\000v\000i\000o\000n\000e\000s}{section.3}% 6
\BOOKMARK [3][-]{subsubsection.3.1.1}{\376\377\000B\000u\000s\000\040\000d\000e\000\040\000C\000o\000m\000u\000n\000i\000c\000a\000c\000i\000o\000n\000e\000s}{subsection.3.1}% 7
\BOOKMARK [3][-]{subsubsection.3.1.2}{\376\377\000C\000o\000m\000p\000a\000r\000a\000c\000i\000\363\000n\000\040\000d\000e\000\040\000R\000e\000s\000u\000l\000t\000a\000d\000o\000s\000\040\000y\000\040\000T\000o\000l\000e\000r\000a\000n\000c\000i\000a\000\040\000a\000\040\000F\000a\000l\000l\000a\000s}{subsection.3.1}% 8
\BOOKMARK [2][-]{subsection.3.2}{\376\377\000R\000e\000d\000u\000n\000d\000a\000n\000c\000i\000a\000s\000\040\000e\000n\000\040\000S\000i\000s\000t\000e\000m\000a\000s\000\040\000d\000e\000\040\000C\000o\000n\000t\000r\000o\000l\000\040\000d\000e\000\040\000V\000u\000e\000l\000o\000\040\000e\000n\000\040\000U\000A\000V\000s}{section.3}% 9
\BOOKMARK [3][-]{subsubsection.3.2.1}{\376\377\000C\000o\000m\000p\000u\000t\000a\000d\000o\000r\000a\000s\000\040\000d\000e\000\040\000V\000u\000e\000l\000o\000\040\000C\000o\000m\000e\000r\000c\000i\000a\000l\000e\000s}{subsection.3.2}% 10
\BOOKMARK [3][-]{subsubsection.3.2.2}{\376\377\000C\000a\000s\000o\000s\000\040\000d\000e\000\040\000T\000r\000a\000b\000a\000j\000o\000s\000\040\000c\000o\000n\000\040\000C\000o\000m\000p\000o\000n\000e\000n\000t\000e\000s\000\040\000C\000O\000T\000S}{subsection.3.2}% 11
\BOOKMARK [1][-]{section.4}{\376\377\000D\000i\000s\000e\000\361\000o\000\040\000y\000\040\000C\000o\000n\000s\000t\000r\000u\000c\000c\000i\000\363\000n\000\040\000d\000e\000\040\000l\000a\000\040\000C\000o\000m\000p\000u\000t\000a\000d\000o\000r\000a\000\040\000d\000e\000\040\000V\000u\000e\000l\000o}{}% 12
\BOOKMARK [2][-]{subsection.4.1}{\376\377\000F\000u\000n\000c\000i\000o\000n\000a\000l\000i\000d\000a\000d\000e\000s\000\040\000d\000e\000\040\000l\000a\000\040\000C\000o\000m\000p\000u\000t\000a\000d\000o\000r\000a\000\040\000d\000e\000\040\000V\000u\000e\000l\000o}{section.4}% 13
\BOOKMARK [2][-]{subsection.4.2}{\376\377\000C\000r\000i\000t\000e\000r\000i\000o\000s\000\040\000G\000e\000n\000e\000r\000a\000l\000e\000s\000\040\000P\000a\000r\000a\000\040\000l\000a\000\040\000S\000e\000l\000e\000c\000c\000i\000\363\000n\000\040\000d\000e\000\040\000C\000o\000m\000p\000o\000n\000e\000n\000t\000e\000s}{section.4}% 14
\BOOKMARK [2][-]{subsection.4.3}{\376\377\000C\000i\000r\000c\000u\000i\000t\000o\000s\000\040\000y\000\040\000C\000o\000m\000p\000o\000n\000e\000n\000t\000e\000s\000\040\000S\000e\000l\000e\000c\000c\000i\000o\000n\000a\000d\000o\000s}{section.4}% 15
\BOOKMARK [2][-]{subsection.4.4}{\376\377\000D\000i\000s\000e\000\361\000o\000\040\000d\000e\000\040\000P\000C\000B}{section.4}% 16
\BOOKMARK [2][-]{subsection.4.5}{\376\377\000F\000u\000n\000c\000i\000o\000n\000a\000l\000i\000d\000a\000d\000e\000s\000\040\000y\000\040\000D\000i\000a\000g\000r\000a\000m\000a\000\040\000e\000n\000\040\000B\000l\000o\000q\000u\000e\000s}{section.4}% 17
\BOOKMARK [2][-]{subsection.4.6}{\376\377\000C\000r\000i\000t\000e\000r\000i\000o\000s\000\040\000G\000e\000n\000e\000r\000a\000l\000e\000s\000\040\000P\000a\000r\000a\000\040\000l\000a\000\040\000S\000e\000l\000e\000c\000c\000i\000\363\000n\000\040\000d\000e\000\040\000C\000o\000m\000p\000o\000n\000e\000n\000t\000e\000s}{section.4}% 18
\BOOKMARK [3][-]{subsubsection.4.6.1}{\376\377\000U\000s\000o\000\040\000d\000e\000\040\000C\000o\000m\000p\000o\000n\000e\000n\000t\000e\000s\000\040\000d\000e\000\040\000G\000r\000a\000d\000o\000\040\000A\000u\000t\000o\000m\000o\000t\000r\000i\000z}{subsection.4.6}% 19
\BOOKMARK [3][-]{subsubsection.4.6.2}{\376\377\000R\000e\000q\000u\000e\000r\000i\000m\000i\000e\000n\000t\000o\000s\000\040\000d\000e\000\040\000C\000o\000n\000e\000c\000t\000o\000r\000e\000s}{subsection.4.6}% 20
\BOOKMARK [2][-]{subsection.4.7}{\376\377\000M\000i\000c\000r\000o\000c\000o\000n\000t\000r\000o\000l\000a\000d\000o\000r}{section.4}% 21
\BOOKMARK [3][-]{subsubsection.4.7.1}{\376\377\000S\000e\000l\000e\000c\000c\000i\000\363\000n\000\040\000d\000e\000l\000\040\000C\000o\000m\000p\000o\000n\000e\000n\000t\000e}{subsection.4.7}% 22
\BOOKMARK [3][-]{subsubsection.4.7.2}{\376\377\000R\000e\000q\000u\000e\000r\000i\000m\000i\000e\000n\000t\000o\000s\000\040\000d\000e\000l\000\040\000C\000o\000m\000p\000o\000n\000e\000n\000t\000e}{subsection.4.7}% 23
\BOOKMARK [3][-]{subsubsection.4.7.3}{\376\377\000C\000r\000i\000s\000t\000a\000l\000\040\000E\000x\000t\000e\000r\000n\000o}{subsection.4.7}% 24
\BOOKMARK [3][-]{subsubsection.4.7.4}{\376\377\000C\000r\000i\000s\000t\000a\000l\000\040\000p\000a\000r\000a\000\040\000R\000T\000C}{subsection.4.7}% 25
\BOOKMARK [2][-]{subsection.4.8}{\376\377\000S\000e\000n\000s\000o\000r\000\040\000I\000M\000U}{section.4}% 26
\BOOKMARK [2][-]{subsection.4.9}{\376\377\000B\000a\000r\000\363\000m\000e\000t\000r\000o}{section.4}% 27
\BOOKMARK [2][-]{subsection.4.10}{\376\377\000M\000a\000g\000n\000e\000t\000\363\000m\000e\000t\000r\000o}{section.4}% 28
\BOOKMARK [3][-]{subsubsection.4.10.1}{\376\377\000I\000n\000t\000e\000r\000f\000a\000z\000\040\000d\000e\000\040\000C\000o\000m\000u\000n\000i\000c\000a\000c\000i\000\363\000n\000\040\000C\000A\000N}{subsection.4.10}% 29
\BOOKMARK [2][-]{subsection.4.11}{\376\377\000I\000n\000t\000e\000r\000f\000a\000z\000\040\000d\000e\000\040\000C\000o\000m\000u\000n\000i\000c\000a\000c\000i\000\363\000n\000\040\000C\000A\000N}{section.4}% 30
\BOOKMARK [2][-]{subsection.4.12}{\376\377\000C\000i\000r\000c\000u\000i\000t\000o\000\040\000d\000e\000\040\000A\000l\000i\000m\000e\000n\000t\000a\000c\000i\000\363\000n}{section.4}% 31
\BOOKMARK [2][-]{subsection.4.13}{\376\377\000M\000i\000c\000r\000o\000\040\000S\000D}{section.4}% 32
\BOOKMARK [2][-]{subsection.4.14}{\376\377\000I\000n\000t\000e\000r\000f\000a\000z\000\040\000U\000S\000B}{section.4}% 33
\BOOKMARK [2][-]{subsection.4.15}{\376\377\000M\000i\000c\000r\000o\000\040\000S\000w\000i\000t\000c\000h}{section.4}% 34
\BOOKMARK [2][-]{subsection.4.16}{\376\377\000L\000E\000D\000s\000\040\000I\000n\000d\000i\000c\000a\000d\000o\000r\000e\000s}{section.4}% 35
\BOOKMARK [2][-]{subsection.4.17}{\376\377\000C\000o\000n\000e\000c\000t\000o\000r\000\040\000p\000a\000r\000a\000\040\000M\000\363\000d\000u\000l\000o\000\040\000G\000P\000S}{section.4}% 36
\BOOKMARK [2][-]{subsection.4.18}{\376\377\000C\000o\000n\000e\000c\000t\000o\000r\000e\000s\000\040\000p\000a\000r\000a\000\040\000S\000a\000l\000i\000d\000a\000s\000\040\000d\000e\000\040\000P\000W\000M}{section.4}% 37
\BOOKMARK [2][-]{subsection.4.19}{\376\377\000C\000o\000n\000e\000c\000t\000o\000r\000\040\000p\000a\000r\000a\000\040\000P\000r\000o\000g\000r\000a\000m\000a\000c\000i\000\363\000n\000\040\000p\000o\000r\000\040\000S\000W\000D}{section.4}% 38
\BOOKMARK [2][-]{subsection.4.20}{\376\377\000C\000o\000n\000e\000c\000t\000o\000r\000\040\000p\000a\000r\000a\000\040\000C\000o\000n\000t\000r\000o\000l\000\040\000p\000o\000r\000\040\000R\000a\000d\000i\000o}{section.4}% 39
\BOOKMARK [2][-]{subsection.4.21}{\376\377\000D\000e\000s\000a\000r\000r\000o\000l\000l\000o\000\040\000d\000e\000l\000\040\000P\000C\000B}{section.4}% 40
\BOOKMARK [3][-]{subsubsection.4.21.1}{\376\377\000R\000e\000q\000u\000e\000r\000i\000m\000i\000e\000n\000t\000o\000s\000\040\000d\000e\000\040\000M\000a\000n\000u\000f\000a\000c\000t\000u\000r\000a\000b\000i\000l\000i\000d\000a\000d}{subsection.4.21}% 41
\BOOKMARK [3][-]{subsubsection.4.21.2}{\376\377\000R\000e\000q\000u\000e\000r\000i\000m\000i\000e\000n\000t\000o\000s\000\040\000d\000e\000\040\000l\000a\000y\000o\000u\000t\000\040\000d\000e\000l\000\040\000s\000e\000n\000s\000o\000r\000\040\000I\000M\000U}{subsection.4.21}% 42
\BOOKMARK [3][-]{subsubsection.4.21.3}{\376\377\000L\000a\000y\000o\000u\000t\000\040\000d\000e\000l\000\040\000R\000e\000g\000u\000l\000a\000d\000o\000r\000\040\000L\000i\000n\000e\000a\000l}{subsection.4.21}% 43
\BOOKMARK [3][-]{subsubsection.4.21.4}{\376\377\000C\000o\000m\000u\000n\000i\000c\000a\000c\000i\000\363\000n\000\040\000c\000o\000n\000\040\000e\000l\000\040\000S\000l\000o\000t\000\040\000p\000a\000r\000a\000\040\000T\000a\000r\000j\000e\000t\000a\000\040\000M\000i\000c\000r\000o\000\040\000S\000D}{subsection.4.21}% 44
\BOOKMARK [3][-]{subsubsection.4.21.5}{\376\377\000C\000o\000m\000u\000n\000i\000c\000a\000c\000i\000\363\000n\000\040\000U\000S\000B}{subsection.4.21}% 45
\BOOKMARK [1][-]{section.5}{\376\377\000R\000e\000q\000u\000e\000r\000i\000m\000i\000e\000n\000t\000o\000s\000\040\000d\000e\000\040\000u\000n\000\040\000S\000i\000s\000t\000e\000m\000a\000\040\000c\000o\000n\000\040\000T\000o\000l\000e\000r\000a\000n\000c\000i\000a\000\040\000a\000\040\000F\000a\000l\000l\000a\000s}{}% 46
\BOOKMARK [2][-]{subsection.5.1}{\376\377\000R\000e\000q\000u\000e\000r\000i\000m\000i\000e\000n\000t\000o\000s\000\040\000C\000o\000m\000u\000n\000e\000s\000\040\000e\000n\000\040\000S\000i\000s\000t\000e\000m\000a\000s\000\040\000c\000o\000n\000\040\000R\000e\000d\000u\000n\000d\000a\000n\000c\000i\000a\000s}{section.5}% 47
\BOOKMARK [3][-]{subsubsection.5.1.1}{\376\377\000S\000i\000n\000c\000r\000o\000n\000i\000s\000m\000o\000\040\000d\000e\000\040\000l\000o\000s\000\040\000N\000o\000d\000o\000s}{subsection.5.1}% 48
\BOOKMARK [3][-]{subsubsection.5.1.2}{\376\377\000C\000o\000n\000s\000e\000n\000s\000o}{subsection.5.1}% 49
\BOOKMARK [2][-]{subsection.5.2}{\376\377\000S\000i\000m\000p\000l\000i\000f\000i\000c\000a\000c\000i\000\363\000n\000\040\000d\000e\000l\000\040\000P\000r\000o\000b\000l\000e\000m\000a}{section.5}% 50
\BOOKMARK [2][-]{subsection.5.3}{\376\377\000U\000s\000o\000\040\000d\000e\000\040\000C\000o\000m\000p\000o\000n\000e\000n\000t\000e\000s\000\040\000C\000O\000T\000S}{section.5}% 51
\BOOKMARK [2][-]{subsection.5.4}{\376\377\000S\000e\000l\000e\000c\000c\000i\000\363\000n\000\040\000d\000e\000l\000\040\000B\000u\000s\000\040\000d\000e\000\040\000C\000o\000m\000u\000n\000i\000c\000a\000c\000i\000o\000n\000e\000s\000\040\000d\000e\000\040\000l\000a\000\040\000C\000o\000m\000p\000u\000t\000a\000d\000o\000r\000a\000\040\000d\000e\000\040\000V\000u\000e\000l\000o}{section.5}% 52
\BOOKMARK [3][-]{subsubsection.5.4.1}{\376\377\000D\000e\000s\000c\000r\000i\000p\000c\000i\000\363\000n\000\040\000d\000e\000l\000\040\000P\000r\000o\000t\000o\000c\000o\000l\000o\000\040\000C\000A\000N}{subsection.5.4}% 53
\BOOKMARK [1][-]{section.6}{\376\377\000D\000e\000m\000o\000s\000t\000r\000a\000c\000i\000\363\000n\000\040\000d\000e\000l\000\040\000F\000u\000n\000c\000i\000o\000n\000a\000m\000i\000e\000n\000t\000o\000\040\000d\000e\000\040\000l\000a\000\040\000C\000o\000m\000p\000u\000t\000a\000d\000o\000r\000a\000\040\000d\000e\000\040\000V\000u\000e\000l\000o}{}% 54
\BOOKMARK [1][-]{section.7}{\376\377\000C\000o\000n\000c\000l\000u\000s\000i\000o\000n\000e\000s}{}% 55
\BOOKMARK [1][-]{section.8}{\376\377\000A\000g\000r\000a\000d\000e\000c\000i\000m\000i\000e\000n\000t\000o\000s}{}% 56
\BOOKMARK [1][-]{section*.81}{\376\377\000A\000p\000\351\000n\000d\000i\000c\000e\000s}{}% 57
\BOOKMARK [1][-]{section*.82}{\376\377\000A\000p\000\351\000n\000d\000i\000c\000e\000\040\000A\000:\000\040\000C\000i\000r\000c\000u\000i\000t\000o\000\040\000E\000s\000q\000u\000e\000m\000\341\000t\000i\000c\000o}{}% 58
\BOOKMARK [1][-]{section*.83}{\376\377\000R\000e\000f\000e\000r\000e\000n\000c\000i\000a\000s}{}% 59
