2024-02-14 19:41:33,813 [INFO] Activator:176 - 


2024-02-14 19:41:33,816 [INFO] Activator:177 - !SESSION log4j initialized
2024-02-14 19:41:38,253 [INFO] LogOutputStream:77 - [STDOUT_REDIRECT] 
2024-02-14 19:41:39,960 [INFO] ApplicationProperties:184 - Using Application install path: /opt/st/stm32cubeide_1.14.0/plugins/com.st.stm32cube.common.mx_6.10.0.202311202037
2024-02-14 19:41:39,980 [INFO] DbMcusXml:78 - Set database path to: /opt/st/stm32cubeide_1.14.0/plugins/com.st.stm32cube.common.mx_6.10.0.202311202037//db//mcu/
2024-02-14 19:41:39,980 [INFO] ApiDb:274 - Set plugin database path to: /opt/st/stm32cubeide_1.14.0/plugins/com.st.stm32cube.common.mx_6.10.0.202311202037//db//plugins/boardmanager/
2024-02-14 19:41:39,981 [WARN] ApiDb:259 - Overriding images path with different value:  => /opt/st/stm32cubeide_1.14.0/plugins/com.st.stm32cube.common.mx_6.10.0.202311202037//db//plugins/mcufinder/images/
2024-02-14 19:41:39,989 [INFO] ApiDb:250 - Set database path to: /home/fede/.stmcufinder/plugins/mcufinder//mcu/
2024-02-14 19:41:39,990 [INFO] DbMcusAds:125 - Set database path to: /home/fede/.stmcufinder/plugins/mcufinder//mcu/
2024-02-14 19:41:39,992 [INFO] CrossReferenceDbSqlite:203 - Set database path to: /home/fede/.stmcufinder/plugins/mcufinder//mcu/cs/
2024-02-14 19:41:40,161 [INFO] RulesReader:64 - Compatibility file has been processed (297 Rules)
2024-02-14 19:41:40,252 [INFO] DbMcusXml:78 - Set database path to: /opt/st/stm32cubeide_1.14.0/plugins/com.st.stm32cube.common.mx_6.10.0.202311202037//db//mcu/
2024-02-14 19:41:40,253 [INFO] ApiDb:274 - Set plugin database path to: /opt/st/stm32cubeide_1.14.0/plugins/com.st.stm32cube.common.mx_6.10.0.202311202037//db//plugins/boardmanager/
2024-02-14 19:41:40,253 [INFO] ApiDb:261 - Set plugin images path to: /opt/st/stm32cubeide_1.14.0/plugins/com.st.stm32cube.common.mx_6.10.0.202311202037//db//plugins/mcufinder/images/
2024-02-14 19:41:40,253 [WARN] DbFile:41 - Overriding database path with different value: /home/fede/.stmcufinder/plugins/mcufinder/ => /home/fede/.stmcufinder/plugins/mcufinder
2024-02-14 19:41:40,253 [INFO] ApiDb:250 - Set database path to: /home/fede/.stmcufinder/plugins/mcufinder//mcu/
2024-02-14 19:41:40,253 [WARN] DbFile:41 - Overriding database path with different value: /home/fede/.stmcufinder/plugins/mcufinder/ => /home/fede/.stmcufinder/plugins/mcufinder
2024-02-14 19:41:40,253 [INFO] DbMcusAds:125 - Set database path to: /home/fede/.stmcufinder/plugins/mcufinder//mcu/
2024-02-14 19:41:40,253 [WARN] DbFile:41 - Overriding database path with different value: /home/fede/.stmcufinder/plugins/mcufinder/ => /home/fede/.stmcufinder/plugins/mcufinder
2024-02-14 19:41:40,254 [WARN] DbFile:41 - Overriding database path with different value: /home/fede/.stmcufinder/plugins/mcufinder/ => /home/fede/.stmcufinder/plugins/mcufinder
2024-02-14 19:41:40,254 [INFO] CrossReferenceDbSqlite:203 - Set database path to: /home/fede/.stmcufinder/plugins/mcufinder//mcu/cs/
2024-02-14 19:41:40,349 [INFO] MainPanel:264 - HeapMemory: 268435456
2024-02-14 19:41:40,469 [INFO] DbMcusXml:78 - Set database path to: /opt/st/stm32cubeide_1.14.0/plugins/com.st.stm32cube.common.mx_6.10.0.202311202037//db//mcu/
2024-02-14 19:41:40,470 [INFO] ApiDb:274 - Set plugin database path to: /opt/st/stm32cubeide_1.14.0/plugins/com.st.stm32cube.common.mx_6.10.0.202311202037//db//plugins/boardmanager/
2024-02-14 19:41:40,470 [INFO] ApiDb:261 - Set plugin images path to: /opt/st/stm32cubeide_1.14.0/plugins/com.st.stm32cube.common.mx_6.10.0.202311202037//db//plugins/mcufinder/images/
2024-02-14 19:41:40,470 [WARN] DbFile:41 - Overriding database path with different value: /home/fede/.stmcufinder/plugins/mcufinder/ => /home/fede/.stmcufinder/plugins/mcufinder
2024-02-14 19:41:40,471 [INFO] ApiDb:250 - Set database path to: /home/fede/.stmcufinder/plugins/mcufinder//mcu/
2024-02-14 19:41:40,471 [WARN] DbFile:41 - Overriding database path with different value: /home/fede/.stmcufinder/plugins/mcufinder/ => /home/fede/.stmcufinder/plugins/mcufinder
2024-02-14 19:41:40,471 [INFO] DbMcusAds:125 - Set database path to: /home/fede/.stmcufinder/plugins/mcufinder//mcu/
2024-02-14 19:41:40,471 [WARN] DbFile:41 - Overriding database path with different value: /home/fede/.stmcufinder/plugins/mcufinder/ => /home/fede/.stmcufinder/plugins/mcufinder
2024-02-14 19:41:40,471 [WARN] DbFile:41 - Overriding database path with different value: /home/fede/.stmcufinder/plugins/mcufinder/ => /home/fede/.stmcufinder/plugins/mcufinder
2024-02-14 19:41:40,471 [INFO] CrossReferenceDbSqlite:203 - Set database path to: /home/fede/.stmcufinder/plugins/mcufinder//mcu/cs/
2024-02-14 19:41:40,492 [INFO] ApplicationProperties:184 - Using Application install path: /opt/st/stm32cubeide_1.14.0/plugins/com.st.stm32cube.common.mx_6.10.0.202311202037
2024-02-14 19:41:40,494 [INFO] PluginManage:196 - Search for loadable plugins [exclusion list=, ]
2024-02-14 19:41:40,496 [INFO] PluginManage:310 - Check plugin analytics
2024-02-14 19:41:40,662 [INFO] AnalyticsPlugin:253 - Accepted Software Licenses: 
2024-02-14 19:41:40,662 [INFO] AnalyticsPlugin:255 - Accepted CMSIS Pack Licenses: 
2024-02-14 19:41:40,662 [INFO] AnalyticsPlugin:257 - Accepted Firmware Licenses: FW.F7.1.17.0
2024-02-14 19:41:40,665 [INFO] PluginManage:359 - Loaded plugin analytics (category:tool,tabindex:-1)
2024-02-14 19:41:40,665 [INFO] PluginManage:310 - Check plugin cadmodel
2024-02-14 19:41:40,699 [INFO] CADModel:105 - Init CAD model plugin
2024-02-14 19:41:40,700 [INFO] PluginManage:359 - Loaded plugin cadmodel (category:power,tabindex:5)
2024-02-14 19:41:40,700 [INFO] PluginManage:310 - Check plugin clock
2024-02-14 19:41:40,713 [INFO] PluginManage:359 - Loaded plugin clock (category:base,tabindex:2)
2024-02-14 19:41:40,714 [INFO] PluginManage:310 - Check plugin ddr
2024-02-14 19:41:40,716 [INFO] PluginManage:359 - Loaded plugin ddr (category:tool,tabindex:6)
2024-02-14 19:41:40,716 [INFO] PluginManage:310 - Check plugin filemanager
2024-02-14 19:41:40,891 [INFO] PluginManage:359 - Loaded plugin filemanager (category:base,tabindex:10)
2024-02-14 19:41:40,891 [INFO] PluginManage:310 - Check plugin ipmanager
2024-02-14 19:41:40,897 [INFO] PluginManage:359 - Loaded plugin ipmanager (category:base,tabindex:5)
2024-02-14 19:41:40,897 [INFO] PluginManage:310 - Check plugin lpbam
2024-02-14 19:41:40,906 [INFO] PluginManage:359 - Loaded plugin lpbam (category:base,tabindex:0)
2024-02-14 19:41:40,906 [INFO] PluginManage:310 - Check plugin memorymap
2024-02-14 19:41:40,919 [INFO] PluginManage:359 - Loaded plugin memorymap (category:base,tabindex:4)
2024-02-14 19:41:40,919 [INFO] PluginManage:310 - Check plugin pinoutandconfiguration
2024-02-14 19:41:40,926 [INFO] PluginManage:359 - Loaded plugin pinoutandconfiguration (category:base,tabindex:1)
2024-02-14 19:41:40,927 [INFO] PluginManage:310 - Check plugin pinoutconfig
2024-02-14 19:41:41,028 [WARN] SupportedApi:132 - Cannot load RTOS API schema: s4s-elt-must-match.1: The content of 'definitions' must match (annotation?, (simpleType | complexType)?, (unique | key | keyref)*)). A problem was found starting at: attribute.
2024-02-14 19:41:41,189 [INFO] PluginManage:359 - Loaded plugin pinoutconfig (category:base,tabindex:0)
2024-02-14 19:41:41,189 [INFO] PluginManage:310 - Check plugin power
2024-02-14 19:41:41,200 [INFO] PluginManage:359 - Loaded plugin power (category:power,tabindex:4)
2024-02-14 19:41:41,200 [INFO] PluginManage:310 - Check plugin projectmanager
2024-02-14 19:41:41,218 [INFO] PluginManage:359 - Loaded plugin projectmanager (category:projectmanager,tabindex:3)
2024-02-14 19:41:41,218 [INFO] PluginManage:310 - Check plugin thirdparty
2024-02-14 19:41:41,355 [INFO] PluginManage:359 - Loaded plugin thirdparty (category:base,tabindex:-1)
2024-02-14 19:41:41,355 [WARN] IntegrityCheckThread:84 - waiting for thirdparty lock release [integrity check]
2024-02-14 19:41:41,356 [INFO] PluginManage:310 - Check plugin tools
2024-02-14 19:41:41,356 [INFO] IntegrityCheckThread:86 - entering critical section [integrity check]
2024-02-14 19:41:41,356 [INFO] ThirdPartyUpdaterWithRetryManager:70 - Updater plugin not ready yet. [1/15]
2024-02-14 19:41:41,358 [INFO] PluginManage:359 - Loaded plugin tools (category:base,tabindex:7)
2024-02-14 19:41:41,359 [INFO] PluginManage:310 - Check plugin tutovideos
2024-02-14 19:41:41,565 [INFO] PluginManage:359 - Loaded plugin tutovideos (category:base,tabindex:-1)
2024-02-14 19:41:41,566 [INFO] PluginManage:310 - Check plugin updater
2024-02-14 19:41:41,576 [INFO] PluginManage:359 - Loaded plugin updater (category:base,tabindex:12)
2024-02-14 19:41:41,576 [INFO] PluginManage:310 - Check plugin userauth
2024-02-14 19:41:41,582 [INFO] UserAuth:114 - Init User Auth plugin
2024-02-14 19:41:41,583 [INFO] PluginManage:359 - Loaded plugin userauth (category:base,tabindex:14)
2024-02-14 19:41:41,583 [INFO] PluginManage:283 - PluginManage : Loaded plugins [17]
2024-02-14 19:41:41,800 [INFO] PinOutPanel:1499 - setPackage(No Configuration,No Configuration)
2024-02-14 19:41:41,878 [INFO] CADModel:165 - CPN selected for project level
2024-02-14 19:41:41,878 [INFO] CADModel:114 - Register for checkConnection events
2024-02-14 19:41:41,890 [INFO] IPUIPlugin:80 - create IPUIPlugin
2024-02-14 19:41:41,890 [INFO] PluginManager:220 - loadIPPluginJar : add gfxmmu
2024-02-14 19:41:41,892 [INFO] IPUIPlugin:80 - create IPUIPlugin
2024-02-14 19:41:41,892 [INFO] PluginManager:220 - loadIPPluginJar : add comp
2024-02-14 19:41:41,895 [INFO] IPUIPlugin:80 - create IPUIPlugin
2024-02-14 19:41:41,895 [INFO] PluginManager:220 - loadIPPluginJar : add usbx
2024-02-14 19:41:41,904 [INFO] IPUIPlugin:80 - create IPUIPlugin
2024-02-14 19:41:41,904 [INFO] PluginManager:220 - loadIPPluginJar : add linkedlist
2024-02-14 19:41:41,911 [INFO] IPUIPlugin:80 - create IPUIPlugin
2024-02-14 19:41:41,912 [INFO] PluginManager:220 - loadIPPluginJar : add mdma
2024-02-14 19:41:41,914 [INFO] IPUIPlugin:80 - create IPUIPlugin
2024-02-14 19:41:41,914 [INFO] PluginManager:220 - loadIPPluginJar : add i3c
2024-02-14 19:41:41,917 [INFO] IPUIPlugin:80 - create IPUIPlugin
2024-02-14 19:41:41,917 [INFO] PluginManager:220 - loadIPPluginJar : add cryp
2024-02-14 19:41:41,918 [INFO] IPUIPlugin:80 - create IPUIPlugin
2024-02-14 19:41:41,918 [INFO] PluginManager:220 - loadIPPluginJar : add quadspi
2024-02-14 19:41:41,919 [INFO] IPUIPlugin:80 - create IPUIPlugin
2024-02-14 19:41:41,919 [INFO] PluginManager:220 - loadIPPluginJar : add tsc
2024-02-14 19:41:41,921 [INFO] IPUIPlugin:80 - create IPUIPlugin
2024-02-14 19:41:41,921 [INFO] PluginManager:220 - loadIPPluginJar : add hash
2024-02-14 19:41:41,923 [INFO] IPUIPlugin:80 - create IPUIPlugin
2024-02-14 19:41:41,923 [INFO] PluginManager:220 - loadIPPluginJar : add aes
2024-02-14 19:41:41,925 [INFO] IPUIPlugin:80 - create IPUIPlugin
2024-02-14 19:41:41,925 [INFO] PluginManager:220 - loadIPPluginJar : add i2c
2024-02-14 19:41:41,928 [INFO] IPUIPlugin:80 - create IPUIPlugin
2024-02-14 19:41:41,928 [INFO] PluginManager:220 - loadIPPluginJar : add gtzc
2024-02-14 19:41:41,935 [INFO] IPUIPlugin:80 - create IPUIPlugin
2024-02-14 19:41:41,935 [INFO] PluginManager:220 - loadIPPluginJar : add stm32_wpan
2024-02-14 19:41:41,941 [INFO] IPUIPlugin:80 - create IPUIPlugin
2024-02-14 19:41:41,944 [INFO] PluginManager:220 - loadIPPluginJar : add plateformsettings
2024-02-14 19:41:41,949 [INFO] IPUIPlugin:80 - create IPUIPlugin
2024-02-14 19:41:41,950 [INFO] PluginManager:220 - loadIPPluginJar : add adc
2024-02-14 19:41:41,952 [INFO] IPUIPlugin:80 - create IPUIPlugin
2024-02-14 19:41:41,952 [INFO] PluginManager:220 - loadIPPluginJar : add sai
2024-02-14 19:41:41,957 [INFO] IPUIPlugin:80 - create IPUIPlugin
2024-02-14 19:41:41,958 [INFO] PluginManager:220 - loadIPPluginJar : add gic
2024-02-14 19:41:41,960 [INFO] IPUIPlugin:80 - create IPUIPlugin
2024-02-14 19:41:41,960 [INFO] PluginManager:220 - loadIPPluginJar : add opamp
2024-02-14 19:41:41,962 [INFO] IPUIPlugin:80 - create IPUIPlugin
2024-02-14 19:41:41,962 [INFO] PluginManager:220 - loadIPPluginJar : add i2s
2024-02-14 19:41:41,964 [INFO] IPUIPlugin:80 - create IPUIPlugin
2024-02-14 19:41:41,964 [INFO] PluginManager:220 - loadIPPluginJar : add touchsensing
2024-02-14 19:41:41,966 [INFO] IPUIPlugin:80 - create IPUIPlugin
2024-02-14 19:41:41,966 [INFO] PluginManager:220 - loadIPPluginJar : add dma3
2024-02-14 19:41:41,971 [INFO] IPUIPlugin:80 - create IPUIPlugin
2024-02-14 19:41:41,971 [INFO] PluginManager:220 - loadIPPluginJar : add gpio
2024-02-14 19:41:41,973 [INFO] IPUIPlugin:80 - create IPUIPlugin
2024-02-14 19:41:41,973 [INFO] PluginManager:220 - loadIPPluginJar : add lorawan
2024-02-14 19:41:41,975 [INFO] IPUIPlugin:80 - create IPUIPlugin
2024-02-14 19:41:41,975 [INFO] PluginManager:220 - loadIPPluginJar : add tracer_emb
2024-02-14 19:41:41,978 [INFO] IPUIPlugin:80 - create IPUIPlugin
2024-02-14 19:41:41,978 [INFO] PluginManager:220 - loadIPPluginJar : add ipddr
2024-02-14 19:41:41,981 [INFO] IPUIPlugin:80 - create IPUIPlugin
2024-02-14 19:41:41,981 [INFO] PluginManager:220 - loadIPPluginJar : add resmgrutility
2024-02-14 19:41:41,985 [INFO] IPUIPlugin:80 - create IPUIPlugin
2024-02-14 19:41:41,985 [INFO] PluginManager:220 - loadIPPluginJar : add fmc
2024-02-14 19:41:41,986 [INFO] IPUIPlugin:80 - create IPUIPlugin
2024-02-14 19:41:41,987 [INFO] PluginManager:220 - loadIPPluginJar : add tim
2024-02-14 19:41:41,988 [INFO] IPUIPlugin:80 - create IPUIPlugin
2024-02-14 19:41:41,988 [INFO] PluginManager:220 - loadIPPluginJar : add ltdc
2024-02-14 19:41:41,989 [INFO] IPUIPlugin:80 - create IPUIPlugin
2024-02-14 19:41:41,989 [INFO] PluginManager:220 - loadIPPluginJar : add genericplugin
2024-02-14 19:41:41,994 [INFO] IPUIPlugin:80 - create IPUIPlugin
2024-02-14 19:41:41,995 [INFO] PluginManager:220 - loadIPPluginJar : add dma
2024-02-14 19:41:41,997 [INFO] IPUIPlugin:80 - create IPUIPlugin
2024-02-14 19:41:41,997 [INFO] PluginManager:220 - loadIPPluginJar : add usart
2024-02-14 19:41:41,999 [INFO] IPUIPlugin:80 - create IPUIPlugin
2024-02-14 19:41:41,999 [INFO] PluginManager:220 - loadIPPluginJar : add openamp
2024-02-14 19:41:42,000 [INFO] IPUIPlugin:80 - create IPUIPlugin
2024-02-14 19:41:42,000 [INFO] PluginManager:220 - loadIPPluginJar : add fatfs
2024-02-14 19:41:42,002 [INFO] IPUIPlugin:80 - create IPUIPlugin
2024-02-14 19:41:42,002 [INFO] PluginManager:220 - loadIPPluginJar : add spi
2024-02-14 19:41:42,004 [INFO] IPUIPlugin:80 - create IPUIPlugin
2024-02-14 19:41:42,004 [INFO] PluginManager:220 - loadIPPluginJar : add dfsdm
2024-02-14 19:41:42,006 [INFO] IPUIPlugin:80 - create IPUIPlugin
2024-02-14 19:41:42,006 [INFO] PluginManager:220 - loadIPPluginJar : add can
2024-02-14 19:41:42,010 [INFO] IPUIPlugin:80 - create IPUIPlugin
2024-02-14 19:41:42,010 [INFO] PluginManager:220 - loadIPPluginJar : add nvic
2024-02-14 19:41:42,015 [INFO] IPUIPlugin:80 - create IPUIPlugin
2024-02-14 19:41:42,015 [INFO] PluginManager:220 - loadIPPluginJar : add freertos
2024-02-14 19:41:42,017 [INFO] IPUIPlugin:80 - create IPUIPlugin
2024-02-14 19:41:42,018 [INFO] PluginManager:220 - loadIPPluginJar : add pdm2pcm
2024-02-14 19:41:42,019 [INFO] IPUIPlugin:80 - create IPUIPlugin
2024-02-14 19:41:42,019 [INFO] PluginManager:220 - loadIPPluginJar : add ts
2024-02-14 19:41:42,021 [INFO] IPUIPlugin:80 - create IPUIPlugin
2024-02-14 19:41:42,021 [INFO] PluginManager:220 - loadIPPluginJar : add ucpd
2024-02-14 19:41:42,125 [INFO] CADModel:165 - CPN selected for project level
2024-02-14 19:41:42,125 [INFO] CADModel:114 - Register for checkConnection events
2024-02-14 19:41:42,125 [FATAL] Updater:308 - Updater called before beeing initialized
2024-02-14 19:41:42,126 [ERROR] CADModel:125 - Updater not yet initialized, retry later 
2024-02-14 19:41:42,259 [INFO] CADModel:165 - CPN selected for project level
2024-02-14 19:41:42,260 [INFO] CADModel:114 - Register for checkConnection events
2024-02-14 19:41:42,260 [FATAL] Updater:308 - Updater called before beeing initialized
2024-02-14 19:41:42,260 [ERROR] CADModel:125 - Updater not yet initialized, retry later 
2024-02-14 19:41:42,263 [FATAL] Updater:308 - Updater called before beeing initialized
2024-02-14 19:41:42,360 [FATAL] Updater:308 - Updater called before beeing initialized
2024-02-14 19:41:42,364 [INFO] DbMcusAds:53 - JSON generation date=Wed Nov 29 07:52:27 ART 2023 (1701255147200)
2024-02-14 19:41:42,365 [FATAL] Updater:308 - Updater called before beeing initialized
2024-02-14 19:41:42,411 [WARN] DetailPanel:346 - Failed to get advertising image, set to default
2024-02-14 19:41:42,544 [FATAL] Updater:308 - Updater called before beeing initialized
2024-02-14 19:41:42,547 [FATAL] Updater:308 - Updater called before beeing initialized
2024-02-14 19:41:42,547 [FATAL] Updater:308 - Updater called before beeing initialized
2024-02-14 19:41:42,547 [WARN] DetailPanel:346 - Failed to get advertising image, set to default
2024-02-14 19:41:42,548 [FATAL] Updater:308 - Updater called before beeing initialized
2024-02-14 19:41:42,591 [ERROR] Updater:1120 - MainUpdater not yet initialized. External WinMGr cannot be set.
2024-02-14 19:41:42,593 [INFO] Updater:1056 - Updater Version found : 6.10.0
2024-02-14 19:41:42,633 [INFO] ApplicationProperties:184 - Using Application install path: /opt/st/stm32cubeide_1.14.0/plugins/com.st.stm32cube.common.mx_6.10.0.202311202037
2024-02-14 19:41:42,960 [INFO] MainUpdater:2873 - connection check result : 10
2024-02-14 19:41:42,961 [INFO] MainUpdater:290 - Updater Check For Update Now.
2024-02-14 19:41:42,961 [INFO] MicroXplorer:498 - Change Database Version : DB.6.0.100
2024-02-14 19:41:42,966 [INFO] McuFinderGlobals:63 - Set McuFinder mode to 2 (CubeIDE integrated)
2024-02-14 19:41:43,208 [INFO] CheckServerUpdateThread:120 - End of CheckServer Thread
2024-02-14 19:41:44,433 [WARN] PackLoader:240 - Cannot read IP mode file for STMicroelectronics.X-CUBE-SMBUS.2.1.0
2024-02-14 19:41:44,438 [WARN] PackLoader:240 - Cannot read IP mode file for STMicroelectronics.X-CUBE-TOUCHGFX.4.23.0
2024-02-14 19:41:44,468 [WARN] PackLoader:240 - Cannot read IP mode file for STMicroelectronics.X-CUBE-AZRTOS-F7.1.1.0
2024-02-14 19:41:44,474 [INFO] UserAuth:404 - Internet connection configuration mode: 1
2024-02-14 19:41:44,481 [WARN] PackLoader:240 - Cannot read IP mode file for STMicroelectronics.FP-SNS-MOTENV1.4.3.2
2024-02-14 19:41:44,488 [INFO] JxBrowserEngine:152 - Initiate JxBrowser Engine with user profile folder
2024-02-14 19:41:44,494 [WARN] PackLoader:240 - Cannot read IP mode file for STMicroelectronics.X-CUBE-DISPLAY.3.0.0
2024-02-14 19:41:44,509 [WARN] PackLoader:240 - Cannot read IP mode file for emotas.I-CUBE-CANOPEN.1.3.0
2024-02-14 19:41:44,512 [WARN] PackLoader:240 - Cannot read IP mode file for STMicroelectronics.X-CUBE-TOUCHGFX.4.22.0
2024-02-14 19:41:44,514 [WARN] PackLoader:240 - Cannot read IP mode file for STMicroelectronics.X-CUBE-TOUCHGFX.4.22.1
2024-02-14 19:41:44,524 [INFO] LogOutputStream:77 - [STDOUT_REDIRECT] 1 : Invalid condition id : UX_CORESTACK_Condition cause : null
2024-02-14 19:41:44,525 [INFO] LogOutputStream:77 - [STDOUT_REDIRECT] 1 : Invalid condition id : UX_CORESTACK_Condition cause : null
2024-02-14 19:41:44,525 [INFO] LogOutputStream:77 - [STDOUT_REDIRECT] 1 : Invalid condition id : UX_CORESTACK_Condition cause : null
2024-02-14 19:41:44,525 [INFO] LogOutputStream:77 - [STDOUT_REDIRECT] 1 : Invalid condition id : UX_CORESTACK_Condition cause : null
2024-02-14 19:41:44,526 [INFO] LogOutputStream:77 - [STDOUT_REDIRECT] 1 : Invalid condition id : UX_CORESTACK_Condition cause : null
2024-02-14 19:41:44,530 [WARN] PackLoader:240 - Cannot read IP mode file for STMicroelectronics.X-CUBE-AZRTOS-WL.2.0.0
2024-02-14 19:41:44,541 [WARN] PackLoader:240 - Cannot read IP mode file for WES.I-CUBE-Cesium.1.3.0
2024-02-14 19:41:44,550 [WARN] PackLoader:240 - Cannot read IP mode file for STMicroelectronics.X-CUBE-BLE2.3.3.0
2024-02-14 19:41:44,560 [WARN] PackLoader:240 - Cannot read IP mode file for STMicroelectronics.X-CUBE-ALGOBUILD.1.3.0
2024-02-14 19:41:44,588 [WARN] PackLoader:240 - Cannot read IP mode file for STMicroelectronics.X-CUBE-AZRTOS-G0.1.1.0
2024-02-14 19:41:44,599 [WARN] PackLoader:240 - Cannot read IP mode file for STMicroelectronics.X-CUBE-NFC4.3.0.0
2024-02-14 19:41:44,614 [WARN] PackLoader:240 - Cannot read IP mode file for STMicroelectronics.X-CUBE-BLEMGR.3.0.0
2024-02-14 19:41:44,621 [WARN] PackLoader:240 - Cannot read IP mode file for STMicroelectronics.FP-ATR-SIGFOX1.3.2.0
2024-02-14 19:41:44,629 [WARN] PackLoader:240 - Cannot read IP mode file for STMicroelectronics.X-CUBE-EEPRMA1.5.1.0
2024-02-14 19:41:44,700 [WARN] PackLoader:240 - Cannot read IP mode file for SEGGER.I-CUBE-embOS.1.3.1
2024-02-14 19:41:44,761 [WARN] PackLoader:240 - Cannot read IP mode file for STMicroelectronics.X-CUBE-GNSS1.6.0.0
2024-02-14 19:41:44,792 [WARN] PackLoader:240 - Cannot read IP mode file for STMicroelectronics.X-CUBE-AZRTOS-F4.1.1.0
2024-02-14 19:41:44,855 [WARN] PackLoader:240 - Cannot read IP mode file for STMicroelectronics.X-CUBE-MEMS1.9.6.0
2024-02-14 19:41:45,081 [WARN] PackLoader:240 - Cannot read IP mode file for STMicroelectronics.X-CUBE-EEPRMA1.4.2.0
2024-02-14 19:41:45,091 [WARN] PackLoader:240 - Cannot read IP mode file for ITTIA_DB.I-CUBE-ITTIADB.8.8.0
2024-02-14 19:41:45,108 [WARN] PackLoader:240 - Cannot read IP mode file for STMicroelectronics.X-CUBE-BLEMGR.2.0.0
2024-02-14 19:41:45,146 [WARN] ConditionMgr:438 - getConditionDescription Invalid condition id : UX DEVICE CLASS RTOS Condition cause : null
2024-02-14 19:41:45,146 [WARN] ConditionMgr:438 - getConditionDescription Invalid condition id : UX DEVICE CLASS RTOS Condition cause : null
2024-02-14 19:41:45,154 [WARN] PackLoader:240 - Cannot read IP mode file for STMicroelectronics.X-CUBE-AZRTOS-H7.3.1.0
2024-02-14 19:41:45,156 [WARN] ConditionMgr:1039 - genDependencies : Invalid condition id : UX DEVICE CLASS RTOS Condition cause : null
2024-02-14 19:41:45,156 [WARN] ConditionMgr:1039 - genDependencies : Invalid condition id : UX DEVICE CLASS RTOS Condition cause : null
2024-02-14 19:41:45,158 [WARN] ConditionMgr:1039 - genDependencies : Invalid condition id : UX DEVICE CLASS RTOS Condition cause : null
2024-02-14 19:41:45,159 [WARN] ConditionMgr:1039 - genDependencies : Invalid condition id : UX DEVICE CLASS RTOS Condition cause : null
2024-02-14 19:41:45,159 [WARN] ConditionMgr:1039 - genDependencies : Invalid condition id : UX DEVICE CLASS RTOS Condition cause : null
2024-02-14 19:41:45,198 [WARN] PackLoader:240 - Cannot read IP mode file for STMicroelectronics.X-CUBE-NFC7.1.0.1
2024-02-14 19:41:45,212 [WARN] PackLoader:240 - Cannot read IP mode file for STMicroelectronics.X-CUBE-EEPRMA1.4.1.0
2024-02-14 19:41:45,273 [WARN] ConditionMgr:438 - getConditionDescription Invalid condition id : LAN8742 Phy interface Condition cause : null
2024-02-14 19:41:45,275 [WARN] PackLoader:240 - Cannot read IP mode file for STMicroelectronics.X-CUBE-AZRTOS-L4.2.0.0
2024-02-14 19:41:45,279 [WARN] ConditionMgr:1039 - genDependencies : Invalid condition id : LAN8742 Phy interface Condition cause : null
2024-02-14 19:41:45,279 [WARN] ConditionMgr:1039 - genDependencies : Invalid condition id : LAN8742 Phy interface Condition cause : null
2024-02-14 19:41:45,281 [WARN] ConditionMgr:1039 - genDependencies : Invalid condition id : LAN8742 Phy interface Condition cause : null
2024-02-14 19:41:45,331 [WARN] PackLoader:240 - Cannot read IP mode file for STMicroelectronics.X-CUBE-SFXS2LP1.4.0.0
2024-02-14 19:41:45,349 [WARN] PackLoader:240 - Cannot read IP mode file for STMicroelectronics.X-CUBE-ISPU.1.1.0
2024-02-14 19:41:45,371 [WARN] PackLoader:240 - Cannot read IP mode file for STMicroelectronics.X-CUBE-SUBG2.5.0.0
2024-02-14 19:41:45,407 [WARN] PackLoader:240 - Cannot read IP mode file for STMicroelectronics.X-CUBE-TOF1.3.3.1
2024-02-14 19:41:45,492 [WARN] PackLoader:240 - Cannot read IP mode file for STMicroelectronics.X-CUBE-AZRTOS-G4.2.0.0
2024-02-14 19:41:45,525 [WARN] PackLoader:240 - Cannot read IP mode file for Infineon.AIROC-Wi-Fi-Bluetooth-STM32.1.5.1
2024-02-14 19:41:45,549 [WARN] PackLoader:240 - Cannot read IP mode file for STMicroelectronics.FP-SNS-MOTENVWB1.1.3.0
2024-02-14 19:41:45,565 [WARN] PackLoader:240 - Cannot read IP mode file for STMicroelectronics.FP-SNS-MOTENVWB1.1.3.1
2024-02-14 19:41:45,575 [WARN] PackLoader:240 - Cannot read IP mode file for STMicroelectronics.X-CUBE-ISPU.2.0.0
2024-02-14 19:41:45,701 [WARN] PackLoader:240 - Cannot read IP mode file for STMicroelectronics.X-CUBE-MEMS1.10.0.0
2024-02-14 19:41:46,074 [WARN] PackLoader:240 - Cannot read IP mode file for portGmbH.I-Cube-SoM-uGOAL.1.1.0
2024-02-14 19:41:46,082 [WARN] PackLoader:240 - Cannot read IP mode file for STMicroelectronics.X-CUBE-ALS.1.0.1
2024-02-14 19:41:46,089 [WARN] PackLoader:240 - Cannot read IP mode file for STMicroelectronics.FP-ATR-ASTRA1.2.0.0
2024-02-14 19:41:46,115 [WARN] PackLoader:240 - Cannot read IP mode file for STMicroelectronics.X-CUBE-TOF1.3.4.0
2024-02-14 19:41:46,193 [WARN] PackLoader:240 - Cannot read IP mode file for STMicroelectronics.X-CUBE-AZRTOS-H7.3.2.0
2024-02-14 19:41:46,203 [INFO] ThirdParty:978 - Integrity check success = true
2024-02-14 19:41:46,204 [INFO] IntegrityCheckThread:100 - exiting critical section [integrity check]
2024-02-14 19:41:46,204 [INFO] IntegrityCheckThread:103 - End integrity checks thread
2024-02-14 19:41:46,244 [INFO] WebApp:161 - Instantiating new browser for Auth
2024-02-14 19:41:47,311 [INFO] WebApp:780 - Register for checkConnection events
2024-02-14 19:41:47,311 [INFO] WebApp:414 - Apply proxy settings
2024-02-14 19:41:47,311 [INFO] WebApp:499 - Chromium requires no authentication
2024-02-14 19:41:47,319 [INFO] WebApp:442 - Direct internet connection detected
2024-02-14 19:41:47,483 [INFO] WebApp:192 - Starting web application
2024-02-14 19:41:47,483 [INFO] WebApp:544 - Web application path used /opt/st/stm32cubeide_1.14.0/plugins/com.st.stm32cube.common.mx_6.10.0.202311202037/db/plugins/mcufinder/reactClient1/index.html
2024-02-14 19:42:07,868 [ERROR] LogOutputStream:75 - [STDERR_REDIRECT] SLF4J: Failed to load class "org.slf4j.impl.StaticLoggerBinder".
2024-02-14 19:42:07,868 [ERROR] LogOutputStream:75 - [STDERR_REDIRECT] SLF4J: Defaulting to no-operation (NOP) logger implementation
2024-02-14 19:42:07,869 [ERROR] LogOutputStream:75 - [STDERR_REDIRECT] SLF4J: See http://www.slf4j.org/codes.html#StaticLoggerBinder for further details.
2024-02-14 20:17:03,445 [ERROR] LogOutputStream:75 - [STDERR_REDIRECT] 
