2024-04-29 01:15:50,894 [ERROR] LogOutputStream:75 - [STDERR_REDIRECT] 
2024-04-29 22:07:14,630 [INFO] Activator:176 - 


2024-04-29 22:07:14,631 [INFO] Activator:177 - !SESSION log4j initialized
2024-04-29 22:07:18,376 [INFO] LogOutputStream:77 - [STDOUT_REDIRECT] 
2024-04-29 22:07:20,200 [INFO] ApplicationProperties:184 - Using Application install path: /opt/st/stm32cubeide_1.14.0/plugins/com.st.stm32cube.common.mx_6.10.0.202311202037
2024-04-29 22:07:20,223 [INFO] DbMcusXml:78 - Set database path to: /opt/st/stm32cubeide_1.14.0/plugins/com.st.stm32cube.common.mx_6.10.0.202311202037//db//mcu/
2024-04-29 22:07:20,224 [INFO] ApiDb:274 - Set plugin database path to: /opt/st/stm32cubeide_1.14.0/plugins/com.st.stm32cube.common.mx_6.10.0.202311202037//db//plugins/boardmanager/
2024-04-29 22:07:20,225 [WARN] ApiDb:259 - Overriding images path with different value:  => /opt/st/stm32cubeide_1.14.0/plugins/com.st.stm32cube.common.mx_6.10.0.202311202037//db//plugins/mcufinder/images/
2024-04-29 22:07:20,235 [INFO] ApiDb:250 - Set database path to: /home/fede/.stmcufinder/plugins/mcufinder//mcu/
2024-04-29 22:07:20,237 [INFO] DbMcusAds:125 - Set database path to: /home/fede/.stmcufinder/plugins/mcufinder//mcu/
2024-04-29 22:07:20,240 [INFO] CrossReferenceDbSqlite:203 - Set database path to: /home/fede/.stmcufinder/plugins/mcufinder//mcu/cs/
2024-04-29 22:07:20,435 [INFO] RulesReader:64 - Compatibility file has been processed (297 Rules)
2024-04-29 22:07:20,528 [INFO] DbMcusXml:78 - Set database path to: /opt/st/stm32cubeide_1.14.0/plugins/com.st.stm32cube.common.mx_6.10.0.202311202037//db//mcu/
2024-04-29 22:07:20,528 [INFO] ApiDb:274 - Set plugin database path to: /opt/st/stm32cubeide_1.14.0/plugins/com.st.stm32cube.common.mx_6.10.0.202311202037//db//plugins/boardmanager/
2024-04-29 22:07:20,528 [INFO] ApiDb:261 - Set plugin images path to: /opt/st/stm32cubeide_1.14.0/plugins/com.st.stm32cube.common.mx_6.10.0.202311202037//db//plugins/mcufinder/images/
2024-04-29 22:07:20,528 [WARN] DbFile:41 - Overriding database path with different value: /home/fede/.stmcufinder/plugins/mcufinder/ => /home/fede/.stmcufinder/plugins/mcufinder
2024-04-29 22:07:20,529 [INFO] ApiDb:250 - Set database path to: /home/fede/.stmcufinder/plugins/mcufinder//mcu/
2024-04-29 22:07:20,529 [WARN] DbFile:41 - Overriding database path with different value: /home/fede/.stmcufinder/plugins/mcufinder/ => /home/fede/.stmcufinder/plugins/mcufinder
2024-04-29 22:07:20,529 [INFO] DbMcusAds:125 - Set database path to: /home/fede/.stmcufinder/plugins/mcufinder//mcu/
2024-04-29 22:07:20,529 [WARN] DbFile:41 - Overriding database path with different value: /home/fede/.stmcufinder/plugins/mcufinder/ => /home/fede/.stmcufinder/plugins/mcufinder
2024-04-29 22:07:20,529 [WARN] DbFile:41 - Overriding database path with different value: /home/fede/.stmcufinder/plugins/mcufinder/ => /home/fede/.stmcufinder/plugins/mcufinder
2024-04-29 22:07:20,529 [INFO] CrossReferenceDbSqlite:203 - Set database path to: /home/fede/.stmcufinder/plugins/mcufinder//mcu/cs/
2024-04-29 22:07:20,617 [INFO] MainPanel:264 - HeapMemory: 268435456
2024-04-29 22:07:20,723 [INFO] DbMcusXml:78 - Set database path to: /opt/st/stm32cubeide_1.14.0/plugins/com.st.stm32cube.common.mx_6.10.0.202311202037//db//mcu/
2024-04-29 22:07:20,723 [INFO] ApiDb:274 - Set plugin database path to: /opt/st/stm32cubeide_1.14.0/plugins/com.st.stm32cube.common.mx_6.10.0.202311202037//db//plugins/boardmanager/
2024-04-29 22:07:20,723 [INFO] ApiDb:261 - Set plugin images path to: /opt/st/stm32cubeide_1.14.0/plugins/com.st.stm32cube.common.mx_6.10.0.202311202037//db//plugins/mcufinder/images/
2024-04-29 22:07:20,724 [WARN] DbFile:41 - Overriding database path with different value: /home/fede/.stmcufinder/plugins/mcufinder/ => /home/fede/.stmcufinder/plugins/mcufinder
2024-04-29 22:07:20,724 [INFO] ApiDb:250 - Set database path to: /home/fede/.stmcufinder/plugins/mcufinder//mcu/
2024-04-29 22:07:20,724 [WARN] DbFile:41 - Overriding database path with different value: /home/fede/.stmcufinder/plugins/mcufinder/ => /home/fede/.stmcufinder/plugins/mcufinder
2024-04-29 22:07:20,724 [INFO] DbMcusAds:125 - Set database path to: /home/fede/.stmcufinder/plugins/mcufinder//mcu/
2024-04-29 22:07:20,724 [WARN] DbFile:41 - Overriding database path with different value: /home/fede/.stmcufinder/plugins/mcufinder/ => /home/fede/.stmcufinder/plugins/mcufinder
2024-04-29 22:07:20,724 [WARN] DbFile:41 - Overriding database path with different value: /home/fede/.stmcufinder/plugins/mcufinder/ => /home/fede/.stmcufinder/plugins/mcufinder
2024-04-29 22:07:20,724 [INFO] CrossReferenceDbSqlite:203 - Set database path to: /home/fede/.stmcufinder/plugins/mcufinder//mcu/cs/
2024-04-29 22:07:20,746 [INFO] ApplicationProperties:184 - Using Application install path: /opt/st/stm32cubeide_1.14.0/plugins/com.st.stm32cube.common.mx_6.10.0.202311202037
2024-04-29 22:07:20,748 [INFO] PluginManage:196 - Search for loadable plugins [exclusion list=, ]
2024-04-29 22:07:20,750 [INFO] PluginManage:310 - Check plugin analytics
2024-04-29 22:07:21,019 [INFO] AnalyticsPlugin:253 - Accepted Software Licenses: 
2024-04-29 22:07:21,020 [INFO] AnalyticsPlugin:255 - Accepted CMSIS Pack Licenses: STMicroelectronics.X-CUBE-ALGOBUILD.1.3.0,ARM.CMSIS-DSP.1.15.0
2024-04-29 22:07:21,020 [INFO] AnalyticsPlugin:257 - Accepted Firmware Licenses: FW.F7.1.17.0
2024-04-29 22:07:21,025 [INFO] PluginManage:359 - Loaded plugin analytics (category:tool,tabindex:-1)
2024-04-29 22:07:21,026 [INFO] PluginManage:310 - Check plugin cadmodel
2024-04-29 22:07:21,068 [INFO] CADModel:105 - Init CAD model plugin
2024-04-29 22:07:21,068 [INFO] PluginManage:359 - Loaded plugin cadmodel (category:power,tabindex:5)
2024-04-29 22:07:21,069 [INFO] PluginManage:310 - Check plugin clock
2024-04-29 22:07:21,081 [INFO] PluginManage:359 - Loaded plugin clock (category:base,tabindex:2)
2024-04-29 22:07:21,081 [INFO] PluginManage:310 - Check plugin ddr
2024-04-29 22:07:21,084 [INFO] PluginManage:359 - Loaded plugin ddr (category:tool,tabindex:6)
2024-04-29 22:07:21,084 [INFO] PluginManage:310 - Check plugin filemanager
2024-04-29 22:07:21,264 [INFO] PluginManage:359 - Loaded plugin filemanager (category:base,tabindex:10)
2024-04-29 22:07:21,265 [INFO] PluginManage:310 - Check plugin ipmanager
2024-04-29 22:07:21,272 [INFO] PluginManage:359 - Loaded plugin ipmanager (category:base,tabindex:5)
2024-04-29 22:07:21,272 [INFO] PluginManage:310 - Check plugin lpbam
2024-04-29 22:07:21,283 [INFO] PluginManage:359 - Loaded plugin lpbam (category:base,tabindex:0)
2024-04-29 22:07:21,284 [INFO] PluginManage:310 - Check plugin memorymap
2024-04-29 22:07:21,298 [INFO] PluginManage:359 - Loaded plugin memorymap (category:base,tabindex:4)
2024-04-29 22:07:21,298 [INFO] PluginManage:310 - Check plugin pinoutandconfiguration
2024-04-29 22:07:21,308 [INFO] PluginManage:359 - Loaded plugin pinoutandconfiguration (category:base,tabindex:1)
2024-04-29 22:07:21,308 [INFO] PluginManage:310 - Check plugin pinoutconfig
2024-04-29 22:07:21,416 [WARN] SupportedApi:132 - Cannot load RTOS API schema: s4s-elt-must-match.1: The content of 'definitions' must match (annotation?, (simpleType | complexType)?, (unique | key | keyref)*)). A problem was found starting at: attribute.
2024-04-29 22:07:21,580 [INFO] PluginManage:359 - Loaded plugin pinoutconfig (category:base,tabindex:0)
2024-04-29 22:07:21,581 [INFO] PluginManage:310 - Check plugin power
2024-04-29 22:07:21,593 [INFO] PluginManage:359 - Loaded plugin power (category:power,tabindex:4)
2024-04-29 22:07:21,593 [INFO] PluginManage:310 - Check plugin projectmanager
2024-04-29 22:07:21,614 [INFO] PluginManage:359 - Loaded plugin projectmanager (category:projectmanager,tabindex:3)
2024-04-29 22:07:21,614 [INFO] PluginManage:310 - Check plugin thirdparty
2024-04-29 22:07:21,765 [INFO] PluginManage:359 - Loaded plugin thirdparty (category:base,tabindex:-1)
2024-04-29 22:07:21,765 [WARN] IntegrityCheckThread:84 - waiting for thirdparty lock release [integrity check]
2024-04-29 22:07:21,765 [INFO] PluginManage:310 - Check plugin tools
2024-04-29 22:07:21,765 [INFO] IntegrityCheckThread:86 - entering critical section [integrity check]
2024-04-29 22:07:21,766 [INFO] ThirdPartyUpdaterWithRetryManager:70 - Updater plugin not ready yet. [1/15]
2024-04-29 22:07:21,768 [INFO] PluginManage:359 - Loaded plugin tools (category:base,tabindex:7)
2024-04-29 22:07:21,768 [INFO] PluginManage:310 - Check plugin tutovideos
2024-04-29 22:07:21,991 [INFO] PluginManage:359 - Loaded plugin tutovideos (category:base,tabindex:-1)
2024-04-29 22:07:21,991 [INFO] PluginManage:310 - Check plugin updater
2024-04-29 22:07:22,005 [INFO] PluginManage:359 - Loaded plugin updater (category:base,tabindex:12)
2024-04-29 22:07:22,005 [INFO] PluginManage:310 - Check plugin userauth
2024-04-29 22:07:22,012 [INFO] UserAuth:114 - Init User Auth plugin
2024-04-29 22:07:22,012 [INFO] PluginManage:359 - Loaded plugin userauth (category:base,tabindex:14)
2024-04-29 22:07:22,013 [INFO] PluginManage:283 - PluginManage : Loaded plugins [17]
2024-04-29 22:07:22,237 [INFO] PinOutPanel:1499 - setPackage(No Configuration,No Configuration)
2024-04-29 22:07:22,306 [INFO] CADModel:165 - CPN selected for project level
2024-04-29 22:07:22,306 [INFO] CADModel:114 - Register for checkConnection events
2024-04-29 22:07:22,322 [INFO] IPUIPlugin:80 - create IPUIPlugin
2024-04-29 22:07:22,322 [INFO] PluginManager:220 - loadIPPluginJar : add gfxmmu
2024-04-29 22:07:22,324 [INFO] IPUIPlugin:80 - create IPUIPlugin
2024-04-29 22:07:22,324 [INFO] PluginManager:220 - loadIPPluginJar : add comp
2024-04-29 22:07:22,327 [INFO] IPUIPlugin:80 - create IPUIPlugin
2024-04-29 22:07:22,328 [INFO] PluginManager:220 - loadIPPluginJar : add usbx
2024-04-29 22:07:22,337 [INFO] IPUIPlugin:80 - create IPUIPlugin
2024-04-29 22:07:22,337 [INFO] PluginManager:220 - loadIPPluginJar : add linkedlist
2024-04-29 22:07:22,346 [INFO] IPUIPlugin:80 - create IPUIPlugin
2024-04-29 22:07:22,346 [INFO] PluginManager:220 - loadIPPluginJar : add mdma
2024-04-29 22:07:22,350 [INFO] IPUIPlugin:80 - create IPUIPlugin
2024-04-29 22:07:22,350 [INFO] PluginManager:220 - loadIPPluginJar : add i3c
2024-04-29 22:07:22,353 [INFO] IPUIPlugin:80 - create IPUIPlugin
2024-04-29 22:07:22,353 [INFO] PluginManager:220 - loadIPPluginJar : add cryp
2024-04-29 22:07:22,355 [INFO] IPUIPlugin:80 - create IPUIPlugin
2024-04-29 22:07:22,355 [INFO] PluginManager:220 - loadIPPluginJar : add quadspi
2024-04-29 22:07:22,357 [INFO] IPUIPlugin:80 - create IPUIPlugin
2024-04-29 22:07:22,358 [INFO] PluginManager:220 - loadIPPluginJar : add tsc
2024-04-29 22:07:22,361 [INFO] IPUIPlugin:80 - create IPUIPlugin
2024-04-29 22:07:22,362 [INFO] PluginManager:220 - loadIPPluginJar : add hash
2024-04-29 22:07:22,365 [INFO] IPUIPlugin:80 - create IPUIPlugin
2024-04-29 22:07:22,365 [INFO] PluginManager:220 - loadIPPluginJar : add aes
2024-04-29 22:07:22,369 [INFO] IPUIPlugin:80 - create IPUIPlugin
2024-04-29 22:07:22,369 [INFO] PluginManager:220 - loadIPPluginJar : add i2c
2024-04-29 22:07:22,373 [INFO] IPUIPlugin:80 - create IPUIPlugin
2024-04-29 22:07:22,374 [INFO] PluginManager:220 - loadIPPluginJar : add gtzc
2024-04-29 22:07:22,383 [INFO] IPUIPlugin:80 - create IPUIPlugin
2024-04-29 22:07:22,383 [INFO] PluginManager:220 - loadIPPluginJar : add stm32_wpan
2024-04-29 22:07:22,391 [INFO] IPUIPlugin:80 - create IPUIPlugin
2024-04-29 22:07:22,394 [INFO] PluginManager:220 - loadIPPluginJar : add plateformsettings
2024-04-29 22:07:22,402 [INFO] IPUIPlugin:80 - create IPUIPlugin
2024-04-29 22:07:22,402 [INFO] PluginManager:220 - loadIPPluginJar : add adc
2024-04-29 22:07:22,405 [INFO] IPUIPlugin:80 - create IPUIPlugin
2024-04-29 22:07:22,405 [INFO] PluginManager:220 - loadIPPluginJar : add sai
2024-04-29 22:07:22,412 [INFO] IPUIPlugin:80 - create IPUIPlugin
2024-04-29 22:07:22,412 [INFO] PluginManager:220 - loadIPPluginJar : add gic
2024-04-29 22:07:22,415 [INFO] IPUIPlugin:80 - create IPUIPlugin
2024-04-29 22:07:22,415 [INFO] PluginManager:220 - loadIPPluginJar : add opamp
2024-04-29 22:07:22,417 [INFO] IPUIPlugin:80 - create IPUIPlugin
2024-04-29 22:07:22,417 [INFO] PluginManager:220 - loadIPPluginJar : add i2s
2024-04-29 22:07:22,420 [INFO] IPUIPlugin:80 - create IPUIPlugin
2024-04-29 22:07:22,420 [INFO] PluginManager:220 - loadIPPluginJar : add touchsensing
2024-04-29 22:07:22,423 [INFO] IPUIPlugin:80 - create IPUIPlugin
2024-04-29 22:07:22,423 [INFO] PluginManager:220 - loadIPPluginJar : add dma3
2024-04-29 22:07:22,428 [INFO] IPUIPlugin:80 - create IPUIPlugin
2024-04-29 22:07:22,428 [INFO] PluginManager:220 - loadIPPluginJar : add gpio
2024-04-29 22:07:22,431 [INFO] IPUIPlugin:80 - create IPUIPlugin
2024-04-29 22:07:22,431 [INFO] PluginManager:220 - loadIPPluginJar : add lorawan
2024-04-29 22:07:22,433 [INFO] IPUIPlugin:80 - create IPUIPlugin
2024-04-29 22:07:22,433 [INFO] PluginManager:220 - loadIPPluginJar : add tracer_emb
2024-04-29 22:07:22,437 [INFO] IPUIPlugin:80 - create IPUIPlugin
2024-04-29 22:07:22,438 [INFO] PluginManager:220 - loadIPPluginJar : add ipddr
2024-04-29 22:07:22,441 [INFO] IPUIPlugin:80 - create IPUIPlugin
2024-04-29 22:07:22,442 [INFO] PluginManager:220 - loadIPPluginJar : add resmgrutility
2024-04-29 22:07:22,448 [INFO] IPUIPlugin:80 - create IPUIPlugin
2024-04-29 22:07:22,449 [INFO] PluginManager:220 - loadIPPluginJar : add fmc
2024-04-29 22:07:22,451 [INFO] IPUIPlugin:80 - create IPUIPlugin
2024-04-29 22:07:22,451 [INFO] PluginManager:220 - loadIPPluginJar : add tim
2024-04-29 22:07:22,453 [INFO] IPUIPlugin:80 - create IPUIPlugin
2024-04-29 22:07:22,453 [INFO] PluginManager:220 - loadIPPluginJar : add ltdc
2024-04-29 22:07:22,455 [INFO] IPUIPlugin:80 - create IPUIPlugin
2024-04-29 22:07:22,455 [INFO] PluginManager:220 - loadIPPluginJar : add genericplugin
2024-04-29 22:07:22,463 [INFO] IPUIPlugin:80 - create IPUIPlugin
2024-04-29 22:07:22,463 [INFO] PluginManager:220 - loadIPPluginJar : add dma
2024-04-29 22:07:22,466 [INFO] IPUIPlugin:80 - create IPUIPlugin
2024-04-29 22:07:22,467 [INFO] PluginManager:220 - loadIPPluginJar : add usart
2024-04-29 22:07:22,470 [INFO] IPUIPlugin:80 - create IPUIPlugin
2024-04-29 22:07:22,470 [INFO] PluginManager:220 - loadIPPluginJar : add openamp
2024-04-29 22:07:22,472 [INFO] IPUIPlugin:80 - create IPUIPlugin
2024-04-29 22:07:22,472 [INFO] PluginManager:220 - loadIPPluginJar : add fatfs
2024-04-29 22:07:22,474 [INFO] IPUIPlugin:80 - create IPUIPlugin
2024-04-29 22:07:22,474 [INFO] PluginManager:220 - loadIPPluginJar : add spi
2024-04-29 22:07:22,476 [INFO] IPUIPlugin:80 - create IPUIPlugin
2024-04-29 22:07:22,476 [INFO] PluginManager:220 - loadIPPluginJar : add dfsdm
2024-04-29 22:07:22,479 [INFO] IPUIPlugin:80 - create IPUIPlugin
2024-04-29 22:07:22,479 [INFO] PluginManager:220 - loadIPPluginJar : add can
2024-04-29 22:07:22,484 [INFO] IPUIPlugin:80 - create IPUIPlugin
2024-04-29 22:07:22,484 [INFO] PluginManager:220 - loadIPPluginJar : add nvic
2024-04-29 22:07:22,491 [INFO] IPUIPlugin:80 - create IPUIPlugin
2024-04-29 22:07:22,491 [INFO] PluginManager:220 - loadIPPluginJar : add freertos
2024-04-29 22:07:22,494 [INFO] IPUIPlugin:80 - create IPUIPlugin
2024-04-29 22:07:22,494 [INFO] PluginManager:220 - loadIPPluginJar : add pdm2pcm
2024-04-29 22:07:22,496 [INFO] IPUIPlugin:80 - create IPUIPlugin
2024-04-29 22:07:22,496 [INFO] PluginManager:220 - loadIPPluginJar : add ts
2024-04-29 22:07:22,498 [INFO] IPUIPlugin:80 - create IPUIPlugin
2024-04-29 22:07:22,498 [INFO] PluginManager:220 - loadIPPluginJar : add ucpd
2024-04-29 22:07:22,613 [INFO] CADModel:165 - CPN selected for project level
2024-04-29 22:07:22,614 [INFO] CADModel:114 - Register for checkConnection events
2024-04-29 22:07:22,614 [FATAL] Updater:308 - Updater called before beeing initialized
2024-04-29 22:07:22,614 [ERROR] CADModel:125 - Updater not yet initialized, retry later 
2024-04-29 22:07:22,754 [INFO] CADModel:165 - CPN selected for project level
2024-04-29 22:07:22,754 [INFO] CADModel:114 - Register for checkConnection events
2024-04-29 22:07:22,755 [FATAL] Updater:308 - Updater called before beeing initialized
2024-04-29 22:07:22,755 [ERROR] CADModel:125 - Updater not yet initialized, retry later 
2024-04-29 22:07:22,758 [FATAL] Updater:308 - Updater called before beeing initialized
2024-04-29 22:07:22,868 [FATAL] Updater:308 - Updater called before beeing initialized
2024-04-29 22:07:22,873 [INFO] DbMcusAds:53 - JSON generation date=Wed Nov 29 07:52:27 ART 2023 (1701255147349)
2024-04-29 22:07:22,873 [FATAL] Updater:308 - Updater called before beeing initialized
2024-04-29 22:07:22,941 [WARN] DetailPanel:346 - Failed to get advertising image, set to default
2024-04-29 22:07:23,157 [FATAL] Updater:308 - Updater called before beeing initialized
2024-04-29 22:07:23,160 [FATAL] Updater:308 - Updater called before beeing initialized
2024-04-29 22:07:23,160 [FATAL] Updater:308 - Updater called before beeing initialized
2024-04-29 22:07:23,160 [WARN] DetailPanel:346 - Failed to get advertising image, set to default
2024-04-29 22:07:23,162 [FATAL] Updater:308 - Updater called before beeing initialized
2024-04-29 22:07:23,212 [ERROR] Updater:1120 - MainUpdater not yet initialized. External WinMGr cannot be set.
2024-04-29 22:07:23,214 [INFO] Updater:1056 - Updater Version found : 6.10.0
2024-04-29 22:07:23,239 [INFO] ApplicationProperties:184 - Using Application install path: /opt/st/stm32cubeide_1.14.0/plugins/com.st.stm32cube.common.mx_6.10.0.202311202037
2024-04-29 22:07:24,767 [INFO] ThirdPartyUpdaterWithRetryManager:70 - Updater plugin not ready yet. [2/15]
2024-04-29 22:07:25,112 [INFO] MainUpdater:2873 - connection check result : 10
2024-04-29 22:07:25,113 [INFO] MainUpdater:290 - Updater Check For Update Now.
2024-04-29 22:07:25,114 [INFO] MicroXplorer:498 - Change Database Version : DB.6.0.100
2024-04-29 22:07:25,119 [INFO] McuFinderGlobals:63 - Set McuFinder mode to 2 (CubeIDE integrated)
2024-04-29 22:07:25,269 [INFO] CheckServerUpdateThread:120 - End of CheckServer Thread
2024-04-29 22:07:26,230 [INFO] UserAuth:404 - Internet connection configuration mode: 1
2024-04-29 22:07:26,244 [INFO] JxBrowserEngine:152 - Initiate JxBrowser Engine with user profile folder
2024-04-29 22:07:27,077 [INFO] WebApp:161 - Instantiating new browser for Auth
2024-04-29 22:07:27,865 [INFO] WebApp:780 - Register for checkConnection events
2024-04-29 22:07:27,865 [INFO] WebApp:414 - Apply proxy settings
2024-04-29 22:07:27,866 [INFO] WebApp:499 - Chromium requires no authentication
2024-04-29 22:07:27,876 [INFO] WebApp:442 - Direct internet connection detected
2024-04-29 22:07:27,897 [WARN] PackLoader:240 - Cannot read IP mode file for STMicroelectronics.FP-SNS-MOTENVWB1.1.4.0
2024-04-29 22:07:27,908 [WARN] PackLoader:240 - Cannot read IP mode file for STMicroelectronics.X-CUBE-SMBUS.2.1.0
2024-04-29 22:07:27,912 [WARN] PackLoader:240 - Cannot read IP mode file for STMicroelectronics.X-CUBE-TOUCHGFX.4.23.0
2024-04-29 22:07:27,916 [WARN] PackLoader:240 - Cannot read IP mode file for STMicroelectronics.X-CUBE-TOUCHGFX.4.23.2
2024-04-29 22:07:27,974 [WARN] PackLoader:240 - Cannot read IP mode file for STMicroelectronics.X-CUBE-AZRTOS-F7.1.1.0
2024-04-29 22:07:27,987 [WARN] PackLoader:240 - Cannot read IP mode file for STMicroelectronics.FP-SNS-MOTENV1.4.3.2
2024-04-29 22:07:27,995 [WARN] PackLoader:240 - Cannot read IP mode file for STMicroelectronics.FP-SNS-FLIGHT1.5.0.2
2024-04-29 22:07:28,006 [WARN] PackLoader:240 - Cannot read IP mode file for STMicroelectronics.X-CUBE-DISPLAY.3.0.0
2024-04-29 22:07:28,021 [WARN] PackLoader:240 - Cannot read IP mode file for STMicroelectronics.X-CUBE-BLE1.7.0.0
2024-04-29 22:07:28,028 [WARN] PackLoader:240 - Cannot read IP mode file for emotas.I-CUBE-CANOPEN.1.3.0
2024-04-29 22:07:28,031 [WARN] PackLoader:240 - Cannot read IP mode file for STMicroelectronics.X-CUBE-TOUCHGFX.4.22.0
2024-04-29 22:07:28,034 [WARN] PackLoader:240 - Cannot read IP mode file for STMicroelectronics.X-CUBE-TOUCHGFX.4.22.1
2024-04-29 22:07:28,049 [WARN] PackLoader:240 - Cannot read IP mode file for STMicroelectronics.X-CUBE-BLEMGR.3.1.0
2024-04-29 22:07:28,059 [WARN] PackLoader:240 - Cannot read IP mode file for STMicroelectronics.FP-SNS-SMARTAG2.1.2.0
2024-04-29 22:07:28,076 [INFO] LogOutputStream:77 - [STDOUT_REDIRECT] 1 : Invalid condition id : UX_CORESTACK_Condition cause : null
2024-04-29 22:07:28,077 [INFO] LogOutputStream:77 - [STDOUT_REDIRECT] 1 : Invalid condition id : UX_CORESTACK_Condition cause : null
2024-04-29 22:07:28,078 [INFO] LogOutputStream:77 - [STDOUT_REDIRECT] 1 : Invalid condition id : UX_CORESTACK_Condition cause : null
2024-04-29 22:07:28,078 [INFO] LogOutputStream:77 - [STDOUT_REDIRECT] 1 : Invalid condition id : UX_CORESTACK_Condition cause : null
2024-04-29 22:07:28,078 [INFO] LogOutputStream:77 - [STDOUT_REDIRECT] 1 : Invalid condition id : UX_CORESTACK_Condition cause : null
2024-04-29 22:07:28,078 [INFO] WebApp:192 - Starting web application
2024-04-29 22:07:28,079 [INFO] WebApp:544 - Web application path used /opt/st/stm32cubeide_1.14.0/plugins/com.st.stm32cube.common.mx_6.10.0.202311202037/db/plugins/mcufinder/reactClient1/index.html
2024-04-29 22:07:28,085 [WARN] PackLoader:240 - Cannot read IP mode file for STMicroelectronics.X-CUBE-AZRTOS-WL.2.0.0
2024-04-29 22:07:28,092 [WARN] PackLoader:240 - Cannot read IP mode file for STMicroelectronics.FP-SNS-MOTENV1.5.0.0
2024-04-29 22:07:28,104 [WARN] PackLoader:240 - Cannot read IP mode file for WES.I-CUBE-Cesium.1.3.0
2024-04-29 22:07:28,112 [WARN] PackLoader:240 - Cannot read IP mode file for STMicroelectronics.X-CUBE-BLE2.3.3.0
2024-04-29 22:07:28,119 [WARN] PackLoader:240 - Cannot read IP mode file for STMicroelectronics.X-CUBE-TCPP.4.1.0
2024-04-29 22:07:28,130 [WARN] PackLoader:240 - Cannot read IP mode file for STMicroelectronics.X-CUBE-ALGOBUILD.1.3.0
2024-04-29 22:07:28,272 [WARN] PackLoader:240 - Cannot read IP mode file for STMicroelectronics.X-CUBE-AZRTOS-G0.1.1.0
2024-04-29 22:07:28,298 [WARN] PackLoader:240 - Cannot read IP mode file for STMicroelectronics.X-CUBE-SAFEA1.1.2.2
2024-04-29 22:07:28,311 [WARN] PackLoader:240 - Cannot read IP mode file for STMicroelectronics.X-CUBE-NFC4.3.0.0
2024-04-29 22:07:28,338 [WARN] PackLoader:240 - Cannot read IP mode file for STMicroelectronics.X-CUBE-BLEMGR.3.0.0
2024-04-29 22:07:28,353 [WARN] PackLoader:240 - Cannot read IP mode file for STMicroelectronics.FP-ATR-SIGFOX1.3.2.0
2024-04-29 22:07:28,367 [WARN] PackLoader:240 - Cannot read IP mode file for STMicroelectronics.X-CUBE-EEPRMA1.5.1.0
2024-04-29 22:07:28,464 [WARN] PackLoader:240 - Cannot read IP mode file for SEGGER.I-CUBE-embOS.1.3.1
2024-04-29 22:07:28,565 [WARN] PackLoader:240 - Cannot read IP mode file for STMicroelectronics.X-CUBE-GNSS1.6.0.0
2024-04-29 22:07:28,601 [WARN] PackLoader:240 - Cannot read IP mode file for STMicroelectronics.X-CUBE-AZRTOS-F4.1.1.0
2024-04-29 22:07:28,610 [WARN] PackLoader:240 - Cannot read IP mode file for wolfSSL.I-CUBE-wolfSSL.5.6.3
2024-04-29 22:07:28,616 [WARN] PackLoader:240 - Cannot read IP mode file for STMicroelectronics.X-CUBE-FREERTOS.1.2.0
2024-04-29 22:07:28,621 [WARN] PackLoader:240 - Cannot read IP mode file for wolfSSL.I-CUBE-wolfSSL.5.6.6
2024-04-29 22:07:28,650 [WARN] PackLoader:240 - Cannot read IP mode file for STMicroelectronics.X-CUBE-AZRTOS-L5.2.0.0
2024-04-29 22:07:28,758 [WARN] PackLoader:240 - Cannot read IP mode file for STMicroelectronics.X-CUBE-MEMS1.9.6.0
2024-04-29 22:07:29,153 [WARN] PackLoader:240 - Cannot read IP mode file for STMicroelectronics.X-CUBE-EEPRMA1.4.2.0
2024-04-29 22:07:29,170 [WARN] PackLoader:240 - Cannot read IP mode file for STMicroelectronics.X-CUBE-NFC6.3.1.0
2024-04-29 22:07:29,185 [WARN] PackLoader:240 - Cannot read IP mode file for ITTIA_DB.I-CUBE-ITTIADB.8.8.0
2024-04-29 22:07:29,207 [WARN] PackLoader:240 - Cannot read IP mode file for STMicroelectronics.X-CUBE-BLEMGR.2.0.0
2024-04-29 22:07:29,222 [WARN] PackLoader:240 - Cannot read IP mode file for STMicroelectronics.X-CUBE-AI.9.0.0
2024-04-29 22:07:29,311 [WARN] ConditionMgr:438 - getConditionDescription Invalid condition id : UX DEVICE CLASS RTOS Condition cause : null
2024-04-29 22:07:29,312 [WARN] ConditionMgr:438 - getConditionDescription Invalid condition id : UX DEVICE CLASS RTOS Condition cause : null
2024-04-29 22:07:29,325 [WARN] PackLoader:240 - Cannot read IP mode file for STMicroelectronics.X-CUBE-AZRTOS-H7.3.1.0
2024-04-29 22:07:29,327 [WARN] ConditionMgr:1039 - genDependencies : Invalid condition id : UX DEVICE CLASS RTOS Condition cause : null
2024-04-29 22:07:29,328 [WARN] ConditionMgr:1039 - genDependencies : Invalid condition id : UX DEVICE CLASS RTOS Condition cause : null
2024-04-29 22:07:29,329 [WARN] ConditionMgr:1039 - genDependencies : Invalid condition id : UX DEVICE CLASS RTOS Condition cause : null
2024-04-29 22:07:29,330 [WARN] ConditionMgr:1039 - genDependencies : Invalid condition id : UX DEVICE CLASS RTOS Condition cause : null
2024-04-29 22:07:29,330 [WARN] ConditionMgr:1039 - genDependencies : Invalid condition id : UX DEVICE CLASS RTOS Condition cause : null
2024-04-29 22:07:29,343 [WARN] PackLoader:240 - Cannot read IP mode file for STMicroelectronics.X-CUBE-NFC7.1.0.1
2024-04-29 22:07:29,393 [WARN] PackLoader:240 - Cannot read IP mode file for STMicroelectronics.X-CUBE-NFC6.3.0.0
2024-04-29 22:07:29,417 [WARN] PackLoader:240 - Cannot read IP mode file for STMicroelectronics.X-CUBE-EEPRMA1.4.1.0
2024-04-29 22:07:29,432 [WARN] PackLoader:240 - Cannot read IP mode file for STMicroelectronics.X-CUBE-AI.8.1.0
2024-04-29 22:07:29,500 [WARN] ConditionMgr:438 - getConditionDescription Invalid condition id : LAN8742 Phy interface Condition cause : null
2024-04-29 22:07:29,503 [WARN] PackLoader:240 - Cannot read IP mode file for STMicroelectronics.X-CUBE-AZRTOS-L4.2.0.0
2024-04-29 22:07:29,508 [WARN] ConditionMgr:1039 - genDependencies : Invalid condition id : LAN8742 Phy interface Condition cause : null
2024-04-29 22:07:29,509 [WARN] ConditionMgr:1039 - genDependencies : Invalid condition id : LAN8742 Phy interface Condition cause : null
2024-04-29 22:07:29,511 [WARN] ConditionMgr:1039 - genDependencies : Invalid condition id : LAN8742 Phy interface Condition cause : null
2024-04-29 22:07:29,532 [WARN] PackLoader:240 - Cannot read IP mode file for STMicroelectronics.X-CUBE-SFXS2LP1.4.0.0
2024-04-29 22:07:29,545 [WARN] PackLoader:240 - Cannot read IP mode file for STMicroelectronics.X-CUBE-ISPU.1.1.0
2024-04-29 22:07:29,603 [WARN] ConditionMgr:438 - getConditionDescription Invalid condition id : UX DEVICE CLASS RTOS Condition cause : null
2024-04-29 22:07:29,604 [WARN] ConditionMgr:438 - getConditionDescription Invalid condition id : UX DEVICE CLASS RTOS Condition cause : null
2024-04-29 22:07:29,615 [WARN] PackLoader:240 - Cannot read IP mode file for STMicroelectronics.X-CUBE-AZRTOS-WB.2.0.0
2024-04-29 22:07:29,618 [WARN] ConditionMgr:1039 - genDependencies : Invalid condition id : UX DEVICE CLASS RTOS Condition cause : null
2024-04-29 22:07:29,618 [WARN] ConditionMgr:1039 - genDependencies : Invalid condition id : UX DEVICE CLASS RTOS Condition cause : null
2024-04-29 22:07:29,620 [WARN] ConditionMgr:1039 - genDependencies : Invalid condition id : UX DEVICE CLASS RTOS Condition cause : null
2024-04-29 22:07:29,621 [WARN] ConditionMgr:1039 - genDependencies : Invalid condition id : UX DEVICE CLASS RTOS Condition cause : null
2024-04-29 22:07:29,621 [WARN] ConditionMgr:1039 - genDependencies : Invalid condition id : UX DEVICE CLASS RTOS Condition cause : null
2024-04-29 22:07:29,659 [WARN] PackLoader:240 - Cannot read IP mode file for STMicroelectronics.X-CUBE-SUBG2.5.0.0
2024-04-29 22:07:29,729 [WARN] PackLoader:240 - Cannot read IP mode file for STMicroelectronics.X-CUBE-TOF1.3.3.1
2024-04-29 22:07:29,840 [WARN] PackLoader:240 - Cannot read IP mode file for STMicroelectronics.X-CUBE-AZRTOS-G4.2.0.0
2024-04-29 22:07:29,897 [WARN] PackLoader:240 - Cannot read IP mode file for Infineon.AIROC-Wi-Fi-Bluetooth-STM32.1.5.1
2024-04-29 22:07:29,924 [WARN] PackLoader:240 - Cannot read IP mode file for STMicroelectronics.FP-SNS-MOTENVWB1.1.3.0
2024-04-29 22:07:29,934 [WARN] PackLoader:240 - Cannot read IP mode file for STMicroelectronics.FP-SNS-MOTENVWB1.1.3.1
2024-04-29 22:07:29,944 [WARN] PackLoader:240 - Cannot read IP mode file for STMicroelectronics.X-CUBE-ISPU.2.0.0
2024-04-29 22:07:30,080 [WARN] PackLoader:240 - Cannot read IP mode file for STMicroelectronics.X-CUBE-MEMS1.10.0.0
2024-04-29 22:07:30,553 [WARN] PackLoader:240 - Cannot read IP mode file for STMicroelectronics.X-CUBE-FREERTOS.1.1.0
2024-04-29 22:07:30,566 [WARN] PackLoader:240 - Cannot read IP mode file for portGmbH.I-Cube-SoM-uGOAL.1.1.0
2024-04-29 22:07:30,576 [WARN] PackLoader:240 - Cannot read IP mode file for STMicroelectronics.X-CUBE-ALS.1.0.1
2024-04-29 22:07:30,657 [WARN] PackLoader:240 - Cannot read IP mode file for STMicroelectronics.X-CUBE-AZRTOS-H7RS.1.0.0
2024-04-29 22:07:30,675 [WARN] PackLoader:240 - Cannot read IP mode file for STMicroelectronics.FP-ATR-ASTRA1.2.0.0
2024-04-29 22:07:30,701 [WARN] PackLoader:240 - Cannot read IP mode file for STMicroelectronics.X-CUBE-TOF1.3.4.0
2024-04-29 22:07:30,754 [WARN] PackLoader:240 - Cannot read IP mode file for STMicroelectronics.X-CUBE-TOF1.3.4.1
2024-04-29 22:07:30,823 [WARN] PackLoader:240 - Cannot read IP mode file for STMicroelectronics.X-CUBE-AZRTOS-H7.3.2.0
2024-04-29 22:07:30,830 [INFO] ThirdParty:978 - Integrity check success = true
2024-04-29 22:07:30,830 [INFO] IntegrityCheckThread:100 - exiting critical section [integrity check]
2024-04-29 22:07:30,830 [INFO] IntegrityCheckThread:103 - End integrity checks thread
2024-04-29 22:07:48,487 [ERROR] LogOutputStream:75 - [STDERR_REDIRECT] SLF4J: Failed to load class "org.slf4j.impl.StaticLoggerBinder".
2024-04-29 22:07:48,487 [ERROR] LogOutputStream:75 - [STDERR_REDIRECT] SLF4J: Defaulting to no-operation (NOP) logger implementation
2024-04-29 22:07:48,487 [ERROR] LogOutputStream:75 - [STDERR_REDIRECT] SLF4J: See http://www.slf4j.org/codes.html#StaticLoggerBinder for further details.
