2024-05-11 11:39:02,047 [INFO] Activator:176 - 


2024-05-11 11:39:02,050 [INFO] Activator:177 - !SESSION log4j initialized
2024-05-11 11:39:05,782 [INFO] LogOutputStream:77 - [STDOUT_REDIRECT] 
2024-05-11 11:39:07,126 [INFO] ApplicationProperties:184 - Using Application install path: /opt/st/stm32cubeide_1.14.0/plugins/com.st.stm32cube.common.mx_6.10.0.202311202037
2024-05-11 11:39:07,149 [INFO] DbMcusXml:78 - Set database path to: /opt/st/stm32cubeide_1.14.0/plugins/com.st.stm32cube.common.mx_6.10.0.202311202037//db//mcu/
2024-05-11 11:39:07,149 [INFO] ApiDb:274 - Set plugin database path to: /opt/st/stm32cubeide_1.14.0/plugins/com.st.stm32cube.common.mx_6.10.0.202311202037//db//plugins/boardmanager/
2024-05-11 11:39:07,149 [WARN] ApiDb:259 - Overriding images path with different value:  => /opt/st/stm32cubeide_1.14.0/plugins/com.st.stm32cube.common.mx_6.10.0.202311202037//db//plugins/mcufinder/images/
2024-05-11 11:39:07,158 [INFO] ApiDb:250 - Set database path to: /home/fede/.stmcufinder/plugins/mcufinder//mcu/
2024-05-11 11:39:07,160 [INFO] DbMcusAds:125 - Set database path to: /home/fede/.stmcufinder/plugins/mcufinder//mcu/
2024-05-11 11:39:07,164 [INFO] CrossReferenceDbSqlite:203 - Set database path to: /home/fede/.stmcufinder/plugins/mcufinder//mcu/cs/
2024-05-11 11:39:07,328 [INFO] RulesReader:64 - Compatibility file has been processed (297 Rules)
2024-05-11 11:39:07,421 [INFO] DbMcusXml:78 - Set database path to: /opt/st/stm32cubeide_1.14.0/plugins/com.st.stm32cube.common.mx_6.10.0.202311202037//db//mcu/
2024-05-11 11:39:07,421 [INFO] ApiDb:274 - Set plugin database path to: /opt/st/stm32cubeide_1.14.0/plugins/com.st.stm32cube.common.mx_6.10.0.202311202037//db//plugins/boardmanager/
2024-05-11 11:39:07,422 [INFO] ApiDb:261 - Set plugin images path to: /opt/st/stm32cubeide_1.14.0/plugins/com.st.stm32cube.common.mx_6.10.0.202311202037//db//plugins/mcufinder/images/
2024-05-11 11:39:07,422 [WARN] DbFile:41 - Overriding database path with different value: /home/fede/.stmcufinder/plugins/mcufinder/ => /home/fede/.stmcufinder/plugins/mcufinder
2024-05-11 11:39:07,422 [INFO] ApiDb:250 - Set database path to: /home/fede/.stmcufinder/plugins/mcufinder//mcu/
2024-05-11 11:39:07,422 [WARN] DbFile:41 - Overriding database path with different value: /home/fede/.stmcufinder/plugins/mcufinder/ => /home/fede/.stmcufinder/plugins/mcufinder
2024-05-11 11:39:07,422 [INFO] DbMcusAds:125 - Set database path to: /home/fede/.stmcufinder/plugins/mcufinder//mcu/
2024-05-11 11:39:07,423 [WARN] DbFile:41 - Overriding database path with different value: /home/fede/.stmcufinder/plugins/mcufinder/ => /home/fede/.stmcufinder/plugins/mcufinder
2024-05-11 11:39:07,423 [WARN] DbFile:41 - Overriding database path with different value: /home/fede/.stmcufinder/plugins/mcufinder/ => /home/fede/.stmcufinder/plugins/mcufinder
2024-05-11 11:39:07,423 [INFO] CrossReferenceDbSqlite:203 - Set database path to: /home/fede/.stmcufinder/plugins/mcufinder//mcu/cs/
2024-05-11 11:39:07,517 [INFO] MainPanel:264 - HeapMemory: 268435456
2024-05-11 11:39:07,627 [INFO] DbMcusXml:78 - Set database path to: /opt/st/stm32cubeide_1.14.0/plugins/com.st.stm32cube.common.mx_6.10.0.202311202037//db//mcu/
2024-05-11 11:39:07,628 [INFO] ApiDb:274 - Set plugin database path to: /opt/st/stm32cubeide_1.14.0/plugins/com.st.stm32cube.common.mx_6.10.0.202311202037//db//plugins/boardmanager/
2024-05-11 11:39:07,628 [INFO] ApiDb:261 - Set plugin images path to: /opt/st/stm32cubeide_1.14.0/plugins/com.st.stm32cube.common.mx_6.10.0.202311202037//db//plugins/mcufinder/images/
2024-05-11 11:39:07,628 [WARN] DbFile:41 - Overriding database path with different value: /home/fede/.stmcufinder/plugins/mcufinder/ => /home/fede/.stmcufinder/plugins/mcufinder
2024-05-11 11:39:07,628 [INFO] ApiDb:250 - Set database path to: /home/fede/.stmcufinder/plugins/mcufinder//mcu/
2024-05-11 11:39:07,629 [WARN] DbFile:41 - Overriding database path with different value: /home/fede/.stmcufinder/plugins/mcufinder/ => /home/fede/.stmcufinder/plugins/mcufinder
2024-05-11 11:39:07,629 [INFO] DbMcusAds:125 - Set database path to: /home/fede/.stmcufinder/plugins/mcufinder//mcu/
2024-05-11 11:39:07,629 [WARN] DbFile:41 - Overriding database path with different value: /home/fede/.stmcufinder/plugins/mcufinder/ => /home/fede/.stmcufinder/plugins/mcufinder
2024-05-11 11:39:07,629 [WARN] DbFile:41 - Overriding database path with different value: /home/fede/.stmcufinder/plugins/mcufinder/ => /home/fede/.stmcufinder/plugins/mcufinder
2024-05-11 11:39:07,629 [INFO] CrossReferenceDbSqlite:203 - Set database path to: /home/fede/.stmcufinder/plugins/mcufinder//mcu/cs/
2024-05-11 11:39:07,650 [INFO] ApplicationProperties:184 - Using Application install path: /opt/st/stm32cubeide_1.14.0/plugins/com.st.stm32cube.common.mx_6.10.0.202311202037
2024-05-11 11:39:07,652 [INFO] PluginManage:196 - Search for loadable plugins [exclusion list=, ]
2024-05-11 11:39:07,654 [INFO] PluginManage:310 - Check plugin analytics
2024-05-11 11:39:07,865 [INFO] AnalyticsPlugin:253 - Accepted Software Licenses: 
2024-05-11 11:39:07,865 [INFO] AnalyticsPlugin:255 - Accepted CMSIS Pack Licenses: STMicroelectronics.X-CUBE-ALGOBUILD.1.3.0,ARM.CMSIS-DSP.1.15.0
2024-05-11 11:39:07,865 [INFO] AnalyticsPlugin:257 - Accepted Firmware Licenses: FW.F7.1.17.0
2024-05-11 11:39:07,869 [INFO] PluginManage:359 - Loaded plugin analytics (category:tool,tabindex:-1)
2024-05-11 11:39:07,869 [INFO] PluginManage:310 - Check plugin cadmodel
2024-05-11 11:39:07,935 [INFO] CADModel:105 - Init CAD model plugin
2024-05-11 11:39:07,936 [INFO] PluginManage:359 - Loaded plugin cadmodel (category:power,tabindex:5)
2024-05-11 11:39:07,937 [INFO] PluginManage:310 - Check plugin clock
2024-05-11 11:39:08,000 [INFO] PluginManage:359 - Loaded plugin clock (category:base,tabindex:2)
2024-05-11 11:39:08,001 [INFO] PluginManage:310 - Check plugin ddr
2024-05-11 11:39:08,005 [INFO] PluginManage:359 - Loaded plugin ddr (category:tool,tabindex:6)
2024-05-11 11:39:08,005 [INFO] PluginManage:310 - Check plugin filemanager
2024-05-11 11:39:08,220 [INFO] PluginManage:359 - Loaded plugin filemanager (category:base,tabindex:10)
2024-05-11 11:39:08,220 [INFO] PluginManage:310 - Check plugin ipmanager
2024-05-11 11:39:08,227 [INFO] PluginManage:359 - Loaded plugin ipmanager (category:base,tabindex:5)
2024-05-11 11:39:08,228 [INFO] PluginManage:310 - Check plugin lpbam
2024-05-11 11:39:08,240 [INFO] PluginManage:359 - Loaded plugin lpbam (category:base,tabindex:0)
2024-05-11 11:39:08,240 [INFO] PluginManage:310 - Check plugin memorymap
2024-05-11 11:39:08,255 [INFO] PluginManage:359 - Loaded plugin memorymap (category:base,tabindex:4)
2024-05-11 11:39:08,255 [INFO] PluginManage:310 - Check plugin pinoutandconfiguration
2024-05-11 11:39:08,266 [INFO] PluginManage:359 - Loaded plugin pinoutandconfiguration (category:base,tabindex:1)
2024-05-11 11:39:08,266 [INFO] PluginManage:310 - Check plugin pinoutconfig
2024-05-11 11:39:08,377 [WARN] SupportedApi:132 - Cannot load RTOS API schema: s4s-elt-must-match.1: The content of 'definitions' must match (annotation?, (simpleType | complexType)?, (unique | key | keyref)*)). A problem was found starting at: attribute.
2024-05-11 11:39:08,553 [INFO] PluginManage:359 - Loaded plugin pinoutconfig (category:base,tabindex:0)
2024-05-11 11:39:08,554 [INFO] PluginManage:310 - Check plugin power
2024-05-11 11:39:08,565 [INFO] PluginManage:359 - Loaded plugin power (category:power,tabindex:4)
2024-05-11 11:39:08,565 [INFO] PluginManage:310 - Check plugin projectmanager
2024-05-11 11:39:08,585 [INFO] PluginManage:359 - Loaded plugin projectmanager (category:projectmanager,tabindex:3)
2024-05-11 11:39:08,585 [INFO] PluginManage:310 - Check plugin thirdparty
2024-05-11 11:39:08,735 [INFO] PluginManage:359 - Loaded plugin thirdparty (category:base,tabindex:-1)
2024-05-11 11:39:08,735 [WARN] IntegrityCheckThread:84 - waiting for thirdparty lock release [integrity check]
2024-05-11 11:39:08,735 [INFO] PluginManage:310 - Check plugin tools
2024-05-11 11:39:08,735 [INFO] IntegrityCheckThread:86 - entering critical section [integrity check]
2024-05-11 11:39:08,736 [INFO] ThirdPartyUpdaterWithRetryManager:70 - Updater plugin not ready yet. [1/15]
2024-05-11 11:39:08,738 [INFO] PluginManage:359 - Loaded plugin tools (category:base,tabindex:7)
2024-05-11 11:39:08,738 [INFO] PluginManage:310 - Check plugin tutovideos
2024-05-11 11:39:08,983 [INFO] PluginManage:359 - Loaded plugin tutovideos (category:base,tabindex:-1)
2024-05-11 11:39:08,983 [INFO] PluginManage:310 - Check plugin updater
2024-05-11 11:39:08,998 [INFO] PluginManage:359 - Loaded plugin updater (category:base,tabindex:12)
2024-05-11 11:39:08,998 [INFO] PluginManage:310 - Check plugin userauth
2024-05-11 11:39:09,005 [INFO] UserAuth:114 - Init User Auth plugin
2024-05-11 11:39:09,005 [INFO] PluginManage:359 - Loaded plugin userauth (category:base,tabindex:14)
2024-05-11 11:39:09,006 [INFO] PluginManage:283 - PluginManage : Loaded plugins [17]
2024-05-11 11:39:09,275 [INFO] PinOutPanel:1499 - setPackage(No Configuration,No Configuration)
2024-05-11 11:39:09,351 [INFO] CADModel:165 - CPN selected for project level
2024-05-11 11:39:09,351 [INFO] CADModel:114 - Register for checkConnection events
2024-05-11 11:39:09,369 [INFO] IPUIPlugin:80 - create IPUIPlugin
2024-05-11 11:39:09,370 [INFO] PluginManager:220 - loadIPPluginJar : add gfxmmu
2024-05-11 11:39:09,372 [INFO] IPUIPlugin:80 - create IPUIPlugin
2024-05-11 11:39:09,372 [INFO] PluginManager:220 - loadIPPluginJar : add comp
2024-05-11 11:39:09,375 [INFO] IPUIPlugin:80 - create IPUIPlugin
2024-05-11 11:39:09,375 [INFO] PluginManager:220 - loadIPPluginJar : add usbx
2024-05-11 11:39:09,385 [INFO] IPUIPlugin:80 - create IPUIPlugin
2024-05-11 11:39:09,385 [INFO] PluginManager:220 - loadIPPluginJar : add linkedlist
2024-05-11 11:39:09,394 [INFO] IPUIPlugin:80 - create IPUIPlugin
2024-05-11 11:39:09,395 [INFO] PluginManager:220 - loadIPPluginJar : add mdma
2024-05-11 11:39:09,398 [INFO] IPUIPlugin:80 - create IPUIPlugin
2024-05-11 11:39:09,398 [INFO] PluginManager:220 - loadIPPluginJar : add i3c
2024-05-11 11:39:09,400 [INFO] IPUIPlugin:80 - create IPUIPlugin
2024-05-11 11:39:09,400 [INFO] PluginManager:220 - loadIPPluginJar : add cryp
2024-05-11 11:39:09,402 [INFO] IPUIPlugin:80 - create IPUIPlugin
2024-05-11 11:39:09,402 [INFO] PluginManager:220 - loadIPPluginJar : add quadspi
2024-05-11 11:39:09,403 [INFO] IPUIPlugin:80 - create IPUIPlugin
2024-05-11 11:39:09,404 [INFO] PluginManager:220 - loadIPPluginJar : add tsc
2024-05-11 11:39:09,406 [INFO] IPUIPlugin:80 - create IPUIPlugin
2024-05-11 11:39:09,406 [INFO] PluginManager:220 - loadIPPluginJar : add hash
2024-05-11 11:39:09,408 [INFO] IPUIPlugin:80 - create IPUIPlugin
2024-05-11 11:39:09,409 [INFO] PluginManager:220 - loadIPPluginJar : add aes
2024-05-11 11:39:09,411 [INFO] IPUIPlugin:80 - create IPUIPlugin
2024-05-11 11:39:09,411 [INFO] PluginManager:220 - loadIPPluginJar : add i2c
2024-05-11 11:39:09,414 [INFO] IPUIPlugin:80 - create IPUIPlugin
2024-05-11 11:39:09,414 [INFO] PluginManager:220 - loadIPPluginJar : add gtzc
2024-05-11 11:39:09,421 [INFO] IPUIPlugin:80 - create IPUIPlugin
2024-05-11 11:39:09,421 [INFO] PluginManager:220 - loadIPPluginJar : add stm32_wpan
2024-05-11 11:39:09,428 [INFO] IPUIPlugin:80 - create IPUIPlugin
2024-05-11 11:39:09,433 [INFO] PluginManager:220 - loadIPPluginJar : add plateformsettings
2024-05-11 11:39:09,440 [INFO] IPUIPlugin:80 - create IPUIPlugin
2024-05-11 11:39:09,440 [INFO] PluginManager:220 - loadIPPluginJar : add adc
2024-05-11 11:39:09,443 [INFO] IPUIPlugin:80 - create IPUIPlugin
2024-05-11 11:39:09,443 [INFO] PluginManager:220 - loadIPPluginJar : add sai
2024-05-11 11:39:09,449 [INFO] IPUIPlugin:80 - create IPUIPlugin
2024-05-11 11:39:09,450 [INFO] PluginManager:220 - loadIPPluginJar : add gic
2024-05-11 11:39:09,453 [INFO] IPUIPlugin:80 - create IPUIPlugin
2024-05-11 11:39:09,453 [INFO] PluginManager:220 - loadIPPluginJar : add opamp
2024-05-11 11:39:09,456 [INFO] IPUIPlugin:80 - create IPUIPlugin
2024-05-11 11:39:09,456 [INFO] PluginManager:220 - loadIPPluginJar : add i2s
2024-05-11 11:39:09,460 [INFO] IPUIPlugin:80 - create IPUIPlugin
2024-05-11 11:39:09,460 [INFO] PluginManager:220 - loadIPPluginJar : add touchsensing
2024-05-11 11:39:09,462 [INFO] IPUIPlugin:80 - create IPUIPlugin
2024-05-11 11:39:09,463 [INFO] PluginManager:220 - loadIPPluginJar : add dma3
2024-05-11 11:39:09,468 [INFO] IPUIPlugin:80 - create IPUIPlugin
2024-05-11 11:39:09,468 [INFO] PluginManager:220 - loadIPPluginJar : add gpio
2024-05-11 11:39:09,471 [INFO] IPUIPlugin:80 - create IPUIPlugin
2024-05-11 11:39:09,471 [INFO] PluginManager:220 - loadIPPluginJar : add lorawan
2024-05-11 11:39:09,474 [INFO] IPUIPlugin:80 - create IPUIPlugin
2024-05-11 11:39:09,474 [INFO] PluginManager:220 - loadIPPluginJar : add tracer_emb
2024-05-11 11:39:09,478 [INFO] IPUIPlugin:80 - create IPUIPlugin
2024-05-11 11:39:09,478 [INFO] PluginManager:220 - loadIPPluginJar : add ipddr
2024-05-11 11:39:09,482 [INFO] IPUIPlugin:80 - create IPUIPlugin
2024-05-11 11:39:09,482 [INFO] PluginManager:220 - loadIPPluginJar : add resmgrutility
2024-05-11 11:39:09,487 [INFO] IPUIPlugin:80 - create IPUIPlugin
2024-05-11 11:39:09,487 [INFO] PluginManager:220 - loadIPPluginJar : add fmc
2024-05-11 11:39:09,489 [INFO] IPUIPlugin:80 - create IPUIPlugin
2024-05-11 11:39:09,489 [INFO] PluginManager:220 - loadIPPluginJar : add tim
2024-05-11 11:39:09,491 [INFO] IPUIPlugin:80 - create IPUIPlugin
2024-05-11 11:39:09,491 [INFO] PluginManager:220 - loadIPPluginJar : add ltdc
2024-05-11 11:39:09,492 [INFO] IPUIPlugin:80 - create IPUIPlugin
2024-05-11 11:39:09,492 [INFO] PluginManager:220 - loadIPPluginJar : add genericplugin
2024-05-11 11:39:09,499 [INFO] IPUIPlugin:80 - create IPUIPlugin
2024-05-11 11:39:09,499 [INFO] PluginManager:220 - loadIPPluginJar : add dma
2024-05-11 11:39:09,502 [INFO] IPUIPlugin:80 - create IPUIPlugin
2024-05-11 11:39:09,502 [INFO] PluginManager:220 - loadIPPluginJar : add usart
2024-05-11 11:39:09,505 [INFO] IPUIPlugin:80 - create IPUIPlugin
2024-05-11 11:39:09,505 [INFO] PluginManager:220 - loadIPPluginJar : add openamp
2024-05-11 11:39:09,506 [INFO] IPUIPlugin:80 - create IPUIPlugin
2024-05-11 11:39:09,506 [INFO] PluginManager:220 - loadIPPluginJar : add fatfs
2024-05-11 11:39:09,508 [INFO] IPUIPlugin:80 - create IPUIPlugin
2024-05-11 11:39:09,509 [INFO] PluginManager:220 - loadIPPluginJar : add spi
2024-05-11 11:39:09,511 [INFO] IPUIPlugin:80 - create IPUIPlugin
2024-05-11 11:39:09,511 [INFO] PluginManager:220 - loadIPPluginJar : add dfsdm
2024-05-11 11:39:09,513 [INFO] IPUIPlugin:80 - create IPUIPlugin
2024-05-11 11:39:09,513 [INFO] PluginManager:220 - loadIPPluginJar : add can
2024-05-11 11:39:09,519 [INFO] IPUIPlugin:80 - create IPUIPlugin
2024-05-11 11:39:09,519 [INFO] PluginManager:220 - loadIPPluginJar : add nvic
2024-05-11 11:39:09,525 [INFO] IPUIPlugin:80 - create IPUIPlugin
2024-05-11 11:39:09,526 [INFO] PluginManager:220 - loadIPPluginJar : add freertos
2024-05-11 11:39:09,529 [INFO] IPUIPlugin:80 - create IPUIPlugin
2024-05-11 11:39:09,529 [INFO] PluginManager:220 - loadIPPluginJar : add pdm2pcm
2024-05-11 11:39:09,531 [INFO] IPUIPlugin:80 - create IPUIPlugin
2024-05-11 11:39:09,531 [INFO] PluginManager:220 - loadIPPluginJar : add ts
2024-05-11 11:39:09,533 [INFO] IPUIPlugin:80 - create IPUIPlugin
2024-05-11 11:39:09,533 [INFO] PluginManager:220 - loadIPPluginJar : add ucpd
2024-05-11 11:39:09,652 [INFO] CADModel:165 - CPN selected for project level
2024-05-11 11:39:09,653 [INFO] CADModel:114 - Register for checkConnection events
2024-05-11 11:39:09,653 [FATAL] Updater:308 - Updater called before beeing initialized
2024-05-11 11:39:09,653 [ERROR] CADModel:125 - Updater not yet initialized, retry later 
2024-05-11 11:39:09,831 [INFO] CADModel:165 - CPN selected for project level
2024-05-11 11:39:09,831 [INFO] CADModel:114 - Register for checkConnection events
2024-05-11 11:39:09,831 [FATAL] Updater:308 - Updater called before beeing initialized
2024-05-11 11:39:09,831 [ERROR] CADModel:125 - Updater not yet initialized, retry later 
2024-05-11 11:39:09,836 [FATAL] Updater:308 - Updater called before beeing initialized
2024-05-11 11:39:09,947 [FATAL] Updater:308 - Updater called before beeing initialized
2024-05-11 11:39:09,952 [INFO] DbMcusAds:53 - JSON generation date=Wed Nov 29 07:52:27 ART 2023 (1701255147349)
2024-05-11 11:39:09,952 [FATAL] Updater:308 - Updater called before beeing initialized
2024-05-11 11:39:10,002 [WARN] DetailPanel:346 - Failed to get advertising image, set to default
2024-05-11 11:39:10,261 [FATAL] Updater:308 - Updater called before beeing initialized
2024-05-11 11:39:10,263 [FATAL] Updater:308 - Updater called before beeing initialized
2024-05-11 11:39:10,263 [FATAL] Updater:308 - Updater called before beeing initialized
2024-05-11 11:39:10,263 [WARN] DetailPanel:346 - Failed to get advertising image, set to default
2024-05-11 11:39:10,265 [FATAL] Updater:308 - Updater called before beeing initialized
2024-05-11 11:39:10,307 [ERROR] Updater:1120 - MainUpdater not yet initialized. External WinMGr cannot be set.
2024-05-11 11:39:10,309 [INFO] Updater:1056 - Updater Version found : 6.10.0
2024-05-11 11:39:10,333 [INFO] ApplicationProperties:184 - Using Application install path: /opt/st/stm32cubeide_1.14.0/plugins/com.st.stm32cube.common.mx_6.10.0.202311202037
2024-05-11 11:39:10,660 [INFO] MainUpdater:2873 - connection check result : 10
2024-05-11 11:39:10,661 [INFO] MainUpdater:3567 - Updater definition file requires update
2024-05-11 11:39:10,662 [INFO] MainUpdater:290 - Updater Check For Update Now.
2024-05-11 11:39:10,662 [INFO] MicroXplorer:498 - Change Database Version : DB.6.0.100
2024-05-11 11:39:10,667 [INFO] McuFinderGlobals:63 - Set McuFinder mode to 2 (CubeIDE integrated)
2024-05-11 11:39:10,703 [INFO] ServerAccessManage:473 - Download File updaters.zip
2024-05-11 11:39:10,797 [INFO] FileExtend:240 - Unzip File : updaters.zip
2024-05-11 11:39:10,797 [INFO] FileExtend:255 - Standard Zip Deflate
2024-05-11 11:39:11,034 [INFO] ServerAccessManage:473 - Download File PacksControlFlags.xml
2024-05-11 11:39:11,158 [INFO] ServerAccessManage:473 - Download File cubemx.pidx
2024-05-11 11:39:11,736 [WARN] MainUpdater:1194 - Updater busy. Cannot search thirdparties
2024-05-11 11:39:11,737 [INFO] ThirdPartyUpdaterWithRetryManager:96 - Updater plugin is busy. [1/15]
2024-05-11 11:39:12,030 [INFO] UserAuth:404 - Internet connection configuration mode: 1
2024-05-11 11:39:12,051 [INFO] JxBrowserEngine:152 - Initiate JxBrowser Engine with user profile folder
2024-05-11 11:39:12,098 [INFO] ServerAccessManage:473 - Download File STMicroelectronics.X-CUBE-ALGOBUILD.pdsc
2024-05-11 11:39:13,455 [INFO] WebApp:161 - Instantiating new browser for Auth
2024-05-11 11:39:13,964 [INFO] ServerAccessManage:473 - Download File Cesanta.I-CUBE-Mongoose.pdsc
2024-05-11 11:39:14,393 [INFO] WebApp:780 - Register for checkConnection events
2024-05-11 11:39:14,394 [INFO] WebApp:414 - Apply proxy settings
2024-05-11 11:39:14,394 [INFO] WebApp:499 - Chromium requires no authentication
2024-05-11 11:39:14,403 [INFO] WebApp:442 - Direct internet connection detected
2024-05-11 11:39:14,615 [INFO] WebApp:192 - Starting web application
2024-05-11 11:39:14,616 [INFO] WebApp:544 - Web application path used /opt/st/stm32cubeide_1.14.0/plugins/com.st.stm32cube.common.mx_6.10.0.202311202037/db/plugins/mcufinder/reactClient1/index.html
2024-05-11 11:39:14,737 [WARN] MainUpdater:1194 - Updater busy. Cannot search thirdparties
2024-05-11 11:39:14,737 [INFO] ThirdPartyUpdaterWithRetryManager:96 - Updater plugin is busy. [2/15]
2024-05-11 11:39:15,199 [ERROR] ServerAccessManage:1089 - Problem, file not found on Server
2024-05-11 11:39:15,412 [WARN] PackLoader:240 - Cannot read IP mode file for STMicroelectronics.X-CUBE-ALGOBUILD.1.4.0
2024-05-11 11:39:15,427 [WARN] PackLoader:240 - Cannot read IP mode file for Cesanta.I-CUBE-Mongoose.7.13.0
2024-05-11 11:39:15,428 [INFO] PopulateThirdPartyThread:66 - Ending populate Thread
2024-05-11 11:39:15,431 [INFO] ThirdParty:1030 - CMSIS Pack Vendor :Cesanta I-CUBE-Mongoose 7.13.0
2024-05-11 11:39:15,431 [INFO] ThirdParty:1030 - CMSIS Pack Vendor :STMicroelectronics X-CUBE-ALGOBUILD 1.4.0
2024-05-11 11:39:15,432 [INFO] LoadServerUpdatesThread:375 - End of LoadServerUpdate Thread
2024-05-11 11:39:15,617 [INFO] CheckServerUpdateThread:120 - End of CheckServer Thread
2024-05-11 11:39:17,890 [WARN] PackLoader:240 - Cannot read IP mode file for STMicroelectronics.FP-SNS-MOTENVWB1.1.4.0
2024-05-11 11:39:17,903 [WARN] PackLoader:240 - Cannot read IP mode file for STMicroelectronics.X-CUBE-SMBUS.2.1.0
2024-05-11 11:39:17,909 [WARN] PackLoader:240 - Cannot read IP mode file for STMicroelectronics.X-CUBE-TOUCHGFX.4.23.0
2024-05-11 11:39:17,912 [WARN] PackLoader:240 - Cannot read IP mode file for STMicroelectronics.X-CUBE-TOUCHGFX.4.23.2
2024-05-11 11:39:17,968 [WARN] PackLoader:240 - Cannot read IP mode file for STMicroelectronics.X-CUBE-AZRTOS-F7.1.1.0
2024-05-11 11:39:17,993 [WARN] PackLoader:240 - Cannot read IP mode file for STMicroelectronics.FP-SNS-MOTENV1.4.3.2
2024-05-11 11:39:18,007 [WARN] PackLoader:240 - Cannot read IP mode file for STMicroelectronics.FP-SNS-FLIGHT1.5.0.2
2024-05-11 11:39:18,019 [WARN] PackLoader:240 - Cannot read IP mode file for STMicroelectronics.X-CUBE-DISPLAY.3.0.0
2024-05-11 11:39:18,037 [WARN] PackLoader:240 - Cannot read IP mode file for STMicroelectronics.X-CUBE-BLE1.7.0.0
2024-05-11 11:39:18,044 [WARN] PackLoader:240 - Cannot read IP mode file for emotas.I-CUBE-CANOPEN.1.3.0
2024-05-11 11:39:18,049 [WARN] PackLoader:240 - Cannot read IP mode file for STMicroelectronics.X-CUBE-TOUCHGFX.4.22.0
2024-05-11 11:39:18,055 [WARN] PackLoader:240 - Cannot read IP mode file for STMicroelectronics.X-CUBE-TOUCHGFX.4.22.1
2024-05-11 11:39:18,080 [WARN] PackLoader:240 - Cannot read IP mode file for STMicroelectronics.X-CUBE-BLEMGR.3.1.0
2024-05-11 11:39:18,097 [WARN] PackLoader:240 - Cannot read IP mode file for STMicroelectronics.FP-SNS-SMARTAG2.1.2.0
2024-05-11 11:39:18,122 [INFO] LogOutputStream:77 - [STDOUT_REDIRECT] 1 : Invalid condition id : UX_CORESTACK_Condition cause : null
2024-05-11 11:39:18,123 [INFO] LogOutputStream:77 - [STDOUT_REDIRECT] 1 : Invalid condition id : UX_CORESTACK_Condition cause : null
2024-05-11 11:39:18,124 [INFO] LogOutputStream:77 - [STDOUT_REDIRECT] 1 : Invalid condition id : UX_CORESTACK_Condition cause : null
2024-05-11 11:39:18,124 [INFO] LogOutputStream:77 - [STDOUT_REDIRECT] 1 : Invalid condition id : UX_CORESTACK_Condition cause : null
2024-05-11 11:39:18,125 [INFO] LogOutputStream:77 - [STDOUT_REDIRECT] 1 : Invalid condition id : UX_CORESTACK_Condition cause : null
2024-05-11 11:39:18,138 [WARN] PackLoader:240 - Cannot read IP mode file for STMicroelectronics.X-CUBE-AZRTOS-WL.2.0.0
2024-05-11 11:39:18,148 [WARN] PackLoader:240 - Cannot read IP mode file for STMicroelectronics.FP-SNS-MOTENV1.5.0.0
2024-05-11 11:39:18,162 [WARN] PackLoader:240 - Cannot read IP mode file for WES.I-CUBE-Cesium.1.3.0
2024-05-11 11:39:18,169 [WARN] PackLoader:240 - Cannot read IP mode file for STMicroelectronics.X-CUBE-BLE2.3.3.0
2024-05-11 11:39:18,179 [WARN] PackLoader:240 - Cannot read IP mode file for STMicroelectronics.X-CUBE-TCPP.4.1.0
2024-05-11 11:39:18,194 [WARN] PackLoader:240 - Cannot read IP mode file for STMicroelectronics.X-CUBE-ALGOBUILD.1.3.0
2024-05-11 11:39:18,293 [WARN] PackLoader:240 - Cannot read IP mode file for STMicroelectronics.X-CUBE-AZRTOS-G0.1.1.0
2024-05-11 11:39:18,307 [WARN] PackLoader:240 - Cannot read IP mode file for STMicroelectronics.X-CUBE-SAFEA1.1.2.2
2024-05-11 11:39:18,316 [WARN] PackLoader:240 - Cannot read IP mode file for STMicroelectronics.X-CUBE-NFC4.3.0.0
2024-05-11 11:39:18,333 [WARN] PackLoader:240 - Cannot read IP mode file for STMicroelectronics.X-CUBE-BLEMGR.3.0.0
2024-05-11 11:39:18,342 [WARN] PackLoader:240 - Cannot read IP mode file for STMicroelectronics.FP-ATR-SIGFOX1.3.2.0
2024-05-11 11:39:18,351 [WARN] PackLoader:240 - Cannot read IP mode file for STMicroelectronics.X-CUBE-EEPRMA1.5.1.0
2024-05-11 11:39:18,418 [WARN] PackLoader:240 - Cannot read IP mode file for SEGGER.I-CUBE-embOS.1.3.1
2024-05-11 11:39:18,497 [WARN] PackLoader:240 - Cannot read IP mode file for STMicroelectronics.X-CUBE-ALGOBUILD.1.4.0
2024-05-11 11:39:18,510 [WARN] PackLoader:240 - Cannot read IP mode file for STMicroelectronics.X-CUBE-GNSS1.6.0.0
2024-05-11 11:39:18,559 [WARN] PackLoader:240 - Cannot read IP mode file for STMicroelectronics.X-CUBE-AZRTOS-F4.1.1.0
2024-05-11 11:39:18,570 [WARN] PackLoader:240 - Cannot read IP mode file for wolfSSL.I-CUBE-wolfSSL.5.6.3
2024-05-11 11:39:18,576 [WARN] PackLoader:240 - Cannot read IP mode file for STMicroelectronics.X-CUBE-FREERTOS.1.2.0
2024-05-11 11:39:18,581 [WARN] PackLoader:240 - Cannot read IP mode file for wolfSSL.I-CUBE-wolfSSL.5.6.6
2024-05-11 11:39:18,611 [WARN] PackLoader:240 - Cannot read IP mode file for STMicroelectronics.X-CUBE-AZRTOS-L5.2.0.0
2024-05-11 11:39:18,696 [WARN] PackLoader:240 - Cannot read IP mode file for STMicroelectronics.X-CUBE-MEMS1.9.6.0
2024-05-11 11:39:18,982 [WARN] PackLoader:240 - Cannot read IP mode file for STMicroelectronics.X-CUBE-EEPRMA1.4.2.0
2024-05-11 11:39:18,995 [WARN] PackLoader:240 - Cannot read IP mode file for STMicroelectronics.X-CUBE-NFC6.3.1.0
2024-05-11 11:39:19,006 [WARN] PackLoader:240 - Cannot read IP mode file for ITTIA_DB.I-CUBE-ITTIADB.8.8.0
2024-05-11 11:39:19,018 [WARN] PackLoader:240 - Cannot read IP mode file for STMicroelectronics.X-CUBE-BLEMGR.2.0.0
2024-05-11 11:39:19,026 [WARN] PackLoader:240 - Cannot read IP mode file for STMicroelectronics.X-CUBE-AI.9.0.0
2024-05-11 11:39:19,057 [WARN] ConditionMgr:438 - getConditionDescription Invalid condition id : UX DEVICE CLASS RTOS Condition cause : null
2024-05-11 11:39:19,057 [WARN] ConditionMgr:438 - getConditionDescription Invalid condition id : UX DEVICE CLASS RTOS Condition cause : null
2024-05-11 11:39:19,061 [WARN] PackLoader:240 - Cannot read IP mode file for STMicroelectronics.X-CUBE-AZRTOS-H7.3.1.0
2024-05-11 11:39:19,063 [WARN] ConditionMgr:1039 - genDependencies : Invalid condition id : UX DEVICE CLASS RTOS Condition cause : null
2024-05-11 11:39:19,063 [WARN] ConditionMgr:1039 - genDependencies : Invalid condition id : UX DEVICE CLASS RTOS Condition cause : null
2024-05-11 11:39:19,064 [WARN] ConditionMgr:1039 - genDependencies : Invalid condition id : UX DEVICE CLASS RTOS Condition cause : null
2024-05-11 11:39:19,065 [WARN] ConditionMgr:1039 - genDependencies : Invalid condition id : UX DEVICE CLASS RTOS Condition cause : null
2024-05-11 11:39:19,065 [WARN] ConditionMgr:1039 - genDependencies : Invalid condition id : UX DEVICE CLASS RTOS Condition cause : null
2024-05-11 11:39:19,074 [WARN] PackLoader:240 - Cannot read IP mode file for STMicroelectronics.X-CUBE-NFC7.1.0.1
2024-05-11 11:39:19,084 [WARN] PackLoader:240 - Cannot read IP mode file for STMicroelectronics.X-CUBE-NFC6.3.0.0
2024-05-11 11:39:19,094 [WARN] PackLoader:240 - Cannot read IP mode file for STMicroelectronics.X-CUBE-EEPRMA1.4.1.0
2024-05-11 11:39:19,101 [WARN] PackLoader:240 - Cannot read IP mode file for STMicroelectronics.X-CUBE-AI.8.1.0
2024-05-11 11:39:19,128 [WARN] ConditionMgr:438 - getConditionDescription Invalid condition id : LAN8742 Phy interface Condition cause : null
2024-05-11 11:39:19,129 [WARN] PackLoader:240 - Cannot read IP mode file for STMicroelectronics.X-CUBE-AZRTOS-L4.2.0.0
2024-05-11 11:39:19,131 [WARN] ConditionMgr:1039 - genDependencies : Invalid condition id : LAN8742 Phy interface Condition cause : null
2024-05-11 11:39:19,132 [WARN] ConditionMgr:1039 - genDependencies : Invalid condition id : LAN8742 Phy interface Condition cause : null
2024-05-11 11:39:19,133 [WARN] ConditionMgr:1039 - genDependencies : Invalid condition id : LAN8742 Phy interface Condition cause : null
2024-05-11 11:39:19,143 [WARN] PackLoader:240 - Cannot read IP mode file for STMicroelectronics.X-CUBE-SFXS2LP1.4.0.0
2024-05-11 11:39:19,150 [WARN] PackLoader:240 - Cannot read IP mode file for STMicroelectronics.X-CUBE-ISPU.1.1.0
2024-05-11 11:39:19,170 [WARN] ConditionMgr:438 - getConditionDescription Invalid condition id : UX DEVICE CLASS RTOS Condition cause : null
2024-05-11 11:39:19,171 [WARN] ConditionMgr:438 - getConditionDescription Invalid condition id : UX DEVICE CLASS RTOS Condition cause : null
2024-05-11 11:39:19,174 [WARN] PackLoader:240 - Cannot read IP mode file for STMicroelectronics.X-CUBE-AZRTOS-WB.2.0.0
2024-05-11 11:39:19,175 [WARN] ConditionMgr:1039 - genDependencies : Invalid condition id : UX DEVICE CLASS RTOS Condition cause : null
2024-05-11 11:39:19,175 [WARN] ConditionMgr:1039 - genDependencies : Invalid condition id : UX DEVICE CLASS RTOS Condition cause : null
2024-05-11 11:39:19,176 [WARN] ConditionMgr:1039 - genDependencies : Invalid condition id : UX DEVICE CLASS RTOS Condition cause : null
2024-05-11 11:39:19,177 [WARN] ConditionMgr:1039 - genDependencies : Invalid condition id : UX DEVICE CLASS RTOS Condition cause : null
2024-05-11 11:39:19,177 [WARN] ConditionMgr:1039 - genDependencies : Invalid condition id : UX DEVICE CLASS RTOS Condition cause : null
2024-05-11 11:39:19,192 [WARN] PackLoader:240 - Cannot read IP mode file for STMicroelectronics.X-CUBE-SUBG2.5.0.0
2024-05-11 11:39:19,213 [WARN] PackLoader:240 - Cannot read IP mode file for STMicroelectronics.X-CUBE-TOF1.3.3.1
2024-05-11 11:39:19,250 [WARN] PackLoader:240 - Cannot read IP mode file for STMicroelectronics.X-CUBE-AZRTOS-G4.2.0.0
2024-05-11 11:39:19,269 [WARN] PackLoader:240 - Cannot read IP mode file for Infineon.AIROC-Wi-Fi-Bluetooth-STM32.1.5.1
2024-05-11 11:39:19,279 [WARN] PackLoader:240 - Cannot read IP mode file for STMicroelectronics.FP-SNS-MOTENVWB1.1.3.0
2024-05-11 11:39:19,284 [WARN] PackLoader:240 - Cannot read IP mode file for STMicroelectronics.FP-SNS-MOTENVWB1.1.3.1
2024-05-11 11:39:19,289 [WARN] PackLoader:240 - Cannot read IP mode file for STMicroelectronics.X-CUBE-ISPU.2.0.0
2024-05-11 11:39:19,351 [WARN] PackLoader:240 - Cannot read IP mode file for STMicroelectronics.X-CUBE-MEMS1.10.0.0
2024-05-11 11:39:19,546 [WARN] PackLoader:240 - Cannot read IP mode file for STMicroelectronics.X-CUBE-FREERTOS.1.1.0
2024-05-11 11:39:19,552 [WARN] PackLoader:240 - Cannot read IP mode file for portGmbH.I-Cube-SoM-uGOAL.1.1.0
2024-05-11 11:39:19,556 [WARN] PackLoader:240 - Cannot read IP mode file for STMicroelectronics.X-CUBE-ALS.1.0.1
2024-05-11 11:39:19,579 [WARN] PackLoader:240 - Cannot read IP mode file for STMicroelectronics.X-CUBE-AZRTOS-H7RS.1.0.0
2024-05-11 11:39:19,586 [WARN] PackLoader:240 - Cannot read IP mode file for STMicroelectronics.FP-ATR-ASTRA1.2.0.0
2024-05-11 11:39:19,598 [WARN] PackLoader:240 - Cannot read IP mode file for STMicroelectronics.X-CUBE-TOF1.3.4.0
2024-05-11 11:39:19,627 [WARN] PackLoader:240 - Cannot read IP mode file for STMicroelectronics.X-CUBE-TOF1.3.4.1
2024-05-11 11:39:19,669 [WARN] PackLoader:240 - Cannot read IP mode file for STMicroelectronics.X-CUBE-AZRTOS-H7.3.2.0
2024-05-11 11:39:19,673 [INFO] ThirdParty:978 - Integrity check success = true
2024-05-11 11:39:19,673 [INFO] IntegrityCheckThread:100 - exiting critical section [integrity check]
2024-05-11 11:39:19,674 [INFO] IntegrityCheckThread:103 - End integrity checks thread
2024-05-11 11:39:35,067 [ERROR] LogOutputStream:75 - [STDERR_REDIRECT] SLF4J: Failed to load class "org.slf4j.impl.StaticLoggerBinder".
2024-05-11 11:39:35,068 [ERROR] LogOutputStream:75 - [STDERR_REDIRECT] SLF4J: Defaulting to no-operation (NOP) logger implementation
2024-05-11 11:39:35,068 [ERROR] LogOutputStream:75 - [STDERR_REDIRECT] SLF4J: See http://www.slf4j.org/codes.html#StaticLoggerBinder for further details.
2024-05-11 12:10:41,029 [ERROR] LogOutputStream:75 - [STDERR_REDIRECT] 
2024-05-11 12:34:22,319 [INFO] Activator:176 - 


2024-05-11 12:34:22,320 [INFO] Activator:177 - !SESSION log4j initialized
2024-05-11 12:34:26,896 [INFO] LogOutputStream:77 - [STDOUT_REDIRECT] 
2024-05-11 12:34:29,626 [INFO] ApplicationProperties:184 - Using Application install path: /opt/st/stm32cubeide_1.14.0/plugins/com.st.stm32cube.common.mx_6.10.0.202311202037
2024-05-11 12:34:29,662 [INFO] DbMcusXml:78 - Set database path to: /opt/st/stm32cubeide_1.14.0/plugins/com.st.stm32cube.common.mx_6.10.0.202311202037//db//mcu/
2024-05-11 12:34:29,663 [INFO] ApiDb:274 - Set plugin database path to: /opt/st/stm32cubeide_1.14.0/plugins/com.st.stm32cube.common.mx_6.10.0.202311202037//db//plugins/boardmanager/
2024-05-11 12:34:29,664 [WARN] ApiDb:259 - Overriding images path with different value:  => /opt/st/stm32cubeide_1.14.0/plugins/com.st.stm32cube.common.mx_6.10.0.202311202037//db//plugins/mcufinder/images/
2024-05-11 12:34:29,679 [INFO] ApiDb:250 - Set database path to: /home/fede/.stmcufinder/plugins/mcufinder//mcu/
2024-05-11 12:34:29,682 [INFO] DbMcusAds:125 - Set database path to: /home/fede/.stmcufinder/plugins/mcufinder//mcu/
2024-05-11 12:34:29,688 [INFO] CrossReferenceDbSqlite:203 - Set database path to: /home/fede/.stmcufinder/plugins/mcufinder//mcu/cs/
2024-05-11 12:34:30,016 [INFO] RulesReader:64 - Compatibility file has been processed (297 Rules)
2024-05-11 12:34:30,149 [INFO] DbMcusXml:78 - Set database path to: /opt/st/stm32cubeide_1.14.0/plugins/com.st.stm32cube.common.mx_6.10.0.202311202037//db//mcu/
2024-05-11 12:34:30,150 [INFO] ApiDb:274 - Set plugin database path to: /opt/st/stm32cubeide_1.14.0/plugins/com.st.stm32cube.common.mx_6.10.0.202311202037//db//plugins/boardmanager/
2024-05-11 12:34:30,150 [INFO] ApiDb:261 - Set plugin images path to: /opt/st/stm32cubeide_1.14.0/plugins/com.st.stm32cube.common.mx_6.10.0.202311202037//db//plugins/mcufinder/images/
2024-05-11 12:34:30,150 [WARN] DbFile:41 - Overriding database path with different value: /home/fede/.stmcufinder/plugins/mcufinder/ => /home/fede/.stmcufinder/plugins/mcufinder
2024-05-11 12:34:30,151 [INFO] ApiDb:250 - Set database path to: /home/fede/.stmcufinder/plugins/mcufinder//mcu/
2024-05-11 12:34:30,151 [WARN] DbFile:41 - Overriding database path with different value: /home/fede/.stmcufinder/plugins/mcufinder/ => /home/fede/.stmcufinder/plugins/mcufinder
2024-05-11 12:34:30,151 [INFO] DbMcusAds:125 - Set database path to: /home/fede/.stmcufinder/plugins/mcufinder//mcu/
2024-05-11 12:34:30,151 [WARN] DbFile:41 - Overriding database path with different value: /home/fede/.stmcufinder/plugins/mcufinder/ => /home/fede/.stmcufinder/plugins/mcufinder
2024-05-11 12:34:30,151 [WARN] DbFile:41 - Overriding database path with different value: /home/fede/.stmcufinder/plugins/mcufinder/ => /home/fede/.stmcufinder/plugins/mcufinder
2024-05-11 12:34:30,151 [INFO] CrossReferenceDbSqlite:203 - Set database path to: /home/fede/.stmcufinder/plugins/mcufinder//mcu/cs/
2024-05-11 12:34:30,266 [INFO] MainPanel:264 - HeapMemory: 268435456
2024-05-11 12:34:30,413 [INFO] DbMcusXml:78 - Set database path to: /opt/st/stm32cubeide_1.14.0/plugins/com.st.stm32cube.common.mx_6.10.0.202311202037//db//mcu/
2024-05-11 12:34:30,413 [INFO] ApiDb:274 - Set plugin database path to: /opt/st/stm32cubeide_1.14.0/plugins/com.st.stm32cube.common.mx_6.10.0.202311202037//db//plugins/boardmanager/
2024-05-11 12:34:30,413 [INFO] ApiDb:261 - Set plugin images path to: /opt/st/stm32cubeide_1.14.0/plugins/com.st.stm32cube.common.mx_6.10.0.202311202037//db//plugins/mcufinder/images/
2024-05-11 12:34:30,414 [WARN] DbFile:41 - Overriding database path with different value: /home/fede/.stmcufinder/plugins/mcufinder/ => /home/fede/.stmcufinder/plugins/mcufinder
2024-05-11 12:34:30,414 [INFO] ApiDb:250 - Set database path to: /home/fede/.stmcufinder/plugins/mcufinder//mcu/
2024-05-11 12:34:30,414 [WARN] DbFile:41 - Overriding database path with different value: /home/fede/.stmcufinder/plugins/mcufinder/ => /home/fede/.stmcufinder/plugins/mcufinder
2024-05-11 12:34:30,415 [INFO] DbMcusAds:125 - Set database path to: /home/fede/.stmcufinder/plugins/mcufinder//mcu/
2024-05-11 12:34:30,415 [WARN] DbFile:41 - Overriding database path with different value: /home/fede/.stmcufinder/plugins/mcufinder/ => /home/fede/.stmcufinder/plugins/mcufinder
2024-05-11 12:34:30,415 [WARN] DbFile:41 - Overriding database path with different value: /home/fede/.stmcufinder/plugins/mcufinder/ => /home/fede/.stmcufinder/plugins/mcufinder
2024-05-11 12:34:30,415 [INFO] CrossReferenceDbSqlite:203 - Set database path to: /home/fede/.stmcufinder/plugins/mcufinder//mcu/cs/
2024-05-11 12:34:30,443 [INFO] ApplicationProperties:184 - Using Application install path: /opt/st/stm32cubeide_1.14.0/plugins/com.st.stm32cube.common.mx_6.10.0.202311202037
2024-05-11 12:34:30,446 [INFO] PluginManage:196 - Search for loadable plugins [exclusion list=, ]
2024-05-11 12:34:30,448 [INFO] PluginManage:310 - Check plugin analytics
2024-05-11 12:34:30,701 [INFO] AnalyticsPlugin:253 - Accepted Software Licenses: 
2024-05-11 12:34:30,701 [INFO] AnalyticsPlugin:255 - Accepted CMSIS Pack Licenses: STMicroelectronics.X-CUBE-ALGOBUILD.1.3.0,ARM.CMSIS-DSP.1.15.0
2024-05-11 12:34:30,701 [INFO] AnalyticsPlugin:257 - Accepted Firmware Licenses: FW.F7.1.17.0
2024-05-11 12:34:30,724 [INFO] PluginManage:359 - Loaded plugin analytics (category:tool,tabindex:-1)
2024-05-11 12:34:30,724 [INFO] PluginManage:310 - Check plugin cadmodel
2024-05-11 12:34:30,784 [INFO] CADModel:105 - Init CAD model plugin
2024-05-11 12:34:30,784 [INFO] PluginManage:359 - Loaded plugin cadmodel (category:power,tabindex:5)
2024-05-11 12:34:30,784 [INFO] PluginManage:310 - Check plugin clock
2024-05-11 12:34:30,808 [INFO] PluginManage:359 - Loaded plugin clock (category:base,tabindex:2)
2024-05-11 12:34:30,809 [INFO] PluginManage:310 - Check plugin ddr
2024-05-11 12:34:30,814 [INFO] PluginManage:359 - Loaded plugin ddr (category:tool,tabindex:6)
2024-05-11 12:34:30,815 [INFO] PluginManage:310 - Check plugin filemanager
2024-05-11 12:34:31,067 [INFO] PluginManage:359 - Loaded plugin filemanager (category:base,tabindex:10)
2024-05-11 12:34:31,068 [INFO] PluginManage:310 - Check plugin ipmanager
2024-05-11 12:34:31,076 [INFO] PluginManage:359 - Loaded plugin ipmanager (category:base,tabindex:5)
2024-05-11 12:34:31,077 [INFO] PluginManage:310 - Check plugin lpbam
2024-05-11 12:34:31,089 [INFO] PluginManage:359 - Loaded plugin lpbam (category:base,tabindex:0)
2024-05-11 12:34:31,090 [INFO] PluginManage:310 - Check plugin memorymap
2024-05-11 12:34:31,106 [INFO] PluginManage:359 - Loaded plugin memorymap (category:base,tabindex:4)
2024-05-11 12:34:31,107 [INFO] PluginManage:310 - Check plugin pinoutandconfiguration
2024-05-11 12:34:31,118 [INFO] PluginManage:359 - Loaded plugin pinoutandconfiguration (category:base,tabindex:1)
2024-05-11 12:34:31,118 [INFO] PluginManage:310 - Check plugin pinoutconfig
2024-05-11 12:34:31,282 [WARN] SupportedApi:132 - Cannot load RTOS API schema: s4s-elt-must-match.1: The content of 'definitions' must match (annotation?, (simpleType | complexType)?, (unique | key | keyref)*)). A problem was found starting at: attribute.
2024-05-11 12:34:31,480 [INFO] PluginManage:359 - Loaded plugin pinoutconfig (category:base,tabindex:0)
2024-05-11 12:34:31,481 [INFO] PluginManage:310 - Check plugin power
2024-05-11 12:34:31,494 [INFO] PluginManage:359 - Loaded plugin power (category:power,tabindex:4)
2024-05-11 12:34:31,494 [INFO] PluginManage:310 - Check plugin projectmanager
2024-05-11 12:34:31,519 [INFO] PluginManage:359 - Loaded plugin projectmanager (category:projectmanager,tabindex:3)
2024-05-11 12:34:31,520 [INFO] PluginManage:310 - Check plugin thirdparty
2024-05-11 12:34:31,705 [INFO] PluginManage:359 - Loaded plugin thirdparty (category:base,tabindex:-1)
2024-05-11 12:34:31,704 [WARN] IntegrityCheckThread:84 - waiting for thirdparty lock release [integrity check]
2024-05-11 12:34:31,705 [INFO] PluginManage:310 - Check plugin tools
2024-05-11 12:34:31,705 [INFO] IntegrityCheckThread:86 - entering critical section [integrity check]
2024-05-11 12:34:31,706 [INFO] ThirdPartyUpdaterWithRetryManager:70 - Updater plugin not ready yet. [1/15]
2024-05-11 12:34:31,708 [INFO] PluginManage:359 - Loaded plugin tools (category:base,tabindex:7)
2024-05-11 12:34:31,709 [INFO] PluginManage:310 - Check plugin tutovideos
2024-05-11 12:34:31,954 [INFO] PluginManage:359 - Loaded plugin tutovideos (category:base,tabindex:-1)
2024-05-11 12:34:31,955 [INFO] PluginManage:310 - Check plugin updater
2024-05-11 12:34:31,970 [INFO] PluginManage:359 - Loaded plugin updater (category:base,tabindex:12)
2024-05-11 12:34:31,971 [INFO] PluginManage:310 - Check plugin userauth
2024-05-11 12:34:31,978 [INFO] UserAuth:114 - Init User Auth plugin
2024-05-11 12:34:31,978 [INFO] PluginManage:359 - Loaded plugin userauth (category:base,tabindex:14)
2024-05-11 12:34:31,979 [INFO] PluginManage:283 - PluginManage : Loaded plugins [17]
2024-05-11 12:34:32,289 [INFO] PinOutPanel:1499 - setPackage(No Configuration,No Configuration)
2024-05-11 12:34:32,387 [INFO] CADModel:165 - CPN selected for project level
2024-05-11 12:34:32,387 [INFO] CADModel:114 - Register for checkConnection events
2024-05-11 12:34:32,407 [INFO] IPUIPlugin:80 - create IPUIPlugin
2024-05-11 12:34:32,407 [INFO] PluginManager:220 - loadIPPluginJar : add gfxmmu
2024-05-11 12:34:32,410 [INFO] IPUIPlugin:80 - create IPUIPlugin
2024-05-11 12:34:32,410 [INFO] PluginManager:220 - loadIPPluginJar : add comp
2024-05-11 12:34:32,413 [INFO] IPUIPlugin:80 - create IPUIPlugin
2024-05-11 12:34:32,414 [INFO] PluginManager:220 - loadIPPluginJar : add usbx
2024-05-11 12:34:32,422 [INFO] IPUIPlugin:80 - create IPUIPlugin
2024-05-11 12:34:32,423 [INFO] PluginManager:220 - loadIPPluginJar : add linkedlist
2024-05-11 12:34:32,431 [INFO] IPUIPlugin:80 - create IPUIPlugin
2024-05-11 12:34:32,432 [INFO] PluginManager:220 - loadIPPluginJar : add mdma
2024-05-11 12:34:32,435 [INFO] IPUIPlugin:80 - create IPUIPlugin
2024-05-11 12:34:32,435 [INFO] PluginManager:220 - loadIPPluginJar : add i3c
2024-05-11 12:34:32,438 [INFO] IPUIPlugin:80 - create IPUIPlugin
2024-05-11 12:34:32,438 [INFO] PluginManager:220 - loadIPPluginJar : add cryp
2024-05-11 12:34:32,440 [INFO] IPUIPlugin:80 - create IPUIPlugin
2024-05-11 12:34:32,440 [INFO] PluginManager:220 - loadIPPluginJar : add quadspi
2024-05-11 12:34:32,442 [INFO] IPUIPlugin:80 - create IPUIPlugin
2024-05-11 12:34:32,442 [INFO] PluginManager:220 - loadIPPluginJar : add tsc
2024-05-11 12:34:32,444 [INFO] IPUIPlugin:80 - create IPUIPlugin
2024-05-11 12:34:32,444 [INFO] PluginManager:220 - loadIPPluginJar : add hash
2024-05-11 12:34:32,447 [INFO] IPUIPlugin:80 - create IPUIPlugin
2024-05-11 12:34:32,447 [INFO] PluginManager:220 - loadIPPluginJar : add aes
2024-05-11 12:34:32,449 [INFO] IPUIPlugin:80 - create IPUIPlugin
2024-05-11 12:34:32,449 [INFO] PluginManager:220 - loadIPPluginJar : add i2c
2024-05-11 12:34:32,452 [INFO] IPUIPlugin:80 - create IPUIPlugin
2024-05-11 12:34:32,452 [INFO] PluginManager:220 - loadIPPluginJar : add gtzc
2024-05-11 12:34:32,460 [INFO] IPUIPlugin:80 - create IPUIPlugin
2024-05-11 12:34:32,460 [INFO] PluginManager:220 - loadIPPluginJar : add stm32_wpan
2024-05-11 12:34:32,467 [INFO] IPUIPlugin:80 - create IPUIPlugin
2024-05-11 12:34:32,470 [INFO] PluginManager:220 - loadIPPluginJar : add plateformsettings
2024-05-11 12:34:32,478 [INFO] IPUIPlugin:80 - create IPUIPlugin
2024-05-11 12:34:32,478 [INFO] PluginManager:220 - loadIPPluginJar : add adc
2024-05-11 12:34:32,481 [INFO] IPUIPlugin:80 - create IPUIPlugin
2024-05-11 12:34:32,482 [INFO] PluginManager:220 - loadIPPluginJar : add sai
2024-05-11 12:34:32,489 [INFO] IPUIPlugin:80 - create IPUIPlugin
2024-05-11 12:34:32,489 [INFO] PluginManager:220 - loadIPPluginJar : add gic
2024-05-11 12:34:32,492 [INFO] IPUIPlugin:80 - create IPUIPlugin
2024-05-11 12:34:32,492 [INFO] PluginManager:220 - loadIPPluginJar : add opamp
2024-05-11 12:34:32,495 [INFO] IPUIPlugin:80 - create IPUIPlugin
2024-05-11 12:34:32,495 [INFO] PluginManager:220 - loadIPPluginJar : add i2s
2024-05-11 12:34:32,498 [INFO] IPUIPlugin:80 - create IPUIPlugin
2024-05-11 12:34:32,498 [INFO] PluginManager:220 - loadIPPluginJar : add touchsensing
2024-05-11 12:34:32,500 [INFO] IPUIPlugin:80 - create IPUIPlugin
2024-05-11 12:34:32,500 [INFO] PluginManager:220 - loadIPPluginJar : add dma3
2024-05-11 12:34:32,505 [INFO] IPUIPlugin:80 - create IPUIPlugin
2024-05-11 12:34:32,505 [INFO] PluginManager:220 - loadIPPluginJar : add gpio
2024-05-11 12:34:32,508 [INFO] IPUIPlugin:80 - create IPUIPlugin
2024-05-11 12:34:32,508 [INFO] PluginManager:220 - loadIPPluginJar : add lorawan
2024-05-11 12:34:32,510 [INFO] IPUIPlugin:80 - create IPUIPlugin
2024-05-11 12:34:32,511 [INFO] PluginManager:220 - loadIPPluginJar : add tracer_emb
2024-05-11 12:34:32,515 [INFO] IPUIPlugin:80 - create IPUIPlugin
2024-05-11 12:34:32,516 [INFO] PluginManager:220 - loadIPPluginJar : add ipddr
2024-05-11 12:34:32,519 [INFO] IPUIPlugin:80 - create IPUIPlugin
2024-05-11 12:34:32,519 [INFO] PluginManager:220 - loadIPPluginJar : add resmgrutility
2024-05-11 12:34:32,524 [INFO] IPUIPlugin:80 - create IPUIPlugin
2024-05-11 12:34:32,524 [INFO] PluginManager:220 - loadIPPluginJar : add fmc
2024-05-11 12:34:32,526 [INFO] IPUIPlugin:80 - create IPUIPlugin
2024-05-11 12:34:32,526 [INFO] PluginManager:220 - loadIPPluginJar : add tim
2024-05-11 12:34:32,527 [INFO] IPUIPlugin:80 - create IPUIPlugin
2024-05-11 12:34:32,528 [INFO] PluginManager:220 - loadIPPluginJar : add ltdc
2024-05-11 12:34:32,529 [INFO] IPUIPlugin:80 - create IPUIPlugin
2024-05-11 12:34:32,529 [INFO] PluginManager:220 - loadIPPluginJar : add genericplugin
2024-05-11 12:34:32,535 [INFO] IPUIPlugin:80 - create IPUIPlugin
2024-05-11 12:34:32,536 [INFO] PluginManager:220 - loadIPPluginJar : add dma
2024-05-11 12:34:32,538 [INFO] IPUIPlugin:80 - create IPUIPlugin
2024-05-11 12:34:32,538 [INFO] PluginManager:220 - loadIPPluginJar : add usart
2024-05-11 12:34:32,541 [INFO] IPUIPlugin:80 - create IPUIPlugin
2024-05-11 12:34:32,541 [INFO] PluginManager:220 - loadIPPluginJar : add openamp
2024-05-11 12:34:32,542 [INFO] IPUIPlugin:80 - create IPUIPlugin
2024-05-11 12:34:32,543 [INFO] PluginManager:220 - loadIPPluginJar : add fatfs
2024-05-11 12:34:32,545 [INFO] IPUIPlugin:80 - create IPUIPlugin
2024-05-11 12:34:32,545 [INFO] PluginManager:220 - loadIPPluginJar : add spi
2024-05-11 12:34:32,547 [INFO] IPUIPlugin:80 - create IPUIPlugin
2024-05-11 12:34:32,547 [INFO] PluginManager:220 - loadIPPluginJar : add dfsdm
2024-05-11 12:34:32,549 [INFO] IPUIPlugin:80 - create IPUIPlugin
2024-05-11 12:34:32,549 [INFO] PluginManager:220 - loadIPPluginJar : add can
2024-05-11 12:34:32,555 [INFO] IPUIPlugin:80 - create IPUIPlugin
2024-05-11 12:34:32,555 [INFO] PluginManager:220 - loadIPPluginJar : add nvic
2024-05-11 12:34:32,563 [INFO] IPUIPlugin:80 - create IPUIPlugin
2024-05-11 12:34:32,564 [INFO] PluginManager:220 - loadIPPluginJar : add freertos
2024-05-11 12:34:32,567 [INFO] IPUIPlugin:80 - create IPUIPlugin
2024-05-11 12:34:32,567 [INFO] PluginManager:220 - loadIPPluginJar : add pdm2pcm
2024-05-11 12:34:32,569 [INFO] IPUIPlugin:80 - create IPUIPlugin
2024-05-11 12:34:32,570 [INFO] PluginManager:220 - loadIPPluginJar : add ts
2024-05-11 12:34:32,572 [INFO] IPUIPlugin:80 - create IPUIPlugin
2024-05-11 12:34:32,572 [INFO] PluginManager:220 - loadIPPluginJar : add ucpd
2024-05-11 12:34:32,695 [INFO] CADModel:165 - CPN selected for project level
2024-05-11 12:34:32,695 [INFO] CADModel:114 - Register for checkConnection events
2024-05-11 12:34:32,696 [FATAL] Updater:308 - Updater called before beeing initialized
2024-05-11 12:34:32,696 [ERROR] CADModel:125 - Updater not yet initialized, retry later 
2024-05-11 12:34:32,849 [INFO] CADModel:165 - CPN selected for project level
2024-05-11 12:34:32,850 [INFO] CADModel:114 - Register for checkConnection events
2024-05-11 12:34:32,850 [FATAL] Updater:308 - Updater called before beeing initialized
2024-05-11 12:34:32,850 [ERROR] CADModel:125 - Updater not yet initialized, retry later 
2024-05-11 12:34:32,853 [FATAL] Updater:308 - Updater called before beeing initialized
2024-05-11 12:34:32,948 [FATAL] Updater:308 - Updater called before beeing initialized
2024-05-11 12:34:32,953 [INFO] DbMcusAds:53 - JSON generation date=Wed Nov 29 07:52:27 ART 2023 (1701255147349)
2024-05-11 12:34:32,953 [FATAL] Updater:308 - Updater called before beeing initialized
2024-05-11 12:34:32,997 [WARN] DetailPanel:346 - Failed to get advertising image, set to default
2024-05-11 12:34:33,148 [FATAL] Updater:308 - Updater called before beeing initialized
2024-05-11 12:34:33,150 [FATAL] Updater:308 - Updater called before beeing initialized
2024-05-11 12:34:33,150 [FATAL] Updater:308 - Updater called before beeing initialized
2024-05-11 12:34:33,150 [WARN] DetailPanel:346 - Failed to get advertising image, set to default
2024-05-11 12:34:33,151 [FATAL] Updater:308 - Updater called before beeing initialized
2024-05-11 12:34:33,194 [ERROR] Updater:1120 - MainUpdater not yet initialized. External WinMGr cannot be set.
2024-05-11 12:34:33,196 [INFO] Updater:1056 - Updater Version found : 6.10.0
2024-05-11 12:34:33,219 [INFO] ApplicationProperties:184 - Using Application install path: /opt/st/stm32cubeide_1.14.0/plugins/com.st.stm32cube.common.mx_6.10.0.202311202037
2024-05-11 12:34:33,561 [INFO] MainUpdater:2873 - connection check result : 10
2024-05-11 12:34:33,562 [INFO] MainUpdater:290 - Updater Check For Update Now.
2024-05-11 12:34:33,562 [INFO] MicroXplorer:498 - Change Database Version : DB.6.0.100
2024-05-11 12:34:33,570 [INFO] McuFinderGlobals:63 - Set McuFinder mode to 2 (CubeIDE integrated)
2024-05-11 12:34:33,797 [INFO] CheckServerUpdateThread:120 - End of CheckServer Thread
2024-05-11 12:34:34,644 [INFO] UserAuth:404 - Internet connection configuration mode: 1
2024-05-11 12:34:34,660 [INFO] JxBrowserEngine:152 - Initiate JxBrowser Engine with user profile folder
2024-05-11 12:34:34,807 [WARN] PackLoader:240 - Cannot read IP mode file for STMicroelectronics.FP-SNS-MOTENVWB1.1.4.0
2024-05-11 12:34:34,818 [WARN] PackLoader:240 - Cannot read IP mode file for STMicroelectronics.X-CUBE-SMBUS.2.1.0
2024-05-11 12:34:34,823 [WARN] PackLoader:240 - Cannot read IP mode file for STMicroelectronics.X-CUBE-TOUCHGFX.4.23.0
2024-05-11 12:34:34,827 [WARN] PackLoader:240 - Cannot read IP mode file for STMicroelectronics.X-CUBE-TOUCHGFX.4.23.2
2024-05-11 12:34:34,862 [WARN] PackLoader:240 - Cannot read IP mode file for STMicroelectronics.X-CUBE-AZRTOS-F7.1.1.0
2024-05-11 12:34:34,879 [WARN] PackLoader:240 - Cannot read IP mode file for STMicroelectronics.FP-SNS-MOTENV1.4.3.2
2024-05-11 12:34:34,889 [WARN] PackLoader:240 - Cannot read IP mode file for STMicroelectronics.FP-SNS-FLIGHT1.5.0.2
2024-05-11 12:34:34,900 [WARN] PackLoader:240 - Cannot read IP mode file for STMicroelectronics.X-CUBE-DISPLAY.3.0.0
2024-05-11 12:34:34,915 [WARN] PackLoader:240 - Cannot read IP mode file for STMicroelectronics.X-CUBE-BLE1.7.0.0
2024-05-11 12:34:34,921 [WARN] PackLoader:240 - Cannot read IP mode file for emotas.I-CUBE-CANOPEN.1.3.0
2024-05-11 12:34:34,925 [WARN] PackLoader:240 - Cannot read IP mode file for STMicroelectronics.X-CUBE-TOUCHGFX.4.22.0
2024-05-11 12:34:34,929 [WARN] PackLoader:240 - Cannot read IP mode file for STMicroelectronics.X-CUBE-TOUCHGFX.4.22.1
2024-05-11 12:34:34,945 [WARN] PackLoader:240 - Cannot read IP mode file for STMicroelectronics.X-CUBE-BLEMGR.3.1.0
2024-05-11 12:34:34,956 [WARN] PackLoader:240 - Cannot read IP mode file for STMicroelectronics.FP-SNS-SMARTAG2.1.2.0
2024-05-11 12:34:34,975 [INFO] LogOutputStream:77 - [STDOUT_REDIRECT] 1 : Invalid condition id : UX_CORESTACK_Condition cause : null
2024-05-11 12:34:34,975 [INFO] LogOutputStream:77 - [STDOUT_REDIRECT] 1 : Invalid condition id : UX_CORESTACK_Condition cause : null
2024-05-11 12:34:34,976 [INFO] LogOutputStream:77 - [STDOUT_REDIRECT] 1 : Invalid condition id : UX_CORESTACK_Condition cause : null
2024-05-11 12:34:34,976 [INFO] LogOutputStream:77 - [STDOUT_REDIRECT] 1 : Invalid condition id : UX_CORESTACK_Condition cause : null
2024-05-11 12:34:34,976 [INFO] LogOutputStream:77 - [STDOUT_REDIRECT] 1 : Invalid condition id : UX_CORESTACK_Condition cause : null
2024-05-11 12:34:34,981 [WARN] PackLoader:240 - Cannot read IP mode file for STMicroelectronics.X-CUBE-AZRTOS-WL.2.0.0
2024-05-11 12:34:34,987 [WARN] PackLoader:240 - Cannot read IP mode file for STMicroelectronics.FP-SNS-MOTENV1.5.0.0
2024-05-11 12:34:34,996 [WARN] PackLoader:240 - Cannot read IP mode file for WES.I-CUBE-Cesium.1.3.0
2024-05-11 12:34:35,009 [WARN] PackLoader:240 - Cannot read IP mode file for STMicroelectronics.X-CUBE-BLE2.3.3.0
2024-05-11 12:34:35,018 [WARN] PackLoader:240 - Cannot read IP mode file for STMicroelectronics.X-CUBE-TCPP.4.1.0
2024-05-11 12:34:35,033 [WARN] PackLoader:240 - Cannot read IP mode file for STMicroelectronics.X-CUBE-ALGOBUILD.1.3.0
2024-05-11 12:34:35,190 [WARN] PackLoader:240 - Cannot read IP mode file for STMicroelectronics.X-CUBE-AZRTOS-G0.1.1.0
2024-05-11 12:34:35,210 [WARN] PackLoader:240 - Cannot read IP mode file for STMicroelectronics.X-CUBE-SAFEA1.1.2.2
2024-05-11 12:34:35,222 [WARN] PackLoader:240 - Cannot read IP mode file for STMicroelectronics.X-CUBE-NFC4.3.0.0
2024-05-11 12:34:35,246 [WARN] PackLoader:240 - Cannot read IP mode file for STMicroelectronics.X-CUBE-BLEMGR.3.0.0
2024-05-11 12:34:35,258 [WARN] PackLoader:240 - Cannot read IP mode file for STMicroelectronics.FP-ATR-SIGFOX1.3.2.0
2024-05-11 12:34:35,270 [WARN] PackLoader:240 - Cannot read IP mode file for STMicroelectronics.X-CUBE-EEPRMA1.5.1.0
2024-05-11 12:34:35,363 [WARN] PackLoader:240 - Cannot read IP mode file for SEGGER.I-CUBE-embOS.1.3.1
2024-05-11 12:34:35,470 [WARN] PackLoader:240 - Cannot read IP mode file for STMicroelectronics.X-CUBE-ALGOBUILD.1.4.0
2024-05-11 12:34:35,481 [WARN] PackLoader:240 - Cannot read IP mode file for STMicroelectronics.X-CUBE-GNSS1.6.0.0
2024-05-11 12:34:35,529 [WARN] PackLoader:240 - Cannot read IP mode file for STMicroelectronics.X-CUBE-AZRTOS-F4.1.1.0
2024-05-11 12:34:35,560 [WARN] PackLoader:240 - Cannot read IP mode file for wolfSSL.I-CUBE-wolfSSL.5.6.3
2024-05-11 12:34:35,569 [WARN] PackLoader:240 - Cannot read IP mode file for STMicroelectronics.X-CUBE-FREERTOS.1.2.0
2024-05-11 12:34:35,576 [WARN] PackLoader:240 - Cannot read IP mode file for wolfSSL.I-CUBE-wolfSSL.5.6.6
2024-05-11 12:34:35,611 [WARN] PackLoader:240 - Cannot read IP mode file for STMicroelectronics.X-CUBE-AZRTOS-L5.2.0.0
2024-05-11 12:34:35,698 [WARN] PackLoader:240 - Cannot read IP mode file for STMicroelectronics.X-CUBE-MEMS1.9.6.0
2024-05-11 12:34:35,786 [INFO] WebApp:161 - Instantiating new browser for Auth
2024-05-11 12:34:36,014 [WARN] PackLoader:240 - Cannot read IP mode file for STMicroelectronics.X-CUBE-EEPRMA1.4.2.0
2024-05-11 12:34:36,031 [WARN] PackLoader:240 - Cannot read IP mode file for STMicroelectronics.X-CUBE-NFC6.3.1.0
2024-05-11 12:34:36,046 [WARN] PackLoader:240 - Cannot read IP mode file for ITTIA_DB.I-CUBE-ITTIADB.8.8.0
2024-05-11 12:34:36,063 [WARN] PackLoader:240 - Cannot read IP mode file for STMicroelectronics.X-CUBE-BLEMGR.2.0.0
2024-05-11 12:34:36,072 [WARN] PackLoader:240 - Cannot read IP mode file for STMicroelectronics.X-CUBE-AI.9.0.0
2024-05-11 12:34:36,121 [WARN] ConditionMgr:438 - getConditionDescription Invalid condition id : UX DEVICE CLASS RTOS Condition cause : null
2024-05-11 12:34:36,121 [WARN] ConditionMgr:438 - getConditionDescription Invalid condition id : UX DEVICE CLASS RTOS Condition cause : null
2024-05-11 12:34:36,132 [WARN] PackLoader:240 - Cannot read IP mode file for STMicroelectronics.X-CUBE-AZRTOS-H7.3.1.0
2024-05-11 12:34:36,135 [WARN] ConditionMgr:1039 - genDependencies : Invalid condition id : UX DEVICE CLASS RTOS Condition cause : null
2024-05-11 12:34:36,136 [WARN] ConditionMgr:1039 - genDependencies : Invalid condition id : UX DEVICE CLASS RTOS Condition cause : null
2024-05-11 12:34:36,138 [WARN] ConditionMgr:1039 - genDependencies : Invalid condition id : UX DEVICE CLASS RTOS Condition cause : null
2024-05-11 12:34:36,139 [WARN] ConditionMgr:1039 - genDependencies : Invalid condition id : UX DEVICE CLASS RTOS Condition cause : null
2024-05-11 12:34:36,139 [WARN] ConditionMgr:1039 - genDependencies : Invalid condition id : UX DEVICE CLASS RTOS Condition cause : null
2024-05-11 12:34:36,150 [WARN] PackLoader:240 - Cannot read IP mode file for STMicroelectronics.X-CUBE-NFC7.1.0.1
2024-05-11 12:34:36,162 [WARN] PackLoader:240 - Cannot read IP mode file for STMicroelectronics.X-CUBE-NFC6.3.0.0
2024-05-11 12:34:36,186 [WARN] PackLoader:240 - Cannot read IP mode file for STMicroelectronics.X-CUBE-EEPRMA1.4.1.0
2024-05-11 12:34:36,195 [WARN] PackLoader:240 - Cannot read IP mode file for STMicroelectronics.X-CUBE-AI.8.1.0
2024-05-11 12:34:36,253 [WARN] ConditionMgr:438 - getConditionDescription Invalid condition id : LAN8742 Phy interface Condition cause : null
2024-05-11 12:34:36,254 [WARN] PackLoader:240 - Cannot read IP mode file for STMicroelectronics.X-CUBE-AZRTOS-L4.2.0.0
2024-05-11 12:34:36,277 [WARN] ConditionMgr:1039 - genDependencies : Invalid condition id : LAN8742 Phy interface Condition cause : null
2024-05-11 12:34:36,277 [WARN] ConditionMgr:1039 - genDependencies : Invalid condition id : LAN8742 Phy interface Condition cause : null
2024-05-11 12:34:36,279 [WARN] ConditionMgr:1039 - genDependencies : Invalid condition id : LAN8742 Phy interface Condition cause : null
2024-05-11 12:34:36,310 [WARN] PackLoader:240 - Cannot read IP mode file for STMicroelectronics.X-CUBE-SFXS2LP1.4.0.0
2024-05-11 12:34:36,327 [WARN] PackLoader:240 - Cannot read IP mode file for STMicroelectronics.X-CUBE-ISPU.1.1.0
2024-05-11 12:34:36,361 [WARN] ConditionMgr:438 - getConditionDescription Invalid condition id : UX DEVICE CLASS RTOS Condition cause : null
2024-05-11 12:34:36,362 [WARN] ConditionMgr:438 - getConditionDescription Invalid condition id : UX DEVICE CLASS RTOS Condition cause : null
2024-05-11 12:34:36,367 [WARN] PackLoader:240 - Cannot read IP mode file for STMicroelectronics.X-CUBE-AZRTOS-WB.2.0.0
2024-05-11 12:34:36,369 [WARN] ConditionMgr:1039 - genDependencies : Invalid condition id : UX DEVICE CLASS RTOS Condition cause : null
2024-05-11 12:34:36,369 [WARN] ConditionMgr:1039 - genDependencies : Invalid condition id : UX DEVICE CLASS RTOS Condition cause : null
2024-05-11 12:34:36,370 [WARN] ConditionMgr:1039 - genDependencies : Invalid condition id : UX DEVICE CLASS RTOS Condition cause : null
2024-05-11 12:34:36,371 [WARN] ConditionMgr:1039 - genDependencies : Invalid condition id : UX DEVICE CLASS RTOS Condition cause : null
2024-05-11 12:34:36,371 [WARN] ConditionMgr:1039 - genDependencies : Invalid condition id : UX DEVICE CLASS RTOS Condition cause : null
2024-05-11 12:34:36,396 [WARN] PackLoader:240 - Cannot read IP mode file for STMicroelectronics.X-CUBE-SUBG2.5.0.0
2024-05-11 12:34:36,429 [WARN] PackLoader:240 - Cannot read IP mode file for STMicroelectronics.X-CUBE-TOF1.3.3.1
2024-05-11 12:34:36,486 [WARN] PackLoader:240 - Cannot read IP mode file for STMicroelectronics.X-CUBE-AZRTOS-G4.2.0.0
2024-05-11 12:34:36,514 [WARN] PackLoader:240 - Cannot read IP mode file for Infineon.AIROC-Wi-Fi-Bluetooth-STM32.1.5.1
2024-05-11 12:34:36,527 [WARN] PackLoader:240 - Cannot read IP mode file for STMicroelectronics.FP-SNS-MOTENVWB1.1.3.0
2024-05-11 12:34:36,534 [WARN] PackLoader:240 - Cannot read IP mode file for STMicroelectronics.FP-SNS-MOTENVWB1.1.3.1
2024-05-11 12:34:36,540 [WARN] PackLoader:240 - Cannot read IP mode file for STMicroelectronics.X-CUBE-ISPU.2.0.0
2024-05-11 12:34:36,670 [WARN] PackLoader:240 - Cannot read IP mode file for STMicroelectronics.X-CUBE-MEMS1.10.0.0
2024-05-11 12:34:36,975 [WARN] PackLoader:240 - Cannot read IP mode file for STMicroelectronics.X-CUBE-FREERTOS.1.1.0
2024-05-11 12:34:36,982 [WARN] PackLoader:240 - Cannot read IP mode file for portGmbH.I-Cube-SoM-uGOAL.1.1.0
2024-05-11 12:34:36,989 [WARN] PackLoader:240 - Cannot read IP mode file for STMicroelectronics.X-CUBE-ALS.1.0.1
2024-05-11 12:34:37,021 [INFO] WebApp:780 - Register for checkConnection events
2024-05-11 12:34:37,022 [INFO] WebApp:414 - Apply proxy settings
2024-05-11 12:34:37,022 [INFO] WebApp:499 - Chromium requires no authentication
2024-05-11 12:34:37,024 [WARN] PackLoader:240 - Cannot read IP mode file for STMicroelectronics.X-CUBE-AZRTOS-H7RS.1.0.0
2024-05-11 12:34:37,033 [INFO] WebApp:442 - Direct internet connection detected
2024-05-11 12:34:37,033 [WARN] PackLoader:240 - Cannot read IP mode file for STMicroelectronics.FP-ATR-ASTRA1.2.0.0
2024-05-11 12:34:37,051 [WARN] PackLoader:240 - Cannot read IP mode file for STMicroelectronics.X-CUBE-TOF1.3.4.0
2024-05-11 12:34:37,088 [WARN] PackLoader:240 - Cannot read IP mode file for STMicroelectronics.X-CUBE-TOF1.3.4.1
2024-05-11 12:34:37,151 [WARN] PackLoader:240 - Cannot read IP mode file for STMicroelectronics.X-CUBE-AZRTOS-H7.3.2.0
2024-05-11 12:34:37,159 [INFO] ThirdParty:978 - Integrity check success = true
2024-05-11 12:34:37,159 [INFO] IntegrityCheckThread:100 - exiting critical section [integrity check]
2024-05-11 12:34:37,159 [INFO] IntegrityCheckThread:103 - End integrity checks thread
2024-05-11 12:34:37,276 [INFO] WebApp:192 - Starting web application
2024-05-11 12:34:37,276 [INFO] WebApp:544 - Web application path used /opt/st/stm32cubeide_1.14.0/plugins/com.st.stm32cube.common.mx_6.10.0.202311202037/db/plugins/mcufinder/reactClient1/index.html
2024-05-11 12:34:57,734 [ERROR] LogOutputStream:75 - [STDERR_REDIRECT] SLF4J: Failed to load class "org.slf4j.impl.StaticLoggerBinder".
2024-05-11 12:34:57,735 [ERROR] LogOutputStream:75 - [STDERR_REDIRECT] SLF4J: Defaulting to no-operation (NOP) logger implementation
2024-05-11 12:34:57,735 [ERROR] LogOutputStream:75 - [STDERR_REDIRECT] SLF4J: See http://www.slf4j.org/codes.html#StaticLoggerBinder for further details.
2024-05-11 14:05:09,891 [ERROR] LogOutputStream:75 - [STDERR_REDIRECT] 
