2024-03-04 19:41:03,927 [INFO] Activator:176 - 


2024-03-04 19:41:03,930 [INFO] Activator:177 - !SESSION log4j initialized
2024-03-04 19:41:09,318 [INFO] LogOutputStream:77 - [STDOUT_REDIRECT] 
2024-03-04 19:41:10,596 [INFO] ApplicationProperties:184 - Using Application install path: /opt/st/stm32cubeide_1.14.0/plugins/com.st.stm32cube.common.mx_6.10.0.202311202037
2024-03-04 19:41:10,607 [INFO] DbMcusXml:78 - Set database path to: /opt/st/stm32cubeide_1.14.0/plugins/com.st.stm32cube.common.mx_6.10.0.202311202037//db//mcu/
2024-03-04 19:41:10,607 [INFO] ApiDb:274 - Set plugin database path to: /opt/st/stm32cubeide_1.14.0/plugins/com.st.stm32cube.common.mx_6.10.0.202311202037//db//plugins/boardmanager/
2024-03-04 19:41:10,607 [WARN] ApiDb:259 - Overriding images path with different value:  => /opt/st/stm32cubeide_1.14.0/plugins/com.st.stm32cube.common.mx_6.10.0.202311202037//db//plugins/mcufinder/images/
2024-03-04 19:41:10,613 [INFO] ApiDb:250 - Set database path to: /home/fede/.stmcufinder/plugins/mcufinder//mcu/
2024-03-04 19:41:10,614 [INFO] DbMcusAds:125 - Set database path to: /home/fede/.stmcufinder/plugins/mcufinder//mcu/
2024-03-04 19:41:10,615 [INFO] CrossReferenceDbSqlite:203 - Set database path to: /home/fede/.stmcufinder/plugins/mcufinder//mcu/cs/
2024-03-04 19:41:10,689 [INFO] RulesReader:64 - Compatibility file has been processed (297 Rules)
2024-03-04 19:41:10,745 [INFO] DbMcusXml:78 - Set database path to: /opt/st/stm32cubeide_1.14.0/plugins/com.st.stm32cube.common.mx_6.10.0.202311202037//db//mcu/
2024-03-04 19:41:10,746 [INFO] ApiDb:274 - Set plugin database path to: /opt/st/stm32cubeide_1.14.0/plugins/com.st.stm32cube.common.mx_6.10.0.202311202037//db//plugins/boardmanager/
2024-03-04 19:41:10,746 [INFO] ApiDb:261 - Set plugin images path to: /opt/st/stm32cubeide_1.14.0/plugins/com.st.stm32cube.common.mx_6.10.0.202311202037//db//plugins/mcufinder/images/
2024-03-04 19:41:10,746 [WARN] DbFile:41 - Overriding database path with different value: /home/fede/.stmcufinder/plugins/mcufinder/ => /home/fede/.stmcufinder/plugins/mcufinder
2024-03-04 19:41:10,746 [INFO] ApiDb:250 - Set database path to: /home/fede/.stmcufinder/plugins/mcufinder//mcu/
2024-03-04 19:41:10,746 [WARN] DbFile:41 - Overriding database path with different value: /home/fede/.stmcufinder/plugins/mcufinder/ => /home/fede/.stmcufinder/plugins/mcufinder
2024-03-04 19:41:10,746 [INFO] DbMcusAds:125 - Set database path to: /home/fede/.stmcufinder/plugins/mcufinder//mcu/
2024-03-04 19:41:10,746 [WARN] DbFile:41 - Overriding database path with different value: /home/fede/.stmcufinder/plugins/mcufinder/ => /home/fede/.stmcufinder/plugins/mcufinder
2024-03-04 19:41:10,746 [WARN] DbFile:41 - Overriding database path with different value: /home/fede/.stmcufinder/plugins/mcufinder/ => /home/fede/.stmcufinder/plugins/mcufinder
2024-03-04 19:41:10,746 [INFO] CrossReferenceDbSqlite:203 - Set database path to: /home/fede/.stmcufinder/plugins/mcufinder//mcu/cs/
2024-03-04 19:41:10,866 [INFO] MainPanel:264 - HeapMemory: 268435456
2024-03-04 19:41:10,929 [INFO] DbMcusXml:78 - Set database path to: /opt/st/stm32cubeide_1.14.0/plugins/com.st.stm32cube.common.mx_6.10.0.202311202037//db//mcu/
2024-03-04 19:41:10,930 [INFO] ApiDb:274 - Set plugin database path to: /opt/st/stm32cubeide_1.14.0/plugins/com.st.stm32cube.common.mx_6.10.0.202311202037//db//plugins/boardmanager/
2024-03-04 19:41:10,930 [INFO] ApiDb:261 - Set plugin images path to: /opt/st/stm32cubeide_1.14.0/plugins/com.st.stm32cube.common.mx_6.10.0.202311202037//db//plugins/mcufinder/images/
2024-03-04 19:41:10,930 [WARN] DbFile:41 - Overriding database path with different value: /home/fede/.stmcufinder/plugins/mcufinder/ => /home/fede/.stmcufinder/plugins/mcufinder
2024-03-04 19:41:10,930 [INFO] ApiDb:250 - Set database path to: /home/fede/.stmcufinder/plugins/mcufinder//mcu/
2024-03-04 19:41:10,930 [WARN] DbFile:41 - Overriding database path with different value: /home/fede/.stmcufinder/plugins/mcufinder/ => /home/fede/.stmcufinder/plugins/mcufinder
2024-03-04 19:41:10,930 [INFO] DbMcusAds:125 - Set database path to: /home/fede/.stmcufinder/plugins/mcufinder//mcu/
2024-03-04 19:41:10,930 [WARN] DbFile:41 - Overriding database path with different value: /home/fede/.stmcufinder/plugins/mcufinder/ => /home/fede/.stmcufinder/plugins/mcufinder
2024-03-04 19:41:10,930 [WARN] DbFile:41 - Overriding database path with different value: /home/fede/.stmcufinder/plugins/mcufinder/ => /home/fede/.stmcufinder/plugins/mcufinder
2024-03-04 19:41:10,930 [INFO] CrossReferenceDbSqlite:203 - Set database path to: /home/fede/.stmcufinder/plugins/mcufinder//mcu/cs/
2024-03-04 19:41:10,942 [INFO] ApplicationProperties:184 - Using Application install path: /opt/st/stm32cubeide_1.14.0/plugins/com.st.stm32cube.common.mx_6.10.0.202311202037
2024-03-04 19:41:10,943 [INFO] PluginManage:196 - Search for loadable plugins [exclusion list=, ]
2024-03-04 19:41:10,944 [INFO] PluginManage:310 - Check plugin analytics
2024-03-04 19:41:11,040 [INFO] AnalyticsPlugin:253 - Accepted Software Licenses: 
2024-03-04 19:41:11,040 [INFO] AnalyticsPlugin:255 - Accepted CMSIS Pack Licenses: STMicroelectronics.X-CUBE-ALGOBUILD.1.3.0,ARM.CMSIS-DSP.1.15.0
2024-03-04 19:41:11,040 [INFO] AnalyticsPlugin:257 - Accepted Firmware Licenses: FW.F7.1.17.0
2024-03-04 19:41:11,042 [INFO] PluginManage:359 - Loaded plugin analytics (category:tool,tabindex:-1)
2024-03-04 19:41:11,042 [INFO] PluginManage:310 - Check plugin cadmodel
2024-03-04 19:41:11,066 [INFO] CADModel:105 - Init CAD model plugin
2024-03-04 19:41:11,066 [INFO] PluginManage:359 - Loaded plugin cadmodel (category:power,tabindex:5)
2024-03-04 19:41:11,066 [INFO] PluginManage:310 - Check plugin clock
2024-03-04 19:41:11,073 [INFO] PluginManage:359 - Loaded plugin clock (category:base,tabindex:2)
2024-03-04 19:41:11,073 [INFO] PluginManage:310 - Check plugin ddr
2024-03-04 19:41:11,075 [INFO] PluginManage:359 - Loaded plugin ddr (category:tool,tabindex:6)
2024-03-04 19:41:11,075 [INFO] PluginManage:310 - Check plugin filemanager
2024-03-04 19:41:11,180 [INFO] PluginManage:359 - Loaded plugin filemanager (category:base,tabindex:10)
2024-03-04 19:41:11,181 [INFO] PluginManage:310 - Check plugin ipmanager
2024-03-04 19:41:11,185 [INFO] PluginManage:359 - Loaded plugin ipmanager (category:base,tabindex:5)
2024-03-04 19:41:11,185 [INFO] PluginManage:310 - Check plugin lpbam
2024-03-04 19:41:11,191 [INFO] PluginManage:359 - Loaded plugin lpbam (category:base,tabindex:0)
2024-03-04 19:41:11,192 [INFO] PluginManage:310 - Check plugin memorymap
2024-03-04 19:41:11,200 [INFO] PluginManage:359 - Loaded plugin memorymap (category:base,tabindex:4)
2024-03-04 19:41:11,200 [INFO] PluginManage:310 - Check plugin pinoutandconfiguration
2024-03-04 19:41:11,206 [INFO] PluginManage:359 - Loaded plugin pinoutandconfiguration (category:base,tabindex:1)
2024-03-04 19:41:11,207 [INFO] PluginManage:310 - Check plugin pinoutconfig
2024-03-04 19:41:11,275 [WARN] SupportedApi:132 - Cannot load RTOS API schema: s4s-elt-must-match.1: The content of 'definitions' must match (annotation?, (simpleType | complexType)?, (unique | key | keyref)*)). A problem was found starting at: attribute.
2024-03-04 19:41:11,430 [INFO] PluginManage:359 - Loaded plugin pinoutconfig (category:base,tabindex:0)
2024-03-04 19:41:11,430 [INFO] PluginManage:310 - Check plugin power
2024-03-04 19:41:11,438 [INFO] PluginManage:359 - Loaded plugin power (category:power,tabindex:4)
2024-03-04 19:41:11,438 [INFO] PluginManage:310 - Check plugin projectmanager
2024-03-04 19:41:11,448 [INFO] PluginManage:359 - Loaded plugin projectmanager (category:projectmanager,tabindex:3)
2024-03-04 19:41:11,449 [INFO] PluginManage:310 - Check plugin thirdparty
2024-03-04 19:41:11,557 [INFO] PluginManage:359 - Loaded plugin thirdparty (category:base,tabindex:-1)
2024-03-04 19:41:11,557 [WARN] IntegrityCheckThread:84 - waiting for thirdparty lock release [integrity check]
2024-03-04 19:41:11,558 [INFO] PluginManage:310 - Check plugin tools
2024-03-04 19:41:11,558 [INFO] IntegrityCheckThread:86 - entering critical section [integrity check]
2024-03-04 19:41:11,558 [INFO] ThirdPartyUpdaterWithRetryManager:70 - Updater plugin not ready yet. [1/15]
2024-03-04 19:41:11,559 [INFO] PluginManage:359 - Loaded plugin tools (category:base,tabindex:7)
2024-03-04 19:41:11,559 [INFO] PluginManage:310 - Check plugin tutovideos
2024-03-04 19:41:11,669 [INFO] PluginManage:359 - Loaded plugin tutovideos (category:base,tabindex:-1)
2024-03-04 19:41:11,669 [INFO] PluginManage:310 - Check plugin updater
2024-03-04 19:41:11,678 [INFO] PluginManage:359 - Loaded plugin updater (category:base,tabindex:12)
2024-03-04 19:41:11,678 [INFO] PluginManage:310 - Check plugin userauth
2024-03-04 19:41:11,682 [INFO] UserAuth:114 - Init User Auth plugin
2024-03-04 19:41:11,682 [INFO] PluginManage:359 - Loaded plugin userauth (category:base,tabindex:14)
2024-03-04 19:41:11,683 [INFO] PluginManage:283 - PluginManage : Loaded plugins [17]
2024-03-04 19:41:11,884 [INFO] PinOutPanel:1499 - setPackage(No Configuration,No Configuration)
2024-03-04 19:41:11,937 [INFO] CADModel:165 - CPN selected for project level
2024-03-04 19:41:11,937 [INFO] CADModel:114 - Register for checkConnection events
2024-03-04 19:41:11,947 [INFO] IPUIPlugin:80 - create IPUIPlugin
2024-03-04 19:41:11,948 [INFO] PluginManager:220 - loadIPPluginJar : add gfxmmu
2024-03-04 19:41:11,952 [INFO] IPUIPlugin:80 - create IPUIPlugin
2024-03-04 19:41:11,952 [INFO] PluginManager:220 - loadIPPluginJar : add comp
2024-03-04 19:41:11,955 [INFO] IPUIPlugin:80 - create IPUIPlugin
2024-03-04 19:41:11,955 [INFO] PluginManager:220 - loadIPPluginJar : add usbx
2024-03-04 19:41:11,961 [INFO] IPUIPlugin:80 - create IPUIPlugin
2024-03-04 19:41:11,961 [INFO] PluginManager:220 - loadIPPluginJar : add linkedlist
2024-03-04 19:41:11,966 [INFO] IPUIPlugin:80 - create IPUIPlugin
2024-03-04 19:41:11,967 [INFO] PluginManager:220 - loadIPPluginJar : add mdma
2024-03-04 19:41:11,969 [INFO] IPUIPlugin:80 - create IPUIPlugin
2024-03-04 19:41:11,969 [INFO] PluginManager:220 - loadIPPluginJar : add i3c
2024-03-04 19:41:11,971 [INFO] IPUIPlugin:80 - create IPUIPlugin
2024-03-04 19:41:11,971 [INFO] PluginManager:220 - loadIPPluginJar : add cryp
2024-03-04 19:41:11,972 [INFO] IPUIPlugin:80 - create IPUIPlugin
2024-03-04 19:41:11,972 [INFO] PluginManager:220 - loadIPPluginJar : add quadspi
2024-03-04 19:41:11,973 [INFO] IPUIPlugin:80 - create IPUIPlugin
2024-03-04 19:41:11,973 [INFO] PluginManager:220 - loadIPPluginJar : add tsc
2024-03-04 19:41:11,975 [INFO] IPUIPlugin:80 - create IPUIPlugin
2024-03-04 19:41:11,975 [INFO] PluginManager:220 - loadIPPluginJar : add hash
2024-03-04 19:41:11,976 [INFO] IPUIPlugin:80 - create IPUIPlugin
2024-03-04 19:41:11,977 [INFO] PluginManager:220 - loadIPPluginJar : add aes
2024-03-04 19:41:11,978 [INFO] IPUIPlugin:80 - create IPUIPlugin
2024-03-04 19:41:11,978 [INFO] PluginManager:220 - loadIPPluginJar : add i2c
2024-03-04 19:41:11,980 [INFO] IPUIPlugin:80 - create IPUIPlugin
2024-03-04 19:41:11,980 [INFO] PluginManager:220 - loadIPPluginJar : add gtzc
2024-03-04 19:41:11,985 [INFO] IPUIPlugin:80 - create IPUIPlugin
2024-03-04 19:41:11,985 [INFO] PluginManager:220 - loadIPPluginJar : add stm32_wpan
2024-03-04 19:41:11,989 [INFO] IPUIPlugin:80 - create IPUIPlugin
2024-03-04 19:41:11,991 [INFO] PluginManager:220 - loadIPPluginJar : add plateformsettings
2024-03-04 19:41:11,995 [INFO] IPUIPlugin:80 - create IPUIPlugin
2024-03-04 19:41:11,995 [INFO] PluginManager:220 - loadIPPluginJar : add adc
2024-03-04 19:41:11,997 [INFO] IPUIPlugin:80 - create IPUIPlugin
2024-03-04 19:41:11,997 [INFO] PluginManager:220 - loadIPPluginJar : add sai
2024-03-04 19:41:12,003 [INFO] IPUIPlugin:80 - create IPUIPlugin
2024-03-04 19:41:12,004 [INFO] PluginManager:220 - loadIPPluginJar : add gic
2024-03-04 19:41:12,005 [INFO] IPUIPlugin:80 - create IPUIPlugin
2024-03-04 19:41:12,005 [INFO] PluginManager:220 - loadIPPluginJar : add opamp
2024-03-04 19:41:12,006 [INFO] IPUIPlugin:80 - create IPUIPlugin
2024-03-04 19:41:12,006 [INFO] PluginManager:220 - loadIPPluginJar : add i2s
2024-03-04 19:41:12,008 [INFO] IPUIPlugin:80 - create IPUIPlugin
2024-03-04 19:41:12,008 [INFO] PluginManager:220 - loadIPPluginJar : add touchsensing
2024-03-04 19:41:12,009 [INFO] IPUIPlugin:80 - create IPUIPlugin
2024-03-04 19:41:12,009 [INFO] PluginManager:220 - loadIPPluginJar : add dma3
2024-03-04 19:41:12,012 [INFO] IPUIPlugin:80 - create IPUIPlugin
2024-03-04 19:41:12,013 [INFO] PluginManager:220 - loadIPPluginJar : add gpio
2024-03-04 19:41:12,014 [INFO] IPUIPlugin:80 - create IPUIPlugin
2024-03-04 19:41:12,014 [INFO] PluginManager:220 - loadIPPluginJar : add lorawan
2024-03-04 19:41:12,016 [INFO] IPUIPlugin:80 - create IPUIPlugin
2024-03-04 19:41:12,016 [INFO] PluginManager:220 - loadIPPluginJar : add tracer_emb
2024-03-04 19:41:12,019 [INFO] IPUIPlugin:80 - create IPUIPlugin
2024-03-04 19:41:12,019 [INFO] PluginManager:220 - loadIPPluginJar : add ipddr
2024-03-04 19:41:12,021 [INFO] IPUIPlugin:80 - create IPUIPlugin
2024-03-04 19:41:12,021 [INFO] PluginManager:220 - loadIPPluginJar : add resmgrutility
2024-03-04 19:41:12,025 [INFO] IPUIPlugin:80 - create IPUIPlugin
2024-03-04 19:41:12,025 [INFO] PluginManager:220 - loadIPPluginJar : add fmc
2024-03-04 19:41:12,027 [INFO] IPUIPlugin:80 - create IPUIPlugin
2024-03-04 19:41:12,027 [INFO] PluginManager:220 - loadIPPluginJar : add tim
2024-03-04 19:41:12,028 [INFO] IPUIPlugin:80 - create IPUIPlugin
2024-03-04 19:41:12,028 [INFO] PluginManager:220 - loadIPPluginJar : add ltdc
2024-03-04 19:41:12,029 [INFO] IPUIPlugin:80 - create IPUIPlugin
2024-03-04 19:41:12,030 [INFO] PluginManager:220 - loadIPPluginJar : add genericplugin
2024-03-04 19:41:12,036 [INFO] IPUIPlugin:80 - create IPUIPlugin
2024-03-04 19:41:12,036 [INFO] PluginManager:220 - loadIPPluginJar : add dma
2024-03-04 19:41:12,038 [INFO] IPUIPlugin:80 - create IPUIPlugin
2024-03-04 19:41:12,038 [INFO] PluginManager:220 - loadIPPluginJar : add usart
2024-03-04 19:41:12,041 [INFO] IPUIPlugin:80 - create IPUIPlugin
2024-03-04 19:41:12,041 [INFO] PluginManager:220 - loadIPPluginJar : add openamp
2024-03-04 19:41:12,042 [INFO] IPUIPlugin:80 - create IPUIPlugin
2024-03-04 19:41:12,042 [INFO] PluginManager:220 - loadIPPluginJar : add fatfs
2024-03-04 19:41:12,043 [INFO] IPUIPlugin:80 - create IPUIPlugin
2024-03-04 19:41:12,044 [INFO] PluginManager:220 - loadIPPluginJar : add spi
2024-03-04 19:41:12,046 [INFO] IPUIPlugin:80 - create IPUIPlugin
2024-03-04 19:41:12,046 [INFO] PluginManager:220 - loadIPPluginJar : add dfsdm
2024-03-04 19:41:12,048 [INFO] IPUIPlugin:80 - create IPUIPlugin
2024-03-04 19:41:12,048 [INFO] PluginManager:220 - loadIPPluginJar : add can
2024-03-04 19:41:12,051 [INFO] IPUIPlugin:80 - create IPUIPlugin
2024-03-04 19:41:12,051 [INFO] PluginManager:220 - loadIPPluginJar : add nvic
2024-03-04 19:41:12,061 [INFO] IPUIPlugin:80 - create IPUIPlugin
2024-03-04 19:41:12,061 [INFO] PluginManager:220 - loadIPPluginJar : add freertos
2024-03-04 19:41:12,063 [INFO] IPUIPlugin:80 - create IPUIPlugin
2024-03-04 19:41:12,063 [INFO] PluginManager:220 - loadIPPluginJar : add pdm2pcm
2024-03-04 19:41:12,066 [INFO] IPUIPlugin:80 - create IPUIPlugin
2024-03-04 19:41:12,067 [INFO] PluginManager:220 - loadIPPluginJar : add ts
2024-03-04 19:41:12,069 [INFO] IPUIPlugin:80 - create IPUIPlugin
2024-03-04 19:41:12,069 [INFO] PluginManager:220 - loadIPPluginJar : add ucpd
2024-03-04 19:41:12,174 [INFO] CADModel:165 - CPN selected for project level
2024-03-04 19:41:12,174 [INFO] CADModel:114 - Register for checkConnection events
2024-03-04 19:41:12,175 [FATAL] Updater:308 - Updater called before beeing initialized
2024-03-04 19:41:12,175 [ERROR] CADModel:125 - Updater not yet initialized, retry later 
2024-03-04 19:41:12,288 [INFO] CADModel:165 - CPN selected for project level
2024-03-04 19:41:12,288 [INFO] CADModel:114 - Register for checkConnection events
2024-03-04 19:41:12,288 [FATAL] Updater:308 - Updater called before beeing initialized
2024-03-04 19:41:12,288 [ERROR] CADModel:125 - Updater not yet initialized, retry later 
2024-03-04 19:41:12,290 [FATAL] Updater:308 - Updater called before beeing initialized
2024-03-04 19:41:12,403 [FATAL] Updater:308 - Updater called before beeing initialized
2024-03-04 19:41:12,405 [INFO] DbMcusAds:53 - JSON generation date=Wed Nov 29 07:52:27 ART 2023 (1701255147349)
2024-03-04 19:41:12,406 [FATAL] Updater:308 - Updater called before beeing initialized
2024-03-04 19:41:12,429 [WARN] DetailPanel:346 - Failed to get advertising image, set to default
2024-03-04 19:41:12,529 [FATAL] Updater:308 - Updater called before beeing initialized
2024-03-04 19:41:12,531 [FATAL] Updater:308 - Updater called before beeing initialized
2024-03-04 19:41:12,531 [FATAL] Updater:308 - Updater called before beeing initialized
2024-03-04 19:41:12,532 [WARN] DetailPanel:346 - Failed to get advertising image, set to default
2024-03-04 19:41:12,532 [FATAL] Updater:308 - Updater called before beeing initialized
2024-03-04 19:41:12,559 [ERROR] Updater:1120 - MainUpdater not yet initialized. External WinMGr cannot be set.
2024-03-04 19:41:12,560 [INFO] Updater:1056 - Updater Version found : 6.10.0
2024-03-04 19:41:12,578 [INFO] ApplicationProperties:184 - Using Application install path: /opt/st/stm32cubeide_1.14.0/plugins/com.st.stm32cube.common.mx_6.10.0.202311202037
2024-03-04 19:41:12,897 [INFO] MainUpdater:2873 - connection check result : 10
2024-03-04 19:41:12,898 [INFO] MainUpdater:290 - Updater Check For Update Now.
2024-03-04 19:41:12,898 [INFO] MicroXplorer:498 - Change Database Version : DB.6.0.100
2024-03-04 19:41:12,903 [INFO] McuFinderGlobals:63 - Set McuFinder mode to 2 (CubeIDE integrated)
2024-03-04 19:41:13,057 [INFO] CheckServerUpdateThread:120 - End of CheckServer Thread
2024-03-04 19:41:14,116 [INFO] UserAuth:404 - Internet connection configuration mode: 1
2024-03-04 19:41:14,132 [INFO] JxBrowserEngine:152 - Initiate JxBrowser Engine with user profile folder
2024-03-04 19:41:14,656 [WARN] PackLoader:240 - Cannot read IP mode file for STMicroelectronics.X-CUBE-SMBUS.2.1.0
2024-03-04 19:41:14,664 [WARN] PackLoader:240 - Cannot read IP mode file for STMicroelectronics.X-CUBE-TOUCHGFX.4.23.0
2024-03-04 19:41:14,694 [WARN] PackLoader:240 - Cannot read IP mode file for STMicroelectronics.X-CUBE-AZRTOS-F7.1.1.0
2024-03-04 19:41:14,707 [WARN] PackLoader:240 - Cannot read IP mode file for STMicroelectronics.FP-SNS-MOTENV1.4.3.2
2024-03-04 19:41:14,714 [WARN] PackLoader:240 - Cannot read IP mode file for STMicroelectronics.FP-SNS-FLIGHT1.5.0.2
2024-03-04 19:41:14,724 [WARN] PackLoader:240 - Cannot read IP mode file for STMicroelectronics.X-CUBE-DISPLAY.3.0.0
2024-03-04 19:41:14,734 [WARN] PackLoader:240 - Cannot read IP mode file for STMicroelectronics.X-CUBE-BLE1.7.0.0
2024-03-04 19:41:14,740 [WARN] PackLoader:240 - Cannot read IP mode file for emotas.I-CUBE-CANOPEN.1.3.0
2024-03-04 19:41:14,742 [WARN] PackLoader:240 - Cannot read IP mode file for STMicroelectronics.X-CUBE-TOUCHGFX.4.22.0
2024-03-04 19:41:14,745 [WARN] PackLoader:240 - Cannot read IP mode file for STMicroelectronics.X-CUBE-TOUCHGFX.4.22.1
2024-03-04 19:41:14,757 [WARN] PackLoader:240 - Cannot read IP mode file for STMicroelectronics.X-CUBE-BLEMGR.3.1.0
2024-03-04 19:41:14,764 [WARN] PackLoader:240 - Cannot read IP mode file for STMicroelectronics.FP-SNS-SMARTAG2.1.2.0
2024-03-04 19:41:14,776 [INFO] LogOutputStream:77 - [STDOUT_REDIRECT] 1 : Invalid condition id : UX_CORESTACK_Condition cause : null
2024-03-04 19:41:14,777 [INFO] LogOutputStream:77 - [STDOUT_REDIRECT] 1 : Invalid condition id : UX_CORESTACK_Condition cause : null
2024-03-04 19:41:14,777 [INFO] LogOutputStream:77 - [STDOUT_REDIRECT] 1 : Invalid condition id : UX_CORESTACK_Condition cause : null
2024-03-04 19:41:14,777 [INFO] LogOutputStream:77 - [STDOUT_REDIRECT] 1 : Invalid condition id : UX_CORESTACK_Condition cause : null
2024-03-04 19:41:14,777 [INFO] LogOutputStream:77 - [STDOUT_REDIRECT] 1 : Invalid condition id : UX_CORESTACK_Condition cause : null
2024-03-04 19:41:14,780 [WARN] PackLoader:240 - Cannot read IP mode file for STMicroelectronics.X-CUBE-AZRTOS-WL.2.0.0
2024-03-04 19:41:14,836 [WARN] PackLoader:240 - Cannot read IP mode file for WES.I-CUBE-Cesium.1.3.0
2024-03-04 19:41:14,844 [WARN] PackLoader:240 - Cannot read IP mode file for STMicroelectronics.X-CUBE-BLE2.3.3.0
2024-03-04 19:41:14,932 [WARN] PackLoader:240 - Cannot read IP mode file for STMicroelectronics.X-CUBE-ALGOBUILD.1.3.0
2024-03-04 19:41:15,165 [WARN] PackLoader:240 - Cannot read IP mode file for STMicroelectronics.X-CUBE-AZRTOS-G0.1.1.0
2024-03-04 19:41:15,172 [WARN] PackLoader:240 - Cannot read IP mode file for STMicroelectronics.X-CUBE-NFC4.3.0.0
2024-03-04 19:41:15,182 [WARN] PackLoader:240 - Cannot read IP mode file for STMicroelectronics.X-CUBE-BLEMGR.3.0.0
2024-03-04 19:41:15,190 [WARN] PackLoader:240 - Cannot read IP mode file for STMicroelectronics.FP-ATR-SIGFOX1.3.2.0
2024-03-04 19:41:15,197 [WARN] PackLoader:240 - Cannot read IP mode file for STMicroelectronics.X-CUBE-EEPRMA1.5.1.0
2024-03-04 19:41:15,285 [WARN] PackLoader:240 - Cannot read IP mode file for SEGGER.I-CUBE-embOS.1.3.1
2024-03-04 19:41:15,337 [WARN] PackLoader:240 - Cannot read IP mode file for STMicroelectronics.X-CUBE-GNSS1.6.0.0
2024-03-04 19:41:15,355 [WARN] PackLoader:240 - Cannot read IP mode file for STMicroelectronics.X-CUBE-AZRTOS-F4.1.1.0
2024-03-04 19:41:15,363 [WARN] PackLoader:240 - Cannot read IP mode file for wolfSSL.I-CUBE-wolfSSL.5.6.3
2024-03-04 19:41:15,368 [WARN] PackLoader:240 - Cannot read IP mode file for wolfSSL.I-CUBE-wolfSSL.5.6.6
2024-03-04 19:41:15,388 [WARN] PackLoader:240 - Cannot read IP mode file for STMicroelectronics.X-CUBE-AZRTOS-L5.2.0.0
2024-03-04 19:41:15,436 [WARN] PackLoader:240 - Cannot read IP mode file for STMicroelectronics.X-CUBE-MEMS1.9.6.0
2024-03-04 19:41:15,665 [WARN] PackLoader:240 - Cannot read IP mode file for STMicroelectronics.X-CUBE-EEPRMA1.4.2.0
2024-03-04 19:41:15,673 [WARN] PackLoader:240 - Cannot read IP mode file for ITTIA_DB.I-CUBE-ITTIADB.8.8.0
2024-03-04 19:41:15,684 [INFO] WebApp:161 - Instantiating new browser for Auth
2024-03-04 19:41:15,692 [WARN] PackLoader:240 - Cannot read IP mode file for STMicroelectronics.X-CUBE-BLEMGR.2.0.0
2024-03-04 19:41:15,708 [WARN] ConditionMgr:438 - getConditionDescription Invalid condition id : UX DEVICE CLASS RTOS Condition cause : null
2024-03-04 19:41:15,709 [WARN] ConditionMgr:438 - getConditionDescription Invalid condition id : UX DEVICE CLASS RTOS Condition cause : null
2024-03-04 19:41:15,711 [WARN] PackLoader:240 - Cannot read IP mode file for STMicroelectronics.X-CUBE-AZRTOS-H7.3.1.0
2024-03-04 19:41:15,712 [WARN] ConditionMgr:1039 - genDependencies : Invalid condition id : UX DEVICE CLASS RTOS Condition cause : null
2024-03-04 19:41:15,713 [WARN] ConditionMgr:1039 - genDependencies : Invalid condition id : UX DEVICE CLASS RTOS Condition cause : null
2024-03-04 19:41:15,723 [WARN] ConditionMgr:1039 - genDependencies : Invalid condition id : UX DEVICE CLASS RTOS Condition cause : null
2024-03-04 19:41:15,723 [WARN] ConditionMgr:1039 - genDependencies : Invalid condition id : UX DEVICE CLASS RTOS Condition cause : null
2024-03-04 19:41:15,724 [WARN] ConditionMgr:1039 - genDependencies : Invalid condition id : UX DEVICE CLASS RTOS Condition cause : null
2024-03-04 19:41:15,770 [WARN] PackLoader:240 - Cannot read IP mode file for STMicroelectronics.X-CUBE-NFC7.1.0.1
2024-03-04 19:41:15,783 [WARN] PackLoader:240 - Cannot read IP mode file for STMicroelectronics.X-CUBE-NFC6.3.0.0
2024-03-04 19:41:15,838 [WARN] PackLoader:240 - Cannot read IP mode file for STMicroelectronics.X-CUBE-EEPRMA1.4.1.0
2024-03-04 19:41:15,846 [WARN] PackLoader:240 - Cannot read IP mode file for STMicroelectronics.X-CUBE-AI.8.1.0
2024-03-04 19:41:15,915 [WARN] ConditionMgr:438 - getConditionDescription Invalid condition id : LAN8742 Phy interface Condition cause : null
2024-03-04 19:41:15,916 [WARN] PackLoader:240 - Cannot read IP mode file for STMicroelectronics.X-CUBE-AZRTOS-L4.2.0.0
2024-03-04 19:41:15,917 [WARN] ConditionMgr:1039 - genDependencies : Invalid condition id : LAN8742 Phy interface Condition cause : null
2024-03-04 19:41:15,917 [WARN] ConditionMgr:1039 - genDependencies : Invalid condition id : LAN8742 Phy interface Condition cause : null
2024-03-04 19:41:15,917 [WARN] ConditionMgr:1039 - genDependencies : Invalid condition id : LAN8742 Phy interface Condition cause : null
2024-03-04 19:41:15,973 [WARN] PackLoader:240 - Cannot read IP mode file for STMicroelectronics.X-CUBE-SFXS2LP1.4.0.0
2024-03-04 19:41:15,977 [WARN] PackLoader:240 - Cannot read IP mode file for STMicroelectronics.X-CUBE-ISPU.1.1.0
2024-03-04 19:41:15,986 [WARN] ConditionMgr:438 - getConditionDescription Invalid condition id : UX DEVICE CLASS RTOS Condition cause : null
2024-03-04 19:41:15,986 [WARN] ConditionMgr:438 - getConditionDescription Invalid condition id : UX DEVICE CLASS RTOS Condition cause : null
2024-03-04 19:41:15,987 [WARN] PackLoader:240 - Cannot read IP mode file for STMicroelectronics.X-CUBE-AZRTOS-WB.2.0.0
2024-03-04 19:41:15,988 [WARN] ConditionMgr:1039 - genDependencies : Invalid condition id : UX DEVICE CLASS RTOS Condition cause : null
2024-03-04 19:41:15,988 [WARN] ConditionMgr:1039 - genDependencies : Invalid condition id : UX DEVICE CLASS RTOS Condition cause : null
2024-03-04 19:41:15,988 [WARN] ConditionMgr:1039 - genDependencies : Invalid condition id : UX DEVICE CLASS RTOS Condition cause : null
2024-03-04 19:41:15,988 [WARN] ConditionMgr:1039 - genDependencies : Invalid condition id : UX DEVICE CLASS RTOS Condition cause : null
2024-03-04 19:41:15,988 [WARN] ConditionMgr:1039 - genDependencies : Invalid condition id : UX DEVICE CLASS RTOS Condition cause : null
2024-03-04 19:41:15,994 [WARN] PackLoader:240 - Cannot read IP mode file for STMicroelectronics.X-CUBE-SUBG2.5.0.0
2024-03-04 19:41:16,006 [WARN] PackLoader:240 - Cannot read IP mode file for STMicroelectronics.X-CUBE-TOF1.3.3.1
2024-03-04 19:41:16,019 [WARN] PackLoader:240 - Cannot read IP mode file for STMicroelectronics.X-CUBE-AZRTOS-G4.2.0.0
2024-03-04 19:41:16,030 [WARN] PackLoader:240 - Cannot read IP mode file for Infineon.AIROC-Wi-Fi-Bluetooth-STM32.1.5.1
2024-03-04 19:41:16,034 [WARN] PackLoader:240 - Cannot read IP mode file for STMicroelectronics.FP-SNS-MOTENVWB1.1.3.0
2024-03-04 19:41:16,039 [WARN] PackLoader:240 - Cannot read IP mode file for STMicroelectronics.FP-SNS-MOTENVWB1.1.3.1
2024-03-04 19:41:16,042 [WARN] PackLoader:240 - Cannot read IP mode file for STMicroelectronics.X-CUBE-ISPU.2.0.0
2024-03-04 19:41:16,077 [WARN] PackLoader:240 - Cannot read IP mode file for STMicroelectronics.X-CUBE-MEMS1.10.0.0
2024-03-04 19:41:16,210 [WARN] PackLoader:240 - Cannot read IP mode file for STMicroelectronics.X-CUBE-FREERTOS.1.1.0
2024-03-04 19:41:16,219 [WARN] PackLoader:240 - Cannot read IP mode file for portGmbH.I-Cube-SoM-uGOAL.1.1.0
2024-03-04 19:41:16,224 [WARN] PackLoader:240 - Cannot read IP mode file for STMicroelectronics.X-CUBE-ALS.1.0.1
2024-03-04 19:41:16,230 [WARN] PackLoader:240 - Cannot read IP mode file for STMicroelectronics.FP-ATR-ASTRA1.2.0.0
2024-03-04 19:41:16,245 [WARN] PackLoader:240 - Cannot read IP mode file for STMicroelectronics.X-CUBE-TOF1.3.4.0
2024-03-04 19:41:16,287 [WARN] PackLoader:240 - Cannot read IP mode file for STMicroelectronics.X-CUBE-AZRTOS-H7.3.2.0
2024-03-04 19:41:16,292 [INFO] ThirdParty:978 - Integrity check success = true
2024-03-04 19:41:16,292 [INFO] IntegrityCheckThread:100 - exiting critical section [integrity check]
2024-03-04 19:41:16,292 [INFO] IntegrityCheckThread:103 - End integrity checks thread
2024-03-04 19:41:16,825 [INFO] WebApp:780 - Register for checkConnection events
2024-03-04 19:41:16,826 [INFO] WebApp:414 - Apply proxy settings
2024-03-04 19:41:16,826 [INFO] WebApp:499 - Chromium requires no authentication
2024-03-04 19:41:16,831 [INFO] WebApp:442 - Direct internet connection detected
2024-03-04 19:41:16,937 [INFO] WebApp:192 - Starting web application
2024-03-04 19:41:16,937 [INFO] WebApp:544 - Web application path used /opt/st/stm32cubeide_1.14.0/plugins/com.st.stm32cube.common.mx_6.10.0.202311202037/db/plugins/mcufinder/reactClient1/index.html
2024-03-04 19:41:37,366 [ERROR] LogOutputStream:75 - [STDERR_REDIRECT] SLF4J: Failed to load class "org.slf4j.impl.StaticLoggerBinder".
2024-03-04 19:41:37,367 [ERROR] LogOutputStream:75 - [STDERR_REDIRECT] SLF4J: Defaulting to no-operation (NOP) logger implementation
2024-03-04 19:41:37,367 [ERROR] LogOutputStream:75 - [STDERR_REDIRECT] SLF4J: See http://www.slf4j.org/codes.html#StaticLoggerBinder for further details.
