2024-01-29 00:05:20,926 [INFO] LogOutputStream:77 - [STDOUT_REDIRECT] 
2024-01-29 19:44:09,395 [INFO] Activator:176 - 


2024-01-29 19:44:09,396 [INFO] Activator:177 - !SESSION log4j initialized
2024-01-29 19:44:14,614 [INFO] LogOutputStream:77 - [STDOUT_REDIRECT] 
2024-01-29 19:44:15,422 [INFO] ApplicationProperties:184 - Using Application install path: /opt/st/stm32cubeide_1.14.0/plugins/com.st.stm32cube.common.mx_6.10.0.202311202037
2024-01-29 19:44:15,434 [INFO] DbMcusXml:78 - Set database path to: /opt/st/stm32cubeide_1.14.0/plugins/com.st.stm32cube.common.mx_6.10.0.202311202037//db//mcu/
2024-01-29 19:44:15,434 [INFO] ApiDb:274 - Set plugin database path to: /opt/st/stm32cubeide_1.14.0/plugins/com.st.stm32cube.common.mx_6.10.0.202311202037//db//plugins/boardmanager/
2024-01-29 19:44:15,434 [WARN] ApiDb:259 - Overriding images path with different value:  => /opt/st/stm32cubeide_1.14.0/plugins/com.st.stm32cube.common.mx_6.10.0.202311202037//db//plugins/mcufinder/images/
2024-01-29 19:44:15,440 [INFO] ApiDb:250 - Set database path to: /home/fede/.stmcufinder/plugins/mcufinder//mcu/
2024-01-29 19:44:15,441 [INFO] DbMcusAds:125 - Set database path to: /home/fede/.stmcufinder/plugins/mcufinder//mcu/
2024-01-29 19:44:15,442 [INFO] CrossReferenceDbSqlite:203 - Set database path to: /home/fede/.stmcufinder/plugins/mcufinder//mcu/cs/
2024-01-29 19:44:15,521 [INFO] RulesReader:64 - Compatibility file has been processed (297 Rules)
2024-01-29 19:44:15,570 [INFO] DbMcusXml:78 - Set database path to: /opt/st/stm32cubeide_1.14.0/plugins/com.st.stm32cube.common.mx_6.10.0.202311202037//db//mcu/
2024-01-29 19:44:15,570 [INFO] ApiDb:274 - Set plugin database path to: /opt/st/stm32cubeide_1.14.0/plugins/com.st.stm32cube.common.mx_6.10.0.202311202037//db//plugins/boardmanager/
2024-01-29 19:44:15,570 [INFO] ApiDb:261 - Set plugin images path to: /opt/st/stm32cubeide_1.14.0/plugins/com.st.stm32cube.common.mx_6.10.0.202311202037//db//plugins/mcufinder/images/
2024-01-29 19:44:15,570 [WARN] DbFile:41 - Overriding database path with different value: /home/fede/.stmcufinder/plugins/mcufinder/ => /home/fede/.stmcufinder/plugins/mcufinder
2024-01-29 19:44:15,570 [INFO] ApiDb:250 - Set database path to: /home/fede/.stmcufinder/plugins/mcufinder//mcu/
2024-01-29 19:44:15,570 [WARN] DbFile:41 - Overriding database path with different value: /home/fede/.stmcufinder/plugins/mcufinder/ => /home/fede/.stmcufinder/plugins/mcufinder
2024-01-29 19:44:15,570 [INFO] DbMcusAds:125 - Set database path to: /home/fede/.stmcufinder/plugins/mcufinder//mcu/
2024-01-29 19:44:15,570 [WARN] DbFile:41 - Overriding database path with different value: /home/fede/.stmcufinder/plugins/mcufinder/ => /home/fede/.stmcufinder/plugins/mcufinder
2024-01-29 19:44:15,570 [WARN] DbFile:41 - Overriding database path with different value: /home/fede/.stmcufinder/plugins/mcufinder/ => /home/fede/.stmcufinder/plugins/mcufinder
2024-01-29 19:44:15,571 [INFO] CrossReferenceDbSqlite:203 - Set database path to: /home/fede/.stmcufinder/plugins/mcufinder//mcu/cs/
2024-01-29 19:44:15,621 [INFO] MainPanel:264 - HeapMemory: 268435456
2024-01-29 19:44:15,698 [INFO] DbMcusXml:78 - Set database path to: /opt/st/stm32cubeide_1.14.0/plugins/com.st.stm32cube.common.mx_6.10.0.202311202037//db//mcu/
2024-01-29 19:44:15,699 [INFO] ApiDb:274 - Set plugin database path to: /opt/st/stm32cubeide_1.14.0/plugins/com.st.stm32cube.common.mx_6.10.0.202311202037//db//plugins/boardmanager/
2024-01-29 19:44:15,699 [INFO] ApiDb:261 - Set plugin images path to: /opt/st/stm32cubeide_1.14.0/plugins/com.st.stm32cube.common.mx_6.10.0.202311202037//db//plugins/mcufinder/images/
2024-01-29 19:44:15,699 [WARN] DbFile:41 - Overriding database path with different value: /home/fede/.stmcufinder/plugins/mcufinder/ => /home/fede/.stmcufinder/plugins/mcufinder
2024-01-29 19:44:15,699 [INFO] ApiDb:250 - Set database path to: /home/fede/.stmcufinder/plugins/mcufinder//mcu/
2024-01-29 19:44:15,699 [WARN] DbFile:41 - Overriding database path with different value: /home/fede/.stmcufinder/plugins/mcufinder/ => /home/fede/.stmcufinder/plugins/mcufinder
2024-01-29 19:44:15,699 [INFO] DbMcusAds:125 - Set database path to: /home/fede/.stmcufinder/plugins/mcufinder//mcu/
2024-01-29 19:44:15,699 [WARN] DbFile:41 - Overriding database path with different value: /home/fede/.stmcufinder/plugins/mcufinder/ => /home/fede/.stmcufinder/plugins/mcufinder
2024-01-29 19:44:15,700 [WARN] DbFile:41 - Overriding database path with different value: /home/fede/.stmcufinder/plugins/mcufinder/ => /home/fede/.stmcufinder/plugins/mcufinder
2024-01-29 19:44:15,700 [INFO] CrossReferenceDbSqlite:203 - Set database path to: /home/fede/.stmcufinder/plugins/mcufinder//mcu/cs/
2024-01-29 19:44:15,713 [INFO] ApplicationProperties:184 - Using Application install path: /opt/st/stm32cubeide_1.14.0/plugins/com.st.stm32cube.common.mx_6.10.0.202311202037
2024-01-29 19:44:15,714 [INFO] PluginManage:196 - Search for loadable plugins [exclusion list=, ]
2024-01-29 19:44:15,715 [INFO] PluginManage:310 - Check plugin analytics
2024-01-29 19:44:15,828 [INFO] AnalyticsPlugin:253 - Accepted Software Licenses: 
2024-01-29 19:44:15,829 [INFO] AnalyticsPlugin:255 - Accepted CMSIS Pack Licenses: 
2024-01-29 19:44:15,829 [INFO] AnalyticsPlugin:257 - Accepted Firmware Licenses: FW.F7.1.17.0
2024-01-29 19:44:15,831 [INFO] PluginManage:359 - Loaded plugin analytics (category:tool,tabindex:-1)
2024-01-29 19:44:15,831 [INFO] PluginManage:310 - Check plugin cadmodel
2024-01-29 19:44:15,978 [INFO] CADModel:105 - Init CAD model plugin
2024-01-29 19:44:15,978 [INFO] PluginManage:359 - Loaded plugin cadmodel (category:power,tabindex:5)
2024-01-29 19:44:15,978 [INFO] PluginManage:310 - Check plugin clock
2024-01-29 19:44:15,987 [INFO] PluginManage:359 - Loaded plugin clock (category:base,tabindex:2)
2024-01-29 19:44:15,987 [INFO] PluginManage:310 - Check plugin ddr
2024-01-29 19:44:15,989 [INFO] PluginManage:359 - Loaded plugin ddr (category:tool,tabindex:6)
2024-01-29 19:44:15,990 [INFO] PluginManage:310 - Check plugin filemanager
2024-01-29 19:44:16,091 [INFO] PluginManage:359 - Loaded plugin filemanager (category:base,tabindex:10)
2024-01-29 19:44:16,091 [INFO] PluginManage:310 - Check plugin ipmanager
2024-01-29 19:44:16,095 [INFO] PluginManage:359 - Loaded plugin ipmanager (category:base,tabindex:5)
2024-01-29 19:44:16,095 [INFO] PluginManage:310 - Check plugin lpbam
2024-01-29 19:44:16,101 [INFO] PluginManage:359 - Loaded plugin lpbam (category:base,tabindex:0)
2024-01-29 19:44:16,101 [INFO] PluginManage:310 - Check plugin memorymap
2024-01-29 19:44:16,109 [INFO] PluginManage:359 - Loaded plugin memorymap (category:base,tabindex:4)
2024-01-29 19:44:16,110 [INFO] PluginManage:310 - Check plugin pinoutandconfiguration
2024-01-29 19:44:16,115 [INFO] PluginManage:359 - Loaded plugin pinoutandconfiguration (category:base,tabindex:1)
2024-01-29 19:44:16,115 [INFO] PluginManage:310 - Check plugin pinoutconfig
2024-01-29 19:44:16,193 [WARN] SupportedApi:132 - Cannot load RTOS API schema: s4s-elt-must-match.1: The content of 'definitions' must match (annotation?, (simpleType | complexType)?, (unique | key | keyref)*)). A problem was found starting at: attribute.
2024-01-29 19:44:16,316 [INFO] PluginManage:359 - Loaded plugin pinoutconfig (category:base,tabindex:0)
2024-01-29 19:44:16,316 [INFO] PluginManage:310 - Check plugin power
2024-01-29 19:44:16,324 [INFO] PluginManage:359 - Loaded plugin power (category:power,tabindex:4)
2024-01-29 19:44:16,324 [INFO] PluginManage:310 - Check plugin projectmanager
2024-01-29 19:44:16,338 [INFO] PluginManage:359 - Loaded plugin projectmanager (category:projectmanager,tabindex:3)
2024-01-29 19:44:16,338 [INFO] PluginManage:310 - Check plugin thirdparty
2024-01-29 19:44:16,453 [INFO] PluginManage:359 - Loaded plugin thirdparty (category:base,tabindex:-1)
2024-01-29 19:44:16,453 [WARN] IntegrityCheckThread:84 - waiting for thirdparty lock release [integrity check]
2024-01-29 19:44:16,453 [INFO] PluginManage:310 - Check plugin tools
2024-01-29 19:44:16,453 [INFO] IntegrityCheckThread:86 - entering critical section [integrity check]
2024-01-29 19:44:16,454 [INFO] ThirdPartyUpdaterWithRetryManager:70 - Updater plugin not ready yet. [1/15]
2024-01-29 19:44:16,455 [INFO] PluginManage:359 - Loaded plugin tools (category:base,tabindex:7)
2024-01-29 19:44:16,455 [INFO] PluginManage:310 - Check plugin tutovideos
2024-01-29 19:44:16,597 [INFO] PluginManage:359 - Loaded plugin tutovideos (category:base,tabindex:-1)
2024-01-29 19:44:16,597 [INFO] PluginManage:310 - Check plugin updater
2024-01-29 19:44:16,607 [INFO] PluginManage:359 - Loaded plugin updater (category:base,tabindex:12)
2024-01-29 19:44:16,608 [INFO] PluginManage:310 - Check plugin userauth
2024-01-29 19:44:16,622 [INFO] UserAuth:114 - Init User Auth plugin
2024-01-29 19:44:16,623 [INFO] PluginManage:359 - Loaded plugin userauth (category:base,tabindex:14)
2024-01-29 19:44:16,623 [INFO] PluginManage:283 - PluginManage : Loaded plugins [17]
2024-01-29 19:44:16,793 [INFO] PinOutPanel:1499 - setPackage(No Configuration,No Configuration)
2024-01-29 19:44:16,849 [INFO] CADModel:165 - CPN selected for project level
2024-01-29 19:44:16,850 [INFO] CADModel:114 - Register for checkConnection events
2024-01-29 19:44:16,863 [INFO] IPUIPlugin:80 - create IPUIPlugin
2024-01-29 19:44:16,863 [INFO] PluginManager:220 - loadIPPluginJar : add gfxmmu
2024-01-29 19:44:16,864 [INFO] IPUIPlugin:80 - create IPUIPlugin
2024-01-29 19:44:16,864 [INFO] PluginManager:220 - loadIPPluginJar : add comp
2024-01-29 19:44:16,867 [INFO] IPUIPlugin:80 - create IPUIPlugin
2024-01-29 19:44:16,867 [INFO] PluginManager:220 - loadIPPluginJar : add usbx
2024-01-29 19:44:16,871 [INFO] IPUIPlugin:80 - create IPUIPlugin
2024-01-29 19:44:16,872 [INFO] PluginManager:220 - loadIPPluginJar : add linkedlist
2024-01-29 19:44:16,876 [INFO] IPUIPlugin:80 - create IPUIPlugin
2024-01-29 19:44:16,876 [INFO] PluginManager:220 - loadIPPluginJar : add mdma
2024-01-29 19:44:16,878 [INFO] IPUIPlugin:80 - create IPUIPlugin
2024-01-29 19:44:16,878 [INFO] PluginManager:220 - loadIPPluginJar : add i3c
2024-01-29 19:44:16,880 [INFO] IPUIPlugin:80 - create IPUIPlugin
2024-01-29 19:44:16,880 [INFO] PluginManager:220 - loadIPPluginJar : add cryp
2024-01-29 19:44:16,881 [INFO] IPUIPlugin:80 - create IPUIPlugin
2024-01-29 19:44:16,881 [INFO] PluginManager:220 - loadIPPluginJar : add quadspi
2024-01-29 19:44:16,881 [INFO] IPUIPlugin:80 - create IPUIPlugin
2024-01-29 19:44:16,882 [INFO] PluginManager:220 - loadIPPluginJar : add tsc
2024-01-29 19:44:16,883 [INFO] IPUIPlugin:80 - create IPUIPlugin
2024-01-29 19:44:16,883 [INFO] PluginManager:220 - loadIPPluginJar : add hash
2024-01-29 19:44:16,884 [INFO] IPUIPlugin:80 - create IPUIPlugin
2024-01-29 19:44:16,884 [INFO] PluginManager:220 - loadIPPluginJar : add aes
2024-01-29 19:44:16,886 [INFO] IPUIPlugin:80 - create IPUIPlugin
2024-01-29 19:44:16,886 [INFO] PluginManager:220 - loadIPPluginJar : add i2c
2024-01-29 19:44:16,888 [INFO] IPUIPlugin:80 - create IPUIPlugin
2024-01-29 19:44:16,888 [INFO] PluginManager:220 - loadIPPluginJar : add gtzc
2024-01-29 19:44:16,892 [INFO] IPUIPlugin:80 - create IPUIPlugin
2024-01-29 19:44:16,893 [INFO] PluginManager:220 - loadIPPluginJar : add stm32_wpan
2024-01-29 19:44:16,897 [INFO] IPUIPlugin:80 - create IPUIPlugin
2024-01-29 19:44:16,899 [INFO] PluginManager:220 - loadIPPluginJar : add plateformsettings
2024-01-29 19:44:16,903 [INFO] IPUIPlugin:80 - create IPUIPlugin
2024-01-29 19:44:16,903 [INFO] PluginManager:220 - loadIPPluginJar : add adc
2024-01-29 19:44:16,905 [INFO] IPUIPlugin:80 - create IPUIPlugin
2024-01-29 19:44:16,906 [INFO] PluginManager:220 - loadIPPluginJar : add sai
2024-01-29 19:44:16,909 [INFO] IPUIPlugin:80 - create IPUIPlugin
2024-01-29 19:44:16,909 [INFO] PluginManager:220 - loadIPPluginJar : add gic
2024-01-29 19:44:16,910 [INFO] IPUIPlugin:80 - create IPUIPlugin
2024-01-29 19:44:16,910 [INFO] PluginManager:220 - loadIPPluginJar : add opamp
2024-01-29 19:44:16,911 [INFO] IPUIPlugin:80 - create IPUIPlugin
2024-01-29 19:44:16,911 [INFO] PluginManager:220 - loadIPPluginJar : add i2s
2024-01-29 19:44:16,913 [INFO] IPUIPlugin:80 - create IPUIPlugin
2024-01-29 19:44:16,913 [INFO] PluginManager:220 - loadIPPluginJar : add touchsensing
2024-01-29 19:44:16,914 [INFO] IPUIPlugin:80 - create IPUIPlugin
2024-01-29 19:44:16,914 [INFO] PluginManager:220 - loadIPPluginJar : add dma3
2024-01-29 19:44:16,916 [INFO] IPUIPlugin:80 - create IPUIPlugin
2024-01-29 19:44:16,917 [INFO] PluginManager:220 - loadIPPluginJar : add gpio
2024-01-29 19:44:16,918 [INFO] IPUIPlugin:80 - create IPUIPlugin
2024-01-29 19:44:16,918 [INFO] PluginManager:220 - loadIPPluginJar : add lorawan
2024-01-29 19:44:16,919 [INFO] IPUIPlugin:80 - create IPUIPlugin
2024-01-29 19:44:16,919 [INFO] PluginManager:220 - loadIPPluginJar : add tracer_emb
2024-01-29 19:44:16,921 [INFO] IPUIPlugin:80 - create IPUIPlugin
2024-01-29 19:44:16,921 [INFO] PluginManager:220 - loadIPPluginJar : add ipddr
2024-01-29 19:44:16,923 [INFO] IPUIPlugin:80 - create IPUIPlugin
2024-01-29 19:44:16,923 [INFO] PluginManager:220 - loadIPPluginJar : add resmgrutility
2024-01-29 19:44:16,926 [INFO] IPUIPlugin:80 - create IPUIPlugin
2024-01-29 19:44:16,926 [INFO] PluginManager:220 - loadIPPluginJar : add fmc
2024-01-29 19:44:16,926 [INFO] IPUIPlugin:80 - create IPUIPlugin
2024-01-29 19:44:16,926 [INFO] PluginManager:220 - loadIPPluginJar : add tim
2024-01-29 19:44:16,927 [INFO] IPUIPlugin:80 - create IPUIPlugin
2024-01-29 19:44:16,927 [INFO] PluginManager:220 - loadIPPluginJar : add ltdc
2024-01-29 19:44:16,928 [INFO] IPUIPlugin:80 - create IPUIPlugin
2024-01-29 19:44:16,928 [INFO] PluginManager:220 - loadIPPluginJar : add genericplugin
2024-01-29 19:44:16,931 [INFO] IPUIPlugin:80 - create IPUIPlugin
2024-01-29 19:44:16,932 [INFO] PluginManager:220 - loadIPPluginJar : add dma
2024-01-29 19:44:16,933 [INFO] IPUIPlugin:80 - create IPUIPlugin
2024-01-29 19:44:16,933 [INFO] PluginManager:220 - loadIPPluginJar : add usart
2024-01-29 19:44:16,935 [INFO] IPUIPlugin:80 - create IPUIPlugin
2024-01-29 19:44:16,935 [INFO] PluginManager:220 - loadIPPluginJar : add openamp
2024-01-29 19:44:16,936 [INFO] IPUIPlugin:80 - create IPUIPlugin
2024-01-29 19:44:16,936 [INFO] PluginManager:220 - loadIPPluginJar : add fatfs
2024-01-29 19:44:16,937 [INFO] IPUIPlugin:80 - create IPUIPlugin
2024-01-29 19:44:16,937 [INFO] PluginManager:220 - loadIPPluginJar : add spi
2024-01-29 19:44:16,938 [INFO] IPUIPlugin:80 - create IPUIPlugin
2024-01-29 19:44:16,938 [INFO] PluginManager:220 - loadIPPluginJar : add dfsdm
2024-01-29 19:44:16,940 [INFO] IPUIPlugin:80 - create IPUIPlugin
2024-01-29 19:44:16,940 [INFO] PluginManager:220 - loadIPPluginJar : add can
2024-01-29 19:44:16,942 [INFO] IPUIPlugin:80 - create IPUIPlugin
2024-01-29 19:44:16,942 [INFO] PluginManager:220 - loadIPPluginJar : add nvic
2024-01-29 19:44:16,946 [INFO] IPUIPlugin:80 - create IPUIPlugin
2024-01-29 19:44:16,946 [INFO] PluginManager:220 - loadIPPluginJar : add freertos
2024-01-29 19:44:16,947 [INFO] IPUIPlugin:80 - create IPUIPlugin
2024-01-29 19:44:16,947 [INFO] PluginManager:220 - loadIPPluginJar : add pdm2pcm
2024-01-29 19:44:16,949 [INFO] IPUIPlugin:80 - create IPUIPlugin
2024-01-29 19:44:16,949 [INFO] PluginManager:220 - loadIPPluginJar : add ts
2024-01-29 19:44:16,950 [INFO] IPUIPlugin:80 - create IPUIPlugin
2024-01-29 19:44:16,950 [INFO] PluginManager:220 - loadIPPluginJar : add ucpd
2024-01-29 19:44:17,043 [INFO] CADModel:165 - CPN selected for project level
2024-01-29 19:44:17,043 [INFO] CADModel:114 - Register for checkConnection events
2024-01-29 19:44:17,044 [FATAL] Updater:308 - Updater called before beeing initialized
2024-01-29 19:44:17,044 [ERROR] CADModel:125 - Updater not yet initialized, retry later 
2024-01-29 19:44:17,130 [INFO] CADModel:165 - CPN selected for project level
2024-01-29 19:44:17,130 [INFO] CADModel:114 - Register for checkConnection events
2024-01-29 19:44:17,130 [FATAL] Updater:308 - Updater called before beeing initialized
2024-01-29 19:44:17,130 [ERROR] CADModel:125 - Updater not yet initialized, retry later 
2024-01-29 19:44:17,133 [FATAL] Updater:308 - Updater called before beeing initialized
2024-01-29 19:44:17,183 [FATAL] Updater:308 - Updater called before beeing initialized
2024-01-29 19:44:17,187 [INFO] DbMcusAds:53 - JSON generation date=Wed Nov 29 07:52:27 ART 2023 (1701255147200)
2024-01-29 19:44:17,187 [FATAL] Updater:308 - Updater called before beeing initialized
2024-01-29 19:44:17,213 [WARN] DetailPanel:346 - Failed to get advertising image, set to default
2024-01-29 19:44:17,272 [FATAL] Updater:308 - Updater called before beeing initialized
2024-01-29 19:44:17,273 [FATAL] Updater:308 - Updater called before beeing initialized
2024-01-29 19:44:17,273 [FATAL] Updater:308 - Updater called before beeing initialized
2024-01-29 19:44:17,273 [WARN] DetailPanel:346 - Failed to get advertising image, set to default
2024-01-29 19:44:17,274 [FATAL] Updater:308 - Updater called before beeing initialized
2024-01-29 19:44:17,296 [ERROR] Updater:1120 - MainUpdater not yet initialized. External WinMGr cannot be set.
2024-01-29 19:44:17,297 [INFO] Updater:1056 - Updater Version found : 6.10.0
2024-01-29 19:44:17,312 [INFO] ApplicationProperties:184 - Using Application install path: /opt/st/stm32cubeide_1.14.0/plugins/com.st.stm32cube.common.mx_6.10.0.202311202037
2024-01-29 19:44:17,718 [INFO] MainUpdater:2873 - connection check result : 10
2024-01-29 19:44:17,718 [INFO] MainUpdater:290 - Updater Check For Update Now.
2024-01-29 19:44:17,718 [INFO] MicroXplorer:498 - Change Database Version : DB.6.0.100
2024-01-29 19:44:17,722 [INFO] McuFinderGlobals:63 - Set McuFinder mode to 2 (CubeIDE integrated)
2024-01-29 19:44:17,866 [INFO] CheckServerUpdateThread:120 - End of CheckServer Thread
2024-01-29 19:44:18,912 [INFO] UserAuth:404 - Internet connection configuration mode: 1
2024-01-29 19:44:18,924 [INFO] JxBrowserEngine:152 - Initiate JxBrowser Engine with user profile folder
2024-01-29 19:44:19,553 [WARN] PackLoader:240 - Cannot read IP mode file for STMicroelectronics.X-CUBE-SMBUS.2.1.0
2024-01-29 19:44:19,560 [WARN] PackLoader:240 - Cannot read IP mode file for STMicroelectronics.X-CUBE-TOUCHGFX.4.23.0
2024-01-29 19:44:19,596 [WARN] PackLoader:240 - Cannot read IP mode file for STMicroelectronics.X-CUBE-AZRTOS-F7.1.1.0
2024-01-29 19:44:19,606 [WARN] PackLoader:240 - Cannot read IP mode file for STMicroelectronics.FP-SNS-MOTENV1.4.3.2
2024-01-29 19:44:19,617 [WARN] PackLoader:240 - Cannot read IP mode file for STMicroelectronics.X-CUBE-DISPLAY.3.0.0
2024-01-29 19:44:19,628 [WARN] PackLoader:240 - Cannot read IP mode file for emotas.I-CUBE-CANOPEN.1.3.0
2024-01-29 19:44:19,632 [WARN] PackLoader:240 - Cannot read IP mode file for STMicroelectronics.X-CUBE-TOUCHGFX.4.22.0
2024-01-29 19:44:19,634 [WARN] PackLoader:240 - Cannot read IP mode file for STMicroelectronics.X-CUBE-TOUCHGFX.4.22.1
2024-01-29 19:44:19,643 [INFO] LogOutputStream:77 - [STDOUT_REDIRECT] 1 : Invalid condition id : UX_CORESTACK_Condition cause : null
2024-01-29 19:44:19,644 [INFO] LogOutputStream:77 - [STDOUT_REDIRECT] 1 : Invalid condition id : UX_CORESTACK_Condition cause : null
2024-01-29 19:44:19,644 [INFO] LogOutputStream:77 - [STDOUT_REDIRECT] 1 : Invalid condition id : UX_CORESTACK_Condition cause : null
2024-01-29 19:44:19,644 [INFO] LogOutputStream:77 - [STDOUT_REDIRECT] 1 : Invalid condition id : UX_CORESTACK_Condition cause : null
2024-01-29 19:44:19,644 [INFO] LogOutputStream:77 - [STDOUT_REDIRECT] 1 : Invalid condition id : UX_CORESTACK_Condition cause : null
2024-01-29 19:44:19,648 [WARN] PackLoader:240 - Cannot read IP mode file for STMicroelectronics.X-CUBE-AZRTOS-WL.2.0.0
2024-01-29 19:44:19,675 [WARN] PackLoader:240 - Cannot read IP mode file for WES.I-CUBE-Cesium.1.3.0
2024-01-29 19:44:19,689 [WARN] PackLoader:240 - Cannot read IP mode file for STMicroelectronics.X-CUBE-BLE2.3.3.0
2024-01-29 19:44:19,696 [WARN] PackLoader:240 - Cannot read IP mode file for STMicroelectronics.X-CUBE-ALGOBUILD.1.3.0
2024-01-29 19:44:19,715 [WARN] PackLoader:240 - Cannot read IP mode file for STMicroelectronics.X-CUBE-AZRTOS-G0.1.1.0
2024-01-29 19:44:19,724 [WARN] PackLoader:240 - Cannot read IP mode file for STMicroelectronics.X-CUBE-NFC4.3.0.0
2024-01-29 19:44:19,734 [WARN] PackLoader:240 - Cannot read IP mode file for STMicroelectronics.X-CUBE-BLEMGR.3.0.0
2024-01-29 19:44:19,740 [WARN] PackLoader:240 - Cannot read IP mode file for STMicroelectronics.FP-ATR-SIGFOX1.3.2.0
2024-01-29 19:44:19,747 [WARN] PackLoader:240 - Cannot read IP mode file for STMicroelectronics.X-CUBE-EEPRMA1.5.1.0
2024-01-29 19:44:19,748 [INFO] WebApp:161 - Instantiating new browser for Auth
2024-01-29 19:44:19,789 [WARN] PackLoader:240 - Cannot read IP mode file for SEGGER.I-CUBE-embOS.1.3.1
2024-01-29 19:44:19,838 [WARN] PackLoader:240 - Cannot read IP mode file for STMicroelectronics.X-CUBE-GNSS1.6.0.0
2024-01-29 19:44:19,858 [WARN] PackLoader:240 - Cannot read IP mode file for STMicroelectronics.X-CUBE-AZRTOS-F4.1.1.0
2024-01-29 19:44:19,892 [WARN] PackLoader:240 - Cannot read IP mode file for STMicroelectronics.X-CUBE-MEMS1.9.6.0
2024-01-29 19:44:20,140 [WARN] PackLoader:240 - Cannot read IP mode file for STMicroelectronics.X-CUBE-EEPRMA1.4.2.0
2024-01-29 19:44:20,149 [WARN] PackLoader:240 - Cannot read IP mode file for ITTIA_DB.I-CUBE-ITTIADB.8.8.0
2024-01-29 19:44:20,156 [WARN] PackLoader:240 - Cannot read IP mode file for STMicroelectronics.X-CUBE-BLEMGR.2.0.0
2024-01-29 19:44:20,171 [WARN] ConditionMgr:438 - getConditionDescription Invalid condition id : UX DEVICE CLASS RTOS Condition cause : null
2024-01-29 19:44:20,171 [WARN] ConditionMgr:438 - getConditionDescription Invalid condition id : UX DEVICE CLASS RTOS Condition cause : null
2024-01-29 19:44:20,173 [WARN] PackLoader:240 - Cannot read IP mode file for STMicroelectronics.X-CUBE-AZRTOS-H7.3.1.0
2024-01-29 19:44:20,174 [WARN] ConditionMgr:1039 - genDependencies : Invalid condition id : UX DEVICE CLASS RTOS Condition cause : null
2024-01-29 19:44:20,174 [WARN] ConditionMgr:1039 - genDependencies : Invalid condition id : UX DEVICE CLASS RTOS Condition cause : null
2024-01-29 19:44:20,175 [WARN] ConditionMgr:1039 - genDependencies : Invalid condition id : UX DEVICE CLASS RTOS Condition cause : null
2024-01-29 19:44:20,175 [WARN] ConditionMgr:1039 - genDependencies : Invalid condition id : UX DEVICE CLASS RTOS Condition cause : null
2024-01-29 19:44:20,175 [WARN] ConditionMgr:1039 - genDependencies : Invalid condition id : UX DEVICE CLASS RTOS Condition cause : null
2024-01-29 19:44:20,182 [WARN] PackLoader:240 - Cannot read IP mode file for STMicroelectronics.X-CUBE-NFC7.1.0.1
2024-01-29 19:44:20,187 [WARN] PackLoader:240 - Cannot read IP mode file for STMicroelectronics.X-CUBE-EEPRMA1.4.1.0
2024-01-29 19:44:20,200 [WARN] ConditionMgr:438 - getConditionDescription Invalid condition id : LAN8742 Phy interface Condition cause : null
2024-01-29 19:44:20,201 [WARN] PackLoader:240 - Cannot read IP mode file for STMicroelectronics.X-CUBE-AZRTOS-L4.2.0.0
2024-01-29 19:44:20,202 [WARN] ConditionMgr:1039 - genDependencies : Invalid condition id : LAN8742 Phy interface Condition cause : null
2024-01-29 19:44:20,202 [WARN] ConditionMgr:1039 - genDependencies : Invalid condition id : LAN8742 Phy interface Condition cause : null
2024-01-29 19:44:20,202 [WARN] ConditionMgr:1039 - genDependencies : Invalid condition id : LAN8742 Phy interface Condition cause : null
2024-01-29 19:44:20,207 [WARN] PackLoader:240 - Cannot read IP mode file for STMicroelectronics.X-CUBE-SFXS2LP1.4.0.0
2024-01-29 19:44:20,210 [WARN] PackLoader:240 - Cannot read IP mode file for STMicroelectronics.X-CUBE-ISPU.1.1.0
2024-01-29 19:44:20,226 [WARN] PackLoader:240 - Cannot read IP mode file for STMicroelectronics.X-CUBE-SUBG2.5.0.0
2024-01-29 19:44:20,252 [WARN] PackLoader:240 - Cannot read IP mode file for STMicroelectronics.X-CUBE-TOF1.3.3.1
2024-01-29 19:44:20,319 [WARN] PackLoader:240 - Cannot read IP mode file for STMicroelectronics.X-CUBE-AZRTOS-G4.2.0.0
2024-01-29 19:44:20,354 [WARN] PackLoader:240 - Cannot read IP mode file for Infineon.AIROC-Wi-Fi-Bluetooth-STM32.1.5.1
2024-01-29 19:44:20,371 [WARN] PackLoader:240 - Cannot read IP mode file for STMicroelectronics.FP-SNS-MOTENVWB1.1.3.0
2024-01-29 19:44:20,382 [WARN] PackLoader:240 - Cannot read IP mode file for STMicroelectronics.FP-SNS-MOTENVWB1.1.3.1
2024-01-29 19:44:20,391 [WARN] PackLoader:240 - Cannot read IP mode file for STMicroelectronics.X-CUBE-ISPU.2.0.0
2024-01-29 19:44:20,445 [WARN] PackLoader:240 - Cannot read IP mode file for STMicroelectronics.X-CUBE-MEMS1.10.0.0
2024-01-29 19:44:20,593 [WARN] PackLoader:240 - Cannot read IP mode file for portGmbH.I-Cube-SoM-uGOAL.1.1.0
2024-01-29 19:44:20,604 [WARN] PackLoader:240 - Cannot read IP mode file for STMicroelectronics.X-CUBE-ALS.1.0.1
2024-01-29 19:44:20,609 [WARN] PackLoader:240 - Cannot read IP mode file for STMicroelectronics.FP-ATR-ASTRA1.2.0.0
2024-01-29 19:44:20,622 [WARN] PackLoader:240 - Cannot read IP mode file for STMicroelectronics.X-CUBE-TOF1.3.4.0
2024-01-29 19:44:20,651 [WARN] PackLoader:240 - Cannot read IP mode file for STMicroelectronics.X-CUBE-AZRTOS-H7.3.2.0
2024-01-29 19:44:20,655 [INFO] ThirdParty:978 - Integrity check success = true
2024-01-29 19:44:20,655 [INFO] IntegrityCheckThread:100 - exiting critical section [integrity check]
2024-01-29 19:44:20,656 [INFO] IntegrityCheckThread:103 - End integrity checks thread
2024-01-29 19:44:20,804 [INFO] WebApp:780 - Register for checkConnection events
2024-01-29 19:44:20,805 [INFO] WebApp:414 - Apply proxy settings
2024-01-29 19:44:20,805 [INFO] WebApp:499 - Chromium requires no authentication
2024-01-29 19:44:20,810 [INFO] WebApp:442 - Direct internet connection detected
2024-01-29 19:44:20,934 [INFO] WebApp:192 - Starting web application
2024-01-29 19:44:20,935 [INFO] WebApp:544 - Web application path used /opt/st/stm32cubeide_1.14.0/plugins/com.st.stm32cube.common.mx_6.10.0.202311202037/db/plugins/mcufinder/reactClient1/index.html
2024-01-29 19:44:41,421 [ERROR] LogOutputStream:75 - [STDERR_REDIRECT] SLF4J: Failed to load class "org.slf4j.impl.StaticLoggerBinder".
2024-01-29 19:44:41,421 [ERROR] LogOutputStream:75 - [STDERR_REDIRECT] SLF4J: Defaulting to no-operation (NOP) logger implementation
2024-01-29 19:44:41,421 [ERROR] LogOutputStream:75 - [STDERR_REDIRECT] SLF4J: See http://www.slf4j.org/codes.html#StaticLoggerBinder for further details.
