2024-02-23 20:03:06,994 [INFO] Activator:176 - 


2024-02-23 20:03:07,002 [INFO] Activator:177 - !SESSION log4j initialized
2024-02-23 20:03:14,319 [INFO] LogOutputStream:77 - [STDOUT_REDIRECT] 
2024-02-23 20:03:15,991 [INFO] ApplicationProperties:184 - Using Application install path: /opt/st/stm32cubeide_1.14.0/plugins/com.st.stm32cube.common.mx_6.10.0.202311202037
2024-02-23 20:03:16,035 [INFO] DbMcusXml:78 - Set database path to: /opt/st/stm32cubeide_1.14.0/plugins/com.st.stm32cube.common.mx_6.10.0.202311202037//db//mcu/
2024-02-23 20:03:16,036 [INFO] ApiDb:274 - Set plugin database path to: /opt/st/stm32cubeide_1.14.0/plugins/com.st.stm32cube.common.mx_6.10.0.202311202037//db//plugins/boardmanager/
2024-02-23 20:03:16,036 [WARN] ApiDb:259 - Overriding images path with different value:  => /opt/st/stm32cubeide_1.14.0/plugins/com.st.stm32cube.common.mx_6.10.0.202311202037//db//plugins/mcufinder/images/
2024-02-23 20:03:16,054 [INFO] ApiDb:250 - Set database path to: /home/fede/.stmcufinder/plugins/mcufinder//mcu/
2024-02-23 20:03:16,057 [INFO] DbMcusAds:125 - Set database path to: /home/fede/.stmcufinder/plugins/mcufinder//mcu/
2024-02-23 20:03:16,064 [INFO] CrossReferenceDbSqlite:203 - Set database path to: /home/fede/.stmcufinder/plugins/mcufinder//mcu/cs/
2024-02-23 20:03:16,416 [INFO] RulesReader:64 - Compatibility file has been processed (297 Rules)
2024-02-23 20:03:16,574 [INFO] DbMcusXml:78 - Set database path to: /opt/st/stm32cubeide_1.14.0/plugins/com.st.stm32cube.common.mx_6.10.0.202311202037//db//mcu/
2024-02-23 20:03:16,575 [INFO] ApiDb:274 - Set plugin database path to: /opt/st/stm32cubeide_1.14.0/plugins/com.st.stm32cube.common.mx_6.10.0.202311202037//db//plugins/boardmanager/
2024-02-23 20:03:16,575 [INFO] ApiDb:261 - Set plugin images path to: /opt/st/stm32cubeide_1.14.0/plugins/com.st.stm32cube.common.mx_6.10.0.202311202037//db//plugins/mcufinder/images/
2024-02-23 20:03:16,576 [WARN] DbFile:41 - Overriding database path with different value: /home/fede/.stmcufinder/plugins/mcufinder/ => /home/fede/.stmcufinder/plugins/mcufinder
2024-02-23 20:03:16,576 [INFO] ApiDb:250 - Set database path to: /home/fede/.stmcufinder/plugins/mcufinder//mcu/
2024-02-23 20:03:16,576 [WARN] DbFile:41 - Overriding database path with different value: /home/fede/.stmcufinder/plugins/mcufinder/ => /home/fede/.stmcufinder/plugins/mcufinder
2024-02-23 20:03:16,576 [INFO] DbMcusAds:125 - Set database path to: /home/fede/.stmcufinder/plugins/mcufinder//mcu/
2024-02-23 20:03:16,576 [WARN] DbFile:41 - Overriding database path with different value: /home/fede/.stmcufinder/plugins/mcufinder/ => /home/fede/.stmcufinder/plugins/mcufinder
2024-02-23 20:03:16,576 [WARN] DbFile:41 - Overriding database path with different value: /home/fede/.stmcufinder/plugins/mcufinder/ => /home/fede/.stmcufinder/plugins/mcufinder
2024-02-23 20:03:16,577 [INFO] CrossReferenceDbSqlite:203 - Set database path to: /home/fede/.stmcufinder/plugins/mcufinder//mcu/cs/
2024-02-23 20:03:16,768 [INFO] MainPanel:264 - HeapMemory: 268435456
2024-02-23 20:03:16,940 [INFO] DbMcusXml:78 - Set database path to: /opt/st/stm32cubeide_1.14.0/plugins/com.st.stm32cube.common.mx_6.10.0.202311202037//db//mcu/
2024-02-23 20:03:16,940 [INFO] ApiDb:274 - Set plugin database path to: /opt/st/stm32cubeide_1.14.0/plugins/com.st.stm32cube.common.mx_6.10.0.202311202037//db//plugins/boardmanager/
2024-02-23 20:03:16,941 [INFO] ApiDb:261 - Set plugin images path to: /opt/st/stm32cubeide_1.14.0/plugins/com.st.stm32cube.common.mx_6.10.0.202311202037//db//plugins/mcufinder/images/
2024-02-23 20:03:16,942 [WARN] DbFile:41 - Overriding database path with different value: /home/fede/.stmcufinder/plugins/mcufinder/ => /home/fede/.stmcufinder/plugins/mcufinder
2024-02-23 20:03:16,942 [INFO] ApiDb:250 - Set database path to: /home/fede/.stmcufinder/plugins/mcufinder//mcu/
2024-02-23 20:03:16,942 [WARN] DbFile:41 - Overriding database path with different value: /home/fede/.stmcufinder/plugins/mcufinder/ => /home/fede/.stmcufinder/plugins/mcufinder
2024-02-23 20:03:16,943 [INFO] DbMcusAds:125 - Set database path to: /home/fede/.stmcufinder/plugins/mcufinder//mcu/
2024-02-23 20:03:16,943 [WARN] DbFile:41 - Overriding database path with different value: /home/fede/.stmcufinder/plugins/mcufinder/ => /home/fede/.stmcufinder/plugins/mcufinder
2024-02-23 20:03:16,943 [WARN] DbFile:41 - Overriding database path with different value: /home/fede/.stmcufinder/plugins/mcufinder/ => /home/fede/.stmcufinder/plugins/mcufinder
2024-02-23 20:03:16,944 [INFO] CrossReferenceDbSqlite:203 - Set database path to: /home/fede/.stmcufinder/plugins/mcufinder//mcu/cs/
2024-02-23 20:03:16,980 [INFO] ApplicationProperties:184 - Using Application install path: /opt/st/stm32cubeide_1.14.0/plugins/com.st.stm32cube.common.mx_6.10.0.202311202037
2024-02-23 20:03:16,982 [INFO] PluginManage:196 - Search for loadable plugins [exclusion list=, ]
2024-02-23 20:03:16,985 [INFO] PluginManage:310 - Check plugin analytics
2024-02-23 20:03:17,298 [INFO] AnalyticsPlugin:253 - Accepted Software Licenses: 
2024-02-23 20:03:17,298 [INFO] AnalyticsPlugin:255 - Accepted CMSIS Pack Licenses: 
2024-02-23 20:03:17,299 [INFO] AnalyticsPlugin:257 - Accepted Firmware Licenses: FW.F7.1.17.0
2024-02-23 20:03:17,304 [INFO] PluginManage:359 - Loaded plugin analytics (category:tool,tabindex:-1)
2024-02-23 20:03:17,305 [INFO] PluginManage:310 - Check plugin cadmodel
2024-02-23 20:03:17,354 [INFO] CADModel:105 - Init CAD model plugin
2024-02-23 20:03:17,354 [INFO] PluginManage:359 - Loaded plugin cadmodel (category:power,tabindex:5)
2024-02-23 20:03:17,355 [INFO] PluginManage:310 - Check plugin clock
2024-02-23 20:03:17,370 [INFO] PluginManage:359 - Loaded plugin clock (category:base,tabindex:2)
2024-02-23 20:03:17,370 [INFO] PluginManage:310 - Check plugin ddr
2024-02-23 20:03:17,374 [INFO] PluginManage:359 - Loaded plugin ddr (category:tool,tabindex:6)
2024-02-23 20:03:17,374 [INFO] PluginManage:310 - Check plugin filemanager
2024-02-23 20:03:17,606 [INFO] PluginManage:359 - Loaded plugin filemanager (category:base,tabindex:10)
2024-02-23 20:03:17,606 [INFO] PluginManage:310 - Check plugin ipmanager
2024-02-23 20:03:17,616 [INFO] PluginManage:359 - Loaded plugin ipmanager (category:base,tabindex:5)
2024-02-23 20:03:17,616 [INFO] PluginManage:310 - Check plugin lpbam
2024-02-23 20:03:17,628 [INFO] PluginManage:359 - Loaded plugin lpbam (category:base,tabindex:0)
2024-02-23 20:03:17,628 [INFO] PluginManage:310 - Check plugin memorymap
2024-02-23 20:03:17,645 [INFO] PluginManage:359 - Loaded plugin memorymap (category:base,tabindex:4)
2024-02-23 20:03:17,645 [INFO] PluginManage:310 - Check plugin pinoutandconfiguration
2024-02-23 20:03:17,655 [INFO] PluginManage:359 - Loaded plugin pinoutandconfiguration (category:base,tabindex:1)
2024-02-23 20:03:17,655 [INFO] PluginManage:310 - Check plugin pinoutconfig
2024-02-23 20:03:17,784 [WARN] SupportedApi:132 - Cannot load RTOS API schema: s4s-elt-must-match.1: The content of 'definitions' must match (annotation?, (simpleType | complexType)?, (unique | key | keyref)*)). A problem was found starting at: attribute.
2024-02-23 20:03:17,988 [INFO] PluginManage:359 - Loaded plugin pinoutconfig (category:base,tabindex:0)
2024-02-23 20:03:17,988 [INFO] PluginManage:310 - Check plugin power
2024-02-23 20:03:18,003 [INFO] PluginManage:359 - Loaded plugin power (category:power,tabindex:4)
2024-02-23 20:03:18,003 [INFO] PluginManage:310 - Check plugin projectmanager
2024-02-23 20:03:18,032 [INFO] PluginManage:359 - Loaded plugin projectmanager (category:projectmanager,tabindex:3)
2024-02-23 20:03:18,032 [INFO] PluginManage:310 - Check plugin thirdparty
2024-02-23 20:03:18,259 [WARN] IntegrityCheckThread:84 - waiting for thirdparty lock release [integrity check]
2024-02-23 20:03:18,260 [INFO] PluginManage:359 - Loaded plugin thirdparty (category:base,tabindex:-1)
2024-02-23 20:03:18,260 [INFO] IntegrityCheckThread:86 - entering critical section [integrity check]
2024-02-23 20:03:18,260 [INFO] PluginManage:310 - Check plugin tools
2024-02-23 20:03:18,261 [INFO] ThirdPartyUpdaterWithRetryManager:70 - Updater plugin not ready yet. [1/15]
2024-02-23 20:03:18,264 [INFO] PluginManage:359 - Loaded plugin tools (category:base,tabindex:7)
2024-02-23 20:03:18,264 [INFO] PluginManage:310 - Check plugin tutovideos
2024-02-23 20:03:18,525 [INFO] PluginManage:359 - Loaded plugin tutovideos (category:base,tabindex:-1)
2024-02-23 20:03:18,525 [INFO] PluginManage:310 - Check plugin updater
2024-02-23 20:03:18,543 [INFO] PluginManage:359 - Loaded plugin updater (category:base,tabindex:12)
2024-02-23 20:03:18,543 [INFO] PluginManage:310 - Check plugin userauth
2024-02-23 20:03:18,551 [INFO] UserAuth:114 - Init User Auth plugin
2024-02-23 20:03:18,551 [INFO] PluginManage:359 - Loaded plugin userauth (category:base,tabindex:14)
2024-02-23 20:03:18,552 [INFO] PluginManage:283 - PluginManage : Loaded plugins [17]
2024-02-23 20:03:18,840 [INFO] PinOutPanel:1499 - setPackage(No Configuration,No Configuration)
2024-02-23 20:03:18,962 [INFO] CADModel:165 - CPN selected for project level
2024-02-23 20:03:18,962 [INFO] CADModel:114 - Register for checkConnection events
2024-02-23 20:03:18,985 [INFO] IPUIPlugin:80 - create IPUIPlugin
2024-02-23 20:03:18,986 [INFO] PluginManager:220 - loadIPPluginJar : add gfxmmu
2024-02-23 20:03:18,989 [INFO] IPUIPlugin:80 - create IPUIPlugin
2024-02-23 20:03:18,989 [INFO] PluginManager:220 - loadIPPluginJar : add comp
2024-02-23 20:03:18,995 [INFO] IPUIPlugin:80 - create IPUIPlugin
2024-02-23 20:03:18,996 [INFO] PluginManager:220 - loadIPPluginJar : add usbx
2024-02-23 20:03:19,008 [INFO] IPUIPlugin:80 - create IPUIPlugin
2024-02-23 20:03:19,008 [INFO] PluginManager:220 - loadIPPluginJar : add linkedlist
2024-02-23 20:03:19,020 [INFO] IPUIPlugin:80 - create IPUIPlugin
2024-02-23 20:03:19,021 [INFO] PluginManager:220 - loadIPPluginJar : add mdma
2024-02-23 20:03:19,025 [INFO] IPUIPlugin:80 - create IPUIPlugin
2024-02-23 20:03:19,026 [INFO] PluginManager:220 - loadIPPluginJar : add i3c
2024-02-23 20:03:19,031 [INFO] IPUIPlugin:80 - create IPUIPlugin
2024-02-23 20:03:19,031 [INFO] PluginManager:220 - loadIPPluginJar : add cryp
2024-02-23 20:03:19,034 [INFO] IPUIPlugin:80 - create IPUIPlugin
2024-02-23 20:03:19,034 [INFO] PluginManager:220 - loadIPPluginJar : add quadspi
2024-02-23 20:03:19,037 [INFO] IPUIPlugin:80 - create IPUIPlugin
2024-02-23 20:03:19,037 [INFO] PluginManager:220 - loadIPPluginJar : add tsc
2024-02-23 20:03:19,041 [INFO] IPUIPlugin:80 - create IPUIPlugin
2024-02-23 20:03:19,041 [INFO] PluginManager:220 - loadIPPluginJar : add hash
2024-02-23 20:03:19,046 [INFO] IPUIPlugin:80 - create IPUIPlugin
2024-02-23 20:03:19,046 [INFO] PluginManager:220 - loadIPPluginJar : add aes
2024-02-23 20:03:19,050 [INFO] IPUIPlugin:80 - create IPUIPlugin
2024-02-23 20:03:19,051 [INFO] PluginManager:220 - loadIPPluginJar : add i2c
2024-02-23 20:03:19,055 [INFO] IPUIPlugin:80 - create IPUIPlugin
2024-02-23 20:03:19,056 [INFO] PluginManager:220 - loadIPPluginJar : add gtzc
2024-02-23 20:03:19,068 [INFO] IPUIPlugin:80 - create IPUIPlugin
2024-02-23 20:03:19,068 [INFO] PluginManager:220 - loadIPPluginJar : add stm32_wpan
2024-02-23 20:03:19,076 [INFO] IPUIPlugin:80 - create IPUIPlugin
2024-02-23 20:03:19,080 [INFO] PluginManager:220 - loadIPPluginJar : add plateformsettings
2024-02-23 20:03:19,088 [INFO] IPUIPlugin:80 - create IPUIPlugin
2024-02-23 20:03:19,088 [INFO] PluginManager:220 - loadIPPluginJar : add adc
2024-02-23 20:03:19,092 [INFO] IPUIPlugin:80 - create IPUIPlugin
2024-02-23 20:03:19,093 [INFO] PluginManager:220 - loadIPPluginJar : add sai
2024-02-23 20:03:19,100 [INFO] IPUIPlugin:80 - create IPUIPlugin
2024-02-23 20:03:19,100 [INFO] PluginManager:220 - loadIPPluginJar : add gic
2024-02-23 20:03:19,103 [INFO] IPUIPlugin:80 - create IPUIPlugin
2024-02-23 20:03:19,103 [INFO] PluginManager:220 - loadIPPluginJar : add opamp
2024-02-23 20:03:19,106 [INFO] IPUIPlugin:80 - create IPUIPlugin
2024-02-23 20:03:19,106 [INFO] PluginManager:220 - loadIPPluginJar : add i2s
2024-02-23 20:03:19,110 [INFO] IPUIPlugin:80 - create IPUIPlugin
2024-02-23 20:03:19,110 [INFO] PluginManager:220 - loadIPPluginJar : add touchsensing
2024-02-23 20:03:19,113 [INFO] IPUIPlugin:80 - create IPUIPlugin
2024-02-23 20:03:19,113 [INFO] PluginManager:220 - loadIPPluginJar : add dma3
2024-02-23 20:03:19,120 [INFO] IPUIPlugin:80 - create IPUIPlugin
2024-02-23 20:03:19,121 [INFO] PluginManager:220 - loadIPPluginJar : add gpio
2024-02-23 20:03:19,126 [INFO] IPUIPlugin:80 - create IPUIPlugin
2024-02-23 20:03:19,126 [INFO] PluginManager:220 - loadIPPluginJar : add lorawan
2024-02-23 20:03:19,131 [INFO] IPUIPlugin:80 - create IPUIPlugin
2024-02-23 20:03:19,132 [INFO] PluginManager:220 - loadIPPluginJar : add tracer_emb
2024-02-23 20:03:19,140 [INFO] IPUIPlugin:80 - create IPUIPlugin
2024-02-23 20:03:19,141 [INFO] PluginManager:220 - loadIPPluginJar : add ipddr
2024-02-23 20:03:19,148 [INFO] IPUIPlugin:80 - create IPUIPlugin
2024-02-23 20:03:19,149 [INFO] PluginManager:220 - loadIPPluginJar : add resmgrutility
2024-02-23 20:03:19,162 [INFO] IPUIPlugin:80 - create IPUIPlugin
2024-02-23 20:03:19,162 [INFO] PluginManager:220 - loadIPPluginJar : add fmc
2024-02-23 20:03:19,165 [INFO] IPUIPlugin:80 - create IPUIPlugin
2024-02-23 20:03:19,166 [INFO] PluginManager:220 - loadIPPluginJar : add tim
2024-02-23 20:03:19,169 [INFO] IPUIPlugin:80 - create IPUIPlugin
2024-02-23 20:03:19,169 [INFO] PluginManager:220 - loadIPPluginJar : add ltdc
2024-02-23 20:03:19,172 [INFO] IPUIPlugin:80 - create IPUIPlugin
2024-02-23 20:03:19,172 [INFO] PluginManager:220 - loadIPPluginJar : add genericplugin
2024-02-23 20:03:19,183 [INFO] IPUIPlugin:80 - create IPUIPlugin
2024-02-23 20:03:19,183 [INFO] PluginManager:220 - loadIPPluginJar : add dma
2024-02-23 20:03:19,189 [INFO] IPUIPlugin:80 - create IPUIPlugin
2024-02-23 20:03:19,190 [INFO] PluginManager:220 - loadIPPluginJar : add usart
2024-02-23 20:03:19,196 [INFO] IPUIPlugin:80 - create IPUIPlugin
2024-02-23 20:03:19,197 [INFO] PluginManager:220 - loadIPPluginJar : add openamp
2024-02-23 20:03:19,199 [INFO] IPUIPlugin:80 - create IPUIPlugin
2024-02-23 20:03:19,200 [INFO] PluginManager:220 - loadIPPluginJar : add fatfs
2024-02-23 20:03:19,205 [INFO] IPUIPlugin:80 - create IPUIPlugin
2024-02-23 20:03:19,205 [INFO] PluginManager:220 - loadIPPluginJar : add spi
2024-02-23 20:03:19,209 [INFO] IPUIPlugin:80 - create IPUIPlugin
2024-02-23 20:03:19,209 [INFO] PluginManager:220 - loadIPPluginJar : add dfsdm
2024-02-23 20:03:19,214 [INFO] IPUIPlugin:80 - create IPUIPlugin
2024-02-23 20:03:19,215 [INFO] PluginManager:220 - loadIPPluginJar : add can
2024-02-23 20:03:19,221 [INFO] IPUIPlugin:80 - create IPUIPlugin
2024-02-23 20:03:19,222 [INFO] PluginManager:220 - loadIPPluginJar : add nvic
2024-02-23 20:03:19,233 [INFO] IPUIPlugin:80 - create IPUIPlugin
2024-02-23 20:03:19,234 [INFO] PluginManager:220 - loadIPPluginJar : add freertos
2024-02-23 20:03:19,239 [INFO] IPUIPlugin:80 - create IPUIPlugin
2024-02-23 20:03:19,239 [INFO] PluginManager:220 - loadIPPluginJar : add pdm2pcm
2024-02-23 20:03:19,243 [INFO] IPUIPlugin:80 - create IPUIPlugin
2024-02-23 20:03:19,243 [INFO] PluginManager:220 - loadIPPluginJar : add ts
2024-02-23 20:03:19,247 [INFO] IPUIPlugin:80 - create IPUIPlugin
2024-02-23 20:03:19,247 [INFO] PluginManager:220 - loadIPPluginJar : add ucpd
2024-02-23 20:03:19,403 [INFO] CADModel:165 - CPN selected for project level
2024-02-23 20:03:19,403 [INFO] CADModel:114 - Register for checkConnection events
2024-02-23 20:03:19,403 [FATAL] Updater:308 - Updater called before beeing initialized
2024-02-23 20:03:19,403 [ERROR] CADModel:125 - Updater not yet initialized, retry later 
2024-02-23 20:03:19,664 [INFO] CADModel:165 - CPN selected for project level
2024-02-23 20:03:19,664 [INFO] CADModel:114 - Register for checkConnection events
2024-02-23 20:03:19,664 [FATAL] Updater:308 - Updater called before beeing initialized
2024-02-23 20:03:19,665 [ERROR] CADModel:125 - Updater not yet initialized, retry later 
2024-02-23 20:03:19,671 [FATAL] Updater:308 - Updater called before beeing initialized
2024-02-23 20:03:19,892 [FATAL] Updater:308 - Updater called before beeing initialized
2024-02-23 20:03:19,905 [INFO] DbMcusAds:53 - JSON generation date=Wed Nov 29 07:52:27 ART 2023 (1701255147349)
2024-02-23 20:03:19,906 [FATAL] Updater:308 - Updater called before beeing initialized
2024-02-23 20:03:20,055 [WARN] DetailPanel:346 - Failed to get advertising image, set to default
2024-02-23 20:03:20,269 [FATAL] Updater:308 - Updater called before beeing initialized
2024-02-23 20:03:20,271 [FATAL] Updater:308 - Updater called before beeing initialized
2024-02-23 20:03:20,272 [FATAL] Updater:308 - Updater called before beeing initialized
2024-02-23 20:03:20,272 [WARN] DetailPanel:346 - Failed to get advertising image, set to default
2024-02-23 20:03:20,273 [FATAL] Updater:308 - Updater called before beeing initialized
2024-02-23 20:03:20,326 [ERROR] Updater:1120 - MainUpdater not yet initialized. External WinMGr cannot be set.
2024-02-23 20:03:20,329 [INFO] Updater:1056 - Updater Version found : 6.10.0
2024-02-23 20:03:20,357 [INFO] ApplicationProperties:184 - Using Application install path: /opt/st/stm32cubeide_1.14.0/plugins/com.st.stm32cube.common.mx_6.10.0.202311202037
2024-02-23 20:03:20,843 [INFO] MainUpdater:2873 - connection check result : 10
2024-02-23 20:03:20,844 [INFO] MainUpdater:290 - Updater Check For Update Now.
2024-02-23 20:03:20,844 [INFO] MicroXplorer:498 - Change Database Version : DB.6.0.100
2024-02-23 20:03:20,850 [INFO] McuFinderGlobals:63 - Set McuFinder mode to 2 (CubeIDE integrated)
2024-02-23 20:03:21,075 [INFO] CheckServerUpdateThread:120 - End of CheckServer Thread
2024-02-23 20:03:21,416 [WARN] PackLoader:240 - Cannot read IP mode file for STMicroelectronics.X-CUBE-SMBUS.2.1.0
2024-02-23 20:03:21,426 [WARN] PackLoader:240 - Cannot read IP mode file for STMicroelectronics.X-CUBE-TOUCHGFX.4.23.0
2024-02-23 20:03:21,485 [WARN] PackLoader:240 - Cannot read IP mode file for STMicroelectronics.X-CUBE-AZRTOS-F7.1.1.0
2024-02-23 20:03:21,505 [WARN] PackLoader:240 - Cannot read IP mode file for STMicroelectronics.FP-SNS-MOTENV1.4.3.2
2024-02-23 20:03:21,521 [WARN] PackLoader:240 - Cannot read IP mode file for STMicroelectronics.X-CUBE-DISPLAY.3.0.0
2024-02-23 20:03:21,534 [WARN] PackLoader:240 - Cannot read IP mode file for emotas.I-CUBE-CANOPEN.1.3.0
2024-02-23 20:03:21,537 [WARN] PackLoader:240 - Cannot read IP mode file for STMicroelectronics.X-CUBE-TOUCHGFX.4.22.0
2024-02-23 20:03:21,540 [WARN] PackLoader:240 - Cannot read IP mode file for STMicroelectronics.X-CUBE-TOUCHGFX.4.22.1
2024-02-23 20:03:21,553 [INFO] LogOutputStream:77 - [STDOUT_REDIRECT] 1 : Invalid condition id : UX_CORESTACK_Condition cause : null
2024-02-23 20:03:21,554 [INFO] LogOutputStream:77 - [STDOUT_REDIRECT] 1 : Invalid condition id : UX_CORESTACK_Condition cause : null
2024-02-23 20:03:21,554 [INFO] LogOutputStream:77 - [STDOUT_REDIRECT] 1 : Invalid condition id : UX_CORESTACK_Condition cause : null
2024-02-23 20:03:21,554 [INFO] LogOutputStream:77 - [STDOUT_REDIRECT] 1 : Invalid condition id : UX_CORESTACK_Condition cause : null
2024-02-23 20:03:21,555 [INFO] LogOutputStream:77 - [STDOUT_REDIRECT] 1 : Invalid condition id : UX_CORESTACK_Condition cause : null
2024-02-23 20:03:21,560 [WARN] PackLoader:240 - Cannot read IP mode file for STMicroelectronics.X-CUBE-AZRTOS-WL.2.0.0
2024-02-23 20:03:21,571 [WARN] PackLoader:240 - Cannot read IP mode file for WES.I-CUBE-Cesium.1.3.0
2024-02-23 20:03:21,579 [WARN] PackLoader:240 - Cannot read IP mode file for STMicroelectronics.X-CUBE-BLE2.3.3.0
2024-02-23 20:03:21,588 [WARN] PackLoader:240 - Cannot read IP mode file for STMicroelectronics.X-CUBE-ALGOBUILD.1.3.0
2024-02-23 20:03:21,613 [WARN] PackLoader:240 - Cannot read IP mode file for STMicroelectronics.X-CUBE-AZRTOS-G0.1.1.0
2024-02-23 20:03:21,634 [WARN] PackLoader:240 - Cannot read IP mode file for STMicroelectronics.X-CUBE-NFC4.3.0.0
2024-02-23 20:03:21,647 [WARN] PackLoader:240 - Cannot read IP mode file for STMicroelectronics.X-CUBE-BLEMGR.3.0.0
2024-02-23 20:03:21,655 [WARN] PackLoader:240 - Cannot read IP mode file for STMicroelectronics.FP-ATR-SIGFOX1.3.2.0
2024-02-23 20:03:21,668 [WARN] PackLoader:240 - Cannot read IP mode file for STMicroelectronics.X-CUBE-EEPRMA1.5.1.0
2024-02-23 20:03:21,742 [WARN] PackLoader:240 - Cannot read IP mode file for SEGGER.I-CUBE-embOS.1.3.1
2024-02-23 20:03:21,806 [WARN] PackLoader:240 - Cannot read IP mode file for STMicroelectronics.X-CUBE-GNSS1.6.0.0
2024-02-23 20:03:21,828 [WARN] PackLoader:240 - Cannot read IP mode file for STMicroelectronics.X-CUBE-AZRTOS-F4.1.1.0
2024-02-23 20:03:21,884 [WARN] PackLoader:240 - Cannot read IP mode file for STMicroelectronics.X-CUBE-MEMS1.9.6.0
2024-02-23 20:03:21,988 [INFO] UserAuth:404 - Internet connection configuration mode: 1
2024-02-23 20:03:22,012 [INFO] JxBrowserEngine:152 - Initiate JxBrowser Engine with user profile folder
2024-02-23 20:03:22,354 [WARN] PackLoader:240 - Cannot read IP mode file for STMicroelectronics.X-CUBE-EEPRMA1.4.2.0
2024-02-23 20:03:22,363 [WARN] PackLoader:240 - Cannot read IP mode file for ITTIA_DB.I-CUBE-ITTIADB.8.8.0
2024-02-23 20:03:22,373 [WARN] PackLoader:240 - Cannot read IP mode file for STMicroelectronics.X-CUBE-BLEMGR.2.0.0
2024-02-23 20:03:22,423 [WARN] ConditionMgr:438 - getConditionDescription Invalid condition id : UX DEVICE CLASS RTOS Condition cause : null
2024-02-23 20:03:22,424 [WARN] ConditionMgr:438 - getConditionDescription Invalid condition id : UX DEVICE CLASS RTOS Condition cause : null
2024-02-23 20:03:22,431 [WARN] PackLoader:240 - Cannot read IP mode file for STMicroelectronics.X-CUBE-AZRTOS-H7.3.1.0
2024-02-23 20:03:22,434 [WARN] ConditionMgr:1039 - genDependencies : Invalid condition id : UX DEVICE CLASS RTOS Condition cause : null
2024-02-23 20:03:22,434 [WARN] ConditionMgr:1039 - genDependencies : Invalid condition id : UX DEVICE CLASS RTOS Condition cause : null
2024-02-23 20:03:22,435 [WARN] ConditionMgr:1039 - genDependencies : Invalid condition id : UX DEVICE CLASS RTOS Condition cause : null
2024-02-23 20:03:22,436 [WARN] ConditionMgr:1039 - genDependencies : Invalid condition id : UX DEVICE CLASS RTOS Condition cause : null
2024-02-23 20:03:22,437 [WARN] ConditionMgr:1039 - genDependencies : Invalid condition id : UX DEVICE CLASS RTOS Condition cause : null
2024-02-23 20:03:22,455 [WARN] PackLoader:240 - Cannot read IP mode file for STMicroelectronics.X-CUBE-NFC7.1.0.1
2024-02-23 20:03:22,482 [WARN] PackLoader:240 - Cannot read IP mode file for STMicroelectronics.X-CUBE-EEPRMA1.4.1.0
2024-02-23 20:03:22,551 [WARN] ConditionMgr:438 - getConditionDescription Invalid condition id : LAN8742 Phy interface Condition cause : null
2024-02-23 20:03:22,553 [WARN] PackLoader:240 - Cannot read IP mode file for STMicroelectronics.X-CUBE-AZRTOS-L4.2.0.0
2024-02-23 20:03:22,560 [WARN] ConditionMgr:1039 - genDependencies : Invalid condition id : LAN8742 Phy interface Condition cause : null
2024-02-23 20:03:22,561 [WARN] ConditionMgr:1039 - genDependencies : Invalid condition id : LAN8742 Phy interface Condition cause : null
2024-02-23 20:03:22,563 [WARN] ConditionMgr:1039 - genDependencies : Invalid condition id : LAN8742 Phy interface Condition cause : null
2024-02-23 20:03:22,597 [WARN] PackLoader:240 - Cannot read IP mode file for STMicroelectronics.X-CUBE-SFXS2LP1.4.0.0
2024-02-23 20:03:22,609 [WARN] PackLoader:240 - Cannot read IP mode file for STMicroelectronics.X-CUBE-ISPU.1.1.0
2024-02-23 20:03:22,641 [WARN] PackLoader:240 - Cannot read IP mode file for STMicroelectronics.X-CUBE-SUBG2.5.0.0
2024-02-23 20:03:22,688 [WARN] PackLoader:240 - Cannot read IP mode file for STMicroelectronics.X-CUBE-TOF1.3.3.1
2024-02-23 20:03:22,752 [WARN] PackLoader:240 - Cannot read IP mode file for STMicroelectronics.X-CUBE-AZRTOS-G4.2.0.0
2024-02-23 20:03:22,775 [WARN] PackLoader:240 - Cannot read IP mode file for Infineon.AIROC-Wi-Fi-Bluetooth-STM32.1.5.1
2024-02-23 20:03:22,785 [WARN] PackLoader:240 - Cannot read IP mode file for STMicroelectronics.FP-SNS-MOTENVWB1.1.3.0
2024-02-23 20:03:22,795 [WARN] PackLoader:240 - Cannot read IP mode file for STMicroelectronics.FP-SNS-MOTENVWB1.1.3.1
2024-02-23 20:03:22,803 [WARN] PackLoader:240 - Cannot read IP mode file for STMicroelectronics.X-CUBE-ISPU.2.0.0
2024-02-23 20:03:22,883 [WARN] PackLoader:240 - Cannot read IP mode file for STMicroelectronics.X-CUBE-MEMS1.10.0.0
2024-02-23 20:03:23,276 [WARN] PackLoader:240 - Cannot read IP mode file for portGmbH.I-Cube-SoM-uGOAL.1.1.0
2024-02-23 20:03:23,285 [WARN] PackLoader:240 - Cannot read IP mode file for STMicroelectronics.X-CUBE-ALS.1.0.1
2024-02-23 20:03:23,298 [WARN] PackLoader:240 - Cannot read IP mode file for STMicroelectronics.FP-ATR-ASTRA1.2.0.0
2024-02-23 20:03:23,328 [WARN] PackLoader:240 - Cannot read IP mode file for STMicroelectronics.X-CUBE-TOF1.3.4.0
2024-02-23 20:03:23,449 [WARN] PackLoader:240 - Cannot read IP mode file for STMicroelectronics.X-CUBE-AZRTOS-H7.3.2.0
2024-02-23 20:03:23,461 [INFO] ThirdParty:978 - Integrity check success = true
2024-02-23 20:03:23,462 [INFO] IntegrityCheckThread:100 - exiting critical section [integrity check]
2024-02-23 20:03:23,462 [INFO] IntegrityCheckThread:103 - End integrity checks thread
2024-02-23 20:03:24,156 [INFO] WebApp:161 - Instantiating new browser for Auth
2024-02-23 20:03:25,066 [INFO] WebApp:780 - Register for checkConnection events
2024-02-23 20:03:25,066 [INFO] WebApp:414 - Apply proxy settings
2024-02-23 20:03:25,067 [INFO] WebApp:499 - Chromium requires no authentication
2024-02-23 20:03:25,074 [INFO] WebApp:442 - Direct internet connection detected
2024-02-23 20:03:25,231 [INFO] WebApp:192 - Starting web application
2024-02-23 20:03:25,231 [INFO] WebApp:544 - Web application path used /opt/st/stm32cubeide_1.14.0/plugins/com.st.stm32cube.common.mx_6.10.0.202311202037/db/plugins/mcufinder/reactClient1/index.html
2024-02-23 20:03:45,603 [ERROR] LogOutputStream:75 - [STDERR_REDIRECT] SLF4J: Failed to load class "org.slf4j.impl.StaticLoggerBinder".
2024-02-23 20:03:45,603 [ERROR] LogOutputStream:75 - [STDERR_REDIRECT] SLF4J: Defaulting to no-operation (NOP) logger implementation
2024-02-23 20:03:45,604 [ERROR] LogOutputStream:75 - [STDERR_REDIRECT] SLF4J: See http://www.slf4j.org/codes.html#StaticLoggerBinder for further details.
