2024-02-03 00:10:08,476 [ERROR] LogOutputStream:75 - [STDERR_REDIRECT] 
2024-02-03 09:05:35,186 [INFO] Activator:176 - 


2024-02-03 09:05:35,189 [INFO] Activator:177 - !SESSION log4j initialized
2024-02-03 09:05:41,784 [INFO] LogOutputStream:77 - [STDOUT_REDIRECT] 
2024-02-03 09:05:43,397 [INFO] ApplicationProperties:184 - Using Application install path: /opt/st/stm32cubeide_1.14.0/plugins/com.st.stm32cube.common.mx_6.10.0.202311202037
2024-02-03 09:05:43,441 [INFO] DbMcusXml:78 - Set database path to: /opt/st/stm32cubeide_1.14.0/plugins/com.st.stm32cube.common.mx_6.10.0.202311202037//db//mcu/
2024-02-03 09:05:43,442 [INFO] ApiDb:274 - Set plugin database path to: /opt/st/stm32cubeide_1.14.0/plugins/com.st.stm32cube.common.mx_6.10.0.202311202037//db//plugins/boardmanager/
2024-02-03 09:05:43,443 [WARN] ApiDb:259 - Overriding images path with different value:  => /opt/st/stm32cubeide_1.14.0/plugins/com.st.stm32cube.common.mx_6.10.0.202311202037//db//plugins/mcufinder/images/
2024-02-03 09:05:43,456 [INFO] ApiDb:250 - Set database path to: /home/fede/.stmcufinder/plugins/mcufinder//mcu/
2024-02-03 09:05:43,459 [INFO] DbMcusAds:125 - Set database path to: /home/fede/.stmcufinder/plugins/mcufinder//mcu/
2024-02-03 09:05:43,464 [INFO] CrossReferenceDbSqlite:203 - Set database path to: /home/fede/.stmcufinder/plugins/mcufinder//mcu/cs/
2024-02-03 09:05:43,686 [INFO] RulesReader:64 - Compatibility file has been processed (297 Rules)
2024-02-03 09:05:43,792 [INFO] DbMcusXml:78 - Set database path to: /opt/st/stm32cubeide_1.14.0/plugins/com.st.stm32cube.common.mx_6.10.0.202311202037//db//mcu/
2024-02-03 09:05:43,792 [INFO] ApiDb:274 - Set plugin database path to: /opt/st/stm32cubeide_1.14.0/plugins/com.st.stm32cube.common.mx_6.10.0.202311202037//db//plugins/boardmanager/
2024-02-03 09:05:43,793 [INFO] ApiDb:261 - Set plugin images path to: /opt/st/stm32cubeide_1.14.0/plugins/com.st.stm32cube.common.mx_6.10.0.202311202037//db//plugins/mcufinder/images/
2024-02-03 09:05:43,793 [WARN] DbFile:41 - Overriding database path with different value: /home/fede/.stmcufinder/plugins/mcufinder/ => /home/fede/.stmcufinder/plugins/mcufinder
2024-02-03 09:05:43,793 [INFO] ApiDb:250 - Set database path to: /home/fede/.stmcufinder/plugins/mcufinder//mcu/
2024-02-03 09:05:43,793 [WARN] DbFile:41 - Overriding database path with different value: /home/fede/.stmcufinder/plugins/mcufinder/ => /home/fede/.stmcufinder/plugins/mcufinder
2024-02-03 09:05:43,793 [INFO] DbMcusAds:125 - Set database path to: /home/fede/.stmcufinder/plugins/mcufinder//mcu/
2024-02-03 09:05:43,794 [WARN] DbFile:41 - Overriding database path with different value: /home/fede/.stmcufinder/plugins/mcufinder/ => /home/fede/.stmcufinder/plugins/mcufinder
2024-02-03 09:05:43,794 [WARN] DbFile:41 - Overriding database path with different value: /home/fede/.stmcufinder/plugins/mcufinder/ => /home/fede/.stmcufinder/plugins/mcufinder
2024-02-03 09:05:43,794 [INFO] CrossReferenceDbSqlite:203 - Set database path to: /home/fede/.stmcufinder/plugins/mcufinder//mcu/cs/
2024-02-03 09:05:43,888 [INFO] MainPanel:264 - HeapMemory: 268435456
2024-02-03 09:05:44,006 [INFO] DbMcusXml:78 - Set database path to: /opt/st/stm32cubeide_1.14.0/plugins/com.st.stm32cube.common.mx_6.10.0.202311202037//db//mcu/
2024-02-03 09:05:44,007 [INFO] ApiDb:274 - Set plugin database path to: /opt/st/stm32cubeide_1.14.0/plugins/com.st.stm32cube.common.mx_6.10.0.202311202037//db//plugins/boardmanager/
2024-02-03 09:05:44,007 [INFO] ApiDb:261 - Set plugin images path to: /opt/st/stm32cubeide_1.14.0/plugins/com.st.stm32cube.common.mx_6.10.0.202311202037//db//plugins/mcufinder/images/
2024-02-03 09:05:44,008 [WARN] DbFile:41 - Overriding database path with different value: /home/fede/.stmcufinder/plugins/mcufinder/ => /home/fede/.stmcufinder/plugins/mcufinder
2024-02-03 09:05:44,008 [INFO] ApiDb:250 - Set database path to: /home/fede/.stmcufinder/plugins/mcufinder//mcu/
2024-02-03 09:05:44,008 [WARN] DbFile:41 - Overriding database path with different value: /home/fede/.stmcufinder/plugins/mcufinder/ => /home/fede/.stmcufinder/plugins/mcufinder
2024-02-03 09:05:44,008 [INFO] DbMcusAds:125 - Set database path to: /home/fede/.stmcufinder/plugins/mcufinder//mcu/
2024-02-03 09:05:44,008 [WARN] DbFile:41 - Overriding database path with different value: /home/fede/.stmcufinder/plugins/mcufinder/ => /home/fede/.stmcufinder/plugins/mcufinder
2024-02-03 09:05:44,009 [WARN] DbFile:41 - Overriding database path with different value: /home/fede/.stmcufinder/plugins/mcufinder/ => /home/fede/.stmcufinder/plugins/mcufinder
2024-02-03 09:05:44,009 [INFO] CrossReferenceDbSqlite:203 - Set database path to: /home/fede/.stmcufinder/plugins/mcufinder//mcu/cs/
2024-02-03 09:05:44,037 [INFO] ApplicationProperties:184 - Using Application install path: /opt/st/stm32cubeide_1.14.0/plugins/com.st.stm32cube.common.mx_6.10.0.202311202037
2024-02-03 09:05:44,039 [INFO] PluginManage:196 - Search for loadable plugins [exclusion list=, ]
2024-02-03 09:05:44,041 [INFO] PluginManage:310 - Check plugin analytics
2024-02-03 09:05:44,250 [INFO] AnalyticsPlugin:253 - Accepted Software Licenses: 
2024-02-03 09:05:44,250 [INFO] AnalyticsPlugin:255 - Accepted CMSIS Pack Licenses: 
2024-02-03 09:05:44,250 [INFO] AnalyticsPlugin:257 - Accepted Firmware Licenses: FW.F7.1.17.0
2024-02-03 09:05:44,253 [INFO] PluginManage:359 - Loaded plugin analytics (category:tool,tabindex:-1)
2024-02-03 09:05:44,253 [INFO] PluginManage:310 - Check plugin cadmodel
2024-02-03 09:05:44,290 [INFO] CADModel:105 - Init CAD model plugin
2024-02-03 09:05:44,291 [INFO] PluginManage:359 - Loaded plugin cadmodel (category:power,tabindex:5)
2024-02-03 09:05:44,291 [INFO] PluginManage:310 - Check plugin clock
2024-02-03 09:05:44,302 [INFO] PluginManage:359 - Loaded plugin clock (category:base,tabindex:2)
2024-02-03 09:05:44,303 [INFO] PluginManage:310 - Check plugin ddr
2024-02-03 09:05:44,306 [INFO] PluginManage:359 - Loaded plugin ddr (category:tool,tabindex:6)
2024-02-03 09:05:44,306 [INFO] PluginManage:310 - Check plugin filemanager
2024-02-03 09:05:44,503 [INFO] PluginManage:359 - Loaded plugin filemanager (category:base,tabindex:10)
2024-02-03 09:05:44,504 [INFO] PluginManage:310 - Check plugin ipmanager
2024-02-03 09:05:44,511 [INFO] PluginManage:359 - Loaded plugin ipmanager (category:base,tabindex:5)
2024-02-03 09:05:44,511 [INFO] PluginManage:310 - Check plugin lpbam
2024-02-03 09:05:44,523 [INFO] PluginManage:359 - Loaded plugin lpbam (category:base,tabindex:0)
2024-02-03 09:05:44,523 [INFO] PluginManage:310 - Check plugin memorymap
2024-02-03 09:05:44,539 [INFO] PluginManage:359 - Loaded plugin memorymap (category:base,tabindex:4)
2024-02-03 09:05:44,539 [INFO] PluginManage:310 - Check plugin pinoutandconfiguration
2024-02-03 09:05:44,548 [INFO] PluginManage:359 - Loaded plugin pinoutandconfiguration (category:base,tabindex:1)
2024-02-03 09:05:44,548 [INFO] PluginManage:310 - Check plugin pinoutconfig
2024-02-03 09:05:44,675 [WARN] SupportedApi:132 - Cannot load RTOS API schema: s4s-elt-must-match.1: The content of 'definitions' must match (annotation?, (simpleType | complexType)?, (unique | key | keyref)*)). A problem was found starting at: attribute.
2024-02-03 09:05:44,873 [INFO] PluginManage:359 - Loaded plugin pinoutconfig (category:base,tabindex:0)
2024-02-03 09:05:44,874 [INFO] PluginManage:310 - Check plugin power
2024-02-03 09:05:44,888 [INFO] PluginManage:359 - Loaded plugin power (category:power,tabindex:4)
2024-02-03 09:05:44,889 [INFO] PluginManage:310 - Check plugin projectmanager
2024-02-03 09:05:44,910 [INFO] PluginManage:359 - Loaded plugin projectmanager (category:projectmanager,tabindex:3)
2024-02-03 09:05:44,910 [INFO] PluginManage:310 - Check plugin thirdparty
2024-02-03 09:05:45,049 [INFO] PluginManage:359 - Loaded plugin thirdparty (category:base,tabindex:-1)
2024-02-03 09:05:45,050 [INFO] PluginManage:310 - Check plugin tools
2024-02-03 09:05:45,049 [WARN] IntegrityCheckThread:84 - waiting for thirdparty lock release [integrity check]
2024-02-03 09:05:45,050 [INFO] IntegrityCheckThread:86 - entering critical section [integrity check]
2024-02-03 09:05:45,050 [INFO] ThirdPartyUpdaterWithRetryManager:70 - Updater plugin not ready yet. [1/15]
2024-02-03 09:05:45,052 [INFO] PluginManage:359 - Loaded plugin tools (category:base,tabindex:7)
2024-02-03 09:05:45,053 [INFO] PluginManage:310 - Check plugin tutovideos
2024-02-03 09:05:45,273 [INFO] PluginManage:359 - Loaded plugin tutovideos (category:base,tabindex:-1)
2024-02-03 09:05:45,273 [INFO] PluginManage:310 - Check plugin updater
2024-02-03 09:05:45,304 [INFO] PluginManage:359 - Loaded plugin updater (category:base,tabindex:12)
2024-02-03 09:05:45,304 [INFO] PluginManage:310 - Check plugin userauth
2024-02-03 09:05:45,311 [INFO] UserAuth:114 - Init User Auth plugin
2024-02-03 09:05:45,311 [INFO] PluginManage:359 - Loaded plugin userauth (category:base,tabindex:14)
2024-02-03 09:05:45,312 [INFO] PluginManage:283 - PluginManage : Loaded plugins [17]
2024-02-03 09:05:45,542 [INFO] PinOutPanel:1499 - setPackage(No Configuration,No Configuration)
2024-02-03 09:05:45,610 [INFO] CADModel:165 - CPN selected for project level
2024-02-03 09:05:45,611 [INFO] CADModel:114 - Register for checkConnection events
2024-02-03 09:05:45,626 [INFO] IPUIPlugin:80 - create IPUIPlugin
2024-02-03 09:05:45,626 [INFO] PluginManager:220 - loadIPPluginJar : add gfxmmu
2024-02-03 09:05:45,628 [INFO] IPUIPlugin:80 - create IPUIPlugin
2024-02-03 09:05:45,628 [INFO] PluginManager:220 - loadIPPluginJar : add comp
2024-02-03 09:05:45,631 [INFO] IPUIPlugin:80 - create IPUIPlugin
2024-02-03 09:05:45,631 [INFO] PluginManager:220 - loadIPPluginJar : add usbx
2024-02-03 09:05:45,640 [INFO] IPUIPlugin:80 - create IPUIPlugin
2024-02-03 09:05:45,640 [INFO] PluginManager:220 - loadIPPluginJar : add linkedlist
2024-02-03 09:05:45,648 [INFO] IPUIPlugin:80 - create IPUIPlugin
2024-02-03 09:05:45,649 [INFO] PluginManager:220 - loadIPPluginJar : add mdma
2024-02-03 09:05:45,652 [INFO] IPUIPlugin:80 - create IPUIPlugin
2024-02-03 09:05:45,652 [INFO] PluginManager:220 - loadIPPluginJar : add i3c
2024-02-03 09:05:45,655 [INFO] IPUIPlugin:80 - create IPUIPlugin
2024-02-03 09:05:45,655 [INFO] PluginManager:220 - loadIPPluginJar : add cryp
2024-02-03 09:05:45,657 [INFO] IPUIPlugin:80 - create IPUIPlugin
2024-02-03 09:05:45,657 [INFO] PluginManager:220 - loadIPPluginJar : add quadspi
2024-02-03 09:05:45,658 [INFO] IPUIPlugin:80 - create IPUIPlugin
2024-02-03 09:05:45,659 [INFO] PluginManager:220 - loadIPPluginJar : add tsc
2024-02-03 09:05:45,661 [INFO] IPUIPlugin:80 - create IPUIPlugin
2024-02-03 09:05:45,661 [INFO] PluginManager:220 - loadIPPluginJar : add hash
2024-02-03 09:05:45,664 [INFO] IPUIPlugin:80 - create IPUIPlugin
2024-02-03 09:05:45,664 [INFO] PluginManager:220 - loadIPPluginJar : add aes
2024-02-03 09:05:45,667 [INFO] IPUIPlugin:80 - create IPUIPlugin
2024-02-03 09:05:45,667 [INFO] PluginManager:220 - loadIPPluginJar : add i2c
2024-02-03 09:05:45,671 [INFO] IPUIPlugin:80 - create IPUIPlugin
2024-02-03 09:05:45,671 [INFO] PluginManager:220 - loadIPPluginJar : add gtzc
2024-02-03 09:05:45,681 [INFO] IPUIPlugin:80 - create IPUIPlugin
2024-02-03 09:05:45,681 [INFO] PluginManager:220 - loadIPPluginJar : add stm32_wpan
2024-02-03 09:05:45,689 [INFO] IPUIPlugin:80 - create IPUIPlugin
2024-02-03 09:05:45,693 [INFO] PluginManager:220 - loadIPPluginJar : add plateformsettings
2024-02-03 09:05:45,701 [INFO] IPUIPlugin:80 - create IPUIPlugin
2024-02-03 09:05:45,701 [INFO] PluginManager:220 - loadIPPluginJar : add adc
2024-02-03 09:05:45,705 [INFO] IPUIPlugin:80 - create IPUIPlugin
2024-02-03 09:05:45,705 [INFO] PluginManager:220 - loadIPPluginJar : add sai
2024-02-03 09:05:45,712 [INFO] IPUIPlugin:80 - create IPUIPlugin
2024-02-03 09:05:45,712 [INFO] PluginManager:220 - loadIPPluginJar : add gic
2024-02-03 09:05:45,715 [INFO] IPUIPlugin:80 - create IPUIPlugin
2024-02-03 09:05:45,715 [INFO] PluginManager:220 - loadIPPluginJar : add opamp
2024-02-03 09:05:45,718 [INFO] IPUIPlugin:80 - create IPUIPlugin
2024-02-03 09:05:45,718 [INFO] PluginManager:220 - loadIPPluginJar : add i2s
2024-02-03 09:05:45,722 [INFO] IPUIPlugin:80 - create IPUIPlugin
2024-02-03 09:05:45,722 [INFO] PluginManager:220 - loadIPPluginJar : add touchsensing
2024-02-03 09:05:45,725 [INFO] IPUIPlugin:80 - create IPUIPlugin
2024-02-03 09:05:45,725 [INFO] PluginManager:220 - loadIPPluginJar : add dma3
2024-02-03 09:05:45,731 [INFO] IPUIPlugin:80 - create IPUIPlugin
2024-02-03 09:05:45,731 [INFO] PluginManager:220 - loadIPPluginJar : add gpio
2024-02-03 09:05:45,734 [INFO] IPUIPlugin:80 - create IPUIPlugin
2024-02-03 09:05:45,734 [INFO] PluginManager:220 - loadIPPluginJar : add lorawan
2024-02-03 09:05:45,736 [INFO] IPUIPlugin:80 - create IPUIPlugin
2024-02-03 09:05:45,736 [INFO] PluginManager:220 - loadIPPluginJar : add tracer_emb
2024-02-03 09:05:45,741 [INFO] IPUIPlugin:80 - create IPUIPlugin
2024-02-03 09:05:45,741 [INFO] PluginManager:220 - loadIPPluginJar : add ipddr
2024-02-03 09:05:45,745 [INFO] IPUIPlugin:80 - create IPUIPlugin
2024-02-03 09:05:45,745 [INFO] PluginManager:220 - loadIPPluginJar : add resmgrutility
2024-02-03 09:05:45,750 [INFO] IPUIPlugin:80 - create IPUIPlugin
2024-02-03 09:05:45,751 [INFO] PluginManager:220 - loadIPPluginJar : add fmc
2024-02-03 09:05:45,752 [INFO] IPUIPlugin:80 - create IPUIPlugin
2024-02-03 09:05:45,752 [INFO] PluginManager:220 - loadIPPluginJar : add tim
2024-02-03 09:05:45,754 [INFO] IPUIPlugin:80 - create IPUIPlugin
2024-02-03 09:05:45,754 [INFO] PluginManager:220 - loadIPPluginJar : add ltdc
2024-02-03 09:05:45,755 [INFO] IPUIPlugin:80 - create IPUIPlugin
2024-02-03 09:05:45,755 [INFO] PluginManager:220 - loadIPPluginJar : add genericplugin
2024-02-03 09:05:45,762 [INFO] IPUIPlugin:80 - create IPUIPlugin
2024-02-03 09:05:45,762 [INFO] PluginManager:220 - loadIPPluginJar : add dma
2024-02-03 09:05:45,765 [INFO] IPUIPlugin:80 - create IPUIPlugin
2024-02-03 09:05:45,765 [INFO] PluginManager:220 - loadIPPluginJar : add usart
2024-02-03 09:05:45,768 [INFO] IPUIPlugin:80 - create IPUIPlugin
2024-02-03 09:05:45,769 [INFO] PluginManager:220 - loadIPPluginJar : add openamp
2024-02-03 09:05:45,770 [INFO] IPUIPlugin:80 - create IPUIPlugin
2024-02-03 09:05:45,770 [INFO] PluginManager:220 - loadIPPluginJar : add fatfs
2024-02-03 09:05:45,772 [INFO] IPUIPlugin:80 - create IPUIPlugin
2024-02-03 09:05:45,772 [INFO] PluginManager:220 - loadIPPluginJar : add spi
2024-02-03 09:05:45,775 [INFO] IPUIPlugin:80 - create IPUIPlugin
2024-02-03 09:05:45,775 [INFO] PluginManager:220 - loadIPPluginJar : add dfsdm
2024-02-03 09:05:45,778 [INFO] IPUIPlugin:80 - create IPUIPlugin
2024-02-03 09:05:45,778 [INFO] PluginManager:220 - loadIPPluginJar : add can
2024-02-03 09:05:45,782 [INFO] IPUIPlugin:80 - create IPUIPlugin
2024-02-03 09:05:45,783 [INFO] PluginManager:220 - loadIPPluginJar : add nvic
2024-02-03 09:05:45,790 [INFO] IPUIPlugin:80 - create IPUIPlugin
2024-02-03 09:05:45,790 [INFO] PluginManager:220 - loadIPPluginJar : add freertos
2024-02-03 09:05:45,793 [INFO] IPUIPlugin:80 - create IPUIPlugin
2024-02-03 09:05:45,793 [INFO] PluginManager:220 - loadIPPluginJar : add pdm2pcm
2024-02-03 09:05:45,795 [INFO] IPUIPlugin:80 - create IPUIPlugin
2024-02-03 09:05:45,795 [INFO] PluginManager:220 - loadIPPluginJar : add ts
2024-02-03 09:05:45,797 [INFO] IPUIPlugin:80 - create IPUIPlugin
2024-02-03 09:05:45,798 [INFO] PluginManager:220 - loadIPPluginJar : add ucpd
2024-02-03 09:05:45,911 [INFO] CADModel:165 - CPN selected for project level
2024-02-03 09:05:45,912 [INFO] CADModel:114 - Register for checkConnection events
2024-02-03 09:05:45,912 [FATAL] Updater:308 - Updater called before beeing initialized
2024-02-03 09:05:45,912 [ERROR] CADModel:125 - Updater not yet initialized, retry later 
2024-02-03 09:05:46,096 [INFO] CADModel:165 - CPN selected for project level
2024-02-03 09:05:46,096 [INFO] CADModel:114 - Register for checkConnection events
2024-02-03 09:05:46,096 [FATAL] Updater:308 - Updater called before beeing initialized
2024-02-03 09:05:46,096 [ERROR] CADModel:125 - Updater not yet initialized, retry later 
2024-02-03 09:05:46,101 [FATAL] Updater:308 - Updater called before beeing initialized
2024-02-03 09:05:46,205 [FATAL] Updater:308 - Updater called before beeing initialized
2024-02-03 09:05:46,211 [INFO] DbMcusAds:53 - JSON generation date=Wed Nov 29 07:52:27 ART 2023 (1701255147200)
2024-02-03 09:05:46,211 [FATAL] Updater:308 - Updater called before beeing initialized
2024-02-03 09:05:46,257 [WARN] DetailPanel:346 - Failed to get advertising image, set to default
2024-02-03 09:05:46,389 [FATAL] Updater:308 - Updater called before beeing initialized
2024-02-03 09:05:46,392 [FATAL] Updater:308 - Updater called before beeing initialized
2024-02-03 09:05:46,392 [FATAL] Updater:308 - Updater called before beeing initialized
2024-02-03 09:05:46,392 [WARN] DetailPanel:346 - Failed to get advertising image, set to default
2024-02-03 09:05:46,393 [FATAL] Updater:308 - Updater called before beeing initialized
2024-02-03 09:05:46,441 [ERROR] Updater:1120 - MainUpdater not yet initialized. External WinMGr cannot be set.
2024-02-03 09:05:46,443 [INFO] Updater:1056 - Updater Version found : 6.10.0
2024-02-03 09:05:46,483 [INFO] ApplicationProperties:184 - Using Application install path: /opt/st/stm32cubeide_1.14.0/plugins/com.st.stm32cube.common.mx_6.10.0.202311202037
2024-02-03 09:05:47,098 [INFO] MainUpdater:2873 - connection check result : 10
2024-02-03 09:05:47,100 [INFO] MainUpdater:290 - Updater Check For Update Now.
2024-02-03 09:05:47,100 [INFO] MicroXplorer:498 - Change Database Version : DB.6.0.100
2024-02-03 09:05:47,107 [INFO] McuFinderGlobals:63 - Set McuFinder mode to 2 (CubeIDE integrated)
2024-02-03 09:05:47,321 [INFO] CheckServerUpdateThread:120 - End of CheckServer Thread
2024-02-03 09:05:48,129 [WARN] PackLoader:240 - Cannot read IP mode file for STMicroelectronics.X-CUBE-SMBUS.2.1.0
2024-02-03 09:05:48,134 [WARN] PackLoader:240 - Cannot read IP mode file for STMicroelectronics.X-CUBE-TOUCHGFX.4.23.0
2024-02-03 09:05:48,158 [WARN] PackLoader:240 - Cannot read IP mode file for STMicroelectronics.X-CUBE-AZRTOS-F7.1.1.0
2024-02-03 09:05:48,167 [WARN] PackLoader:240 - Cannot read IP mode file for STMicroelectronics.FP-SNS-MOTENV1.4.3.2
2024-02-03 09:05:48,176 [WARN] PackLoader:240 - Cannot read IP mode file for STMicroelectronics.X-CUBE-DISPLAY.3.0.0
2024-02-03 09:05:48,186 [WARN] PackLoader:240 - Cannot read IP mode file for emotas.I-CUBE-CANOPEN.1.3.0
2024-02-03 09:05:48,189 [WARN] PackLoader:240 - Cannot read IP mode file for STMicroelectronics.X-CUBE-TOUCHGFX.4.22.0
2024-02-03 09:05:48,191 [WARN] PackLoader:240 - Cannot read IP mode file for STMicroelectronics.X-CUBE-TOUCHGFX.4.22.1
2024-02-03 09:05:48,200 [INFO] LogOutputStream:77 - [STDOUT_REDIRECT] 1 : Invalid condition id : UX_CORESTACK_Condition cause : null
2024-02-03 09:05:48,200 [INFO] LogOutputStream:77 - [STDOUT_REDIRECT] 1 : Invalid condition id : UX_CORESTACK_Condition cause : null
2024-02-03 09:05:48,200 [INFO] LogOutputStream:77 - [STDOUT_REDIRECT] 1 : Invalid condition id : UX_CORESTACK_Condition cause : null
2024-02-03 09:05:48,200 [INFO] LogOutputStream:77 - [STDOUT_REDIRECT] 1 : Invalid condition id : UX_CORESTACK_Condition cause : null
2024-02-03 09:05:48,201 [INFO] LogOutputStream:77 - [STDOUT_REDIRECT] 1 : Invalid condition id : UX_CORESTACK_Condition cause : null
2024-02-03 09:05:48,204 [WARN] PackLoader:240 - Cannot read IP mode file for STMicroelectronics.X-CUBE-AZRTOS-WL.2.0.0
2024-02-03 09:05:48,212 [WARN] PackLoader:240 - Cannot read IP mode file for WES.I-CUBE-Cesium.1.3.0
2024-02-03 09:05:48,217 [WARN] PackLoader:240 - Cannot read IP mode file for STMicroelectronics.X-CUBE-BLE2.3.3.0
2024-02-03 09:05:48,223 [WARN] PackLoader:240 - Cannot read IP mode file for STMicroelectronics.X-CUBE-ALGOBUILD.1.3.0
2024-02-03 09:05:48,239 [WARN] PackLoader:240 - Cannot read IP mode file for STMicroelectronics.X-CUBE-AZRTOS-G0.1.1.0
2024-02-03 09:05:48,245 [WARN] PackLoader:240 - Cannot read IP mode file for STMicroelectronics.X-CUBE-NFC4.3.0.0
2024-02-03 09:05:48,253 [WARN] PackLoader:240 - Cannot read IP mode file for STMicroelectronics.X-CUBE-BLEMGR.3.0.0
2024-02-03 09:05:48,258 [WARN] PackLoader:240 - Cannot read IP mode file for STMicroelectronics.FP-ATR-SIGFOX1.3.2.0
2024-02-03 09:05:48,263 [WARN] PackLoader:240 - Cannot read IP mode file for STMicroelectronics.X-CUBE-EEPRMA1.5.1.0
2024-02-03 09:05:48,325 [WARN] PackLoader:240 - Cannot read IP mode file for SEGGER.I-CUBE-embOS.1.3.1
2024-02-03 09:05:48,389 [WARN] PackLoader:240 - Cannot read IP mode file for STMicroelectronics.X-CUBE-GNSS1.6.0.0
2024-02-03 09:05:48,412 [INFO] UserAuth:404 - Internet connection configuration mode: 1
2024-02-03 09:05:48,415 [WARN] PackLoader:240 - Cannot read IP mode file for STMicroelectronics.X-CUBE-AZRTOS-F4.1.1.0
2024-02-03 09:05:48,427 [INFO] JxBrowserEngine:152 - Initiate JxBrowser Engine with user profile folder
2024-02-03 09:05:48,470 [WARN] PackLoader:240 - Cannot read IP mode file for STMicroelectronics.X-CUBE-MEMS1.9.6.0
2024-02-03 09:05:48,780 [WARN] PackLoader:240 - Cannot read IP mode file for STMicroelectronics.X-CUBE-EEPRMA1.4.2.0
2024-02-03 09:05:48,791 [WARN] PackLoader:240 - Cannot read IP mode file for ITTIA_DB.I-CUBE-ITTIADB.8.8.0
2024-02-03 09:05:48,814 [WARN] PackLoader:240 - Cannot read IP mode file for STMicroelectronics.X-CUBE-BLEMGR.2.0.0
2024-02-03 09:05:48,894 [WARN] ConditionMgr:438 - getConditionDescription Invalid condition id : UX DEVICE CLASS RTOS Condition cause : null
2024-02-03 09:05:48,896 [WARN] ConditionMgr:438 - getConditionDescription Invalid condition id : UX DEVICE CLASS RTOS Condition cause : null
2024-02-03 09:05:48,906 [WARN] PackLoader:240 - Cannot read IP mode file for STMicroelectronics.X-CUBE-AZRTOS-H7.3.1.0
2024-02-03 09:05:48,912 [WARN] ConditionMgr:1039 - genDependencies : Invalid condition id : UX DEVICE CLASS RTOS Condition cause : null
2024-02-03 09:05:48,913 [WARN] ConditionMgr:1039 - genDependencies : Invalid condition id : UX DEVICE CLASS RTOS Condition cause : null
2024-02-03 09:05:48,915 [WARN] ConditionMgr:1039 - genDependencies : Invalid condition id : UX DEVICE CLASS RTOS Condition cause : null
2024-02-03 09:05:48,917 [WARN] ConditionMgr:1039 - genDependencies : Invalid condition id : UX DEVICE CLASS RTOS Condition cause : null
2024-02-03 09:05:48,918 [WARN] ConditionMgr:1039 - genDependencies : Invalid condition id : UX DEVICE CLASS RTOS Condition cause : null
2024-02-03 09:05:48,951 [WARN] PackLoader:240 - Cannot read IP mode file for STMicroelectronics.X-CUBE-NFC7.1.0.1
2024-02-03 09:05:48,972 [WARN] PackLoader:240 - Cannot read IP mode file for STMicroelectronics.X-CUBE-EEPRMA1.4.1.0
2024-02-03 09:05:49,036 [WARN] ConditionMgr:438 - getConditionDescription Invalid condition id : LAN8742 Phy interface Condition cause : null
2024-02-03 09:05:49,038 [WARN] PackLoader:240 - Cannot read IP mode file for STMicroelectronics.X-CUBE-AZRTOS-L4.2.0.0
2024-02-03 09:05:49,041 [WARN] ConditionMgr:1039 - genDependencies : Invalid condition id : LAN8742 Phy interface Condition cause : null
2024-02-03 09:05:49,043 [WARN] ConditionMgr:1039 - genDependencies : Invalid condition id : LAN8742 Phy interface Condition cause : null
2024-02-03 09:05:49,044 [WARN] ConditionMgr:1039 - genDependencies : Invalid condition id : LAN8742 Phy interface Condition cause : null
2024-02-03 09:05:49,062 [WARN] PackLoader:240 - Cannot read IP mode file for STMicroelectronics.X-CUBE-SFXS2LP1.4.0.0
2024-02-03 09:05:49,072 [WARN] PackLoader:240 - Cannot read IP mode file for STMicroelectronics.X-CUBE-ISPU.1.1.0
2024-02-03 09:05:49,097 [WARN] PackLoader:240 - Cannot read IP mode file for STMicroelectronics.X-CUBE-SUBG2.5.0.0
2024-02-03 09:05:49,139 [WARN] PackLoader:240 - Cannot read IP mode file for STMicroelectronics.X-CUBE-TOF1.3.3.1
2024-02-03 09:05:49,207 [WARN] PackLoader:240 - Cannot read IP mode file for STMicroelectronics.X-CUBE-AZRTOS-G4.2.0.0
2024-02-03 09:05:49,244 [WARN] PackLoader:240 - Cannot read IP mode file for Infineon.AIROC-Wi-Fi-Bluetooth-STM32.1.5.1
2024-02-03 09:05:49,260 [WARN] PackLoader:240 - Cannot read IP mode file for STMicroelectronics.FP-SNS-MOTENVWB1.1.3.0
2024-02-03 09:05:49,268 [WARN] PackLoader:240 - Cannot read IP mode file for STMicroelectronics.FP-SNS-MOTENVWB1.1.3.1
2024-02-03 09:05:49,274 [WARN] PackLoader:240 - Cannot read IP mode file for STMicroelectronics.X-CUBE-ISPU.2.0.0
2024-02-03 09:05:49,355 [WARN] PackLoader:240 - Cannot read IP mode file for STMicroelectronics.X-CUBE-MEMS1.10.0.0
2024-02-03 09:05:49,554 [WARN] PackLoader:240 - Cannot read IP mode file for portGmbH.I-Cube-SoM-uGOAL.1.1.0
2024-02-03 09:05:49,559 [WARN] PackLoader:240 - Cannot read IP mode file for STMicroelectronics.X-CUBE-ALS.1.0.1
2024-02-03 09:05:49,566 [WARN] PackLoader:240 - Cannot read IP mode file for STMicroelectronics.FP-ATR-ASTRA1.2.0.0
2024-02-03 09:05:49,582 [WARN] PackLoader:240 - Cannot read IP mode file for STMicroelectronics.X-CUBE-TOF1.3.4.0
2024-02-03 09:05:49,639 [WARN] PackLoader:240 - Cannot read IP mode file for STMicroelectronics.X-CUBE-AZRTOS-H7.3.2.0
2024-02-03 09:05:49,644 [INFO] ThirdParty:978 - Integrity check success = true
2024-02-03 09:05:49,644 [INFO] IntegrityCheckThread:100 - exiting critical section [integrity check]
2024-02-03 09:05:49,645 [INFO] IntegrityCheckThread:103 - End integrity checks thread
2024-02-03 09:05:50,338 [INFO] WebApp:161 - Instantiating new browser for Auth
2024-02-03 09:05:51,216 [INFO] WebApp:780 - Register for checkConnection events
2024-02-03 09:05:51,216 [INFO] WebApp:414 - Apply proxy settings
2024-02-03 09:05:51,217 [INFO] WebApp:499 - Chromium requires no authentication
2024-02-03 09:05:51,224 [INFO] WebApp:442 - Direct internet connection detected
2024-02-03 09:05:51,370 [INFO] WebApp:192 - Starting web application
2024-02-03 09:05:51,370 [INFO] WebApp:544 - Web application path used /opt/st/stm32cubeide_1.14.0/plugins/com.st.stm32cube.common.mx_6.10.0.202311202037/db/plugins/mcufinder/reactClient1/index.html
2024-02-03 09:06:11,758 [ERROR] LogOutputStream:75 - [STDERR_REDIRECT] SLF4J: Failed to load class "org.slf4j.impl.StaticLoggerBinder".
2024-02-03 09:06:11,758 [ERROR] LogOutputStream:75 - [STDERR_REDIRECT] SLF4J: Defaulting to no-operation (NOP) logger implementation
2024-02-03 09:06:11,758 [ERROR] LogOutputStream:75 - [STDERR_REDIRECT] SLF4J: See http://www.slf4j.org/codes.html#StaticLoggerBinder for further details.
