2024-04-27 08:16:57,036 [INFO] Activator:176 - 


2024-04-27 08:16:57,041 [INFO] Activator:177 - !SESSION log4j initialized
2024-04-27 08:17:01,188 [INFO] LogOutputStream:77 - [STDOUT_REDIRECT] 
2024-04-27 08:17:02,512 [INFO] ApplicationProperties:184 - Using Application install path: /opt/st/stm32cubeide_1.14.0/plugins/com.st.stm32cube.common.mx_6.10.0.202311202037
2024-04-27 08:17:02,528 [INFO] DbMcusXml:78 - Set database path to: /opt/st/stm32cubeide_1.14.0/plugins/com.st.stm32cube.common.mx_6.10.0.202311202037//db//mcu/
2024-04-27 08:17:02,528 [INFO] ApiDb:274 - Set plugin database path to: /opt/st/stm32cubeide_1.14.0/plugins/com.st.stm32cube.common.mx_6.10.0.202311202037//db//plugins/boardmanager/
2024-04-27 08:17:02,529 [WARN] ApiDb:259 - Overriding images path with different value:  => /opt/st/stm32cubeide_1.14.0/plugins/com.st.stm32cube.common.mx_6.10.0.202311202037//db//plugins/mcufinder/images/
2024-04-27 08:17:02,536 [INFO] ApiDb:250 - Set database path to: /home/fede/.stmcufinder/plugins/mcufinder//mcu/
2024-04-27 08:17:02,538 [INFO] DbMcusAds:125 - Set database path to: /home/fede/.stmcufinder/plugins/mcufinder//mcu/
2024-04-27 08:17:02,540 [INFO] CrossReferenceDbSqlite:203 - Set database path to: /home/fede/.stmcufinder/plugins/mcufinder//mcu/cs/
2024-04-27 08:17:02,662 [INFO] RulesReader:64 - Compatibility file has been processed (297 Rules)
2024-04-27 08:17:02,739 [INFO] DbMcusXml:78 - Set database path to: /opt/st/stm32cubeide_1.14.0/plugins/com.st.stm32cube.common.mx_6.10.0.202311202037//db//mcu/
2024-04-27 08:17:02,740 [INFO] ApiDb:274 - Set plugin database path to: /opt/st/stm32cubeide_1.14.0/plugins/com.st.stm32cube.common.mx_6.10.0.202311202037//db//plugins/boardmanager/
2024-04-27 08:17:02,740 [INFO] ApiDb:261 - Set plugin images path to: /opt/st/stm32cubeide_1.14.0/plugins/com.st.stm32cube.common.mx_6.10.0.202311202037//db//plugins/mcufinder/images/
2024-04-27 08:17:02,740 [WARN] DbFile:41 - Overriding database path with different value: /home/fede/.stmcufinder/plugins/mcufinder/ => /home/fede/.stmcufinder/plugins/mcufinder
2024-04-27 08:17:02,740 [INFO] ApiDb:250 - Set database path to: /home/fede/.stmcufinder/plugins/mcufinder//mcu/
2024-04-27 08:17:02,740 [WARN] DbFile:41 - Overriding database path with different value: /home/fede/.stmcufinder/plugins/mcufinder/ => /home/fede/.stmcufinder/plugins/mcufinder
2024-04-27 08:17:02,740 [INFO] DbMcusAds:125 - Set database path to: /home/fede/.stmcufinder/plugins/mcufinder//mcu/
2024-04-27 08:17:02,740 [WARN] DbFile:41 - Overriding database path with different value: /home/fede/.stmcufinder/plugins/mcufinder/ => /home/fede/.stmcufinder/plugins/mcufinder
2024-04-27 08:17:02,740 [WARN] DbFile:41 - Overriding database path with different value: /home/fede/.stmcufinder/plugins/mcufinder/ => /home/fede/.stmcufinder/plugins/mcufinder
2024-04-27 08:17:02,741 [INFO] CrossReferenceDbSqlite:203 - Set database path to: /home/fede/.stmcufinder/plugins/mcufinder//mcu/cs/
2024-04-27 08:17:02,812 [INFO] MainPanel:264 - HeapMemory: 268435456
2024-04-27 08:17:02,897 [INFO] DbMcusXml:78 - Set database path to: /opt/st/stm32cubeide_1.14.0/plugins/com.st.stm32cube.common.mx_6.10.0.202311202037//db//mcu/
2024-04-27 08:17:02,897 [INFO] ApiDb:274 - Set plugin database path to: /opt/st/stm32cubeide_1.14.0/plugins/com.st.stm32cube.common.mx_6.10.0.202311202037//db//plugins/boardmanager/
2024-04-27 08:17:02,897 [INFO] ApiDb:261 - Set plugin images path to: /opt/st/stm32cubeide_1.14.0/plugins/com.st.stm32cube.common.mx_6.10.0.202311202037//db//plugins/mcufinder/images/
2024-04-27 08:17:02,897 [WARN] DbFile:41 - Overriding database path with different value: /home/fede/.stmcufinder/plugins/mcufinder/ => /home/fede/.stmcufinder/plugins/mcufinder
2024-04-27 08:17:02,898 [INFO] ApiDb:250 - Set database path to: /home/fede/.stmcufinder/plugins/mcufinder//mcu/
2024-04-27 08:17:02,898 [WARN] DbFile:41 - Overriding database path with different value: /home/fede/.stmcufinder/plugins/mcufinder/ => /home/fede/.stmcufinder/plugins/mcufinder
2024-04-27 08:17:02,898 [INFO] DbMcusAds:125 - Set database path to: /home/fede/.stmcufinder/plugins/mcufinder//mcu/
2024-04-27 08:17:02,898 [WARN] DbFile:41 - Overriding database path with different value: /home/fede/.stmcufinder/plugins/mcufinder/ => /home/fede/.stmcufinder/plugins/mcufinder
2024-04-27 08:17:02,898 [WARN] DbFile:41 - Overriding database path with different value: /home/fede/.stmcufinder/plugins/mcufinder/ => /home/fede/.stmcufinder/plugins/mcufinder
2024-04-27 08:17:02,898 [INFO] CrossReferenceDbSqlite:203 - Set database path to: /home/fede/.stmcufinder/plugins/mcufinder//mcu/cs/
2024-04-27 08:17:02,915 [INFO] ApplicationProperties:184 - Using Application install path: /opt/st/stm32cubeide_1.14.0/plugins/com.st.stm32cube.common.mx_6.10.0.202311202037
2024-04-27 08:17:02,916 [INFO] PluginManage:196 - Search for loadable plugins [exclusion list=, ]
2024-04-27 08:17:02,917 [INFO] PluginManage:310 - Check plugin analytics
2024-04-27 08:17:03,137 [INFO] AnalyticsPlugin:253 - Accepted Software Licenses: 
2024-04-27 08:17:03,138 [INFO] AnalyticsPlugin:255 - Accepted CMSIS Pack Licenses: STMicroelectronics.X-CUBE-ALGOBUILD.1.3.0,ARM.CMSIS-DSP.1.15.0
2024-04-27 08:17:03,138 [INFO] AnalyticsPlugin:257 - Accepted Firmware Licenses: FW.F7.1.17.0
2024-04-27 08:17:03,141 [INFO] PluginManage:359 - Loaded plugin analytics (category:tool,tabindex:-1)
2024-04-27 08:17:03,141 [INFO] PluginManage:310 - Check plugin cadmodel
2024-04-27 08:17:03,177 [INFO] CADModel:105 - Init CAD model plugin
2024-04-27 08:17:03,178 [INFO] PluginManage:359 - Loaded plugin cadmodel (category:power,tabindex:5)
2024-04-27 08:17:03,178 [INFO] PluginManage:310 - Check plugin clock
2024-04-27 08:17:03,190 [INFO] PluginManage:359 - Loaded plugin clock (category:base,tabindex:2)
2024-04-27 08:17:03,190 [INFO] PluginManage:310 - Check plugin ddr
2024-04-27 08:17:03,192 [INFO] PluginManage:359 - Loaded plugin ddr (category:tool,tabindex:6)
2024-04-27 08:17:03,193 [INFO] PluginManage:310 - Check plugin filemanager
2024-04-27 08:17:03,442 [INFO] PluginManage:359 - Loaded plugin filemanager (category:base,tabindex:10)
2024-04-27 08:17:03,442 [INFO] PluginManage:310 - Check plugin ipmanager
2024-04-27 08:17:03,454 [INFO] PluginManage:359 - Loaded plugin ipmanager (category:base,tabindex:5)
2024-04-27 08:17:03,455 [INFO] PluginManage:310 - Check plugin lpbam
2024-04-27 08:17:03,484 [INFO] PluginManage:359 - Loaded plugin lpbam (category:base,tabindex:0)
2024-04-27 08:17:03,484 [INFO] PluginManage:310 - Check plugin memorymap
2024-04-27 08:17:03,506 [INFO] PluginManage:359 - Loaded plugin memorymap (category:base,tabindex:4)
2024-04-27 08:17:03,506 [INFO] PluginManage:310 - Check plugin pinoutandconfiguration
2024-04-27 08:17:03,520 [INFO] PluginManage:359 - Loaded plugin pinoutandconfiguration (category:base,tabindex:1)
2024-04-27 08:17:03,520 [INFO] PluginManage:310 - Check plugin pinoutconfig
2024-04-27 08:17:03,672 [WARN] SupportedApi:132 - Cannot load RTOS API schema: s4s-elt-must-match.1: The content of 'definitions' must match (annotation?, (simpleType | complexType)?, (unique | key | keyref)*)). A problem was found starting at: attribute.
2024-04-27 08:17:03,889 [INFO] PluginManage:359 - Loaded plugin pinoutconfig (category:base,tabindex:0)
2024-04-27 08:17:03,890 [INFO] PluginManage:310 - Check plugin power
2024-04-27 08:17:03,903 [INFO] PluginManage:359 - Loaded plugin power (category:power,tabindex:4)
2024-04-27 08:17:03,904 [INFO] PluginManage:310 - Check plugin projectmanager
2024-04-27 08:17:03,930 [INFO] PluginManage:359 - Loaded plugin projectmanager (category:projectmanager,tabindex:3)
2024-04-27 08:17:03,931 [INFO] PluginManage:310 - Check plugin thirdparty
2024-04-27 08:17:04,107 [INFO] PluginManage:359 - Loaded plugin thirdparty (category:base,tabindex:-1)
2024-04-27 08:17:04,107 [WARN] IntegrityCheckThread:84 - waiting for thirdparty lock release [integrity check]
2024-04-27 08:17:04,107 [INFO] PluginManage:310 - Check plugin tools
2024-04-27 08:17:04,107 [INFO] IntegrityCheckThread:86 - entering critical section [integrity check]
2024-04-27 08:17:04,108 [INFO] ThirdPartyUpdaterWithRetryManager:70 - Updater plugin not ready yet. [1/15]
2024-04-27 08:17:04,110 [INFO] PluginManage:359 - Loaded plugin tools (category:base,tabindex:7)
2024-04-27 08:17:04,111 [INFO] PluginManage:310 - Check plugin tutovideos
2024-04-27 08:17:04,367 [INFO] PluginManage:359 - Loaded plugin tutovideos (category:base,tabindex:-1)
2024-04-27 08:17:04,368 [INFO] PluginManage:310 - Check plugin updater
2024-04-27 08:17:04,382 [INFO] PluginManage:359 - Loaded plugin updater (category:base,tabindex:12)
2024-04-27 08:17:04,382 [INFO] PluginManage:310 - Check plugin userauth
2024-04-27 08:17:04,389 [INFO] UserAuth:114 - Init User Auth plugin
2024-04-27 08:17:04,389 [INFO] PluginManage:359 - Loaded plugin userauth (category:base,tabindex:14)
2024-04-27 08:17:04,390 [INFO] PluginManage:283 - PluginManage : Loaded plugins [17]
2024-04-27 08:17:04,601 [INFO] PinOutPanel:1499 - setPackage(No Configuration,No Configuration)
2024-04-27 08:17:04,671 [INFO] CADModel:165 - CPN selected for project level
2024-04-27 08:17:04,671 [INFO] CADModel:114 - Register for checkConnection events
2024-04-27 08:17:04,686 [INFO] IPUIPlugin:80 - create IPUIPlugin
2024-04-27 08:17:04,686 [INFO] PluginManager:220 - loadIPPluginJar : add gfxmmu
2024-04-27 08:17:04,688 [INFO] IPUIPlugin:80 - create IPUIPlugin
2024-04-27 08:17:04,688 [INFO] PluginManager:220 - loadIPPluginJar : add comp
2024-04-27 08:17:04,691 [INFO] IPUIPlugin:80 - create IPUIPlugin
2024-04-27 08:17:04,691 [INFO] PluginManager:220 - loadIPPluginJar : add usbx
2024-04-27 08:17:04,700 [INFO] IPUIPlugin:80 - create IPUIPlugin
2024-04-27 08:17:04,700 [INFO] PluginManager:220 - loadIPPluginJar : add linkedlist
2024-04-27 08:17:04,708 [INFO] IPUIPlugin:80 - create IPUIPlugin
2024-04-27 08:17:04,708 [INFO] PluginManager:220 - loadIPPluginJar : add mdma
2024-04-27 08:17:04,712 [INFO] IPUIPlugin:80 - create IPUIPlugin
2024-04-27 08:17:04,712 [INFO] PluginManager:220 - loadIPPluginJar : add i3c
2024-04-27 08:17:04,714 [INFO] IPUIPlugin:80 - create IPUIPlugin
2024-04-27 08:17:04,715 [INFO] PluginManager:220 - loadIPPluginJar : add cryp
2024-04-27 08:17:04,716 [INFO] IPUIPlugin:80 - create IPUIPlugin
2024-04-27 08:17:04,716 [INFO] PluginManager:220 - loadIPPluginJar : add quadspi
2024-04-27 08:17:04,718 [INFO] IPUIPlugin:80 - create IPUIPlugin
2024-04-27 08:17:04,718 [INFO] PluginManager:220 - loadIPPluginJar : add tsc
2024-04-27 08:17:04,720 [INFO] IPUIPlugin:80 - create IPUIPlugin
2024-04-27 08:17:04,721 [INFO] PluginManager:220 - loadIPPluginJar : add hash
2024-04-27 08:17:04,723 [INFO] IPUIPlugin:80 - create IPUIPlugin
2024-04-27 08:17:04,723 [INFO] PluginManager:220 - loadIPPluginJar : add aes
2024-04-27 08:17:04,726 [INFO] IPUIPlugin:80 - create IPUIPlugin
2024-04-27 08:17:04,726 [INFO] PluginManager:220 - loadIPPluginJar : add i2c
2024-04-27 08:17:04,729 [INFO] IPUIPlugin:80 - create IPUIPlugin
2024-04-27 08:17:04,729 [INFO] PluginManager:220 - loadIPPluginJar : add gtzc
2024-04-27 08:17:04,736 [INFO] IPUIPlugin:80 - create IPUIPlugin
2024-04-27 08:17:04,737 [INFO] PluginManager:220 - loadIPPluginJar : add stm32_wpan
2024-04-27 08:17:04,743 [INFO] IPUIPlugin:80 - create IPUIPlugin
2024-04-27 08:17:04,747 [INFO] PluginManager:220 - loadIPPluginJar : add plateformsettings
2024-04-27 08:17:04,754 [INFO] IPUIPlugin:80 - create IPUIPlugin
2024-04-27 08:17:04,754 [INFO] PluginManager:220 - loadIPPluginJar : add adc
2024-04-27 08:17:04,757 [INFO] IPUIPlugin:80 - create IPUIPlugin
2024-04-27 08:17:04,757 [INFO] PluginManager:220 - loadIPPluginJar : add sai
2024-04-27 08:17:04,764 [INFO] IPUIPlugin:80 - create IPUIPlugin
2024-04-27 08:17:04,764 [INFO] PluginManager:220 - loadIPPluginJar : add gic
2024-04-27 08:17:04,767 [INFO] IPUIPlugin:80 - create IPUIPlugin
2024-04-27 08:17:04,767 [INFO] PluginManager:220 - loadIPPluginJar : add opamp
2024-04-27 08:17:04,769 [INFO] IPUIPlugin:80 - create IPUIPlugin
2024-04-27 08:17:04,769 [INFO] PluginManager:220 - loadIPPluginJar : add i2s
2024-04-27 08:17:04,773 [INFO] IPUIPlugin:80 - create IPUIPlugin
2024-04-27 08:17:04,773 [INFO] PluginManager:220 - loadIPPluginJar : add touchsensing
2024-04-27 08:17:04,775 [INFO] IPUIPlugin:80 - create IPUIPlugin
2024-04-27 08:17:04,775 [INFO] PluginManager:220 - loadIPPluginJar : add dma3
2024-04-27 08:17:04,780 [INFO] IPUIPlugin:80 - create IPUIPlugin
2024-04-27 08:17:04,781 [INFO] PluginManager:220 - loadIPPluginJar : add gpio
2024-04-27 08:17:04,784 [INFO] IPUIPlugin:80 - create IPUIPlugin
2024-04-27 08:17:04,784 [INFO] PluginManager:220 - loadIPPluginJar : add lorawan
2024-04-27 08:17:04,787 [INFO] IPUIPlugin:80 - create IPUIPlugin
2024-04-27 08:17:04,787 [INFO] PluginManager:220 - loadIPPluginJar : add tracer_emb
2024-04-27 08:17:04,791 [INFO] IPUIPlugin:80 - create IPUIPlugin
2024-04-27 08:17:04,791 [INFO] PluginManager:220 - loadIPPluginJar : add ipddr
2024-04-27 08:17:04,794 [INFO] IPUIPlugin:80 - create IPUIPlugin
2024-04-27 08:17:04,795 [INFO] PluginManager:220 - loadIPPluginJar : add resmgrutility
2024-04-27 08:17:04,799 [INFO] IPUIPlugin:80 - create IPUIPlugin
2024-04-27 08:17:04,800 [INFO] PluginManager:220 - loadIPPluginJar : add fmc
2024-04-27 08:17:04,801 [INFO] IPUIPlugin:80 - create IPUIPlugin
2024-04-27 08:17:04,801 [INFO] PluginManager:220 - loadIPPluginJar : add tim
2024-04-27 08:17:04,803 [INFO] IPUIPlugin:80 - create IPUIPlugin
2024-04-27 08:17:04,803 [INFO] PluginManager:220 - loadIPPluginJar : add ltdc
2024-04-27 08:17:04,804 [INFO] IPUIPlugin:80 - create IPUIPlugin
2024-04-27 08:17:04,804 [INFO] PluginManager:220 - loadIPPluginJar : add genericplugin
2024-04-27 08:17:04,811 [INFO] IPUIPlugin:80 - create IPUIPlugin
2024-04-27 08:17:04,811 [INFO] PluginManager:220 - loadIPPluginJar : add dma
2024-04-27 08:17:04,815 [INFO] IPUIPlugin:80 - create IPUIPlugin
2024-04-27 08:17:04,815 [INFO] PluginManager:220 - loadIPPluginJar : add usart
2024-04-27 08:17:04,817 [INFO] IPUIPlugin:80 - create IPUIPlugin
2024-04-27 08:17:04,818 [INFO] PluginManager:220 - loadIPPluginJar : add openamp
2024-04-27 08:17:04,819 [INFO] IPUIPlugin:80 - create IPUIPlugin
2024-04-27 08:17:04,819 [INFO] PluginManager:220 - loadIPPluginJar : add fatfs
2024-04-27 08:17:04,821 [INFO] IPUIPlugin:80 - create IPUIPlugin
2024-04-27 08:17:04,821 [INFO] PluginManager:220 - loadIPPluginJar : add spi
2024-04-27 08:17:04,823 [INFO] IPUIPlugin:80 - create IPUIPlugin
2024-04-27 08:17:04,824 [INFO] PluginManager:220 - loadIPPluginJar : add dfsdm
2024-04-27 08:17:04,826 [INFO] IPUIPlugin:80 - create IPUIPlugin
2024-04-27 08:17:04,826 [INFO] PluginManager:220 - loadIPPluginJar : add can
2024-04-27 08:17:04,831 [INFO] IPUIPlugin:80 - create IPUIPlugin
2024-04-27 08:17:04,831 [INFO] PluginManager:220 - loadIPPluginJar : add nvic
2024-04-27 08:17:04,837 [INFO] IPUIPlugin:80 - create IPUIPlugin
2024-04-27 08:17:04,837 [INFO] PluginManager:220 - loadIPPluginJar : add freertos
2024-04-27 08:17:04,840 [INFO] IPUIPlugin:80 - create IPUIPlugin
2024-04-27 08:17:04,840 [INFO] PluginManager:220 - loadIPPluginJar : add pdm2pcm
2024-04-27 08:17:04,842 [INFO] IPUIPlugin:80 - create IPUIPlugin
2024-04-27 08:17:04,842 [INFO] PluginManager:220 - loadIPPluginJar : add ts
2024-04-27 08:17:04,844 [INFO] IPUIPlugin:80 - create IPUIPlugin
2024-04-27 08:17:04,844 [INFO] PluginManager:220 - loadIPPluginJar : add ucpd
2024-04-27 08:17:04,956 [INFO] CADModel:165 - CPN selected for project level
2024-04-27 08:17:04,956 [INFO] CADModel:114 - Register for checkConnection events
2024-04-27 08:17:04,957 [FATAL] Updater:308 - Updater called before beeing initialized
2024-04-27 08:17:04,957 [ERROR] CADModel:125 - Updater not yet initialized, retry later 
2024-04-27 08:17:05,128 [INFO] CADModel:165 - CPN selected for project level
2024-04-27 08:17:05,128 [INFO] CADModel:114 - Register for checkConnection events
2024-04-27 08:17:05,128 [FATAL] Updater:308 - Updater called before beeing initialized
2024-04-27 08:17:05,128 [ERROR] CADModel:125 - Updater not yet initialized, retry later 
2024-04-27 08:17:05,133 [FATAL] Updater:308 - Updater called before beeing initialized
2024-04-27 08:17:05,236 [FATAL] Updater:308 - Updater called before beeing initialized
2024-04-27 08:17:05,241 [INFO] DbMcusAds:53 - JSON generation date=Wed Nov 29 07:52:27 ART 2023 (1701255147349)
2024-04-27 08:17:05,242 [FATAL] Updater:308 - Updater called before beeing initialized
2024-04-27 08:17:05,290 [WARN] DetailPanel:346 - Failed to get advertising image, set to default
2024-04-27 08:17:05,429 [FATAL] Updater:308 - Updater called before beeing initialized
2024-04-27 08:17:05,431 [FATAL] Updater:308 - Updater called before beeing initialized
2024-04-27 08:17:05,431 [FATAL] Updater:308 - Updater called before beeing initialized
2024-04-27 08:17:05,431 [WARN] DetailPanel:346 - Failed to get advertising image, set to default
2024-04-27 08:17:05,432 [FATAL] Updater:308 - Updater called before beeing initialized
2024-04-27 08:17:05,487 [ERROR] Updater:1120 - MainUpdater not yet initialized. External WinMGr cannot be set.
2024-04-27 08:17:05,490 [INFO] Updater:1056 - Updater Version found : 6.10.0
2024-04-27 08:17:05,516 [INFO] ApplicationProperties:184 - Using Application install path: /opt/st/stm32cubeide_1.14.0/plugins/com.st.stm32cube.common.mx_6.10.0.202311202037
2024-04-27 08:17:05,856 [INFO] MainUpdater:2873 - connection check result : 10
2024-04-27 08:17:05,857 [INFO] MainUpdater:290 - Updater Check For Update Now.
2024-04-27 08:17:05,857 [INFO] MicroXplorer:498 - Change Database Version : DB.6.0.100
2024-04-27 08:17:05,863 [INFO] McuFinderGlobals:63 - Set McuFinder mode to 2 (CubeIDE integrated)
2024-04-27 08:17:06,108 [INFO] CheckServerUpdateThread:120 - End of CheckServer Thread
2024-04-27 08:17:07,024 [INFO] UserAuth:404 - Internet connection configuration mode: 1
2024-04-27 08:17:07,034 [INFO] JxBrowserEngine:152 - Initiate JxBrowser Engine with user profile folder
2024-04-27 08:17:07,199 [WARN] PackLoader:240 - Cannot read IP mode file for STMicroelectronics.FP-SNS-MOTENVWB1.1.4.0
2024-04-27 08:17:07,208 [WARN] PackLoader:240 - Cannot read IP mode file for STMicroelectronics.X-CUBE-SMBUS.2.1.0
2024-04-27 08:17:07,212 [WARN] PackLoader:240 - Cannot read IP mode file for STMicroelectronics.X-CUBE-TOUCHGFX.4.23.0
2024-04-27 08:17:07,216 [WARN] PackLoader:240 - Cannot read IP mode file for STMicroelectronics.X-CUBE-TOUCHGFX.4.23.2
2024-04-27 08:17:07,258 [WARN] PackLoader:240 - Cannot read IP mode file for STMicroelectronics.X-CUBE-AZRTOS-F7.1.1.0
2024-04-27 08:17:07,271 [WARN] PackLoader:240 - Cannot read IP mode file for STMicroelectronics.FP-SNS-MOTENV1.4.3.2
2024-04-27 08:17:07,280 [WARN] PackLoader:240 - Cannot read IP mode file for STMicroelectronics.FP-SNS-FLIGHT1.5.0.2
2024-04-27 08:17:07,288 [WARN] PackLoader:240 - Cannot read IP mode file for STMicroelectronics.X-CUBE-DISPLAY.3.0.0
2024-04-27 08:17:07,298 [WARN] PackLoader:240 - Cannot read IP mode file for STMicroelectronics.X-CUBE-BLE1.7.0.0
2024-04-27 08:17:07,302 [WARN] PackLoader:240 - Cannot read IP mode file for emotas.I-CUBE-CANOPEN.1.3.0
2024-04-27 08:17:07,305 [WARN] PackLoader:240 - Cannot read IP mode file for STMicroelectronics.X-CUBE-TOUCHGFX.4.22.0
2024-04-27 08:17:07,307 [WARN] PackLoader:240 - Cannot read IP mode file for STMicroelectronics.X-CUBE-TOUCHGFX.4.22.1
2024-04-27 08:17:07,316 [WARN] PackLoader:240 - Cannot read IP mode file for STMicroelectronics.X-CUBE-BLEMGR.3.1.0
2024-04-27 08:17:07,322 [WARN] PackLoader:240 - Cannot read IP mode file for STMicroelectronics.FP-SNS-SMARTAG2.1.2.0
2024-04-27 08:17:07,336 [INFO] LogOutputStream:77 - [STDOUT_REDIRECT] 1 : Invalid condition id : UX_CORESTACK_Condition cause : null
2024-04-27 08:17:07,336 [INFO] LogOutputStream:77 - [STDOUT_REDIRECT] 1 : Invalid condition id : UX_CORESTACK_Condition cause : null
2024-04-27 08:17:07,337 [INFO] LogOutputStream:77 - [STDOUT_REDIRECT] 1 : Invalid condition id : UX_CORESTACK_Condition cause : null
2024-04-27 08:17:07,337 [INFO] LogOutputStream:77 - [STDOUT_REDIRECT] 1 : Invalid condition id : UX_CORESTACK_Condition cause : null
2024-04-27 08:17:07,337 [INFO] LogOutputStream:77 - [STDOUT_REDIRECT] 1 : Invalid condition id : UX_CORESTACK_Condition cause : null
2024-04-27 08:17:07,342 [WARN] PackLoader:240 - Cannot read IP mode file for STMicroelectronics.X-CUBE-AZRTOS-WL.2.0.0
2024-04-27 08:17:07,350 [WARN] PackLoader:240 - Cannot read IP mode file for STMicroelectronics.FP-SNS-MOTENV1.5.0.0
2024-04-27 08:17:07,361 [WARN] PackLoader:240 - Cannot read IP mode file for WES.I-CUBE-Cesium.1.3.0
2024-04-27 08:17:07,368 [WARN] PackLoader:240 - Cannot read IP mode file for STMicroelectronics.X-CUBE-BLE2.3.3.0
2024-04-27 08:17:07,376 [WARN] PackLoader:240 - Cannot read IP mode file for STMicroelectronics.X-CUBE-TCPP.4.1.0
2024-04-27 08:17:07,388 [WARN] PackLoader:240 - Cannot read IP mode file for STMicroelectronics.X-CUBE-ALGOBUILD.1.3.0
2024-04-27 08:17:07,560 [WARN] PackLoader:240 - Cannot read IP mode file for STMicroelectronics.X-CUBE-AZRTOS-G0.1.1.0
2024-04-27 08:17:07,576 [WARN] PackLoader:240 - Cannot read IP mode file for STMicroelectronics.X-CUBE-SAFEA1.1.2.2
2024-04-27 08:17:07,589 [WARN] PackLoader:240 - Cannot read IP mode file for STMicroelectronics.X-CUBE-NFC4.3.0.0
2024-04-27 08:17:07,609 [WARN] PackLoader:240 - Cannot read IP mode file for STMicroelectronics.X-CUBE-BLEMGR.3.0.0
2024-04-27 08:17:07,620 [WARN] PackLoader:240 - Cannot read IP mode file for STMicroelectronics.FP-ATR-SIGFOX1.3.2.0
2024-04-27 08:17:07,631 [WARN] PackLoader:240 - Cannot read IP mode file for STMicroelectronics.X-CUBE-EEPRMA1.5.1.0
2024-04-27 08:17:07,710 [WARN] PackLoader:240 - Cannot read IP mode file for SEGGER.I-CUBE-embOS.1.3.1
2024-04-27 08:17:07,810 [WARN] PackLoader:240 - Cannot read IP mode file for STMicroelectronics.X-CUBE-GNSS1.6.0.0
2024-04-27 08:17:07,856 [WARN] PackLoader:240 - Cannot read IP mode file for STMicroelectronics.X-CUBE-AZRTOS-F4.1.1.0
2024-04-27 08:17:07,869 [WARN] PackLoader:240 - Cannot read IP mode file for wolfSSL.I-CUBE-wolfSSL.5.6.3
2024-04-27 08:17:07,878 [WARN] PackLoader:240 - Cannot read IP mode file for STMicroelectronics.X-CUBE-FREERTOS.1.2.0
2024-04-27 08:17:07,888 [WARN] PackLoader:240 - Cannot read IP mode file for wolfSSL.I-CUBE-wolfSSL.5.6.6
2024-04-27 08:17:07,926 [WARN] PackLoader:240 - Cannot read IP mode file for STMicroelectronics.X-CUBE-AZRTOS-L5.2.0.0
2024-04-27 08:17:08,013 [WARN] PackLoader:240 - Cannot read IP mode file for STMicroelectronics.X-CUBE-MEMS1.9.6.0
2024-04-27 08:17:08,367 [WARN] PackLoader:240 - Cannot read IP mode file for STMicroelectronics.X-CUBE-EEPRMA1.4.2.0
2024-04-27 08:17:08,379 [WARN] PackLoader:240 - Cannot read IP mode file for STMicroelectronics.X-CUBE-NFC6.3.1.0
2024-04-27 08:17:08,386 [INFO] WebApp:161 - Instantiating new browser for Auth
2024-04-27 08:17:08,389 [WARN] PackLoader:240 - Cannot read IP mode file for ITTIA_DB.I-CUBE-ITTIADB.8.8.0
2024-04-27 08:17:08,408 [WARN] PackLoader:240 - Cannot read IP mode file for STMicroelectronics.X-CUBE-BLEMGR.2.0.0
2024-04-27 08:17:08,421 [WARN] PackLoader:240 - Cannot read IP mode file for STMicroelectronics.X-CUBE-AI.9.0.0
2024-04-27 08:17:08,478 [WARN] ConditionMgr:438 - getConditionDescription Invalid condition id : UX DEVICE CLASS RTOS Condition cause : null
2024-04-27 08:17:08,479 [WARN] ConditionMgr:438 - getConditionDescription Invalid condition id : UX DEVICE CLASS RTOS Condition cause : null
2024-04-27 08:17:08,492 [WARN] PackLoader:240 - Cannot read IP mode file for STMicroelectronics.X-CUBE-AZRTOS-H7.3.1.0
2024-04-27 08:17:08,496 [WARN] ConditionMgr:1039 - genDependencies : Invalid condition id : UX DEVICE CLASS RTOS Condition cause : null
2024-04-27 08:17:08,497 [WARN] ConditionMgr:1039 - genDependencies : Invalid condition id : UX DEVICE CLASS RTOS Condition cause : null
2024-04-27 08:17:08,499 [WARN] ConditionMgr:1039 - genDependencies : Invalid condition id : UX DEVICE CLASS RTOS Condition cause : null
2024-04-27 08:17:08,500 [WARN] ConditionMgr:1039 - genDependencies : Invalid condition id : UX DEVICE CLASS RTOS Condition cause : null
2024-04-27 08:17:08,500 [WARN] ConditionMgr:1039 - genDependencies : Invalid condition id : UX DEVICE CLASS RTOS Condition cause : null
2024-04-27 08:17:08,514 [WARN] PackLoader:240 - Cannot read IP mode file for STMicroelectronics.X-CUBE-NFC7.1.0.1
2024-04-27 08:17:08,529 [WARN] PackLoader:240 - Cannot read IP mode file for STMicroelectronics.X-CUBE-NFC6.3.0.0
2024-04-27 08:17:08,538 [WARN] PackLoader:240 - Cannot read IP mode file for STMicroelectronics.X-CUBE-EEPRMA1.4.1.0
2024-04-27 08:17:08,544 [WARN] PackLoader:240 - Cannot read IP mode file for STMicroelectronics.X-CUBE-AI.8.1.0
2024-04-27 08:17:08,597 [WARN] ConditionMgr:438 - getConditionDescription Invalid condition id : LAN8742 Phy interface Condition cause : null
2024-04-27 08:17:08,599 [WARN] PackLoader:240 - Cannot read IP mode file for STMicroelectronics.X-CUBE-AZRTOS-L4.2.0.0
2024-04-27 08:17:08,602 [WARN] ConditionMgr:1039 - genDependencies : Invalid condition id : LAN8742 Phy interface Condition cause : null
2024-04-27 08:17:08,603 [WARN] ConditionMgr:1039 - genDependencies : Invalid condition id : LAN8742 Phy interface Condition cause : null
2024-04-27 08:17:08,604 [WARN] ConditionMgr:1039 - genDependencies : Invalid condition id : LAN8742 Phy interface Condition cause : null
2024-04-27 08:17:08,621 [WARN] PackLoader:240 - Cannot read IP mode file for STMicroelectronics.X-CUBE-SFXS2LP1.4.0.0
2024-04-27 08:17:08,631 [WARN] PackLoader:240 - Cannot read IP mode file for STMicroelectronics.X-CUBE-ISPU.1.1.0
2024-04-27 08:17:08,690 [WARN] ConditionMgr:438 - getConditionDescription Invalid condition id : UX DEVICE CLASS RTOS Condition cause : null
2024-04-27 08:17:08,691 [WARN] ConditionMgr:438 - getConditionDescription Invalid condition id : UX DEVICE CLASS RTOS Condition cause : null
2024-04-27 08:17:08,698 [WARN] PackLoader:240 - Cannot read IP mode file for STMicroelectronics.X-CUBE-AZRTOS-WB.2.0.0
2024-04-27 08:17:08,700 [WARN] ConditionMgr:1039 - genDependencies : Invalid condition id : UX DEVICE CLASS RTOS Condition cause : null
2024-04-27 08:17:08,700 [WARN] ConditionMgr:1039 - genDependencies : Invalid condition id : UX DEVICE CLASS RTOS Condition cause : null
2024-04-27 08:17:08,701 [WARN] ConditionMgr:1039 - genDependencies : Invalid condition id : UX DEVICE CLASS RTOS Condition cause : null
2024-04-27 08:17:08,702 [WARN] ConditionMgr:1039 - genDependencies : Invalid condition id : UX DEVICE CLASS RTOS Condition cause : null
2024-04-27 08:17:08,702 [WARN] ConditionMgr:1039 - genDependencies : Invalid condition id : UX DEVICE CLASS RTOS Condition cause : null
2024-04-27 08:17:08,728 [WARN] PackLoader:240 - Cannot read IP mode file for STMicroelectronics.X-CUBE-SUBG2.5.0.0
2024-04-27 08:17:08,765 [WARN] PackLoader:240 - Cannot read IP mode file for STMicroelectronics.X-CUBE-TOF1.3.3.1
2024-04-27 08:17:08,826 [WARN] PackLoader:240 - Cannot read IP mode file for STMicroelectronics.X-CUBE-AZRTOS-G4.2.0.0
2024-04-27 08:17:08,859 [WARN] PackLoader:240 - Cannot read IP mode file for Infineon.AIROC-Wi-Fi-Bluetooth-STM32.1.5.1
2024-04-27 08:17:08,876 [WARN] PackLoader:240 - Cannot read IP mode file for STMicroelectronics.FP-SNS-MOTENVWB1.1.3.0
2024-04-27 08:17:08,885 [WARN] PackLoader:240 - Cannot read IP mode file for STMicroelectronics.FP-SNS-MOTENVWB1.1.3.1
2024-04-27 08:17:08,894 [WARN] PackLoader:240 - Cannot read IP mode file for STMicroelectronics.X-CUBE-ISPU.2.0.0
2024-04-27 08:17:09,007 [WARN] PackLoader:240 - Cannot read IP mode file for STMicroelectronics.X-CUBE-MEMS1.10.0.0
2024-04-27 08:17:09,341 [WARN] PackLoader:240 - Cannot read IP mode file for STMicroelectronics.X-CUBE-FREERTOS.1.1.0
2024-04-27 08:17:09,352 [WARN] PackLoader:240 - Cannot read IP mode file for portGmbH.I-Cube-SoM-uGOAL.1.1.0
2024-04-27 08:17:09,359 [WARN] PackLoader:240 - Cannot read IP mode file for STMicroelectronics.X-CUBE-ALS.1.0.1
2024-04-27 08:17:09,388 [WARN] PackLoader:240 - Cannot read IP mode file for STMicroelectronics.X-CUBE-AZRTOS-H7RS.1.0.0
2024-04-27 08:17:09,397 [WARN] PackLoader:240 - Cannot read IP mode file for STMicroelectronics.FP-ATR-ASTRA1.2.0.0
2024-04-27 08:17:09,412 [WARN] PackLoader:240 - Cannot read IP mode file for STMicroelectronics.X-CUBE-TOF1.3.4.0
2024-04-27 08:17:09,452 [WARN] PackLoader:240 - Cannot read IP mode file for STMicroelectronics.X-CUBE-TOF1.3.4.1
2024-04-27 08:17:09,510 [WARN] PackLoader:240 - Cannot read IP mode file for STMicroelectronics.X-CUBE-AZRTOS-H7.3.2.0
2024-04-27 08:17:09,517 [INFO] ThirdParty:978 - Integrity check success = true
2024-04-27 08:17:09,518 [INFO] IntegrityCheckThread:100 - exiting critical section [integrity check]
2024-04-27 08:17:09,518 [INFO] IntegrityCheckThread:103 - End integrity checks thread
2024-04-27 08:17:09,798 [INFO] WebApp:780 - Register for checkConnection events
2024-04-27 08:17:09,799 [INFO] WebApp:414 - Apply proxy settings
2024-04-27 08:17:09,799 [INFO] WebApp:499 - Chromium requires no authentication
2024-04-27 08:17:09,816 [INFO] WebApp:442 - Direct internet connection detected
2024-04-27 08:17:10,077 [INFO] WebApp:192 - Starting web application
2024-04-27 08:17:10,078 [INFO] WebApp:544 - Web application path used /opt/st/stm32cubeide_1.14.0/plugins/com.st.stm32cube.common.mx_6.10.0.202311202037/db/plugins/mcufinder/reactClient1/index.html
2024-04-27 08:17:30,607 [ERROR] LogOutputStream:75 - [STDERR_REDIRECT] SLF4J: Failed to load class "org.slf4j.impl.StaticLoggerBinder".
2024-04-27 08:17:30,608 [ERROR] LogOutputStream:75 - [STDERR_REDIRECT] SLF4J: Defaulting to no-operation (NOP) logger implementation
2024-04-27 08:17:30,608 [ERROR] LogOutputStream:75 - [STDERR_REDIRECT] SLF4J: See http://www.slf4j.org/codes.html#StaticLoggerBinder for further details.
2024-04-27 21:47:53,561 [ERROR] LogOutputStream:75 - [STDERR_REDIRECT] 
