2024-05-06 20:13:43,247 [INFO] Activator:176 - 


2024-05-06 20:13:43,252 [INFO] Activator:177 - !SESSION log4j initialized
2024-05-06 20:13:49,445 [INFO] LogOutputStream:77 - [STDOUT_REDIRECT] 
2024-05-06 20:13:51,629 [INFO] ApplicationProperties:184 - Using Application install path: /opt/st/stm32cubeide_1.14.0/plugins/com.st.stm32cube.common.mx_6.10.0.202311202037
2024-05-06 20:13:51,731 [INFO] DbMcusXml:78 - Set database path to: /opt/st/stm32cubeide_1.14.0/plugins/com.st.stm32cube.common.mx_6.10.0.202311202037//db//mcu/
2024-05-06 20:13:51,732 [INFO] ApiDb:274 - Set plugin database path to: /opt/st/stm32cubeide_1.14.0/plugins/com.st.stm32cube.common.mx_6.10.0.202311202037//db//plugins/boardmanager/
2024-05-06 20:13:51,733 [WARN] ApiDb:259 - Overriding images path with different value:  => /opt/st/stm32cubeide_1.14.0/plugins/com.st.stm32cube.common.mx_6.10.0.202311202037//db//plugins/mcufinder/images/
2024-05-06 20:13:51,756 [INFO] ApiDb:250 - Set database path to: /home/fede/.stmcufinder/plugins/mcufinder//mcu/
2024-05-06 20:13:51,759 [INFO] DbMcusAds:125 - Set database path to: /home/fede/.stmcufinder/plugins/mcufinder//mcu/
2024-05-06 20:13:51,766 [INFO] CrossReferenceDbSqlite:203 - Set database path to: /home/fede/.stmcufinder/plugins/mcufinder//mcu/cs/
2024-05-06 20:13:52,307 [INFO] RulesReader:64 - Compatibility file has been processed (297 Rules)
2024-05-06 20:13:52,585 [INFO] DbMcusXml:78 - Set database path to: /opt/st/stm32cubeide_1.14.0/plugins/com.st.stm32cube.common.mx_6.10.0.202311202037//db//mcu/
2024-05-06 20:13:52,586 [INFO] ApiDb:274 - Set plugin database path to: /opt/st/stm32cubeide_1.14.0/plugins/com.st.stm32cube.common.mx_6.10.0.202311202037//db//plugins/boardmanager/
2024-05-06 20:13:52,587 [INFO] ApiDb:261 - Set plugin images path to: /opt/st/stm32cubeide_1.14.0/plugins/com.st.stm32cube.common.mx_6.10.0.202311202037//db//plugins/mcufinder/images/
2024-05-06 20:13:52,588 [WARN] DbFile:41 - Overriding database path with different value: /home/fede/.stmcufinder/plugins/mcufinder/ => /home/fede/.stmcufinder/plugins/mcufinder
2024-05-06 20:13:52,588 [INFO] ApiDb:250 - Set database path to: /home/fede/.stmcufinder/plugins/mcufinder//mcu/
2024-05-06 20:13:52,588 [WARN] DbFile:41 - Overriding database path with different value: /home/fede/.stmcufinder/plugins/mcufinder/ => /home/fede/.stmcufinder/plugins/mcufinder
2024-05-06 20:13:52,589 [INFO] DbMcusAds:125 - Set database path to: /home/fede/.stmcufinder/plugins/mcufinder//mcu/
2024-05-06 20:13:52,589 [WARN] DbFile:41 - Overriding database path with different value: /home/fede/.stmcufinder/plugins/mcufinder/ => /home/fede/.stmcufinder/plugins/mcufinder
2024-05-06 20:13:52,589 [WARN] DbFile:41 - Overriding database path with different value: /home/fede/.stmcufinder/plugins/mcufinder/ => /home/fede/.stmcufinder/plugins/mcufinder
2024-05-06 20:13:52,589 [INFO] CrossReferenceDbSqlite:203 - Set database path to: /home/fede/.stmcufinder/plugins/mcufinder//mcu/cs/
2024-05-06 20:13:52,903 [INFO] MainPanel:264 - HeapMemory: 268435456
2024-05-06 20:13:53,293 [INFO] DbMcusXml:78 - Set database path to: /opt/st/stm32cubeide_1.14.0/plugins/com.st.stm32cube.common.mx_6.10.0.202311202037//db//mcu/
2024-05-06 20:13:53,294 [INFO] ApiDb:274 - Set plugin database path to: /opt/st/stm32cubeide_1.14.0/plugins/com.st.stm32cube.common.mx_6.10.0.202311202037//db//plugins/boardmanager/
2024-05-06 20:13:53,294 [INFO] ApiDb:261 - Set plugin images path to: /opt/st/stm32cubeide_1.14.0/plugins/com.st.stm32cube.common.mx_6.10.0.202311202037//db//plugins/mcufinder/images/
2024-05-06 20:13:53,295 [WARN] DbFile:41 - Overriding database path with different value: /home/fede/.stmcufinder/plugins/mcufinder/ => /home/fede/.stmcufinder/plugins/mcufinder
2024-05-06 20:13:53,295 [INFO] ApiDb:250 - Set database path to: /home/fede/.stmcufinder/plugins/mcufinder//mcu/
2024-05-06 20:13:53,295 [WARN] DbFile:41 - Overriding database path with different value: /home/fede/.stmcufinder/plugins/mcufinder/ => /home/fede/.stmcufinder/plugins/mcufinder
2024-05-06 20:13:53,295 [INFO] DbMcusAds:125 - Set database path to: /home/fede/.stmcufinder/plugins/mcufinder//mcu/
2024-05-06 20:13:53,295 [WARN] DbFile:41 - Overriding database path with different value: /home/fede/.stmcufinder/plugins/mcufinder/ => /home/fede/.stmcufinder/plugins/mcufinder
2024-05-06 20:13:53,296 [WARN] DbFile:41 - Overriding database path with different value: /home/fede/.stmcufinder/plugins/mcufinder/ => /home/fede/.stmcufinder/plugins/mcufinder
2024-05-06 20:13:53,296 [INFO] CrossReferenceDbSqlite:203 - Set database path to: /home/fede/.stmcufinder/plugins/mcufinder//mcu/cs/
2024-05-06 20:13:53,362 [INFO] ApplicationProperties:184 - Using Application install path: /opt/st/stm32cubeide_1.14.0/plugins/com.st.stm32cube.common.mx_6.10.0.202311202037
2024-05-06 20:13:53,365 [INFO] PluginManage:196 - Search for loadable plugins [exclusion list=, ]
2024-05-06 20:13:53,368 [INFO] PluginManage:310 - Check plugin analytics
2024-05-06 20:13:53,821 [INFO] AnalyticsPlugin:253 - Accepted Software Licenses: 
2024-05-06 20:13:53,822 [INFO] AnalyticsPlugin:255 - Accepted CMSIS Pack Licenses: STMicroelectronics.X-CUBE-ALGOBUILD.1.3.0,ARM.CMSIS-DSP.1.15.0
2024-05-06 20:13:53,822 [INFO] AnalyticsPlugin:257 - Accepted Firmware Licenses: FW.F7.1.17.0
2024-05-06 20:13:53,827 [INFO] PluginManage:359 - Loaded plugin analytics (category:tool,tabindex:-1)
2024-05-06 20:13:53,827 [INFO] PluginManage:310 - Check plugin cadmodel
2024-05-06 20:13:53,899 [INFO] CADModel:105 - Init CAD model plugin
2024-05-06 20:13:53,900 [INFO] PluginManage:359 - Loaded plugin cadmodel (category:power,tabindex:5)
2024-05-06 20:13:53,900 [INFO] PluginManage:310 - Check plugin clock
2024-05-06 20:13:53,957 [INFO] PluginManage:359 - Loaded plugin clock (category:base,tabindex:2)
2024-05-06 20:13:53,958 [INFO] PluginManage:310 - Check plugin ddr
2024-05-06 20:13:53,970 [INFO] PluginManage:359 - Loaded plugin ddr (category:tool,tabindex:6)
2024-05-06 20:13:53,971 [INFO] PluginManage:310 - Check plugin filemanager
2024-05-06 20:13:54,379 [INFO] PluginManage:359 - Loaded plugin filemanager (category:base,tabindex:10)
2024-05-06 20:13:54,380 [INFO] PluginManage:310 - Check plugin ipmanager
2024-05-06 20:13:54,394 [INFO] PluginManage:359 - Loaded plugin ipmanager (category:base,tabindex:5)
2024-05-06 20:13:54,394 [INFO] PluginManage:310 - Check plugin lpbam
2024-05-06 20:13:54,418 [INFO] PluginManage:359 - Loaded plugin lpbam (category:base,tabindex:0)
2024-05-06 20:13:54,418 [INFO] PluginManage:310 - Check plugin memorymap
2024-05-06 20:13:54,447 [INFO] PluginManage:359 - Loaded plugin memorymap (category:base,tabindex:4)
2024-05-06 20:13:54,448 [INFO] PluginManage:310 - Check plugin pinoutandconfiguration
2024-05-06 20:13:54,471 [INFO] PluginManage:359 - Loaded plugin pinoutandconfiguration (category:base,tabindex:1)
2024-05-06 20:13:54,471 [INFO] PluginManage:310 - Check plugin pinoutconfig
2024-05-06 20:13:54,636 [WARN] SupportedApi:132 - Cannot load RTOS API schema: s4s-elt-must-match.1: The content of 'definitions' must match (annotation?, (simpleType | complexType)?, (unique | key | keyref)*)). A problem was found starting at: attribute.
2024-05-06 20:13:54,878 [INFO] PluginManage:359 - Loaded plugin pinoutconfig (category:base,tabindex:0)
2024-05-06 20:13:54,879 [INFO] PluginManage:310 - Check plugin power
2024-05-06 20:13:54,903 [INFO] PluginManage:359 - Loaded plugin power (category:power,tabindex:4)
2024-05-06 20:13:54,903 [INFO] PluginManage:310 - Check plugin projectmanager
2024-05-06 20:13:54,937 [INFO] PluginManage:359 - Loaded plugin projectmanager (category:projectmanager,tabindex:3)
2024-05-06 20:13:54,937 [INFO] PluginManage:310 - Check plugin thirdparty
2024-05-06 20:13:55,209 [INFO] PluginManage:359 - Loaded plugin thirdparty (category:base,tabindex:-1)
2024-05-06 20:13:55,209 [INFO] PluginManage:310 - Check plugin tools
2024-05-06 20:13:55,209 [WARN] IntegrityCheckThread:84 - waiting for thirdparty lock release [integrity check]
2024-05-06 20:13:55,210 [INFO] IntegrityCheckThread:86 - entering critical section [integrity check]
2024-05-06 20:13:55,210 [INFO] ThirdPartyUpdaterWithRetryManager:70 - Updater plugin not ready yet. [1/15]
2024-05-06 20:13:55,213 [INFO] PluginManage:359 - Loaded plugin tools (category:base,tabindex:7)
2024-05-06 20:13:55,213 [INFO] PluginManage:310 - Check plugin tutovideos
2024-05-06 20:13:55,503 [INFO] PluginManage:359 - Loaded plugin tutovideos (category:base,tabindex:-1)
2024-05-06 20:13:55,504 [INFO] PluginManage:310 - Check plugin updater
2024-05-06 20:13:55,532 [INFO] PluginManage:359 - Loaded plugin updater (category:base,tabindex:12)
2024-05-06 20:13:55,533 [INFO] PluginManage:310 - Check plugin userauth
2024-05-06 20:13:55,543 [INFO] UserAuth:114 - Init User Auth plugin
2024-05-06 20:13:55,543 [INFO] PluginManage:359 - Loaded plugin userauth (category:base,tabindex:14)
2024-05-06 20:13:55,544 [INFO] PluginManage:283 - PluginManage : Loaded plugins [17]
2024-05-06 20:13:55,901 [INFO] PinOutPanel:1499 - setPackage(No Configuration,No Configuration)
2024-05-06 20:13:56,003 [INFO] CADModel:165 - CPN selected for project level
2024-05-06 20:13:56,004 [INFO] CADModel:114 - Register for checkConnection events
2024-05-06 20:13:56,025 [INFO] IPUIPlugin:80 - create IPUIPlugin
2024-05-06 20:13:56,025 [INFO] PluginManager:220 - loadIPPluginJar : add gfxmmu
2024-05-06 20:13:56,029 [INFO] IPUIPlugin:80 - create IPUIPlugin
2024-05-06 20:13:56,029 [INFO] PluginManager:220 - loadIPPluginJar : add comp
2024-05-06 20:13:56,033 [INFO] IPUIPlugin:80 - create IPUIPlugin
2024-05-06 20:13:56,034 [INFO] PluginManager:220 - loadIPPluginJar : add usbx
2024-05-06 20:13:56,045 [INFO] IPUIPlugin:80 - create IPUIPlugin
2024-05-06 20:13:56,045 [INFO] PluginManager:220 - loadIPPluginJar : add linkedlist
2024-05-06 20:13:56,062 [INFO] IPUIPlugin:80 - create IPUIPlugin
2024-05-06 20:13:56,062 [INFO] PluginManager:220 - loadIPPluginJar : add mdma
2024-05-06 20:13:56,066 [INFO] IPUIPlugin:80 - create IPUIPlugin
2024-05-06 20:13:56,066 [INFO] PluginManager:220 - loadIPPluginJar : add i3c
2024-05-06 20:13:56,068 [INFO] IPUIPlugin:80 - create IPUIPlugin
2024-05-06 20:13:56,069 [INFO] PluginManager:220 - loadIPPluginJar : add cryp
2024-05-06 20:13:56,070 [INFO] IPUIPlugin:80 - create IPUIPlugin
2024-05-06 20:13:56,071 [INFO] PluginManager:220 - loadIPPluginJar : add quadspi
2024-05-06 20:13:56,076 [INFO] IPUIPlugin:80 - create IPUIPlugin
2024-05-06 20:13:56,076 [INFO] PluginManager:220 - loadIPPluginJar : add tsc
2024-05-06 20:13:56,079 [INFO] IPUIPlugin:80 - create IPUIPlugin
2024-05-06 20:13:56,079 [INFO] PluginManager:220 - loadIPPluginJar : add hash
2024-05-06 20:13:56,082 [INFO] IPUIPlugin:80 - create IPUIPlugin
2024-05-06 20:13:56,083 [INFO] PluginManager:220 - loadIPPluginJar : add aes
2024-05-06 20:13:56,086 [INFO] IPUIPlugin:80 - create IPUIPlugin
2024-05-06 20:13:56,086 [INFO] PluginManager:220 - loadIPPluginJar : add i2c
2024-05-06 20:13:56,094 [INFO] IPUIPlugin:80 - create IPUIPlugin
2024-05-06 20:13:56,094 [INFO] PluginManager:220 - loadIPPluginJar : add gtzc
2024-05-06 20:13:56,104 [INFO] IPUIPlugin:80 - create IPUIPlugin
2024-05-06 20:13:56,104 [INFO] PluginManager:220 - loadIPPluginJar : add stm32_wpan
2024-05-06 20:13:56,115 [INFO] IPUIPlugin:80 - create IPUIPlugin
2024-05-06 20:13:56,118 [INFO] PluginManager:220 - loadIPPluginJar : add plateformsettings
2024-05-06 20:13:56,131 [INFO] IPUIPlugin:80 - create IPUIPlugin
2024-05-06 20:13:56,131 [INFO] PluginManager:220 - loadIPPluginJar : add adc
2024-05-06 20:13:56,136 [INFO] IPUIPlugin:80 - create IPUIPlugin
2024-05-06 20:13:56,136 [INFO] PluginManager:220 - loadIPPluginJar : add sai
2024-05-06 20:13:56,151 [INFO] IPUIPlugin:80 - create IPUIPlugin
2024-05-06 20:13:56,151 [INFO] PluginManager:220 - loadIPPluginJar : add gic
2024-05-06 20:13:56,154 [INFO] IPUIPlugin:80 - create IPUIPlugin
2024-05-06 20:13:56,155 [INFO] PluginManager:220 - loadIPPluginJar : add opamp
2024-05-06 20:13:56,157 [INFO] IPUIPlugin:80 - create IPUIPlugin
2024-05-06 20:13:56,157 [INFO] PluginManager:220 - loadIPPluginJar : add i2s
2024-05-06 20:13:56,162 [INFO] IPUIPlugin:80 - create IPUIPlugin
2024-05-06 20:13:56,163 [INFO] PluginManager:220 - loadIPPluginJar : add touchsensing
2024-05-06 20:13:56,166 [INFO] IPUIPlugin:80 - create IPUIPlugin
2024-05-06 20:13:56,166 [INFO] PluginManager:220 - loadIPPluginJar : add dma3
2024-05-06 20:13:56,175 [INFO] IPUIPlugin:80 - create IPUIPlugin
2024-05-06 20:13:56,176 [INFO] PluginManager:220 - loadIPPluginJar : add gpio
2024-05-06 20:13:56,179 [INFO] IPUIPlugin:80 - create IPUIPlugin
2024-05-06 20:13:56,179 [INFO] PluginManager:220 - loadIPPluginJar : add lorawan
2024-05-06 20:13:56,181 [INFO] IPUIPlugin:80 - create IPUIPlugin
2024-05-06 20:13:56,181 [INFO] PluginManager:220 - loadIPPluginJar : add tracer_emb
2024-05-06 20:13:56,185 [INFO] IPUIPlugin:80 - create IPUIPlugin
2024-05-06 20:13:56,185 [INFO] PluginManager:220 - loadIPPluginJar : add ipddr
2024-05-06 20:13:56,193 [INFO] IPUIPlugin:80 - create IPUIPlugin
2024-05-06 20:13:56,194 [INFO] PluginManager:220 - loadIPPluginJar : add resmgrutility
2024-05-06 20:13:56,206 [INFO] IPUIPlugin:80 - create IPUIPlugin
2024-05-06 20:13:56,206 [INFO] PluginManager:220 - loadIPPluginJar : add fmc
2024-05-06 20:13:56,210 [INFO] IPUIPlugin:80 - create IPUIPlugin
2024-05-06 20:13:56,210 [INFO] PluginManager:220 - loadIPPluginJar : add tim
2024-05-06 20:13:56,213 [INFO] IPUIPlugin:80 - create IPUIPlugin
2024-05-06 20:13:56,213 [INFO] PluginManager:220 - loadIPPluginJar : add ltdc
2024-05-06 20:13:56,217 [INFO] IPUIPlugin:80 - create IPUIPlugin
2024-05-06 20:13:56,217 [INFO] PluginManager:220 - loadIPPluginJar : add genericplugin
2024-05-06 20:13:56,227 [INFO] IPUIPlugin:80 - create IPUIPlugin
2024-05-06 20:13:56,227 [INFO] PluginManager:220 - loadIPPluginJar : add dma
2024-05-06 20:13:56,230 [INFO] IPUIPlugin:80 - create IPUIPlugin
2024-05-06 20:13:56,230 [INFO] PluginManager:220 - loadIPPluginJar : add usart
2024-05-06 20:13:56,232 [INFO] IPUIPlugin:80 - create IPUIPlugin
2024-05-06 20:13:56,232 [INFO] PluginManager:220 - loadIPPluginJar : add openamp
2024-05-06 20:13:56,234 [INFO] IPUIPlugin:80 - create IPUIPlugin
2024-05-06 20:13:56,234 [INFO] PluginManager:220 - loadIPPluginJar : add fatfs
2024-05-06 20:13:56,237 [INFO] IPUIPlugin:80 - create IPUIPlugin
2024-05-06 20:13:56,238 [INFO] PluginManager:220 - loadIPPluginJar : add spi
2024-05-06 20:13:56,243 [INFO] IPUIPlugin:80 - create IPUIPlugin
2024-05-06 20:13:56,244 [INFO] PluginManager:220 - loadIPPluginJar : add dfsdm
2024-05-06 20:13:56,246 [INFO] IPUIPlugin:80 - create IPUIPlugin
2024-05-06 20:13:56,246 [INFO] PluginManager:220 - loadIPPluginJar : add can
2024-05-06 20:13:56,260 [INFO] IPUIPlugin:80 - create IPUIPlugin
2024-05-06 20:13:56,260 [INFO] PluginManager:220 - loadIPPluginJar : add nvic
2024-05-06 20:13:56,270 [INFO] IPUIPlugin:80 - create IPUIPlugin
2024-05-06 20:13:56,270 [INFO] PluginManager:220 - loadIPPluginJar : add freertos
2024-05-06 20:13:56,273 [INFO] IPUIPlugin:80 - create IPUIPlugin
2024-05-06 20:13:56,273 [INFO] PluginManager:220 - loadIPPluginJar : add pdm2pcm
2024-05-06 20:13:56,275 [INFO] IPUIPlugin:80 - create IPUIPlugin
2024-05-06 20:13:56,275 [INFO] PluginManager:220 - loadIPPluginJar : add ts
2024-05-06 20:13:56,277 [INFO] IPUIPlugin:80 - create IPUIPlugin
2024-05-06 20:13:56,278 [INFO] PluginManager:220 - loadIPPluginJar : add ucpd
2024-05-06 20:13:56,404 [INFO] CADModel:165 - CPN selected for project level
2024-05-06 20:13:56,404 [INFO] CADModel:114 - Register for checkConnection events
2024-05-06 20:13:56,405 [FATAL] Updater:308 - Updater called before beeing initialized
2024-05-06 20:13:56,405 [ERROR] CADModel:125 - Updater not yet initialized, retry later 
2024-05-06 20:13:56,626 [INFO] CADModel:165 - CPN selected for project level
2024-05-06 20:13:56,626 [INFO] CADModel:114 - Register for checkConnection events
2024-05-06 20:13:56,626 [FATAL] Updater:308 - Updater called before beeing initialized
2024-05-06 20:13:56,626 [ERROR] CADModel:125 - Updater not yet initialized, retry later 
2024-05-06 20:13:56,630 [FATAL] Updater:308 - Updater called before beeing initialized
2024-05-06 20:13:56,743 [FATAL] Updater:308 - Updater called before beeing initialized
2024-05-06 20:13:56,752 [INFO] DbMcusAds:53 - JSON generation date=Wed Nov 29 07:52:27 ART 2023 (1701255147349)
2024-05-06 20:13:56,752 [FATAL] Updater:308 - Updater called before beeing initialized
2024-05-06 20:13:56,823 [WARN] DetailPanel:346 - Failed to get advertising image, set to default
2024-05-06 20:13:57,068 [FATAL] Updater:308 - Updater called before beeing initialized
2024-05-06 20:13:57,072 [FATAL] Updater:308 - Updater called before beeing initialized
2024-05-06 20:13:57,072 [FATAL] Updater:308 - Updater called before beeing initialized
2024-05-06 20:13:57,072 [WARN] DetailPanel:346 - Failed to get advertising image, set to default
2024-05-06 20:13:57,073 [FATAL] Updater:308 - Updater called before beeing initialized
2024-05-06 20:13:57,123 [ERROR] Updater:1120 - MainUpdater not yet initialized. External WinMGr cannot be set.
2024-05-06 20:13:57,127 [INFO] Updater:1056 - Updater Version found : 6.10.0
2024-05-06 20:13:57,161 [INFO] ApplicationProperties:184 - Using Application install path: /opt/st/stm32cubeide_1.14.0/plugins/com.st.stm32cube.common.mx_6.10.0.202311202037
2024-05-06 20:13:57,533 [INFO] MainUpdater:2873 - connection check result : 10
2024-05-06 20:13:57,534 [INFO] MainUpdater:290 - Updater Check For Update Now.
2024-05-06 20:13:57,534 [INFO] MicroXplorer:498 - Change Database Version : DB.6.0.100
2024-05-06 20:13:57,539 [INFO] McuFinderGlobals:63 - Set McuFinder mode to 2 (CubeIDE integrated)
2024-05-06 20:13:57,736 [INFO] CheckServerUpdateThread:120 - End of CheckServer Thread
2024-05-06 20:13:58,282 [INFO] UserAuth:404 - Internet connection configuration mode: 1
2024-05-06 20:13:58,316 [INFO] JxBrowserEngine:152 - Initiate JxBrowser Engine with user profile folder
2024-05-06 20:13:58,391 [WARN] PackLoader:240 - Cannot read IP mode file for STMicroelectronics.FP-SNS-MOTENVWB1.1.4.0
2024-05-06 20:13:58,402 [WARN] PackLoader:240 - Cannot read IP mode file for STMicroelectronics.X-CUBE-SMBUS.2.1.0
2024-05-06 20:13:58,407 [WARN] PackLoader:240 - Cannot read IP mode file for STMicroelectronics.X-CUBE-TOUCHGFX.4.23.0
2024-05-06 20:13:58,412 [WARN] PackLoader:240 - Cannot read IP mode file for STMicroelectronics.X-CUBE-TOUCHGFX.4.23.2
2024-05-06 20:13:58,454 [WARN] PackLoader:240 - Cannot read IP mode file for STMicroelectronics.X-CUBE-AZRTOS-F7.1.1.0
2024-05-06 20:13:58,480 [WARN] PackLoader:240 - Cannot read IP mode file for STMicroelectronics.FP-SNS-MOTENV1.4.3.2
2024-05-06 20:13:58,488 [WARN] PackLoader:240 - Cannot read IP mode file for STMicroelectronics.FP-SNS-FLIGHT1.5.0.2
2024-05-06 20:13:58,502 [WARN] PackLoader:240 - Cannot read IP mode file for STMicroelectronics.X-CUBE-DISPLAY.3.0.0
2024-05-06 20:13:58,526 [WARN] PackLoader:240 - Cannot read IP mode file for STMicroelectronics.X-CUBE-BLE1.7.0.0
2024-05-06 20:13:58,531 [WARN] PackLoader:240 - Cannot read IP mode file for emotas.I-CUBE-CANOPEN.1.3.0
2024-05-06 20:13:58,533 [WARN] PackLoader:240 - Cannot read IP mode file for STMicroelectronics.X-CUBE-TOUCHGFX.4.22.0
2024-05-06 20:13:58,536 [WARN] PackLoader:240 - Cannot read IP mode file for STMicroelectronics.X-CUBE-TOUCHGFX.4.22.1
2024-05-06 20:13:58,549 [WARN] PackLoader:240 - Cannot read IP mode file for STMicroelectronics.X-CUBE-BLEMGR.3.1.0
2024-05-06 20:13:58,559 [WARN] PackLoader:240 - Cannot read IP mode file for STMicroelectronics.FP-SNS-SMARTAG2.1.2.0
2024-05-06 20:13:58,581 [INFO] LogOutputStream:77 - [STDOUT_REDIRECT] 1 : Invalid condition id : UX_CORESTACK_Condition cause : null
2024-05-06 20:13:58,582 [INFO] LogOutputStream:77 - [STDOUT_REDIRECT] 1 : Invalid condition id : UX_CORESTACK_Condition cause : null
2024-05-06 20:13:58,582 [INFO] LogOutputStream:77 - [STDOUT_REDIRECT] 1 : Invalid condition id : UX_CORESTACK_Condition cause : null
2024-05-06 20:13:58,582 [INFO] LogOutputStream:77 - [STDOUT_REDIRECT] 1 : Invalid condition id : UX_CORESTACK_Condition cause : null
2024-05-06 20:13:58,583 [INFO] LogOutputStream:77 - [STDOUT_REDIRECT] 1 : Invalid condition id : UX_CORESTACK_Condition cause : null
2024-05-06 20:13:58,590 [WARN] PackLoader:240 - Cannot read IP mode file for STMicroelectronics.X-CUBE-AZRTOS-WL.2.0.0
2024-05-06 20:13:58,599 [WARN] PackLoader:240 - Cannot read IP mode file for STMicroelectronics.FP-SNS-MOTENV1.5.0.0
2024-05-06 20:13:58,608 [WARN] PackLoader:240 - Cannot read IP mode file for WES.I-CUBE-Cesium.1.3.0
2024-05-06 20:13:58,615 [WARN] PackLoader:240 - Cannot read IP mode file for STMicroelectronics.X-CUBE-BLE2.3.3.0
2024-05-06 20:13:58,626 [WARN] PackLoader:240 - Cannot read IP mode file for STMicroelectronics.X-CUBE-TCPP.4.1.0
2024-05-06 20:13:58,637 [WARN] PackLoader:240 - Cannot read IP mode file for STMicroelectronics.X-CUBE-ALGOBUILD.1.3.0
2024-05-06 20:13:58,751 [WARN] PackLoader:240 - Cannot read IP mode file for STMicroelectronics.X-CUBE-AZRTOS-G0.1.1.0
2024-05-06 20:13:58,764 [WARN] PackLoader:240 - Cannot read IP mode file for STMicroelectronics.X-CUBE-SAFEA1.1.2.2
2024-05-06 20:13:58,775 [WARN] PackLoader:240 - Cannot read IP mode file for STMicroelectronics.X-CUBE-NFC4.3.0.0
2024-05-06 20:13:58,794 [WARN] PackLoader:240 - Cannot read IP mode file for STMicroelectronics.X-CUBE-BLEMGR.3.0.0
2024-05-06 20:13:58,807 [WARN] PackLoader:240 - Cannot read IP mode file for STMicroelectronics.FP-ATR-SIGFOX1.3.2.0
2024-05-06 20:13:58,819 [WARN] PackLoader:240 - Cannot read IP mode file for STMicroelectronics.X-CUBE-EEPRMA1.5.1.0
2024-05-06 20:13:58,882 [WARN] PackLoader:240 - Cannot read IP mode file for SEGGER.I-CUBE-embOS.1.3.1
2024-05-06 20:13:58,952 [WARN] PackLoader:240 - Cannot read IP mode file for STMicroelectronics.X-CUBE-GNSS1.6.0.0
2024-05-06 20:13:59,009 [WARN] PackLoader:240 - Cannot read IP mode file for STMicroelectronics.X-CUBE-AZRTOS-F4.1.1.0
2024-05-06 20:13:59,021 [WARN] PackLoader:240 - Cannot read IP mode file for wolfSSL.I-CUBE-wolfSSL.5.6.3
2024-05-06 20:13:59,030 [WARN] PackLoader:240 - Cannot read IP mode file for STMicroelectronics.X-CUBE-FREERTOS.1.2.0
2024-05-06 20:13:59,042 [WARN] PackLoader:240 - Cannot read IP mode file for wolfSSL.I-CUBE-wolfSSL.5.6.6
2024-05-06 20:13:59,078 [WARN] PackLoader:240 - Cannot read IP mode file for STMicroelectronics.X-CUBE-AZRTOS-L5.2.0.0
2024-05-06 20:13:59,204 [WARN] PackLoader:240 - Cannot read IP mode file for STMicroelectronics.X-CUBE-MEMS1.9.6.0
2024-05-06 20:13:59,628 [WARN] PackLoader:240 - Cannot read IP mode file for STMicroelectronics.X-CUBE-EEPRMA1.4.2.0
2024-05-06 20:13:59,653 [WARN] PackLoader:240 - Cannot read IP mode file for STMicroelectronics.X-CUBE-NFC6.3.1.0
2024-05-06 20:13:59,669 [WARN] PackLoader:240 - Cannot read IP mode file for ITTIA_DB.I-CUBE-ITTIADB.8.8.0
2024-05-06 20:13:59,699 [WARN] PackLoader:240 - Cannot read IP mode file for STMicroelectronics.X-CUBE-BLEMGR.2.0.0
2024-05-06 20:13:59,712 [WARN] PackLoader:240 - Cannot read IP mode file for STMicroelectronics.X-CUBE-AI.9.0.0
2024-05-06 20:13:59,775 [WARN] ConditionMgr:438 - getConditionDescription Invalid condition id : UX DEVICE CLASS RTOS Condition cause : null
2024-05-06 20:13:59,775 [WARN] ConditionMgr:438 - getConditionDescription Invalid condition id : UX DEVICE CLASS RTOS Condition cause : null
2024-05-06 20:13:59,786 [WARN] PackLoader:240 - Cannot read IP mode file for STMicroelectronics.X-CUBE-AZRTOS-H7.3.1.0
2024-05-06 20:13:59,790 [WARN] ConditionMgr:1039 - genDependencies : Invalid condition id : UX DEVICE CLASS RTOS Condition cause : null
2024-05-06 20:13:59,790 [WARN] ConditionMgr:1039 - genDependencies : Invalid condition id : UX DEVICE CLASS RTOS Condition cause : null
2024-05-06 20:13:59,792 [WARN] ConditionMgr:1039 - genDependencies : Invalid condition id : UX DEVICE CLASS RTOS Condition cause : null
2024-05-06 20:13:59,794 [WARN] ConditionMgr:1039 - genDependencies : Invalid condition id : UX DEVICE CLASS RTOS Condition cause : null
2024-05-06 20:13:59,794 [WARN] ConditionMgr:1039 - genDependencies : Invalid condition id : UX DEVICE CLASS RTOS Condition cause : null
2024-05-06 20:13:59,814 [WARN] PackLoader:240 - Cannot read IP mode file for STMicroelectronics.X-CUBE-NFC7.1.0.1
2024-05-06 20:13:59,860 [WARN] PackLoader:240 - Cannot read IP mode file for STMicroelectronics.X-CUBE-NFC6.3.0.0
2024-05-06 20:13:59,886 [WARN] PackLoader:240 - Cannot read IP mode file for STMicroelectronics.X-CUBE-EEPRMA1.4.1.0
2024-05-06 20:13:59,905 [WARN] PackLoader:240 - Cannot read IP mode file for STMicroelectronics.X-CUBE-AI.8.1.0
2024-05-06 20:14:00,006 [WARN] ConditionMgr:438 - getConditionDescription Invalid condition id : LAN8742 Phy interface Condition cause : null
2024-05-06 20:14:00,008 [WARN] PackLoader:240 - Cannot read IP mode file for STMicroelectronics.X-CUBE-AZRTOS-L4.2.0.0
2024-05-06 20:14:00,010 [WARN] ConditionMgr:1039 - genDependencies : Invalid condition id : LAN8742 Phy interface Condition cause : null
2024-05-06 20:14:00,011 [WARN] ConditionMgr:1039 - genDependencies : Invalid condition id : LAN8742 Phy interface Condition cause : null
2024-05-06 20:14:00,012 [WARN] ConditionMgr:1039 - genDependencies : Invalid condition id : LAN8742 Phy interface Condition cause : null
2024-05-06 20:14:00,028 [WARN] PackLoader:240 - Cannot read IP mode file for STMicroelectronics.X-CUBE-SFXS2LP1.4.0.0
2024-05-06 20:14:00,052 [WARN] PackLoader:240 - Cannot read IP mode file for STMicroelectronics.X-CUBE-ISPU.1.1.0
2024-05-06 20:14:00,110 [WARN] ConditionMgr:438 - getConditionDescription Invalid condition id : UX DEVICE CLASS RTOS Condition cause : null
2024-05-06 20:14:00,111 [WARN] ConditionMgr:438 - getConditionDescription Invalid condition id : UX DEVICE CLASS RTOS Condition cause : null
2024-05-06 20:14:00,119 [WARN] PackLoader:240 - Cannot read IP mode file for STMicroelectronics.X-CUBE-AZRTOS-WB.2.0.0
2024-05-06 20:14:00,121 [WARN] ConditionMgr:1039 - genDependencies : Invalid condition id : UX DEVICE CLASS RTOS Condition cause : null
2024-05-06 20:14:00,121 [WARN] ConditionMgr:1039 - genDependencies : Invalid condition id : UX DEVICE CLASS RTOS Condition cause : null
2024-05-06 20:14:00,122 [WARN] ConditionMgr:1039 - genDependencies : Invalid condition id : UX DEVICE CLASS RTOS Condition cause : null
2024-05-06 20:14:00,123 [WARN] ConditionMgr:1039 - genDependencies : Invalid condition id : UX DEVICE CLASS RTOS Condition cause : null
2024-05-06 20:14:00,123 [WARN] ConditionMgr:1039 - genDependencies : Invalid condition id : UX DEVICE CLASS RTOS Condition cause : null
2024-05-06 20:14:00,153 [WARN] PackLoader:240 - Cannot read IP mode file for STMicroelectronics.X-CUBE-SUBG2.5.0.0
2024-05-06 20:14:00,197 [WARN] PackLoader:240 - Cannot read IP mode file for STMicroelectronics.X-CUBE-TOF1.3.3.1
2024-05-06 20:14:00,289 [WARN] PackLoader:240 - Cannot read IP mode file for STMicroelectronics.X-CUBE-AZRTOS-G4.2.0.0
2024-05-06 20:14:00,338 [WARN] PackLoader:240 - Cannot read IP mode file for Infineon.AIROC-Wi-Fi-Bluetooth-STM32.1.5.1
2024-05-06 20:14:00,356 [WARN] PackLoader:240 - Cannot read IP mode file for STMicroelectronics.FP-SNS-MOTENVWB1.1.3.0
2024-05-06 20:14:00,366 [WARN] PackLoader:240 - Cannot read IP mode file for STMicroelectronics.FP-SNS-MOTENVWB1.1.3.1
2024-05-06 20:14:00,375 [WARN] PackLoader:240 - Cannot read IP mode file for STMicroelectronics.X-CUBE-ISPU.2.0.0
2024-05-06 20:14:00,501 [WARN] PackLoader:240 - Cannot read IP mode file for STMicroelectronics.X-CUBE-MEMS1.10.0.0
2024-05-06 20:14:00,867 [INFO] WebApp:161 - Instantiating new browser for Auth
2024-05-06 20:14:00,878 [WARN] PackLoader:240 - Cannot read IP mode file for STMicroelectronics.X-CUBE-FREERTOS.1.1.0
2024-05-06 20:14:00,895 [WARN] PackLoader:240 - Cannot read IP mode file for portGmbH.I-Cube-SoM-uGOAL.1.1.0
2024-05-06 20:14:00,906 [WARN] PackLoader:240 - Cannot read IP mode file for STMicroelectronics.X-CUBE-ALS.1.0.1
2024-05-06 20:14:00,973 [WARN] PackLoader:240 - Cannot read IP mode file for STMicroelectronics.X-CUBE-AZRTOS-H7RS.1.0.0
2024-05-06 20:14:00,987 [WARN] PackLoader:240 - Cannot read IP mode file for STMicroelectronics.FP-ATR-ASTRA1.2.0.0
2024-05-06 20:14:01,056 [WARN] PackLoader:240 - Cannot read IP mode file for STMicroelectronics.X-CUBE-TOF1.3.4.0
2024-05-06 20:14:01,113 [WARN] PackLoader:240 - Cannot read IP mode file for STMicroelectronics.X-CUBE-TOF1.3.4.1
2024-05-06 20:14:01,196 [WARN] PackLoader:240 - Cannot read IP mode file for STMicroelectronics.X-CUBE-AZRTOS-H7.3.2.0
2024-05-06 20:14:01,202 [INFO] ThirdParty:978 - Integrity check success = true
2024-05-06 20:14:01,202 [INFO] IntegrityCheckThread:100 - exiting critical section [integrity check]
2024-05-06 20:14:01,202 [INFO] IntegrityCheckThread:103 - End integrity checks thread
2024-05-06 20:14:02,722 [INFO] WebApp:780 - Register for checkConnection events
2024-05-06 20:14:02,723 [INFO] WebApp:414 - Apply proxy settings
2024-05-06 20:14:02,723 [INFO] WebApp:499 - Chromium requires no authentication
2024-05-06 20:14:02,732 [INFO] WebApp:442 - Direct internet connection detected
2024-05-06 20:14:02,958 [INFO] WebApp:192 - Starting web application
2024-05-06 20:14:02,958 [INFO] WebApp:544 - Web application path used /opt/st/stm32cubeide_1.14.0/plugins/com.st.stm32cube.common.mx_6.10.0.202311202037/db/plugins/mcufinder/reactClient1/index.html
2024-05-06 20:14:23,567 [ERROR] LogOutputStream:75 - [STDERR_REDIRECT] SLF4J: Failed to load class "org.slf4j.impl.StaticLoggerBinder".
2024-05-06 20:14:23,567 [ERROR] LogOutputStream:75 - [STDERR_REDIRECT] SLF4J: Defaulting to no-operation (NOP) logger implementation
2024-05-06 20:14:23,568 [ERROR] LogOutputStream:75 - [STDERR_REDIRECT] SLF4J: See http://www.slf4j.org/codes.html#StaticLoggerBinder for further details.
2024-05-06 20:32:08,227 [INFO] Activator:176 - 


2024-05-06 20:32:08,229 [INFO] Activator:177 - !SESSION log4j initialized
2024-05-06 20:32:12,254 [INFO] LogOutputStream:77 - [STDOUT_REDIRECT] 
2024-05-06 20:32:13,683 [INFO] ApplicationProperties:184 - Using Application install path: /opt/st/stm32cubeide_1.14.0/plugins/com.st.stm32cube.common.mx_6.10.0.202311202037
2024-05-06 20:32:13,705 [INFO] DbMcusXml:78 - Set database path to: /opt/st/stm32cubeide_1.14.0/plugins/com.st.stm32cube.common.mx_6.10.0.202311202037//db//mcu/
2024-05-06 20:32:13,705 [INFO] ApiDb:274 - Set plugin database path to: /opt/st/stm32cubeide_1.14.0/plugins/com.st.stm32cube.common.mx_6.10.0.202311202037//db//plugins/boardmanager/
2024-05-06 20:32:13,705 [WARN] ApiDb:259 - Overriding images path with different value:  => /opt/st/stm32cubeide_1.14.0/plugins/com.st.stm32cube.common.mx_6.10.0.202311202037//db//plugins/mcufinder/images/
2024-05-06 20:32:13,716 [INFO] ApiDb:250 - Set database path to: /home/fede/.stmcufinder/plugins/mcufinder//mcu/
2024-05-06 20:32:13,718 [INFO] DbMcusAds:125 - Set database path to: /home/fede/.stmcufinder/plugins/mcufinder//mcu/
2024-05-06 20:32:13,721 [INFO] CrossReferenceDbSqlite:203 - Set database path to: /home/fede/.stmcufinder/plugins/mcufinder//mcu/cs/
2024-05-06 20:32:13,869 [INFO] RulesReader:64 - Compatibility file has been processed (297 Rules)
2024-05-06 20:32:14,006 [INFO] DbMcusXml:78 - Set database path to: /opt/st/stm32cubeide_1.14.0/plugins/com.st.stm32cube.common.mx_6.10.0.202311202037//db//mcu/
2024-05-06 20:32:14,006 [INFO] ApiDb:274 - Set plugin database path to: /opt/st/stm32cubeide_1.14.0/plugins/com.st.stm32cube.common.mx_6.10.0.202311202037//db//plugins/boardmanager/
2024-05-06 20:32:14,007 [INFO] ApiDb:261 - Set plugin images path to: /opt/st/stm32cubeide_1.14.0/plugins/com.st.stm32cube.common.mx_6.10.0.202311202037//db//plugins/mcufinder/images/
2024-05-06 20:32:14,010 [WARN] DbFile:41 - Overriding database path with different value: /home/fede/.stmcufinder/plugins/mcufinder/ => /home/fede/.stmcufinder/plugins/mcufinder
2024-05-06 20:32:14,010 [INFO] ApiDb:250 - Set database path to: /home/fede/.stmcufinder/plugins/mcufinder//mcu/
2024-05-06 20:32:14,010 [WARN] DbFile:41 - Overriding database path with different value: /home/fede/.stmcufinder/plugins/mcufinder/ => /home/fede/.stmcufinder/plugins/mcufinder
2024-05-06 20:32:14,010 [INFO] DbMcusAds:125 - Set database path to: /home/fede/.stmcufinder/plugins/mcufinder//mcu/
2024-05-06 20:32:14,010 [WARN] DbFile:41 - Overriding database path with different value: /home/fede/.stmcufinder/plugins/mcufinder/ => /home/fede/.stmcufinder/plugins/mcufinder
2024-05-06 20:32:14,011 [WARN] DbFile:41 - Overriding database path with different value: /home/fede/.stmcufinder/plugins/mcufinder/ => /home/fede/.stmcufinder/plugins/mcufinder
2024-05-06 20:32:14,011 [INFO] CrossReferenceDbSqlite:203 - Set database path to: /home/fede/.stmcufinder/plugins/mcufinder//mcu/cs/
2024-05-06 20:32:14,095 [INFO] MainPanel:264 - HeapMemory: 268435456
2024-05-06 20:32:14,326 [INFO] DbMcusXml:78 - Set database path to: /opt/st/stm32cubeide_1.14.0/plugins/com.st.stm32cube.common.mx_6.10.0.202311202037//db//mcu/
2024-05-06 20:32:14,326 [INFO] ApiDb:274 - Set plugin database path to: /opt/st/stm32cubeide_1.14.0/plugins/com.st.stm32cube.common.mx_6.10.0.202311202037//db//plugins/boardmanager/
2024-05-06 20:32:14,326 [INFO] ApiDb:261 - Set plugin images path to: /opt/st/stm32cubeide_1.14.0/plugins/com.st.stm32cube.common.mx_6.10.0.202311202037//db//plugins/mcufinder/images/
2024-05-06 20:32:14,327 [WARN] DbFile:41 - Overriding database path with different value: /home/fede/.stmcufinder/plugins/mcufinder/ => /home/fede/.stmcufinder/plugins/mcufinder
2024-05-06 20:32:14,327 [INFO] ApiDb:250 - Set database path to: /home/fede/.stmcufinder/plugins/mcufinder//mcu/
2024-05-06 20:32:14,327 [WARN] DbFile:41 - Overriding database path with different value: /home/fede/.stmcufinder/plugins/mcufinder/ => /home/fede/.stmcufinder/plugins/mcufinder
2024-05-06 20:32:14,328 [INFO] DbMcusAds:125 - Set database path to: /home/fede/.stmcufinder/plugins/mcufinder//mcu/
2024-05-06 20:32:14,328 [WARN] DbFile:41 - Overriding database path with different value: /home/fede/.stmcufinder/plugins/mcufinder/ => /home/fede/.stmcufinder/plugins/mcufinder
2024-05-06 20:32:14,328 [WARN] DbFile:41 - Overriding database path with different value: /home/fede/.stmcufinder/plugins/mcufinder/ => /home/fede/.stmcufinder/plugins/mcufinder
2024-05-06 20:32:14,328 [INFO] CrossReferenceDbSqlite:203 - Set database path to: /home/fede/.stmcufinder/plugins/mcufinder//mcu/cs/
2024-05-06 20:32:14,355 [INFO] ApplicationProperties:184 - Using Application install path: /opt/st/stm32cubeide_1.14.0/plugins/com.st.stm32cube.common.mx_6.10.0.202311202037
2024-05-06 20:32:14,357 [INFO] PluginManage:196 - Search for loadable plugins [exclusion list=, ]
2024-05-06 20:32:14,359 [INFO] PluginManage:310 - Check plugin analytics
2024-05-06 20:32:14,622 [INFO] AnalyticsPlugin:253 - Accepted Software Licenses: 
2024-05-06 20:32:14,622 [INFO] AnalyticsPlugin:255 - Accepted CMSIS Pack Licenses: STMicroelectronics.X-CUBE-ALGOBUILD.1.3.0,ARM.CMSIS-DSP.1.15.0
2024-05-06 20:32:14,622 [INFO] AnalyticsPlugin:257 - Accepted Firmware Licenses: FW.F7.1.17.0
2024-05-06 20:32:14,625 [INFO] PluginManage:359 - Loaded plugin analytics (category:tool,tabindex:-1)
2024-05-06 20:32:14,625 [INFO] PluginManage:310 - Check plugin cadmodel
2024-05-06 20:32:14,662 [INFO] CADModel:105 - Init CAD model plugin
2024-05-06 20:32:14,662 [INFO] PluginManage:359 - Loaded plugin cadmodel (category:power,tabindex:5)
2024-05-06 20:32:14,662 [INFO] PluginManage:310 - Check plugin clock
2024-05-06 20:32:14,671 [INFO] PluginManage:359 - Loaded plugin clock (category:base,tabindex:2)
2024-05-06 20:32:14,672 [INFO] PluginManage:310 - Check plugin ddr
2024-05-06 20:32:14,674 [INFO] PluginManage:359 - Loaded plugin ddr (category:tool,tabindex:6)
2024-05-06 20:32:14,674 [INFO] PluginManage:310 - Check plugin filemanager
2024-05-06 20:32:14,798 [INFO] PluginManage:359 - Loaded plugin filemanager (category:base,tabindex:10)
2024-05-06 20:32:14,798 [INFO] PluginManage:310 - Check plugin ipmanager
2024-05-06 20:32:14,803 [INFO] PluginManage:359 - Loaded plugin ipmanager (category:base,tabindex:5)
2024-05-06 20:32:14,803 [INFO] PluginManage:310 - Check plugin lpbam
2024-05-06 20:32:14,810 [INFO] PluginManage:359 - Loaded plugin lpbam (category:base,tabindex:0)
2024-05-06 20:32:14,810 [INFO] PluginManage:310 - Check plugin memorymap
2024-05-06 20:32:14,819 [INFO] PluginManage:359 - Loaded plugin memorymap (category:base,tabindex:4)
2024-05-06 20:32:14,820 [INFO] PluginManage:310 - Check plugin pinoutandconfiguration
2024-05-06 20:32:14,826 [INFO] PluginManage:359 - Loaded plugin pinoutandconfiguration (category:base,tabindex:1)
2024-05-06 20:32:14,826 [INFO] PluginManage:310 - Check plugin pinoutconfig
2024-05-06 20:32:14,908 [WARN] SupportedApi:132 - Cannot load RTOS API schema: s4s-elt-must-match.1: The content of 'definitions' must match (annotation?, (simpleType | complexType)?, (unique | key | keyref)*)). A problem was found starting at: attribute.
2024-05-06 20:32:15,008 [INFO] PluginManage:359 - Loaded plugin pinoutconfig (category:base,tabindex:0)
2024-05-06 20:32:15,008 [INFO] PluginManage:310 - Check plugin power
2024-05-06 20:32:15,016 [INFO] PluginManage:359 - Loaded plugin power (category:power,tabindex:4)
2024-05-06 20:32:15,016 [INFO] PluginManage:310 - Check plugin projectmanager
2024-05-06 20:32:15,027 [INFO] PluginManage:359 - Loaded plugin projectmanager (category:projectmanager,tabindex:3)
2024-05-06 20:32:15,027 [INFO] PluginManage:310 - Check plugin thirdparty
2024-05-06 20:32:15,194 [INFO] PluginManage:359 - Loaded plugin thirdparty (category:base,tabindex:-1)
2024-05-06 20:32:15,194 [WARN] IntegrityCheckThread:84 - waiting for thirdparty lock release [integrity check]
2024-05-06 20:32:15,194 [INFO] IntegrityCheckThread:86 - entering critical section [integrity check]
2024-05-06 20:32:15,194 [INFO] PluginManage:310 - Check plugin tools
2024-05-06 20:32:15,194 [INFO] ThirdPartyUpdaterWithRetryManager:70 - Updater plugin not ready yet. [1/15]
2024-05-06 20:32:15,196 [INFO] PluginManage:359 - Loaded plugin tools (category:base,tabindex:7)
2024-05-06 20:32:15,196 [INFO] PluginManage:310 - Check plugin tutovideos
2024-05-06 20:32:15,304 [INFO] PluginManage:359 - Loaded plugin tutovideos (category:base,tabindex:-1)
2024-05-06 20:32:15,304 [INFO] PluginManage:310 - Check plugin updater
2024-05-06 20:32:15,315 [INFO] PluginManage:359 - Loaded plugin updater (category:base,tabindex:12)
2024-05-06 20:32:15,315 [INFO] PluginManage:310 - Check plugin userauth
2024-05-06 20:32:15,319 [INFO] UserAuth:114 - Init User Auth plugin
2024-05-06 20:32:15,319 [INFO] PluginManage:359 - Loaded plugin userauth (category:base,tabindex:14)
2024-05-06 20:32:15,320 [INFO] PluginManage:283 - PluginManage : Loaded plugins [17]
2024-05-06 20:32:15,460 [INFO] PinOutPanel:1499 - setPackage(No Configuration,No Configuration)
2024-05-06 20:32:15,538 [INFO] CADModel:165 - CPN selected for project level
2024-05-06 20:32:15,538 [INFO] CADModel:114 - Register for checkConnection events
2024-05-06 20:32:15,560 [INFO] IPUIPlugin:80 - create IPUIPlugin
2024-05-06 20:32:15,561 [INFO] PluginManager:220 - loadIPPluginJar : add gfxmmu
2024-05-06 20:32:15,563 [INFO] IPUIPlugin:80 - create IPUIPlugin
2024-05-06 20:32:15,563 [INFO] PluginManager:220 - loadIPPluginJar : add comp
2024-05-06 20:32:15,567 [INFO] IPUIPlugin:80 - create IPUIPlugin
2024-05-06 20:32:15,567 [INFO] PluginManager:220 - loadIPPluginJar : add usbx
2024-05-06 20:32:15,579 [INFO] IPUIPlugin:80 - create IPUIPlugin
2024-05-06 20:32:15,579 [INFO] PluginManager:220 - loadIPPluginJar : add linkedlist
2024-05-06 20:32:15,586 [INFO] IPUIPlugin:80 - create IPUIPlugin
2024-05-06 20:32:15,587 [INFO] PluginManager:220 - loadIPPluginJar : add mdma
2024-05-06 20:32:15,589 [INFO] IPUIPlugin:80 - create IPUIPlugin
2024-05-06 20:32:15,589 [INFO] PluginManager:220 - loadIPPluginJar : add i3c
2024-05-06 20:32:15,591 [INFO] IPUIPlugin:80 - create IPUIPlugin
2024-05-06 20:32:15,591 [INFO] PluginManager:220 - loadIPPluginJar : add cryp
2024-05-06 20:32:15,592 [INFO] IPUIPlugin:80 - create IPUIPlugin
2024-05-06 20:32:15,592 [INFO] PluginManager:220 - loadIPPluginJar : add quadspi
2024-05-06 20:32:15,593 [INFO] IPUIPlugin:80 - create IPUIPlugin
2024-05-06 20:32:15,594 [INFO] PluginManager:220 - loadIPPluginJar : add tsc
2024-05-06 20:32:15,596 [INFO] IPUIPlugin:80 - create IPUIPlugin
2024-05-06 20:32:15,596 [INFO] PluginManager:220 - loadIPPluginJar : add hash
2024-05-06 20:32:15,598 [INFO] IPUIPlugin:80 - create IPUIPlugin
2024-05-06 20:32:15,598 [INFO] PluginManager:220 - loadIPPluginJar : add aes
2024-05-06 20:32:15,600 [INFO] IPUIPlugin:80 - create IPUIPlugin
2024-05-06 20:32:15,600 [INFO] PluginManager:220 - loadIPPluginJar : add i2c
2024-05-06 20:32:15,602 [INFO] IPUIPlugin:80 - create IPUIPlugin
2024-05-06 20:32:15,602 [INFO] PluginManager:220 - loadIPPluginJar : add gtzc
2024-05-06 20:32:15,607 [INFO] IPUIPlugin:80 - create IPUIPlugin
2024-05-06 20:32:15,608 [INFO] PluginManager:220 - loadIPPluginJar : add stm32_wpan
2024-05-06 20:32:15,613 [INFO] IPUIPlugin:80 - create IPUIPlugin
2024-05-06 20:32:15,616 [INFO] PluginManager:220 - loadIPPluginJar : add plateformsettings
2024-05-06 20:32:15,623 [INFO] IPUIPlugin:80 - create IPUIPlugin
2024-05-06 20:32:15,624 [INFO] PluginManager:220 - loadIPPluginJar : add adc
2024-05-06 20:32:15,627 [INFO] IPUIPlugin:80 - create IPUIPlugin
2024-05-06 20:32:15,627 [INFO] PluginManager:220 - loadIPPluginJar : add sai
2024-05-06 20:32:15,633 [INFO] IPUIPlugin:80 - create IPUIPlugin
2024-05-06 20:32:15,633 [INFO] PluginManager:220 - loadIPPluginJar : add gic
2024-05-06 20:32:15,635 [INFO] IPUIPlugin:80 - create IPUIPlugin
2024-05-06 20:32:15,636 [INFO] PluginManager:220 - loadIPPluginJar : add opamp
2024-05-06 20:32:15,637 [INFO] IPUIPlugin:80 - create IPUIPlugin
2024-05-06 20:32:15,637 [INFO] PluginManager:220 - loadIPPluginJar : add i2s
2024-05-06 20:32:15,639 [INFO] IPUIPlugin:80 - create IPUIPlugin
2024-05-06 20:32:15,640 [INFO] PluginManager:220 - loadIPPluginJar : add touchsensing
2024-05-06 20:32:15,641 [INFO] IPUIPlugin:80 - create IPUIPlugin
2024-05-06 20:32:15,641 [INFO] PluginManager:220 - loadIPPluginJar : add dma3
2024-05-06 20:32:15,645 [INFO] IPUIPlugin:80 - create IPUIPlugin
2024-05-06 20:32:15,645 [INFO] PluginManager:220 - loadIPPluginJar : add gpio
2024-05-06 20:32:15,647 [INFO] IPUIPlugin:80 - create IPUIPlugin
2024-05-06 20:32:15,647 [INFO] PluginManager:220 - loadIPPluginJar : add lorawan
2024-05-06 20:32:15,649 [INFO] IPUIPlugin:80 - create IPUIPlugin
2024-05-06 20:32:15,649 [INFO] PluginManager:220 - loadIPPluginJar : add tracer_emb
2024-05-06 20:32:15,651 [INFO] IPUIPlugin:80 - create IPUIPlugin
2024-05-06 20:32:15,651 [INFO] PluginManager:220 - loadIPPluginJar : add ipddr
2024-05-06 20:32:15,654 [INFO] IPUIPlugin:80 - create IPUIPlugin
2024-05-06 20:32:15,654 [INFO] PluginManager:220 - loadIPPluginJar : add resmgrutility
2024-05-06 20:32:15,657 [INFO] IPUIPlugin:80 - create IPUIPlugin
2024-05-06 20:32:15,657 [INFO] PluginManager:220 - loadIPPluginJar : add fmc
2024-05-06 20:32:15,659 [INFO] IPUIPlugin:80 - create IPUIPlugin
2024-05-06 20:32:15,659 [INFO] PluginManager:220 - loadIPPluginJar : add tim
2024-05-06 20:32:15,660 [INFO] IPUIPlugin:80 - create IPUIPlugin
2024-05-06 20:32:15,660 [INFO] PluginManager:220 - loadIPPluginJar : add ltdc
2024-05-06 20:32:15,661 [INFO] IPUIPlugin:80 - create IPUIPlugin
2024-05-06 20:32:15,661 [INFO] PluginManager:220 - loadIPPluginJar : add genericplugin
2024-05-06 20:32:15,665 [INFO] IPUIPlugin:80 - create IPUIPlugin
2024-05-06 20:32:15,665 [INFO] PluginManager:220 - loadIPPluginJar : add dma
2024-05-06 20:32:15,667 [INFO] IPUIPlugin:80 - create IPUIPlugin
2024-05-06 20:32:15,667 [INFO] PluginManager:220 - loadIPPluginJar : add usart
2024-05-06 20:32:15,669 [INFO] IPUIPlugin:80 - create IPUIPlugin
2024-05-06 20:32:15,669 [INFO] PluginManager:220 - loadIPPluginJar : add openamp
2024-05-06 20:32:15,669 [INFO] IPUIPlugin:80 - create IPUIPlugin
2024-05-06 20:32:15,670 [INFO] PluginManager:220 - loadIPPluginJar : add fatfs
2024-05-06 20:32:15,671 [INFO] IPUIPlugin:80 - create IPUIPlugin
2024-05-06 20:32:15,671 [INFO] PluginManager:220 - loadIPPluginJar : add spi
2024-05-06 20:32:15,672 [INFO] IPUIPlugin:80 - create IPUIPlugin
2024-05-06 20:32:15,672 [INFO] PluginManager:220 - loadIPPluginJar : add dfsdm
2024-05-06 20:32:15,674 [INFO] IPUIPlugin:80 - create IPUIPlugin
2024-05-06 20:32:15,674 [INFO] PluginManager:220 - loadIPPluginJar : add can
2024-05-06 20:32:15,677 [INFO] IPUIPlugin:80 - create IPUIPlugin
2024-05-06 20:32:15,677 [INFO] PluginManager:220 - loadIPPluginJar : add nvic
2024-05-06 20:32:15,681 [INFO] IPUIPlugin:80 - create IPUIPlugin
2024-05-06 20:32:15,681 [INFO] PluginManager:220 - loadIPPluginJar : add freertos
2024-05-06 20:32:15,683 [INFO] IPUIPlugin:80 - create IPUIPlugin
2024-05-06 20:32:15,684 [INFO] PluginManager:220 - loadIPPluginJar : add pdm2pcm
2024-05-06 20:32:15,685 [INFO] IPUIPlugin:80 - create IPUIPlugin
2024-05-06 20:32:15,685 [INFO] PluginManager:220 - loadIPPluginJar : add ts
2024-05-06 20:32:15,687 [INFO] IPUIPlugin:80 - create IPUIPlugin
2024-05-06 20:32:15,687 [INFO] PluginManager:220 - loadIPPluginJar : add ucpd
2024-05-06 20:32:15,784 [INFO] CADModel:165 - CPN selected for project level
2024-05-06 20:32:15,784 [INFO] CADModel:114 - Register for checkConnection events
2024-05-06 20:32:15,785 [FATAL] Updater:308 - Updater called before beeing initialized
2024-05-06 20:32:15,785 [ERROR] CADModel:125 - Updater not yet initialized, retry later 
2024-05-06 20:32:15,884 [INFO] CADModel:165 - CPN selected for project level
2024-05-06 20:32:15,885 [INFO] CADModel:114 - Register for checkConnection events
2024-05-06 20:32:15,885 [FATAL] Updater:308 - Updater called before beeing initialized
2024-05-06 20:32:15,885 [ERROR] CADModel:125 - Updater not yet initialized, retry later 
2024-05-06 20:32:15,887 [FATAL] Updater:308 - Updater called before beeing initialized
2024-05-06 20:32:15,946 [FATAL] Updater:308 - Updater called before beeing initialized
2024-05-06 20:32:15,949 [INFO] DbMcusAds:53 - JSON generation date=Wed Nov 29 07:52:27 ART 2023 (1701255147349)
2024-05-06 20:32:15,949 [FATAL] Updater:308 - Updater called before beeing initialized
2024-05-06 20:32:15,977 [WARN] DetailPanel:346 - Failed to get advertising image, set to default
2024-05-06 20:32:16,062 [FATAL] Updater:308 - Updater called before beeing initialized
2024-05-06 20:32:16,063 [FATAL] Updater:308 - Updater called before beeing initialized
2024-05-06 20:32:16,064 [FATAL] Updater:308 - Updater called before beeing initialized
2024-05-06 20:32:16,064 [WARN] DetailPanel:346 - Failed to get advertising image, set to default
2024-05-06 20:32:16,064 [FATAL] Updater:308 - Updater called before beeing initialized
2024-05-06 20:32:16,085 [ERROR] Updater:1120 - MainUpdater not yet initialized. External WinMGr cannot be set.
2024-05-06 20:32:16,086 [INFO] Updater:1056 - Updater Version found : 6.10.0
2024-05-06 20:32:16,100 [INFO] ApplicationProperties:184 - Using Application install path: /opt/st/stm32cubeide_1.14.0/plugins/com.st.stm32cube.common.mx_6.10.0.202311202037
2024-05-06 20:32:16,267 [INFO] MainUpdater:2873 - connection check result : 10
2024-05-06 20:32:16,268 [INFO] MainUpdater:290 - Updater Check For Update Now.
2024-05-06 20:32:16,268 [INFO] MicroXplorer:498 - Change Database Version : DB.6.0.100
2024-05-06 20:32:16,273 [INFO] McuFinderGlobals:63 - Set McuFinder mode to 2 (CubeIDE integrated)
2024-05-06 20:32:16,447 [INFO] CheckServerUpdateThread:120 - End of CheckServer Thread
2024-05-06 20:32:17,165 [INFO] UserAuth:404 - Internet connection configuration mode: 1
2024-05-06 20:32:17,175 [INFO] JxBrowserEngine:152 - Initiate JxBrowser Engine with user profile folder
2024-05-06 20:32:17,863 [INFO] WebApp:161 - Instantiating new browser for Auth
2024-05-06 20:32:18,273 [WARN] PackLoader:240 - Cannot read IP mode file for STMicroelectronics.FP-SNS-MOTENVWB1.1.4.0
2024-05-06 20:32:18,287 [WARN] PackLoader:240 - Cannot read IP mode file for STMicroelectronics.X-CUBE-SMBUS.2.1.0
2024-05-06 20:32:18,292 [WARN] PackLoader:240 - Cannot read IP mode file for STMicroelectronics.X-CUBE-TOUCHGFX.4.23.0
2024-05-06 20:32:18,295 [WARN] PackLoader:240 - Cannot read IP mode file for STMicroelectronics.X-CUBE-TOUCHGFX.4.23.2
2024-05-06 20:32:18,327 [WARN] PackLoader:240 - Cannot read IP mode file for STMicroelectronics.X-CUBE-AZRTOS-F7.1.1.0
2024-05-06 20:32:18,338 [WARN] PackLoader:240 - Cannot read IP mode file for STMicroelectronics.FP-SNS-MOTENV1.4.3.2
2024-05-06 20:32:18,347 [WARN] PackLoader:240 - Cannot read IP mode file for STMicroelectronics.FP-SNS-FLIGHT1.5.0.2
2024-05-06 20:32:18,358 [WARN] PackLoader:240 - Cannot read IP mode file for STMicroelectronics.X-CUBE-DISPLAY.3.0.0
2024-05-06 20:32:18,371 [WARN] PackLoader:240 - Cannot read IP mode file for STMicroelectronics.X-CUBE-BLE1.7.0.0
2024-05-06 20:32:18,391 [WARN] PackLoader:240 - Cannot read IP mode file for emotas.I-CUBE-CANOPEN.1.3.0
2024-05-06 20:32:18,395 [WARN] PackLoader:240 - Cannot read IP mode file for STMicroelectronics.X-CUBE-TOUCHGFX.4.22.0
2024-05-06 20:32:18,399 [WARN] PackLoader:240 - Cannot read IP mode file for STMicroelectronics.X-CUBE-TOUCHGFX.4.22.1
2024-05-06 20:32:18,405 [INFO] WebApp:780 - Register for checkConnection events
2024-05-06 20:32:18,407 [INFO] WebApp:414 - Apply proxy settings
2024-05-06 20:32:18,408 [INFO] WebApp:499 - Chromium requires no authentication
2024-05-06 20:32:18,412 [WARN] PackLoader:240 - Cannot read IP mode file for STMicroelectronics.X-CUBE-BLEMGR.3.1.0
2024-05-06 20:32:18,417 [INFO] WebApp:442 - Direct internet connection detected
2024-05-06 20:32:18,420 [WARN] PackLoader:240 - Cannot read IP mode file for STMicroelectronics.FP-SNS-SMARTAG2.1.2.0
2024-05-06 20:32:18,434 [INFO] LogOutputStream:77 - [STDOUT_REDIRECT] 1 : Invalid condition id : UX_CORESTACK_Condition cause : null
2024-05-06 20:32:18,434 [INFO] LogOutputStream:77 - [STDOUT_REDIRECT] 1 : Invalid condition id : UX_CORESTACK_Condition cause : null
2024-05-06 20:32:18,434 [INFO] LogOutputStream:77 - [STDOUT_REDIRECT] 1 : Invalid condition id : UX_CORESTACK_Condition cause : null
2024-05-06 20:32:18,434 [INFO] LogOutputStream:77 - [STDOUT_REDIRECT] 1 : Invalid condition id : UX_CORESTACK_Condition cause : null
2024-05-06 20:32:18,435 [INFO] LogOutputStream:77 - [STDOUT_REDIRECT] 1 : Invalid condition id : UX_CORESTACK_Condition cause : null
2024-05-06 20:32:18,439 [WARN] PackLoader:240 - Cannot read IP mode file for STMicroelectronics.X-CUBE-AZRTOS-WL.2.0.0
2024-05-06 20:32:18,445 [WARN] PackLoader:240 - Cannot read IP mode file for STMicroelectronics.FP-SNS-MOTENV1.5.0.0
2024-05-06 20:32:18,453 [WARN] PackLoader:240 - Cannot read IP mode file for WES.I-CUBE-Cesium.1.3.0
2024-05-06 20:32:18,458 [WARN] PackLoader:240 - Cannot read IP mode file for STMicroelectronics.X-CUBE-BLE2.3.3.0
2024-05-06 20:32:18,464 [WARN] PackLoader:240 - Cannot read IP mode file for STMicroelectronics.X-CUBE-TCPP.4.1.0
2024-05-06 20:32:18,472 [WARN] PackLoader:240 - Cannot read IP mode file for STMicroelectronics.X-CUBE-ALGOBUILD.1.3.0
2024-05-06 20:32:18,547 [WARN] PackLoader:240 - Cannot read IP mode file for STMicroelectronics.X-CUBE-AZRTOS-G0.1.1.0
2024-05-06 20:32:18,555 [WARN] PackLoader:240 - Cannot read IP mode file for STMicroelectronics.X-CUBE-SAFEA1.1.2.2
2024-05-06 20:32:18,560 [WARN] PackLoader:240 - Cannot read IP mode file for STMicroelectronics.X-CUBE-NFC4.3.0.0
2024-05-06 20:32:18,569 [INFO] WebApp:192 - Starting web application
2024-05-06 20:32:18,569 [WARN] PackLoader:240 - Cannot read IP mode file for STMicroelectronics.X-CUBE-BLEMGR.3.0.0
2024-05-06 20:32:18,569 [INFO] WebApp:544 - Web application path used /opt/st/stm32cubeide_1.14.0/plugins/com.st.stm32cube.common.mx_6.10.0.202311202037/db/plugins/mcufinder/reactClient1/index.html
2024-05-06 20:32:18,575 [WARN] PackLoader:240 - Cannot read IP mode file for STMicroelectronics.FP-ATR-SIGFOX1.3.2.0
2024-05-06 20:32:18,581 [WARN] PackLoader:240 - Cannot read IP mode file for STMicroelectronics.X-CUBE-EEPRMA1.5.1.0
2024-05-06 20:32:18,627 [WARN] PackLoader:240 - Cannot read IP mode file for SEGGER.I-CUBE-embOS.1.3.1
2024-05-06 20:32:18,662 [WARN] PackLoader:240 - Cannot read IP mode file for STMicroelectronics.X-CUBE-GNSS1.6.0.0
2024-05-06 20:32:18,676 [WARN] PackLoader:240 - Cannot read IP mode file for STMicroelectronics.X-CUBE-AZRTOS-F4.1.1.0
2024-05-06 20:32:18,683 [WARN] PackLoader:240 - Cannot read IP mode file for wolfSSL.I-CUBE-wolfSSL.5.6.3
2024-05-06 20:32:18,688 [WARN] PackLoader:240 - Cannot read IP mode file for STMicroelectronics.X-CUBE-FREERTOS.1.2.0
2024-05-06 20:32:18,693 [WARN] PackLoader:240 - Cannot read IP mode file for wolfSSL.I-CUBE-wolfSSL.5.6.6
2024-05-06 20:32:18,708 [WARN] PackLoader:240 - Cannot read IP mode file for STMicroelectronics.X-CUBE-AZRTOS-L5.2.0.0
2024-05-06 20:32:18,748 [WARN] PackLoader:240 - Cannot read IP mode file for STMicroelectronics.X-CUBE-MEMS1.9.6.0
2024-05-06 20:32:18,914 [WARN] PackLoader:240 - Cannot read IP mode file for STMicroelectronics.X-CUBE-EEPRMA1.4.2.0
2024-05-06 20:32:18,923 [WARN] PackLoader:240 - Cannot read IP mode file for STMicroelectronics.X-CUBE-NFC6.3.1.0
2024-05-06 20:32:18,931 [WARN] PackLoader:240 - Cannot read IP mode file for ITTIA_DB.I-CUBE-ITTIADB.8.8.0
2024-05-06 20:32:18,938 [WARN] PackLoader:240 - Cannot read IP mode file for STMicroelectronics.X-CUBE-BLEMGR.2.0.0
2024-05-06 20:32:18,942 [WARN] PackLoader:240 - Cannot read IP mode file for STMicroelectronics.X-CUBE-AI.9.0.0
2024-05-06 20:32:18,955 [WARN] ConditionMgr:438 - getConditionDescription Invalid condition id : UX DEVICE CLASS RTOS Condition cause : null
2024-05-06 20:32:18,955 [WARN] ConditionMgr:438 - getConditionDescription Invalid condition id : UX DEVICE CLASS RTOS Condition cause : null
2024-05-06 20:32:18,957 [WARN] PackLoader:240 - Cannot read IP mode file for STMicroelectronics.X-CUBE-AZRTOS-H7.3.1.0
2024-05-06 20:32:18,959 [WARN] ConditionMgr:1039 - genDependencies : Invalid condition id : UX DEVICE CLASS RTOS Condition cause : null
2024-05-06 20:32:18,959 [WARN] ConditionMgr:1039 - genDependencies : Invalid condition id : UX DEVICE CLASS RTOS Condition cause : null
2024-05-06 20:32:18,959 [WARN] ConditionMgr:1039 - genDependencies : Invalid condition id : UX DEVICE CLASS RTOS Condition cause : null
2024-05-06 20:32:18,960 [WARN] ConditionMgr:1039 - genDependencies : Invalid condition id : UX DEVICE CLASS RTOS Condition cause : null
2024-05-06 20:32:18,960 [WARN] ConditionMgr:1039 - genDependencies : Invalid condition id : UX DEVICE CLASS RTOS Condition cause : null
2024-05-06 20:32:18,966 [WARN] PackLoader:240 - Cannot read IP mode file for STMicroelectronics.X-CUBE-NFC7.1.0.1
2024-05-06 20:32:18,971 [WARN] PackLoader:240 - Cannot read IP mode file for STMicroelectronics.X-CUBE-NFC6.3.0.0
2024-05-06 20:32:18,976 [WARN] PackLoader:240 - Cannot read IP mode file for STMicroelectronics.X-CUBE-EEPRMA1.4.1.0
2024-05-06 20:32:18,980 [WARN] PackLoader:240 - Cannot read IP mode file for STMicroelectronics.X-CUBE-AI.8.1.0
2024-05-06 20:32:18,993 [WARN] ConditionMgr:438 - getConditionDescription Invalid condition id : LAN8742 Phy interface Condition cause : null
2024-05-06 20:32:18,994 [WARN] PackLoader:240 - Cannot read IP mode file for STMicroelectronics.X-CUBE-AZRTOS-L4.2.0.0
2024-05-06 20:32:18,995 [WARN] ConditionMgr:1039 - genDependencies : Invalid condition id : LAN8742 Phy interface Condition cause : null
2024-05-06 20:32:18,996 [WARN] ConditionMgr:1039 - genDependencies : Invalid condition id : LAN8742 Phy interface Condition cause : null
2024-05-06 20:32:18,997 [WARN] ConditionMgr:1039 - genDependencies : Invalid condition id : LAN8742 Phy interface Condition cause : null
2024-05-06 20:32:19,003 [WARN] PackLoader:240 - Cannot read IP mode file for STMicroelectronics.X-CUBE-SFXS2LP1.4.0.0
2024-05-06 20:32:19,007 [WARN] PackLoader:240 - Cannot read IP mode file for STMicroelectronics.X-CUBE-ISPU.1.1.0
2024-05-06 20:32:19,017 [WARN] ConditionMgr:438 - getConditionDescription Invalid condition id : UX DEVICE CLASS RTOS Condition cause : null
2024-05-06 20:32:19,018 [WARN] ConditionMgr:438 - getConditionDescription Invalid condition id : UX DEVICE CLASS RTOS Condition cause : null
2024-05-06 20:32:19,020 [WARN] PackLoader:240 - Cannot read IP mode file for STMicroelectronics.X-CUBE-AZRTOS-WB.2.0.0
2024-05-06 20:32:19,020 [WARN] ConditionMgr:1039 - genDependencies : Invalid condition id : UX DEVICE CLASS RTOS Condition cause : null
2024-05-06 20:32:19,020 [WARN] ConditionMgr:1039 - genDependencies : Invalid condition id : UX DEVICE CLASS RTOS Condition cause : null
2024-05-06 20:32:19,021 [WARN] ConditionMgr:1039 - genDependencies : Invalid condition id : UX DEVICE CLASS RTOS Condition cause : null
2024-05-06 20:32:19,021 [WARN] ConditionMgr:1039 - genDependencies : Invalid condition id : UX DEVICE CLASS RTOS Condition cause : null
2024-05-06 20:32:19,021 [WARN] ConditionMgr:1039 - genDependencies : Invalid condition id : UX DEVICE CLASS RTOS Condition cause : null
2024-05-06 20:32:19,029 [WARN] PackLoader:240 - Cannot read IP mode file for STMicroelectronics.X-CUBE-SUBG2.5.0.0
2024-05-06 20:32:19,040 [WARN] PackLoader:240 - Cannot read IP mode file for STMicroelectronics.X-CUBE-TOF1.3.3.1
2024-05-06 20:32:19,055 [WARN] PackLoader:240 - Cannot read IP mode file for STMicroelectronics.X-CUBE-AZRTOS-G4.2.0.0
2024-05-06 20:32:19,065 [WARN] PackLoader:240 - Cannot read IP mode file for Infineon.AIROC-Wi-Fi-Bluetooth-STM32.1.5.1
2024-05-06 20:32:19,074 [WARN] PackLoader:240 - Cannot read IP mode file for STMicroelectronics.FP-SNS-MOTENVWB1.1.3.0
2024-05-06 20:32:19,079 [WARN] PackLoader:240 - Cannot read IP mode file for STMicroelectronics.FP-SNS-MOTENVWB1.1.3.1
2024-05-06 20:32:19,083 [WARN] PackLoader:240 - Cannot read IP mode file for STMicroelectronics.X-CUBE-ISPU.2.0.0
2024-05-06 20:32:19,108 [WARN] PackLoader:240 - Cannot read IP mode file for STMicroelectronics.X-CUBE-MEMS1.10.0.0
2024-05-06 20:32:19,218 [WARN] PackLoader:240 - Cannot read IP mode file for STMicroelectronics.X-CUBE-FREERTOS.1.1.0
2024-05-06 20:32:19,223 [WARN] PackLoader:240 - Cannot read IP mode file for portGmbH.I-Cube-SoM-uGOAL.1.1.0
2024-05-06 20:32:19,228 [WARN] PackLoader:240 - Cannot read IP mode file for STMicroelectronics.X-CUBE-ALS.1.0.1
2024-05-06 20:32:19,240 [WARN] PackLoader:240 - Cannot read IP mode file for STMicroelectronics.X-CUBE-AZRTOS-H7RS.1.0.0
2024-05-06 20:32:19,246 [WARN] PackLoader:240 - Cannot read IP mode file for STMicroelectronics.FP-ATR-ASTRA1.2.0.0
2024-05-06 20:32:19,252 [WARN] PackLoader:240 - Cannot read IP mode file for STMicroelectronics.X-CUBE-TOF1.3.4.0
2024-05-06 20:32:19,265 [WARN] PackLoader:240 - Cannot read IP mode file for STMicroelectronics.X-CUBE-TOF1.3.4.1
2024-05-06 20:32:19,287 [WARN] PackLoader:240 - Cannot read IP mode file for STMicroelectronics.X-CUBE-AZRTOS-H7.3.2.0
2024-05-06 20:32:19,291 [INFO] ThirdParty:978 - Integrity check success = true
2024-05-06 20:32:19,291 [INFO] IntegrityCheckThread:100 - exiting critical section [integrity check]
2024-05-06 20:32:19,291 [INFO] IntegrityCheckThread:103 - End integrity checks thread
2024-05-06 20:32:39,036 [ERROR] LogOutputStream:75 - [STDERR_REDIRECT] SLF4J: Failed to load class "org.slf4j.impl.StaticLoggerBinder".
2024-05-06 20:32:39,037 [ERROR] LogOutputStream:75 - [STDERR_REDIRECT] SLF4J: Defaulting to no-operation (NOP) logger implementation
2024-05-06 20:32:39,037 [ERROR] LogOutputStream:75 - [STDERR_REDIRECT] SLF4J: See http://www.slf4j.org/codes.html#StaticLoggerBinder for further details.
