2024-02-16 00:05:48,897 [ERROR] LogOutputStream:75 - [STDERR_REDIRECT] 
2024-02-16 00:21:28,493 [INFO] Activator:176 - 


2024-02-16 00:21:28,495 [INFO] Activator:177 - !SESSION log4j initialized
2024-02-16 00:21:32,875 [INFO] LogOutputStream:77 - [STDOUT_REDIRECT] 
2024-02-16 00:21:34,619 [INFO] ApplicationProperties:184 - Using Application install path: /opt/st/stm32cubeide_1.14.0/plugins/com.st.stm32cube.common.mx_6.10.0.202311202037
2024-02-16 00:21:34,647 [INFO] DbMcusXml:78 - Set database path to: /opt/st/stm32cubeide_1.14.0/plugins/com.st.stm32cube.common.mx_6.10.0.202311202037//db//mcu/
2024-02-16 00:21:34,648 [INFO] ApiDb:274 - Set plugin database path to: /opt/st/stm32cubeide_1.14.0/plugins/com.st.stm32cube.common.mx_6.10.0.202311202037//db//plugins/boardmanager/
2024-02-16 00:21:34,649 [WARN] ApiDb:259 - Overriding images path with different value:  => /opt/st/stm32cubeide_1.14.0/plugins/com.st.stm32cube.common.mx_6.10.0.202311202037//db//plugins/mcufinder/images/
2024-02-16 00:21:34,658 [INFO] ApiDb:250 - Set database path to: /home/fede/.stmcufinder/plugins/mcufinder//mcu/
2024-02-16 00:21:34,660 [INFO] DbMcusAds:125 - Set database path to: /home/fede/.stmcufinder/plugins/mcufinder//mcu/
2024-02-16 00:21:34,664 [INFO] CrossReferenceDbSqlite:203 - Set database path to: /home/fede/.stmcufinder/plugins/mcufinder//mcu/cs/
2024-02-16 00:21:34,832 [INFO] RulesReader:64 - Compatibility file has been processed (297 Rules)
2024-02-16 00:21:34,927 [INFO] DbMcusXml:78 - Set database path to: /opt/st/stm32cubeide_1.14.0/plugins/com.st.stm32cube.common.mx_6.10.0.202311202037//db//mcu/
2024-02-16 00:21:34,927 [INFO] ApiDb:274 - Set plugin database path to: /opt/st/stm32cubeide_1.14.0/plugins/com.st.stm32cube.common.mx_6.10.0.202311202037//db//plugins/boardmanager/
2024-02-16 00:21:34,928 [INFO] ApiDb:261 - Set plugin images path to: /opt/st/stm32cubeide_1.14.0/plugins/com.st.stm32cube.common.mx_6.10.0.202311202037//db//plugins/mcufinder/images/
2024-02-16 00:21:34,928 [WARN] DbFile:41 - Overriding database path with different value: /home/fede/.stmcufinder/plugins/mcufinder/ => /home/fede/.stmcufinder/plugins/mcufinder
2024-02-16 00:21:34,928 [INFO] ApiDb:250 - Set database path to: /home/fede/.stmcufinder/plugins/mcufinder//mcu/
2024-02-16 00:21:34,928 [WARN] DbFile:41 - Overriding database path with different value: /home/fede/.stmcufinder/plugins/mcufinder/ => /home/fede/.stmcufinder/plugins/mcufinder
2024-02-16 00:21:34,928 [INFO] DbMcusAds:125 - Set database path to: /home/fede/.stmcufinder/plugins/mcufinder//mcu/
2024-02-16 00:21:34,929 [WARN] DbFile:41 - Overriding database path with different value: /home/fede/.stmcufinder/plugins/mcufinder/ => /home/fede/.stmcufinder/plugins/mcufinder
2024-02-16 00:21:34,929 [WARN] DbFile:41 - Overriding database path with different value: /home/fede/.stmcufinder/plugins/mcufinder/ => /home/fede/.stmcufinder/plugins/mcufinder
2024-02-16 00:21:34,929 [INFO] CrossReferenceDbSqlite:203 - Set database path to: /home/fede/.stmcufinder/plugins/mcufinder//mcu/cs/
2024-02-16 00:21:35,033 [INFO] MainPanel:264 - HeapMemory: 268435456
2024-02-16 00:21:35,155 [INFO] DbMcusXml:78 - Set database path to: /opt/st/stm32cubeide_1.14.0/plugins/com.st.stm32cube.common.mx_6.10.0.202311202037//db//mcu/
2024-02-16 00:21:35,155 [INFO] ApiDb:274 - Set plugin database path to: /opt/st/stm32cubeide_1.14.0/plugins/com.st.stm32cube.common.mx_6.10.0.202311202037//db//plugins/boardmanager/
2024-02-16 00:21:35,155 [INFO] ApiDb:261 - Set plugin images path to: /opt/st/stm32cubeide_1.14.0/plugins/com.st.stm32cube.common.mx_6.10.0.202311202037//db//plugins/mcufinder/images/
2024-02-16 00:21:35,156 [WARN] DbFile:41 - Overriding database path with different value: /home/fede/.stmcufinder/plugins/mcufinder/ => /home/fede/.stmcufinder/plugins/mcufinder
2024-02-16 00:21:35,156 [INFO] ApiDb:250 - Set database path to: /home/fede/.stmcufinder/plugins/mcufinder//mcu/
2024-02-16 00:21:35,156 [WARN] DbFile:41 - Overriding database path with different value: /home/fede/.stmcufinder/plugins/mcufinder/ => /home/fede/.stmcufinder/plugins/mcufinder
2024-02-16 00:21:35,156 [INFO] DbMcusAds:125 - Set database path to: /home/fede/.stmcufinder/plugins/mcufinder//mcu/
2024-02-16 00:21:35,157 [WARN] DbFile:41 - Overriding database path with different value: /home/fede/.stmcufinder/plugins/mcufinder/ => /home/fede/.stmcufinder/plugins/mcufinder
2024-02-16 00:21:35,157 [WARN] DbFile:41 - Overriding database path with different value: /home/fede/.stmcufinder/plugins/mcufinder/ => /home/fede/.stmcufinder/plugins/mcufinder
2024-02-16 00:21:35,157 [INFO] CrossReferenceDbSqlite:203 - Set database path to: /home/fede/.stmcufinder/plugins/mcufinder//mcu/cs/
2024-02-16 00:21:35,182 [INFO] ApplicationProperties:184 - Using Application install path: /opt/st/stm32cubeide_1.14.0/plugins/com.st.stm32cube.common.mx_6.10.0.202311202037
2024-02-16 00:21:35,184 [INFO] PluginManage:196 - Search for loadable plugins [exclusion list=, ]
2024-02-16 00:21:35,185 [INFO] PluginManage:310 - Check plugin analytics
2024-02-16 00:21:35,380 [INFO] AnalyticsPlugin:253 - Accepted Software Licenses: 
2024-02-16 00:21:35,380 [INFO] AnalyticsPlugin:255 - Accepted CMSIS Pack Licenses: 
2024-02-16 00:21:35,380 [INFO] AnalyticsPlugin:257 - Accepted Firmware Licenses: FW.F7.1.17.0
2024-02-16 00:21:35,384 [INFO] PluginManage:359 - Loaded plugin analytics (category:tool,tabindex:-1)
2024-02-16 00:21:35,385 [INFO] PluginManage:310 - Check plugin cadmodel
2024-02-16 00:21:35,423 [INFO] CADModel:105 - Init CAD model plugin
2024-02-16 00:21:35,423 [INFO] PluginManage:359 - Loaded plugin cadmodel (category:power,tabindex:5)
2024-02-16 00:21:35,424 [INFO] PluginManage:310 - Check plugin clock
2024-02-16 00:21:35,435 [INFO] PluginManage:359 - Loaded plugin clock (category:base,tabindex:2)
2024-02-16 00:21:35,435 [INFO] PluginManage:310 - Check plugin ddr
2024-02-16 00:21:35,438 [INFO] PluginManage:359 - Loaded plugin ddr (category:tool,tabindex:6)
2024-02-16 00:21:35,438 [INFO] PluginManage:310 - Check plugin filemanager
2024-02-16 00:21:35,601 [INFO] PluginManage:359 - Loaded plugin filemanager (category:base,tabindex:10)
2024-02-16 00:21:35,602 [INFO] PluginManage:310 - Check plugin ipmanager
2024-02-16 00:21:35,608 [INFO] PluginManage:359 - Loaded plugin ipmanager (category:base,tabindex:5)
2024-02-16 00:21:35,608 [INFO] PluginManage:310 - Check plugin lpbam
2024-02-16 00:21:35,618 [INFO] PluginManage:359 - Loaded plugin lpbam (category:base,tabindex:0)
2024-02-16 00:21:35,618 [INFO] PluginManage:310 - Check plugin memorymap
2024-02-16 00:21:35,631 [INFO] PluginManage:359 - Loaded plugin memorymap (category:base,tabindex:4)
2024-02-16 00:21:35,631 [INFO] PluginManage:310 - Check plugin pinoutandconfiguration
2024-02-16 00:21:35,639 [INFO] PluginManage:359 - Loaded plugin pinoutandconfiguration (category:base,tabindex:1)
2024-02-16 00:21:35,640 [INFO] PluginManage:310 - Check plugin pinoutconfig
2024-02-16 00:21:35,731 [WARN] SupportedApi:132 - Cannot load RTOS API schema: s4s-elt-must-match.1: The content of 'definitions' must match (annotation?, (simpleType | complexType)?, (unique | key | keyref)*)). A problem was found starting at: attribute.
2024-02-16 00:21:35,870 [INFO] PluginManage:359 - Loaded plugin pinoutconfig (category:base,tabindex:0)
2024-02-16 00:21:35,871 [INFO] PluginManage:310 - Check plugin power
2024-02-16 00:21:35,881 [INFO] PluginManage:359 - Loaded plugin power (category:power,tabindex:4)
2024-02-16 00:21:35,881 [INFO] PluginManage:310 - Check plugin projectmanager
2024-02-16 00:21:35,899 [INFO] PluginManage:359 - Loaded plugin projectmanager (category:projectmanager,tabindex:3)
2024-02-16 00:21:35,899 [INFO] PluginManage:310 - Check plugin thirdparty
2024-02-16 00:21:36,053 [INFO] PluginManage:359 - Loaded plugin thirdparty (category:base,tabindex:-1)
2024-02-16 00:21:36,053 [WARN] IntegrityCheckThread:84 - waiting for thirdparty lock release [integrity check]
2024-02-16 00:21:36,053 [INFO] PluginManage:310 - Check plugin tools
2024-02-16 00:21:36,053 [INFO] IntegrityCheckThread:86 - entering critical section [integrity check]
2024-02-16 00:21:36,054 [INFO] ThirdPartyUpdaterWithRetryManager:70 - Updater plugin not ready yet. [1/15]
2024-02-16 00:21:36,056 [INFO] PluginManage:359 - Loaded plugin tools (category:base,tabindex:7)
2024-02-16 00:21:36,056 [INFO] PluginManage:310 - Check plugin tutovideos
2024-02-16 00:21:36,295 [INFO] PluginManage:359 - Loaded plugin tutovideos (category:base,tabindex:-1)
2024-02-16 00:21:36,295 [INFO] PluginManage:310 - Check plugin updater
2024-02-16 00:21:36,308 [INFO] PluginManage:359 - Loaded plugin updater (category:base,tabindex:12)
2024-02-16 00:21:36,308 [INFO] PluginManage:310 - Check plugin userauth
2024-02-16 00:21:36,314 [INFO] UserAuth:114 - Init User Auth plugin
2024-02-16 00:21:36,314 [INFO] PluginManage:359 - Loaded plugin userauth (category:base,tabindex:14)
2024-02-16 00:21:36,315 [INFO] PluginManage:283 - PluginManage : Loaded plugins [17]
2024-02-16 00:21:36,531 [INFO] PinOutPanel:1499 - setPackage(No Configuration,No Configuration)
2024-02-16 00:21:36,596 [INFO] CADModel:165 - CPN selected for project level
2024-02-16 00:21:36,597 [INFO] CADModel:114 - Register for checkConnection events
2024-02-16 00:21:36,608 [INFO] IPUIPlugin:80 - create IPUIPlugin
2024-02-16 00:21:36,609 [INFO] PluginManager:220 - loadIPPluginJar : add gfxmmu
2024-02-16 00:21:36,610 [INFO] IPUIPlugin:80 - create IPUIPlugin
2024-02-16 00:21:36,610 [INFO] PluginManager:220 - loadIPPluginJar : add comp
2024-02-16 00:21:36,613 [INFO] IPUIPlugin:80 - create IPUIPlugin
2024-02-16 00:21:36,613 [INFO] PluginManager:220 - loadIPPluginJar : add usbx
2024-02-16 00:21:36,620 [INFO] IPUIPlugin:80 - create IPUIPlugin
2024-02-16 00:21:36,620 [INFO] PluginManager:220 - loadIPPluginJar : add linkedlist
2024-02-16 00:21:36,627 [INFO] IPUIPlugin:80 - create IPUIPlugin
2024-02-16 00:21:36,628 [INFO] PluginManager:220 - loadIPPluginJar : add mdma
2024-02-16 00:21:36,630 [INFO] IPUIPlugin:80 - create IPUIPlugin
2024-02-16 00:21:36,630 [INFO] PluginManager:220 - loadIPPluginJar : add i3c
2024-02-16 00:21:36,632 [INFO] IPUIPlugin:80 - create IPUIPlugin
2024-02-16 00:21:36,632 [INFO] PluginManager:220 - loadIPPluginJar : add cryp
2024-02-16 00:21:36,634 [INFO] IPUIPlugin:80 - create IPUIPlugin
2024-02-16 00:21:36,634 [INFO] PluginManager:220 - loadIPPluginJar : add quadspi
2024-02-16 00:21:36,635 [INFO] IPUIPlugin:80 - create IPUIPlugin
2024-02-16 00:21:36,635 [INFO] PluginManager:220 - loadIPPluginJar : add tsc
2024-02-16 00:21:36,638 [INFO] IPUIPlugin:80 - create IPUIPlugin
2024-02-16 00:21:36,638 [INFO] PluginManager:220 - loadIPPluginJar : add hash
2024-02-16 00:21:36,640 [INFO] IPUIPlugin:80 - create IPUIPlugin
2024-02-16 00:21:36,641 [INFO] PluginManager:220 - loadIPPluginJar : add aes
2024-02-16 00:21:36,643 [INFO] IPUIPlugin:80 - create IPUIPlugin
2024-02-16 00:21:36,643 [INFO] PluginManager:220 - loadIPPluginJar : add i2c
2024-02-16 00:21:36,645 [INFO] IPUIPlugin:80 - create IPUIPlugin
2024-02-16 00:21:36,645 [INFO] PluginManager:220 - loadIPPluginJar : add gtzc
2024-02-16 00:21:36,652 [INFO] IPUIPlugin:80 - create IPUIPlugin
2024-02-16 00:21:36,653 [INFO] PluginManager:220 - loadIPPluginJar : add stm32_wpan
2024-02-16 00:21:36,659 [INFO] IPUIPlugin:80 - create IPUIPlugin
2024-02-16 00:21:36,662 [INFO] PluginManager:220 - loadIPPluginJar : add plateformsettings
2024-02-16 00:21:36,668 [INFO] IPUIPlugin:80 - create IPUIPlugin
2024-02-16 00:21:36,669 [INFO] PluginManager:220 - loadIPPluginJar : add adc
2024-02-16 00:21:36,671 [INFO] IPUIPlugin:80 - create IPUIPlugin
2024-02-16 00:21:36,672 [INFO] PluginManager:220 - loadIPPluginJar : add sai
2024-02-16 00:21:36,676 [INFO] IPUIPlugin:80 - create IPUIPlugin
2024-02-16 00:21:36,677 [INFO] PluginManager:220 - loadIPPluginJar : add gic
2024-02-16 00:21:36,679 [INFO] IPUIPlugin:80 - create IPUIPlugin
2024-02-16 00:21:36,679 [INFO] PluginManager:220 - loadIPPluginJar : add opamp
2024-02-16 00:21:36,681 [INFO] IPUIPlugin:80 - create IPUIPlugin
2024-02-16 00:21:36,681 [INFO] PluginManager:220 - loadIPPluginJar : add i2s
2024-02-16 00:21:36,684 [INFO] IPUIPlugin:80 - create IPUIPlugin
2024-02-16 00:21:36,684 [INFO] PluginManager:220 - loadIPPluginJar : add touchsensing
2024-02-16 00:21:36,686 [INFO] IPUIPlugin:80 - create IPUIPlugin
2024-02-16 00:21:36,686 [INFO] PluginManager:220 - loadIPPluginJar : add dma3
2024-02-16 00:21:36,691 [INFO] IPUIPlugin:80 - create IPUIPlugin
2024-02-16 00:21:36,692 [INFO] PluginManager:220 - loadIPPluginJar : add gpio
2024-02-16 00:21:36,694 [INFO] IPUIPlugin:80 - create IPUIPlugin
2024-02-16 00:21:36,694 [INFO] PluginManager:220 - loadIPPluginJar : add lorawan
2024-02-16 00:21:36,696 [INFO] IPUIPlugin:80 - create IPUIPlugin
2024-02-16 00:21:36,696 [INFO] PluginManager:220 - loadIPPluginJar : add tracer_emb
2024-02-16 00:21:36,700 [INFO] IPUIPlugin:80 - create IPUIPlugin
2024-02-16 00:21:36,700 [INFO] PluginManager:220 - loadIPPluginJar : add ipddr
2024-02-16 00:21:36,703 [INFO] IPUIPlugin:80 - create IPUIPlugin
2024-02-16 00:21:36,704 [INFO] PluginManager:220 - loadIPPluginJar : add resmgrutility
2024-02-16 00:21:36,708 [INFO] IPUIPlugin:80 - create IPUIPlugin
2024-02-16 00:21:36,708 [INFO] PluginManager:220 - loadIPPluginJar : add fmc
2024-02-16 00:21:36,709 [INFO] IPUIPlugin:80 - create IPUIPlugin
2024-02-16 00:21:36,710 [INFO] PluginManager:220 - loadIPPluginJar : add tim
2024-02-16 00:21:36,711 [INFO] IPUIPlugin:80 - create IPUIPlugin
2024-02-16 00:21:36,711 [INFO] PluginManager:220 - loadIPPluginJar : add ltdc
2024-02-16 00:21:36,713 [INFO] IPUIPlugin:80 - create IPUIPlugin
2024-02-16 00:21:36,713 [INFO] PluginManager:220 - loadIPPluginJar : add genericplugin
2024-02-16 00:21:36,721 [INFO] IPUIPlugin:80 - create IPUIPlugin
2024-02-16 00:21:36,721 [INFO] PluginManager:220 - loadIPPluginJar : add dma
2024-02-16 00:21:36,723 [INFO] IPUIPlugin:80 - create IPUIPlugin
2024-02-16 00:21:36,724 [INFO] PluginManager:220 - loadIPPluginJar : add usart
2024-02-16 00:21:36,726 [INFO] IPUIPlugin:80 - create IPUIPlugin
2024-02-16 00:21:36,726 [INFO] PluginManager:220 - loadIPPluginJar : add openamp
2024-02-16 00:21:36,727 [INFO] IPUIPlugin:80 - create IPUIPlugin
2024-02-16 00:21:36,728 [INFO] PluginManager:220 - loadIPPluginJar : add fatfs
2024-02-16 00:21:36,729 [INFO] IPUIPlugin:80 - create IPUIPlugin
2024-02-16 00:21:36,729 [INFO] PluginManager:220 - loadIPPluginJar : add spi
2024-02-16 00:21:36,731 [INFO] IPUIPlugin:80 - create IPUIPlugin
2024-02-16 00:21:36,732 [INFO] PluginManager:220 - loadIPPluginJar : add dfsdm
2024-02-16 00:21:36,734 [INFO] IPUIPlugin:80 - create IPUIPlugin
2024-02-16 00:21:36,734 [INFO] PluginManager:220 - loadIPPluginJar : add can
2024-02-16 00:21:36,739 [INFO] IPUIPlugin:80 - create IPUIPlugin
2024-02-16 00:21:36,740 [INFO] PluginManager:220 - loadIPPluginJar : add nvic
2024-02-16 00:21:36,746 [INFO] IPUIPlugin:80 - create IPUIPlugin
2024-02-16 00:21:36,746 [INFO] PluginManager:220 - loadIPPluginJar : add freertos
2024-02-16 00:21:36,748 [INFO] IPUIPlugin:80 - create IPUIPlugin
2024-02-16 00:21:36,748 [INFO] PluginManager:220 - loadIPPluginJar : add pdm2pcm
2024-02-16 00:21:36,750 [INFO] IPUIPlugin:80 - create IPUIPlugin
2024-02-16 00:21:36,750 [INFO] PluginManager:220 - loadIPPluginJar : add ts
2024-02-16 00:21:36,752 [INFO] IPUIPlugin:80 - create IPUIPlugin
2024-02-16 00:21:36,752 [INFO] PluginManager:220 - loadIPPluginJar : add ucpd
2024-02-16 00:21:36,866 [INFO] CADModel:165 - CPN selected for project level
2024-02-16 00:21:36,866 [INFO] CADModel:114 - Register for checkConnection events
2024-02-16 00:21:36,866 [FATAL] Updater:308 - Updater called before beeing initialized
2024-02-16 00:21:36,866 [ERROR] CADModel:125 - Updater not yet initialized, retry later 
2024-02-16 00:21:37,010 [INFO] CADModel:165 - CPN selected for project level
2024-02-16 00:21:37,011 [INFO] CADModel:114 - Register for checkConnection events
2024-02-16 00:21:37,011 [FATAL] Updater:308 - Updater called before beeing initialized
2024-02-16 00:21:37,011 [ERROR] CADModel:125 - Updater not yet initialized, retry later 
2024-02-16 00:21:37,015 [FATAL] Updater:308 - Updater called before beeing initialized
2024-02-16 00:21:37,125 [FATAL] Updater:308 - Updater called before beeing initialized
2024-02-16 00:21:37,130 [INFO] DbMcusAds:53 - JSON generation date=Wed Nov 29 07:52:27 ART 2023 (1701255147200)
2024-02-16 00:21:37,130 [FATAL] Updater:308 - Updater called before beeing initialized
2024-02-16 00:21:37,178 [WARN] DetailPanel:346 - Failed to get advertising image, set to default
2024-02-16 00:21:37,350 [FATAL] Updater:308 - Updater called before beeing initialized
2024-02-16 00:21:37,353 [FATAL] Updater:308 - Updater called before beeing initialized
2024-02-16 00:21:37,353 [FATAL] Updater:308 - Updater called before beeing initialized
2024-02-16 00:21:37,353 [WARN] DetailPanel:346 - Failed to get advertising image, set to default
2024-02-16 00:21:37,354 [FATAL] Updater:308 - Updater called before beeing initialized
2024-02-16 00:21:37,403 [ERROR] Updater:1120 - MainUpdater not yet initialized. External WinMGr cannot be set.
2024-02-16 00:21:37,405 [INFO] Updater:1056 - Updater Version found : 6.10.0
2024-02-16 00:21:37,428 [INFO] ApplicationProperties:184 - Using Application install path: /opt/st/stm32cubeide_1.14.0/plugins/com.st.stm32cube.common.mx_6.10.0.202311202037
2024-02-16 00:21:38,043 [INFO] MainUpdater:2873 - connection check result : 10
2024-02-16 00:21:38,045 [INFO] MainUpdater:290 - Updater Check For Update Now.
2024-02-16 00:21:38,045 [INFO] MicroXplorer:498 - Change Database Version : DB.6.0.100
2024-02-16 00:21:38,051 [INFO] McuFinderGlobals:63 - Set McuFinder mode to 2 (CubeIDE integrated)
2024-02-16 00:21:38,276 [INFO] CheckServerUpdateThread:120 - End of CheckServer Thread
2024-02-16 00:21:38,901 [INFO] UserAuth:404 - Internet connection configuration mode: 1
2024-02-16 00:21:38,914 [INFO] JxBrowserEngine:152 - Initiate JxBrowser Engine with user profile folder
2024-02-16 00:21:39,145 [WARN] PackLoader:240 - Cannot read IP mode file for STMicroelectronics.X-CUBE-SMBUS.2.1.0
2024-02-16 00:21:39,152 [WARN] PackLoader:240 - Cannot read IP mode file for STMicroelectronics.X-CUBE-TOUCHGFX.4.23.0
2024-02-16 00:21:39,203 [WARN] PackLoader:240 - Cannot read IP mode file for STMicroelectronics.X-CUBE-AZRTOS-F7.1.1.0
2024-02-16 00:21:39,221 [WARN] PackLoader:240 - Cannot read IP mode file for STMicroelectronics.FP-SNS-MOTENV1.4.3.2
2024-02-16 00:21:39,239 [WARN] PackLoader:240 - Cannot read IP mode file for STMicroelectronics.X-CUBE-DISPLAY.3.0.0
2024-02-16 00:21:39,258 [WARN] PackLoader:240 - Cannot read IP mode file for emotas.I-CUBE-CANOPEN.1.3.0
2024-02-16 00:21:39,263 [WARN] PackLoader:240 - Cannot read IP mode file for STMicroelectronics.X-CUBE-TOUCHGFX.4.22.0
2024-02-16 00:21:39,267 [WARN] PackLoader:240 - Cannot read IP mode file for STMicroelectronics.X-CUBE-TOUCHGFX.4.22.1
2024-02-16 00:21:39,285 [INFO] LogOutputStream:77 - [STDOUT_REDIRECT] 1 : Invalid condition id : UX_CORESTACK_Condition cause : null
2024-02-16 00:21:39,286 [INFO] LogOutputStream:77 - [STDOUT_REDIRECT] 1 : Invalid condition id : UX_CORESTACK_Condition cause : null
2024-02-16 00:21:39,286 [INFO] LogOutputStream:77 - [STDOUT_REDIRECT] 1 : Invalid condition id : UX_CORESTACK_Condition cause : null
2024-02-16 00:21:39,287 [INFO] LogOutputStream:77 - [STDOUT_REDIRECT] 1 : Invalid condition id : UX_CORESTACK_Condition cause : null
2024-02-16 00:21:39,287 [INFO] LogOutputStream:77 - [STDOUT_REDIRECT] 1 : Invalid condition id : UX_CORESTACK_Condition cause : null
2024-02-16 00:21:39,294 [WARN] PackLoader:240 - Cannot read IP mode file for STMicroelectronics.X-CUBE-AZRTOS-WL.2.0.0
2024-02-16 00:21:39,309 [WARN] PackLoader:240 - Cannot read IP mode file for WES.I-CUBE-Cesium.1.3.0
2024-02-16 00:21:39,320 [WARN] PackLoader:240 - Cannot read IP mode file for STMicroelectronics.X-CUBE-BLE2.3.3.0
2024-02-16 00:21:39,331 [WARN] PackLoader:240 - Cannot read IP mode file for STMicroelectronics.X-CUBE-ALGOBUILD.1.3.0
2024-02-16 00:21:39,356 [WARN] PackLoader:240 - Cannot read IP mode file for STMicroelectronics.X-CUBE-AZRTOS-G0.1.1.0
2024-02-16 00:21:39,371 [WARN] PackLoader:240 - Cannot read IP mode file for STMicroelectronics.X-CUBE-NFC4.3.0.0
2024-02-16 00:21:39,429 [WARN] PackLoader:240 - Cannot read IP mode file for STMicroelectronics.X-CUBE-BLEMGR.3.0.0
2024-02-16 00:21:39,450 [WARN] PackLoader:240 - Cannot read IP mode file for STMicroelectronics.FP-ATR-SIGFOX1.3.2.0
2024-02-16 00:21:39,476 [WARN] PackLoader:240 - Cannot read IP mode file for STMicroelectronics.X-CUBE-EEPRMA1.5.1.0
2024-02-16 00:21:39,566 [WARN] PackLoader:240 - Cannot read IP mode file for SEGGER.I-CUBE-embOS.1.3.1
2024-02-16 00:21:39,671 [WARN] PackLoader:240 - Cannot read IP mode file for STMicroelectronics.X-CUBE-GNSS1.6.0.0
2024-02-16 00:21:39,716 [WARN] PackLoader:240 - Cannot read IP mode file for STMicroelectronics.X-CUBE-AZRTOS-F4.1.1.0
2024-02-16 00:21:39,817 [WARN] PackLoader:240 - Cannot read IP mode file for STMicroelectronics.X-CUBE-MEMS1.9.6.0
2024-02-16 00:21:39,964 [INFO] WebApp:161 - Instantiating new browser for Auth
2024-02-16 00:21:40,344 [WARN] PackLoader:240 - Cannot read IP mode file for STMicroelectronics.X-CUBE-EEPRMA1.4.2.0
2024-02-16 00:21:40,351 [WARN] PackLoader:240 - Cannot read IP mode file for ITTIA_DB.I-CUBE-ITTIADB.8.8.0
2024-02-16 00:21:40,363 [WARN] PackLoader:240 - Cannot read IP mode file for STMicroelectronics.X-CUBE-BLEMGR.2.0.0
2024-02-16 00:21:40,408 [WARN] ConditionMgr:438 - getConditionDescription Invalid condition id : UX DEVICE CLASS RTOS Condition cause : null
2024-02-16 00:21:40,409 [WARN] ConditionMgr:438 - getConditionDescription Invalid condition id : UX DEVICE CLASS RTOS Condition cause : null
2024-02-16 00:21:40,418 [WARN] PackLoader:240 - Cannot read IP mode file for STMicroelectronics.X-CUBE-AZRTOS-H7.3.1.0
2024-02-16 00:21:40,421 [WARN] ConditionMgr:1039 - genDependencies : Invalid condition id : UX DEVICE CLASS RTOS Condition cause : null
2024-02-16 00:21:40,421 [WARN] ConditionMgr:1039 - genDependencies : Invalid condition id : UX DEVICE CLASS RTOS Condition cause : null
2024-02-16 00:21:40,423 [WARN] ConditionMgr:1039 - genDependencies : Invalid condition id : UX DEVICE CLASS RTOS Condition cause : null
2024-02-16 00:21:40,424 [WARN] ConditionMgr:1039 - genDependencies : Invalid condition id : UX DEVICE CLASS RTOS Condition cause : null
2024-02-16 00:21:40,424 [WARN] ConditionMgr:1039 - genDependencies : Invalid condition id : UX DEVICE CLASS RTOS Condition cause : null
2024-02-16 00:21:40,447 [WARN] PackLoader:240 - Cannot read IP mode file for STMicroelectronics.X-CUBE-NFC7.1.0.1
2024-02-16 00:21:40,459 [WARN] PackLoader:240 - Cannot read IP mode file for STMicroelectronics.X-CUBE-EEPRMA1.4.1.0
2024-02-16 00:21:40,529 [WARN] ConditionMgr:438 - getConditionDescription Invalid condition id : LAN8742 Phy interface Condition cause : null
2024-02-16 00:21:40,531 [WARN] PackLoader:240 - Cannot read IP mode file for STMicroelectronics.X-CUBE-AZRTOS-L4.2.0.0
2024-02-16 00:21:40,534 [WARN] ConditionMgr:1039 - genDependencies : Invalid condition id : LAN8742 Phy interface Condition cause : null
2024-02-16 00:21:40,535 [WARN] ConditionMgr:1039 - genDependencies : Invalid condition id : LAN8742 Phy interface Condition cause : null
2024-02-16 00:21:40,537 [WARN] ConditionMgr:1039 - genDependencies : Invalid condition id : LAN8742 Phy interface Condition cause : null
2024-02-16 00:21:40,556 [WARN] PackLoader:240 - Cannot read IP mode file for STMicroelectronics.X-CUBE-SFXS2LP1.4.0.0
2024-02-16 00:21:40,567 [WARN] PackLoader:240 - Cannot read IP mode file for STMicroelectronics.X-CUBE-ISPU.1.1.0
2024-02-16 00:21:40,595 [WARN] PackLoader:240 - Cannot read IP mode file for STMicroelectronics.X-CUBE-SUBG2.5.0.0
2024-02-16 00:21:40,632 [WARN] PackLoader:240 - Cannot read IP mode file for STMicroelectronics.X-CUBE-TOF1.3.3.1
2024-02-16 00:21:40,695 [WARN] PackLoader:240 - Cannot read IP mode file for STMicroelectronics.X-CUBE-AZRTOS-G4.2.0.0
2024-02-16 00:21:40,732 [WARN] PackLoader:240 - Cannot read IP mode file for Infineon.AIROC-Wi-Fi-Bluetooth-STM32.1.5.1
2024-02-16 00:21:40,747 [WARN] PackLoader:240 - Cannot read IP mode file for STMicroelectronics.FP-SNS-MOTENVWB1.1.3.0
2024-02-16 00:21:40,755 [WARN] PackLoader:240 - Cannot read IP mode file for STMicroelectronics.FP-SNS-MOTENVWB1.1.3.1
2024-02-16 00:21:40,762 [WARN] PackLoader:240 - Cannot read IP mode file for STMicroelectronics.X-CUBE-ISPU.2.0.0
2024-02-16 00:21:40,868 [WARN] PackLoader:240 - Cannot read IP mode file for STMicroelectronics.X-CUBE-MEMS1.10.0.0
2024-02-16 00:21:41,248 [WARN] PackLoader:240 - Cannot read IP mode file for portGmbH.I-Cube-SoM-uGOAL.1.1.0
2024-02-16 00:21:41,257 [WARN] PackLoader:240 - Cannot read IP mode file for STMicroelectronics.X-CUBE-ALS.1.0.1
2024-02-16 00:21:41,271 [WARN] PackLoader:240 - Cannot read IP mode file for STMicroelectronics.FP-ATR-ASTRA1.2.0.0
2024-02-16 00:21:41,303 [WARN] PackLoader:240 - Cannot read IP mode file for STMicroelectronics.X-CUBE-TOF1.3.4.0
2024-02-16 00:21:41,412 [WARN] PackLoader:240 - Cannot read IP mode file for STMicroelectronics.X-CUBE-AZRTOS-H7.3.2.0
2024-02-16 00:21:41,425 [INFO] ThirdParty:978 - Integrity check success = true
2024-02-16 00:21:41,426 [INFO] IntegrityCheckThread:100 - exiting critical section [integrity check]
2024-02-16 00:21:41,426 [INFO] IntegrityCheckThread:103 - End integrity checks thread
2024-02-16 00:21:41,530 [INFO] WebApp:780 - Register for checkConnection events
2024-02-16 00:21:41,530 [INFO] WebApp:414 - Apply proxy settings
2024-02-16 00:21:41,530 [INFO] WebApp:499 - Chromium requires no authentication
2024-02-16 00:21:41,548 [INFO] WebApp:442 - Direct internet connection detected
2024-02-16 00:21:41,599 [INFO] McuFinderGlobals:63 - Set McuFinder mode to 2 (CubeIDE integrated)
2024-02-16 00:21:41,602 [INFO] MainUpdater:2873 - connection check result : 10
2024-02-16 00:21:41,605 [INFO] McuFinderGlobals:76 - Set McuFinderConnectedMode to true
2024-02-16 00:21:41,919 [INFO] WebApp:192 - Starting web application
2024-02-16 00:21:41,919 [INFO] WebApp:544 - Web application path used /opt/st/stm32cubeide_1.14.0/plugins/com.st.stm32cube.common.mx_6.10.0.202311202037/db/plugins/mcufinder/reactClient1/index.html
2024-02-16 00:21:42,602 [INFO] ServerAccessManage:473 - Download File mcusAds.json._tmp_
2024-02-16 00:21:42,714 [INFO] LoadUrlFilesThread:156 - End of LoadUrlFiles Thread
2024-02-16 00:21:43,068 [INFO] ServerAccessManage:473 - Download File cube-finder-db.zip
2024-02-16 00:22:02,406 [ERROR] LogOutputStream:75 - [STDERR_REDIRECT] SLF4J: Failed to load class "org.slf4j.impl.StaticLoggerBinder".
2024-02-16 00:22:02,406 [ERROR] LogOutputStream:75 - [STDERR_REDIRECT] SLF4J: Defaulting to no-operation (NOP) logger implementation
2024-02-16 00:22:02,406 [ERROR] LogOutputStream:75 - [STDERR_REDIRECT] SLF4J: See http://www.slf4j.org/codes.html#StaticLoggerBinder for further details.
2024-02-16 00:22:30,512 [INFO] FileExtend:240 - Unzip File : cube-finder-db.zip
2024-02-16 00:22:30,512 [INFO] FileExtend:255 - Standard Zip Deflate
2024-02-16 00:22:31,023 [INFO] LoadUrlFilesThread:156 - End of LoadUrlFiles Thread
2024-02-16 00:22:32,453 [INFO] ServerAccessManage:473 - Download File crdb.zip
2024-02-16 00:22:34,611 [INFO] FileExtend:240 - Unzip File : crdb.zip
2024-02-16 00:22:34,611 [INFO] FileExtend:255 - Standard Zip Deflate
2024-02-16 00:22:34,747 [INFO] LoadUrlFilesThread:156 - End of LoadUrlFiles Thread
2024-02-16 00:22:34,905 [INFO] ServerAccessManage:473 - Download File tutoVideoDB.zip
2024-02-16 00:22:35,086 [INFO] FileExtend:240 - Unzip File : tutoVideoDB.zip
2024-02-16 00:22:35,086 [INFO] FileExtend:255 - Standard Zip Deflate
2024-02-16 00:22:35,194 [INFO] LoadUrlFilesThread:156 - End of LoadUrlFiles Thread
2024-02-16 00:22:35,198 [WARN] DbFile:41 - Overriding database path with different value: /home/fede/.stmcufinder/plugins/mcufinder/ => /home/fede/.stmcufinder/plugins/mcufinder
2024-02-16 00:22:35,357 [INFO] ServerAccessManage:473 - Download File api_config.json
2024-02-16 00:22:35,473 [INFO] LoadUrlFilesThread:156 - End of LoadUrlFiles Thread
2024-02-16 00:22:35,473 [INFO] DbMcusAds:53 - JSON generation date=Wed Nov 29 07:52:27 ART 2023 (1701255147349)
2024-02-16 00:22:35,489 [INFO] LoadUrlFilesThread:185 - End of LoadServerUrlFiles without Thread
2024-02-16 00:22:35,490 [INFO] TargetSelectorAdapter:259 - Refresh data is successful
2024-02-16 00:22:35,578 [INFO] ApiDb:581 - Connected to CubeFinder SQLite database (/home/fede/.stmcufinder/plugins/mcufinder/mcu/cube-finder-db.db)
2024-02-16 00:22:35,611 [INFO] ApiDb:668 - CubeFinder database Data Model version=2.1
2024-02-16 00:22:35,611 [INFO] ApiDb:669 - CubeFinder database Configuration version=3.0.39
2024-02-16 00:22:35,611 [INFO] ApiDb:670 - CubeFinder database generation date=2024-01-11 (1704964531)
2024-02-16 00:22:35,611 [INFO] ApiDb:671 - CubeFinder database FW Pack versions=[FP-ATR-ASTRA1_V2.0.0, FP-SNS-FLIGHT1_V5.0.1, FP-SNS-FLIGHT1_V5.0.2, FP-SNS-MOTENV1_V4.3.1, FP-SNS-MOTENV1_V4.3.2, FP-SNS-MOTENVWB1_V1.3.1, FP-SNS-SMARTAG2_V1.2.0, STM32Cube_FW_C0_V1.1.0, STM32Cube_FW_F4_V1.28.0, STM32Cube_FW_F7_V1.17.0, STM32Cube_FW_G0_V1.6.2, STM32Cube_FW_G4_V1.5.2, STM32Cube_FW_H5_V0.5.1, STM32Cube_FW_H5_V1.1.1, STM32Cube_FW_H5_V1.2.0RC2, STM32Cube_FW_H7_V1.11.0, STM32Cube_FW_L0_V1.12.2, STM32Cube_FW_L5_V1.5.0, STM32Cube_FW_U5_V1.3.0RC4, STM32Cube_FW_U5_V1.4.0, STM32Cube_FW_WBA_V1.0.0RC1, STM32Cube_FW_WBA_V1.1.0RC1, STM32Cube_FW_WBA_V1.2.0, STM32Cube_FW_WBA_V1.2.0RC2, STM32Cube_FW_WB_V1.15.0RC1, STM32Cube_FW_WB_V1.16.0, STM32Cube_FW_WB_V1.16.0RC2, STM32Cube_FW_WB_V1.18.0, STM32Cube_FW_WL_V1.3.0, X-CUBE-ALGOBUILD_V1.3.0, X-CUBE-ALS_V1.0.1, X-CUBE-AZRTOS-F4_V1.1.0, X-CUBE-AZRTOS-F7_V1.1.0, X-CUBE-AZRTOS-G0_V1.1.0, X-CUBE-AZRTOS-G4_V2.0.0, X-CUBE-AZRTOS-H7_V3.2.0, X-CUBE-AZRTOS-L4_V1.0.0, X-CUBE-AZRTOS-L4_V2.0.0, X-CUBE-AZRTOS-L5_V1.1.0, X-CUBE-AZRTOS-WB_V2.0.0, X-CUBE-AZRTOS-WL_V2.0.0, X-CUBE-BLE1_V7.0.0, X-CUBE-BLE2_V3.3.0, X-CUBE-BLEMGR_V3.0.0, X-CUBE-EEPRMA1_V4.1.0, X-CUBE-EEPRMA1_V4.2.0, X-CUBE-FREERTOS_V1.1.0, X-CUBE-GNSS1_V6.0.0, X-CUBE-MEMS1_V10.0.0, X-CUBE-MEMS1_V9.1.0, X-CUBE-MEMS1_V9.4.0, X-CUBE-MEMS1_V9.6.0, X-CUBE-NFC4_V3.0.0, X-CUBE-NFC7_V1.0.1, X-CUBE-SFXS2LP1_V4.0.0, X-CUBE-SUBG2_V5.0.0, X-CUBE-TOF1_V3.4.0]
2024-02-16 00:22:37,062 [INFO] ApiDb:240 - Found 371 in-development CPN: [B-G473E-ZEST1S, B-WB1M-WPAN1, B-WL5M-SUBG1, NUCLEO-C031C6, NUCLEO-H503RB, NUCLEO-H563ZI, NUCLEO-U545RE-Q, NUCLEO-U5A5ZJ-Q, NUCLEO-WBA52CG, NUCLEO-WBA55CG, STEVAL-MKBOXPRO, STEVAL-PROTEUS1, STEVAL-STWINBX1, STM320518-EVAL, STM32C0116-DK, STM32C011D6Y3TR, STM32C011D6Y6TR, STM32C011F4P3, STM32C011F4P6, STM32C011F4U3, STM32C011F4U6TR, STM32C011F6P3, STM32C011F6P6, STM32C011F6U3, STM32C011F6U6TR, STM32C011J4M3, STM32C011J4M6, STM32C011J6M3, STM32C011J6M6, STM32C0316-DK, STM32C031C4T3, STM32C031C4T6, STM32C031C4U3, STM32C031C4U6, STM32C031C6T3, STM32C031C6T6, STM32C031C6U3, STM32C031C6U6, STM32C031F4P3, STM32C031F4P6, STM32C031F6P3, STM32C031F6P6, STM32C031G4U3, STM32C031G4U6, STM32C031G6U3, STM32C031G6U6, STM32C031K4T3, STM32C031K4T6, STM32C031K4U3, STM32C031K4U6, STM32C031K6T3, STM32C031K6T6, STM32C031K6U3, STM32C031K6U6, STM32G071K8TXN, STM32G071K8UXN, STM32G081GBU6N, STM32G081KBT6N, STM32G081KBUXN, STM32G0B1CCT6N, STM32G0B1KCT6, STM32G0B1NEY6TR, STM32G0B1RCT6N, STM32G0C1CCT6, STM32G0C1CCT6N, STM32G0C1CCU6N, STM32G0C1CET6N, STM32G0C1CEU6N, STM32G0C1KCT6, STM32G0C1NEY6TR, STM32G0C1RCI6N, STM32G0C1RCT6N, STM32G0C1REI6N, STM32G0C1RET6N, STM32G0C1VCI6, STM32G0C1VEI6, STM32G471CCT6, STM32G471CCU6, STM32G471CET3, STM32G471CET6, STM32G471CEU3, STM32G471CEU6, STM32G471MCT6, STM32G471MET3, STM32G471MET6, STM32G471MEY6TR, STM32G471QCT6, STM32G471QET3, STM32G471RCT6, STM32G471RET3, STM32G471RET6, STM32G471VCH6, STM32G471VCI6, STM32G471VCT6, STM32G471VEH3, STM32G471VEH6, STM32G471VEI3, STM32G471VEI6, STM32G471VET3, STM32G471VET6, STM32G474CCT6, STM32H503CBT6, STM32H503CBU6, STM32H503EBY6TR, STM32H503KBU6, STM32H503RBT6, STM32H562AGI6, STM32H562AII6, STM32H562IGK6, STM32H562IGT6, STM32H562IIK6, STM32H562IIT6, STM32H562RGT6, STM32H562RGV6, STM32H562RIT6, STM32H562RIV6, STM32H562VGT6, STM32H562VIT6, STM32H562ZGT6, STM32H562ZIT6, STM32H563AGI6, STM32H563AII3Q, STM32H563AII6, STM32H563IGK6, STM32H563IGT6, STM32H563IIK3Q, STM32H563IIK6, STM32H563IIT3Q, STM32H563IIT6, STM32H563MIY3QTR, STM32H563RGT6, STM32H563RGV6, STM32H563RIT6, STM32H563RIV6, STM32H563VGT6, STM32H563VIT3Q, STM32H563VIT6, STM32H563ZGT6, STM32H563ZIT3Q, STM32H563ZIT6, STM32H573AII3Q, STM32H573AII6, STM32H573I-DK, STM32H573IIK3Q, STM32H573IIK6, STM32H573IIT3Q, STM32H573IIT6, STM32H573MIY3QTR, STM32H573RIT6, STM32H573RIV6, STM32H573VIT3Q, STM32H573VIT6, STM32H573ZIT3Q, STM32H573ZIT6, STM32L4R5QGI6STR, STM32MP131AAE3, STM32MP131AAF3, STM32MP131AAG3, STM32MP131CAE3, STM32MP131CAF3, STM32MP131CAG3, STM32MP131DAE7, STM32MP131DAF7, STM32MP131DAG7, STM32MP131FAE7, STM32MP131FAF7, STM32MP131FAG7, STM32MP133AAE3, STM32MP133AAF3, STM32MP133AAG3, STM32MP133CAE3, STM32MP133CAF3, STM32MP133CAG3, STM32MP133DAE7, STM32MP133DAF7, STM32MP133DAG7, STM32MP133FAE7, STM32MP133FAF7, STM32MP133FAG7, STM32MP135AAE3, STM32MP135AAF3, STM32MP135AAG3, STM32MP135CAE3, STM32MP135CAF3, STM32MP135CAG3, STM32MP135DAE7, STM32MP135DAF7, STM32MP135DAG7, STM32MP135F-DK, STM32MP135FAE7, STM32MP135FAF7, STM32MP135FAF7T, STM32MP135FAF7U, STM32MP135FAG7, STM32U535CBT6, STM32U535CBT6Q, STM32U535CBU6, STM32U535CBU6Q, STM32U535CCT6, STM32U535CCT6Q, STM32U535CCU6, STM32U535CCU6Q, STM32U535CET6, STM32U535CET6Q, STM32U535CEU6, STM32U535CEU6Q, STM32U535JEY6QTR, STM32U535NCY6QTR, STM32U535NEY6QTR, STM32U535RBI6, STM32U535RBI6Q, STM32U535RBT6, STM32U535RBT6Q, STM32U535RCI6, STM32U535RCI6Q, STM32U535RCT6, STM32U535RCT6Q, STM32U535REI6, STM32U535REI6Q, STM32U535RET6, STM32U535RET6Q, STM32U535VCI6, STM32U535VCI6Q, STM32U535VCT6, STM32U535VCT6Q, STM32U535VEI6, STM32U535VEI6Q, STM32U535VET6, STM32U535VET6Q, STM32U545CET6, STM32U545CET6Q, STM32U545CEU6, STM32U545CEU6Q, STM32U545JEY6QTR, STM32U545NEY6QTR, STM32U545REI6, STM32U545REI6Q, STM32U545RET6, STM32U545RET6Q, STM32U545VEI6, STM32U545VEI6Q, STM32U545VET6, STM32U545VET6Q, STM32U595AIH6, STM32U595AIH6Q, STM32U595AJH6, STM32U595AJH6Q, STM32U595QII6, STM32U595QII6Q, STM32U595QJI6, STM32U595QJI6Q, STM32U595RIT6, STM32U595RIT6Q, STM32U595RJT6, STM32U595RJT6Q, STM32U595VIT6, STM32U595VIT6Q, STM32U595VJT6, STM32U595VJT6Q, STM32U595ZIT6, STM32U595ZIT6Q, STM32U595ZIY6QTR, STM32U595ZJT6, STM32U595ZJT6Q, STM32U595ZJY6QTR, STM32U599BJY6QTR, STM32U599NIH6Q, STM32U599NJH6Q, STM32U599VIT6Q, STM32U599VJT6, STM32U599VJT6Q, STM32U599ZIT6Q, STM32U599ZIY6QTR, STM32U599ZJT6Q, STM32U599ZJY6QTR, STM32U5A5AJH6, STM32U5A5AJH6Q, STM32U5A5QJI6, STM32U5A5QJI6Q, STM32U5A5RJT6, STM32U5A5RJT6Q, STM32U5A5VJT6, STM32U5A5VJT6Q, STM32U5A5ZJT6, STM32U5A5ZJT6Q, STM32U5A5ZJY6QTR, STM32U5A9BJY6QTR, STM32U5A9J-DK, STM32U5A9NJH6Q, STM32U5A9VJT6Q, STM32U5A9ZJT6Q, STM32U5A9ZJY6QTR, STM32U5F7VIT6, STM32U5F7VIT6Q, STM32U5F7VJT6, STM32U5F7VJT6Q, STM32U5F9BJY6QTR, STM32U5F9NJH6Q, STM32U5F9VIT6Q, STM32U5F9VJT6Q, STM32U5F9ZIJ6QTR, STM32U5F9ZIT6Q, STM32U5F9ZJJ6QTR, STM32U5F9ZJT6Q, STM32U5G7VJT6, STM32U5G7VJT6Q, STM32U5G9BJY6QTR, STM32U5G9J-DK1, STM32U5G9J-DK2, STM32U5G9NJH6Q, STM32U5G9VJT6Q, STM32U5G9ZJJ6QTR, STM32U5G9ZJT6Q, STM32WB1MMCH6, STM32WBA50KEU6, STM32WBA50KEU6TR, STM32WBA50KGU6, STM32WBA50KGU6TR, STM32WBA52CEU6, STM32WBA52CEU6TR, STM32WBA52CEU7, STM32WBA52CEU7TR, STM32WBA52CGU6, STM32WBA52CGU6TR, STM32WBA52CGU6U, STM32WBA52CGU7, STM32WBA52CGU7TR, STM32WBA52KEU6, STM32WBA52KEU6TR, STM32WBA52KGU6, STM32WBA52KGU6TR, STM32WBA54CEU6, STM32WBA54CEU6TR, STM32WBA54CEU7, STM32WBA54CEU7TR, STM32WBA54CGU6, STM32WBA54CGU6TR, STM32WBA54CGU7, STM32WBA54CGU7TR, STM32WBA54KEU6, STM32WBA54KEU6TR, STM32WBA54KEU7, STM32WBA54KEU7TR, STM32WBA54KGU6, STM32WBA54KGU6TR, STM32WBA54KGU7, STM32WBA54KGU7TR, STM32WBA55CEU6, STM32WBA55CEU6TR, STM32WBA55CEU7, STM32WBA55CEU7TR, STM32WBA55CGU6, STM32WBA55CGU6TR, STM32WBA55CGU6U, STM32WBA55CGU7, STM32WBA55CGU7TR, STM32WBA55G-DK1, STM32WBA55HEF6, STM32WBA55HEF7, STM32WBA55HGF6, STM32WBA55HGF7, STM32WBA55UEI6, STM32WBA55UEI6TR, STM32WBA55UEI7, STM32WBA55UEI7TR, STM32WBA55UGI6, STM32WBA55UGI6TR, STM32WBA55UGI7, STM32WBA55UGI7TR, STM32WL5MOCH6, STM32WL5MOCH6TR]
2024-02-16 00:22:37,068 [INFO] DbMcus:218 - Found 3930 MCUs, 3930 are supported
2024-02-16 00:22:37,069 [INFO] ApiDb:423 - Load user favorites file /home/fede/.stm32cubeide/favorites.mcus.txt: 0 item(s)
2024-02-16 00:22:37,069 [INFO] ApiDb:427 - User favorites MCUs=[]
2024-02-16 00:22:37,069 [INFO] DbMcus:224 - Set 0 / 0 favorites MCUs
2024-02-16 00:22:37,245 [INFO] ApiDb:668 - CubeFinder database Data Model version=2.1
2024-02-16 00:22:37,245 [INFO] ApiDb:669 - CubeFinder database Configuration version=3.0.39
2024-02-16 00:22:37,245 [INFO] ApiDb:670 - CubeFinder database generation date=2024-01-11 (1704964531)
2024-02-16 00:22:37,245 [INFO] ApiDb:671 - CubeFinder database FW Pack versions=[FP-ATR-ASTRA1_V2.0.0, FP-SNS-FLIGHT1_V5.0.1, FP-SNS-FLIGHT1_V5.0.2, FP-SNS-MOTENV1_V4.3.1, FP-SNS-MOTENV1_V4.3.2, FP-SNS-MOTENVWB1_V1.3.1, FP-SNS-SMARTAG2_V1.2.0, STM32Cube_FW_C0_V1.1.0, STM32Cube_FW_F4_V1.28.0, STM32Cube_FW_F7_V1.17.0, STM32Cube_FW_G0_V1.6.2, STM32Cube_FW_G4_V1.5.2, STM32Cube_FW_H5_V0.5.1, STM32Cube_FW_H5_V1.1.1, STM32Cube_FW_H5_V1.2.0RC2, STM32Cube_FW_H7_V1.11.0, STM32Cube_FW_L0_V1.12.2, STM32Cube_FW_L5_V1.5.0, STM32Cube_FW_U5_V1.3.0RC4, STM32Cube_FW_U5_V1.4.0, STM32Cube_FW_WBA_V1.0.0RC1, STM32Cube_FW_WBA_V1.1.0RC1, STM32Cube_FW_WBA_V1.2.0, STM32Cube_FW_WBA_V1.2.0RC2, STM32Cube_FW_WB_V1.15.0RC1, STM32Cube_FW_WB_V1.16.0, STM32Cube_FW_WB_V1.16.0RC2, STM32Cube_FW_WB_V1.18.0, STM32Cube_FW_WL_V1.3.0, X-CUBE-ALGOBUILD_V1.3.0, X-CUBE-ALS_V1.0.1, X-CUBE-AZRTOS-F4_V1.1.0, X-CUBE-AZRTOS-F7_V1.1.0, X-CUBE-AZRTOS-G0_V1.1.0, X-CUBE-AZRTOS-G4_V2.0.0, X-CUBE-AZRTOS-H7_V3.2.0, X-CUBE-AZRTOS-L4_V1.0.0, X-CUBE-AZRTOS-L4_V2.0.0, X-CUBE-AZRTOS-L5_V1.1.0, X-CUBE-AZRTOS-WB_V2.0.0, X-CUBE-AZRTOS-WL_V2.0.0, X-CUBE-BLE1_V7.0.0, X-CUBE-BLE2_V3.3.0, X-CUBE-BLEMGR_V3.0.0, X-CUBE-EEPRMA1_V4.1.0, X-CUBE-EEPRMA1_V4.2.0, X-CUBE-FREERTOS_V1.1.0, X-CUBE-GNSS1_V6.0.0, X-CUBE-MEMS1_V10.0.0, X-CUBE-MEMS1_V9.1.0, X-CUBE-MEMS1_V9.4.0, X-CUBE-MEMS1_V9.6.0, X-CUBE-NFC4_V3.0.0, X-CUBE-NFC7_V1.0.1, X-CUBE-SFXS2LP1_V4.0.0, X-CUBE-SUBG2_V5.0.0, X-CUBE-TOF1_V3.4.0]
2024-02-16 00:22:37,277 [INFO] DbBoardsSqlite:226 - include board P-NUCLEO-WB55-NUCLEO as a kit item of type 'Nucleo-64'
2024-02-16 00:22:37,277 [INFO] DbBoardsSqlite:226 - include board P-NUCLEO-WB55-USBDONGLE as a kit item of type 'Nucleo USB Dongle'
2024-02-16 00:22:37,278 [INFO] DbBoardsSqlite:226 - include board STEVAL-IDP005V1 as a kit item of type 'Evaluation Board'
2024-02-16 00:22:37,278 [INFO] DbBoardsSqlite:226 - include board STEVAL-IDP005V2 as a kit item of type 'Evaluation Board'
2024-02-16 00:22:37,295 [INFO] ApiDb:240 - Found 371 in-development CPN: [B-G473E-ZEST1S, B-WB1M-WPAN1, B-WL5M-SUBG1, NUCLEO-C031C6, NUCLEO-H503RB, NUCLEO-H563ZI, NUCLEO-U545RE-Q, NUCLEO-U5A5ZJ-Q, NUCLEO-WBA52CG, NUCLEO-WBA55CG, STEVAL-MKBOXPRO, STEVAL-PROTEUS1, STEVAL-STWINBX1, STM320518-EVAL, STM32C0116-DK, STM32C011D6Y3TR, STM32C011D6Y6TR, STM32C011F4P3, STM32C011F4P6, STM32C011F4U3, STM32C011F4U6TR, STM32C011F6P3, STM32C011F6P6, STM32C011F6U3, STM32C011F6U6TR, STM32C011J4M3, STM32C011J4M6, STM32C011J6M3, STM32C011J6M6, STM32C0316-DK, STM32C031C4T3, STM32C031C4T6, STM32C031C4U3, STM32C031C4U6, STM32C031C6T3, STM32C031C6T6, STM32C031C6U3, STM32C031C6U6, STM32C031F4P3, STM32C031F4P6, STM32C031F6P3, STM32C031F6P6, STM32C031G4U3, STM32C031G4U6, STM32C031G6U3, STM32C031G6U6, STM32C031K4T3, STM32C031K4T6, STM32C031K4U3, STM32C031K4U6, STM32C031K6T3, STM32C031K6T6, STM32C031K6U3, STM32C031K6U6, STM32G071K8TXN, STM32G071K8UXN, STM32G081GBU6N, STM32G081KBT6N, STM32G081KBUXN, STM32G0B1CCT6N, STM32G0B1KCT6, STM32G0B1NEY6TR, STM32G0B1RCT6N, STM32G0C1CCT6, STM32G0C1CCT6N, STM32G0C1CCU6N, STM32G0C1CET6N, STM32G0C1CEU6N, STM32G0C1KCT6, STM32G0C1NEY6TR, STM32G0C1RCI6N, STM32G0C1RCT6N, STM32G0C1REI6N, STM32G0C1RET6N, STM32G0C1VCI6, STM32G0C1VEI6, STM32G471CCT6, STM32G471CCU6, STM32G471CET3, STM32G471CET6, STM32G471CEU3, STM32G471CEU6, STM32G471MCT6, STM32G471MET3, STM32G471MET6, STM32G471MEY6TR, STM32G471QCT6, STM32G471QET3, STM32G471RCT6, STM32G471RET3, STM32G471RET6, STM32G471VCH6, STM32G471VCI6, STM32G471VCT6, STM32G471VEH3, STM32G471VEH6, STM32G471VEI3, STM32G471VEI6, STM32G471VET3, STM32G471VET6, STM32G474CCT6, STM32H503CBT6, STM32H503CBU6, STM32H503EBY6TR, STM32H503KBU6, STM32H503RBT6, STM32H562AGI6, STM32H562AII6, STM32H562IGK6, STM32H562IGT6, STM32H562IIK6, STM32H562IIT6, STM32H562RGT6, STM32H562RGV6, STM32H562RIT6, STM32H562RIV6, STM32H562VGT6, STM32H562VIT6, STM32H562ZGT6, STM32H562ZIT6, STM32H563AGI6, STM32H563AII3Q, STM32H563AII6, STM32H563IGK6, STM32H563IGT6, STM32H563IIK3Q, STM32H563IIK6, STM32H563IIT3Q, STM32H563IIT6, STM32H563MIY3QTR, STM32H563RGT6, STM32H563RGV6, STM32H563RIT6, STM32H563RIV6, STM32H563VGT6, STM32H563VIT3Q, STM32H563VIT6, STM32H563ZGT6, STM32H563ZIT3Q, STM32H563ZIT6, STM32H573AII3Q, STM32H573AII6, STM32H573I-DK, STM32H573IIK3Q, STM32H573IIK6, STM32H573IIT3Q, STM32H573IIT6, STM32H573MIY3QTR, STM32H573RIT6, STM32H573RIV6, STM32H573VIT3Q, STM32H573VIT6, STM32H573ZIT3Q, STM32H573ZIT6, STM32L4R5QGI6STR, STM32MP131AAE3, STM32MP131AAF3, STM32MP131AAG3, STM32MP131CAE3, STM32MP131CAF3, STM32MP131CAG3, STM32MP131DAE7, STM32MP131DAF7, STM32MP131DAG7, STM32MP131FAE7, STM32MP131FAF7, STM32MP131FAG7, STM32MP133AAE3, STM32MP133AAF3, STM32MP133AAG3, STM32MP133CAE3, STM32MP133CAF3, STM32MP133CAG3, STM32MP133DAE7, STM32MP133DAF7, STM32MP133DAG7, STM32MP133FAE7, STM32MP133FAF7, STM32MP133FAG7, STM32MP135AAE3, STM32MP135AAF3, STM32MP135AAG3, STM32MP135CAE3, STM32MP135CAF3, STM32MP135CAG3, STM32MP135DAE7, STM32MP135DAF7, STM32MP135DAG7, STM32MP135F-DK, STM32MP135FAE7, STM32MP135FAF7, STM32MP135FAF7T, STM32MP135FAF7U, STM32MP135FAG7, STM32U535CBT6, STM32U535CBT6Q, STM32U535CBU6, STM32U535CBU6Q, STM32U535CCT6, STM32U535CCT6Q, STM32U535CCU6, STM32U535CCU6Q, STM32U535CET6, STM32U535CET6Q, STM32U535CEU6, STM32U535CEU6Q, STM32U535JEY6QTR, STM32U535NCY6QTR, STM32U535NEY6QTR, STM32U535RBI6, STM32U535RBI6Q, STM32U535RBT6, STM32U535RBT6Q, STM32U535RCI6, STM32U535RCI6Q, STM32U535RCT6, STM32U535RCT6Q, STM32U535REI6, STM32U535REI6Q, STM32U535RET6, STM32U535RET6Q, STM32U535VCI6, STM32U535VCI6Q, STM32U535VCT6, STM32U535VCT6Q, STM32U535VEI6, STM32U535VEI6Q, STM32U535VET6, STM32U535VET6Q, STM32U545CET6, STM32U545CET6Q, STM32U545CEU6, STM32U545CEU6Q, STM32U545JEY6QTR, STM32U545NEY6QTR, STM32U545REI6, STM32U545REI6Q, STM32U545RET6, STM32U545RET6Q, STM32U545VEI6, STM32U545VEI6Q, STM32U545VET6, STM32U545VET6Q, STM32U595AIH6, STM32U595AIH6Q, STM32U595AJH6, STM32U595AJH6Q, STM32U595QII6, STM32U595QII6Q, STM32U595QJI6, STM32U595QJI6Q, STM32U595RIT6, STM32U595RIT6Q, STM32U595RJT6, STM32U595RJT6Q, STM32U595VIT6, STM32U595VIT6Q, STM32U595VJT6, STM32U595VJT6Q, STM32U595ZIT6, STM32U595ZIT6Q, STM32U595ZIY6QTR, STM32U595ZJT6, STM32U595ZJT6Q, STM32U595ZJY6QTR, STM32U599BJY6QTR, STM32U599NIH6Q, STM32U599NJH6Q, STM32U599VIT6Q, STM32U599VJT6, STM32U599VJT6Q, STM32U599ZIT6Q, STM32U599ZIY6QTR, STM32U599ZJT6Q, STM32U599ZJY6QTR, STM32U5A5AJH6, STM32U5A5AJH6Q, STM32U5A5QJI6, STM32U5A5QJI6Q, STM32U5A5RJT6, STM32U5A5RJT6Q, STM32U5A5VJT6, STM32U5A5VJT6Q, STM32U5A5ZJT6, STM32U5A5ZJT6Q, STM32U5A5ZJY6QTR, STM32U5A9BJY6QTR, STM32U5A9J-DK, STM32U5A9NJH6Q, STM32U5A9VJT6Q, STM32U5A9ZJT6Q, STM32U5A9ZJY6QTR, STM32U5F7VIT6, STM32U5F7VIT6Q, STM32U5F7VJT6, STM32U5F7VJT6Q, STM32U5F9BJY6QTR, STM32U5F9NJH6Q, STM32U5F9VIT6Q, STM32U5F9VJT6Q, STM32U5F9ZIJ6QTR, STM32U5F9ZIT6Q, STM32U5F9ZJJ6QTR, STM32U5F9ZJT6Q, STM32U5G7VJT6, STM32U5G7VJT6Q, STM32U5G9BJY6QTR, STM32U5G9J-DK1, STM32U5G9J-DK2, STM32U5G9NJH6Q, STM32U5G9VJT6Q, STM32U5G9ZJJ6QTR, STM32U5G9ZJT6Q, STM32WB1MMCH6, STM32WBA50KEU6, STM32WBA50KEU6TR, STM32WBA50KGU6, STM32WBA50KGU6TR, STM32WBA52CEU6, STM32WBA52CEU6TR, STM32WBA52CEU7, STM32WBA52CEU7TR, STM32WBA52CGU6, STM32WBA52CGU6TR, STM32WBA52CGU6U, STM32WBA52CGU7, STM32WBA52CGU7TR, STM32WBA52KEU6, STM32WBA52KEU6TR, STM32WBA52KGU6, STM32WBA52KGU6TR, STM32WBA54CEU6, STM32WBA54CEU6TR, STM32WBA54CEU7, STM32WBA54CEU7TR, STM32WBA54CGU6, STM32WBA54CGU6TR, STM32WBA54CGU7, STM32WBA54CGU7TR, STM32WBA54KEU6, STM32WBA54KEU6TR, STM32WBA54KEU7, STM32WBA54KEU7TR, STM32WBA54KGU6, STM32WBA54KGU6TR, STM32WBA54KGU7, STM32WBA54KGU7TR, STM32WBA55CEU6, STM32WBA55CEU6TR, STM32WBA55CEU7, STM32WBA55CEU7TR, STM32WBA55CGU6, STM32WBA55CGU6TR, STM32WBA55CGU6U, STM32WBA55CGU7, STM32WBA55CGU7TR, STM32WBA55G-DK1, STM32WBA55HEF6, STM32WBA55HEF7, STM32WBA55HGF6, STM32WBA55HGF7, STM32WBA55UEI6, STM32WBA55UEI6TR, STM32WBA55UEI7, STM32WBA55UEI7TR, STM32WBA55UGI6, STM32WBA55UGI6TR, STM32WBA55UGI7, STM32WBA55UGI7TR, STM32WL5MOCH6, STM32WL5MOCH6TR]
2024-02-16 00:22:37,355 [INFO] BoardInfo:889 - No configuration file found for board P-NUCLEO-WB55
2024-02-16 00:22:37,355 [INFO] DbBoards:161 - Kit is not supported: P-NUCLEO-WB55
2024-02-16 00:22:37,358 [INFO] BoardInfo:889 - No configuration file found for board STEVAL-BFA001V1B
2024-02-16 00:22:37,358 [INFO] DbBoards:161 - Kit is not supported: STEVAL-BFA001V1B
2024-02-16 00:22:37,358 [INFO] BoardInfo:889 - No configuration file found for board STEVAL-BFA001V2B
2024-02-16 00:22:37,359 [INFO] DbBoards:161 - Kit is not supported: STEVAL-BFA001V2B
2024-02-16 00:22:37,424 [INFO] DbBoards:168 - Found 193 boards, 190 are supported
2024-02-16 00:22:37,424 [INFO] DbBoards:169 - Found 193 boards, 3 of them is supported for  Bsp
2024-02-16 00:22:37,427 [INFO] ApiDb:423 - Load user favorites file /home/fede/.stm32cubeide/favorites.boards.txt: 0 item(s)
2024-02-16 00:22:37,427 [INFO] ApiDb:427 - User favorites Boards=[]
2024-02-16 00:22:37,427 [INFO] DbBoards:198 - Set 0 / 0 favorites Boards
2024-02-16 00:22:37,429 [INFO] ApiDb:668 - CubeFinder database Data Model version=2.1
2024-02-16 00:22:37,429 [INFO] ApiDb:669 - CubeFinder database Configuration version=3.0.39
2024-02-16 00:22:37,429 [INFO] ApiDb:670 - CubeFinder database generation date=2024-01-11 (1704964531)
2024-02-16 00:22:37,429 [INFO] ApiDb:671 - CubeFinder database FW Pack versions=[FP-ATR-ASTRA1_V2.0.0, FP-SNS-FLIGHT1_V5.0.1, FP-SNS-FLIGHT1_V5.0.2, FP-SNS-MOTENV1_V4.3.1, FP-SNS-MOTENV1_V4.3.2, FP-SNS-MOTENVWB1_V1.3.1, FP-SNS-SMARTAG2_V1.2.0, STM32Cube_FW_C0_V1.1.0, STM32Cube_FW_F4_V1.28.0, STM32Cube_FW_F7_V1.17.0, STM32Cube_FW_G0_V1.6.2, STM32Cube_FW_G4_V1.5.2, STM32Cube_FW_H5_V0.5.1, STM32Cube_FW_H5_V1.1.1, STM32Cube_FW_H5_V1.2.0RC2, STM32Cube_FW_H7_V1.11.0, STM32Cube_FW_L0_V1.12.2, STM32Cube_FW_L5_V1.5.0, STM32Cube_FW_U5_V1.3.0RC4, STM32Cube_FW_U5_V1.4.0, STM32Cube_FW_WBA_V1.0.0RC1, STM32Cube_FW_WBA_V1.1.0RC1, STM32Cube_FW_WBA_V1.2.0, STM32Cube_FW_WBA_V1.2.0RC2, STM32Cube_FW_WB_V1.15.0RC1, STM32Cube_FW_WB_V1.16.0, STM32Cube_FW_WB_V1.16.0RC2, STM32Cube_FW_WB_V1.18.0, STM32Cube_FW_WL_V1.3.0, X-CUBE-ALGOBUILD_V1.3.0, X-CUBE-ALS_V1.0.1, X-CUBE-AZRTOS-F4_V1.1.0, X-CUBE-AZRTOS-F7_V1.1.0, X-CUBE-AZRTOS-G0_V1.1.0, X-CUBE-AZRTOS-G4_V2.0.0, X-CUBE-AZRTOS-H7_V3.2.0, X-CUBE-AZRTOS-L4_V1.0.0, X-CUBE-AZRTOS-L4_V2.0.0, X-CUBE-AZRTOS-L5_V1.1.0, X-CUBE-AZRTOS-WB_V2.0.0, X-CUBE-AZRTOS-WL_V2.0.0, X-CUBE-BLE1_V7.0.0, X-CUBE-BLE2_V3.3.0, X-CUBE-BLEMGR_V3.0.0, X-CUBE-EEPRMA1_V4.1.0, X-CUBE-EEPRMA1_V4.2.0, X-CUBE-FREERTOS_V1.1.0, X-CUBE-GNSS1_V6.0.0, X-CUBE-MEMS1_V10.0.0, X-CUBE-MEMS1_V9.1.0, X-CUBE-MEMS1_V9.4.0, X-CUBE-MEMS1_V9.6.0, X-CUBE-NFC4_V3.0.0, X-CUBE-NFC7_V1.0.1, X-CUBE-SFXS2LP1_V4.0.0, X-CUBE-SUBG2_V5.0.0, X-CUBE-TOF1_V3.4.0]
2024-02-16 00:22:38,302 [ERROR] DbExamplesSqlite:437 - Missing JSON key: board_cpn
2024-02-16 00:22:38,303 [ERROR] DbExamplesSqlite:437 - Missing JSON key: board_cpn
2024-02-16 00:22:38,303 [ERROR] DbExamplesSqlite:437 - Missing JSON key: board_cpn
2024-02-16 00:22:38,303 [ERROR] DbExamplesSqlite:437 - Missing JSON key: board_cpn
2024-02-16 00:22:38,364 [INFO] DbExamplesSqlite:395 - Ignored 55 examples not supported by CubeIDE
2024-02-16 00:22:38,364 [INFO] DbExamplesSqlite:396 - Found 7560 examples active
2024-02-16 00:22:38,364 [INFO] DbExamplesSqlite:397 - Found 844 examples obsolete
2024-02-16 00:22:38,364 [INFO] DbExamplesSqlite:398 - Found 0 examples under development
2024-02-16 00:22:38,364 [INFO] DbExamplesSqlite:399 - Found 8 examples not building
2024-02-16 00:22:38,367 [INFO] DbExamples:125 - Found 7513 examples
2024-02-16 00:22:38,385 [INFO] DbExamples:222 - Found 95 boards with related examples
2024-02-16 00:22:38,386 [INFO] DbExamples:235 - Found 80 MCUs with related examples
2024-02-16 00:22:38,412 [INFO] ApiDb:423 - Load user favorites file /home/fede/.stm32cubeide/favorites.examples.txt: 0 item(s)
2024-02-16 00:22:38,412 [INFO] ApiDb:427 - User favorites Examples=[]
2024-02-16 00:22:38,412 [INFO] DbExamples:250 - Set 0 / 0 favorites Examples
2024-02-16 00:22:38,610 [INFO] McuFinderGlobals:76 - Set McuFinderConnectedMode to true
2024-02-16 00:22:38,624 [INFO] MultiScanPanel:200 - Auto-refresh data requested => check proxy status ongoing
2024-02-16 00:22:38,628 [INFO] FinderPluginLoader:95 - Searching for filters in installed packs
2024-02-16 00:22:41,864 [INFO] LoadUrlFilesThread:185 - End of LoadServerUrlFiles without Thread
2024-02-16 00:22:41,911 [INFO] DetailPanel:341 - Set advertising image to /home/fede/STM32Cube/Repository//en.prom-stm32wl3-mcu-finder.jpg
2024-02-16 00:23:28,298 [INFO] MainUpdater:2873 - connection check result : 10
2024-02-16 00:23:28,298 [INFO] MainUpdater:2873 - connection check result : 10
2024-02-16 00:23:28,313 [INFO] MicroXplorer:468 - Change Database Path : 
2024-02-16 00:23:28,313 [INFO] MicroXplorer:498 - Change Database Version : DB.6.0.100
2024-02-16 00:23:28,319 [WARN] ThirdParty:871 - waiting for thirdparty lock release [close project]
2024-02-16 00:23:28,319 [INFO] ThirdParty:873 - entering critical section [close project]
2024-02-16 00:23:28,320 [INFO] ThirdParty:883 - exiting critical section [close project]
2024-02-16 00:23:28,321 [INFO] PinOutPanel:1499 - setPackage(No Configuration,No Configuration)
2024-02-16 00:23:28,324 [INFO] UtilMem:75 - Begin LoadConfig() Used Memory: 709327960 Bytes (880803840)
2024-02-16 00:23:28,328 [INFO] MicroXplorer:468 - Change Database Path : /home/fede/.stm32cubemx/databases/DB.6.0.91/db/
2024-02-16 00:23:28,328 [INFO] MicroXplorer:498 - Change Database Version : DB.6.0.91
2024-02-16 00:23:48,796 [INFO] OpenFileManager:312 - Change cursor
2024-02-16 00:23:48,814 [INFO] Mcu:2016 - Initializing MCU STM32F103C(8-B)Tx STM32F103C8Tx STM32F103C8T6
2024-02-16 00:23:49,399 [INFO] Context:659 - Trying to add GPIOservice into a context  which must be forbidden
2024-02-16 00:23:49,788 [INFO] RtosManager:555 - Registered RTOS mode: class=CMSIS, group=RTOS, mode=CMSIS_V1, owner=FREERTOS
2024-02-16 00:23:49,788 [INFO] RtosManager:555 - Registered RTOS mode: class=CMSIS, group=RTOS2, mode=CMSIS_V2, owner=FREERTOS
2024-02-16 00:23:49,788 [INFO] RtosManager:555 - Registered RTOS mode: class=RTOS, group=Core, mode=CMSIS_V1, owner=FREERTOS
2024-02-16 00:23:49,788 [INFO] RtosManager:555 - Registered RTOS mode: class=RTOS, group=Core, mode=CMSIS_V2, owner=FREERTOS
2024-02-16 00:23:49,788 [WARN] ModelIntegratedComponent:184 - Missing modes for component STMicroelectronics:FreeRTOS:0.0.1:STMicroelectronics:RTOS:FreeRTOS:Core:::10.2.0:
2024-02-16 00:23:49,802 [WARN] ModelIntegratedComponent:63 - No mode defined for component null
2024-02-16 00:23:49,802 [WARN] ModelIntegratedComponent:63 - No mode defined for component null
2024-02-16 00:23:49,802 [WARN] ModelIntegratedComponent:63 - No mode defined for component null
2024-02-16 00:23:49,802 [WARN] ModelIntegratedComponent:63 - No mode defined for component null
2024-02-16 00:23:49,802 [WARN] ModelIntegratedComponent:63 - No mode defined for component null
2024-02-16 00:23:49,802 [WARN] ModelIntegratedComponent:63 - No mode defined for component null
2024-02-16 00:23:49,802 [WARN] ModelIntegratedComponent:63 - No mode defined for component null
2024-02-16 00:23:49,802 [WARN] ModelIntegratedComponent:63 - No mode defined for component null
2024-02-16 00:23:49,802 [WARN] ModelIntegratedComponent:63 - No mode defined for component null
2024-02-16 00:23:49,802 [WARN] ModelIntegratedComponent:63 - No mode defined for component null
2024-02-16 00:23:49,802 [WARN] ModelIntegratedComponent:63 - No mode defined for component null
2024-02-16 00:23:49,802 [WARN] ModelIntegratedComponent:63 - No mode defined for component null
2024-02-16 00:23:49,803 [WARN] ModelIntegratedComponent:63 - No mode defined for component null
2024-02-16 00:23:49,803 [WARN] ModelIntegratedComponent:63 - No mode defined for component null
2024-02-16 00:23:49,803 [WARN] ModelIntegratedComponent:63 - No mode defined for component null
2024-02-16 00:23:49,803 [WARN] ModelIntegratedComponent:63 - No mode defined for component null
2024-02-16 00:23:49,803 [WARN] ModelIntegratedComponent:63 - No mode defined for component null
2024-02-16 00:23:49,803 [WARN] ModelIntegratedComponent:63 - No mode defined for component null
2024-02-16 00:23:49,803 [WARN] ModelIntegratedComponent:63 - No mode defined for component null
2024-02-16 00:23:49,803 [WARN] ModelIntegratedComponent:63 - No mode defined for component null
2024-02-16 00:23:49,803 [WARN] ModelIntegratedComponent:63 - No mode defined for component null
2024-02-16 00:23:49,803 [WARN] ModelIntegratedComponent:63 - No mode defined for component null
2024-02-16 00:23:49,803 [WARN] ModelIntegratedComponent:63 - No mode defined for component null
2024-02-16 00:23:49,803 [WARN] ModelIntegratedComponent:63 - No mode defined for component null
2024-02-16 00:23:49,803 [WARN] ModelIntegratedComponent:63 - No mode defined for component null
2024-02-16 00:23:49,803 [WARN] ModelIntegratedComponent:63 - No mode defined for component null
2024-02-16 00:23:49,803 [WARN] ModelIntegratedComponent:63 - No mode defined for component null
2024-02-16 00:23:49,803 [WARN] ModelIntegratedComponent:63 - No mode defined for component null
2024-02-16 00:23:49,803 [WARN] ModelIntegratedComponent:63 - No mode defined for component null
2024-02-16 00:23:49,803 [WARN] ModelIntegratedComponent:63 - No mode defined for component null
2024-02-16 00:23:49,803 [WARN] ModelIntegratedComponent:63 - No mode defined for component null
2024-02-16 00:23:49,803 [WARN] ModelIntegratedComponent:63 - No mode defined for component null
2024-02-16 00:23:49,803 [WARN] ModelIntegratedComponent:63 - No mode defined for component null
2024-02-16 00:23:49,971 [INFO] ThirdPartyModel:298 - Start build external matchings
2024-02-16 00:23:50,594 [INFO] ThirdPartyModel:316 - End build external matchings
2024-02-16 00:23:50,609 [INFO] ImportTextPane:194 - (OptionalMessage_ERROR) IP (RCC) : Parameter (ADCFreqValue) has invalid value (36000000)
2024-02-16 00:23:50,609 [INFO] ImportTextPane:194 - (OptionalMessage_ERROR) IP (RCC) : Invalid parameter (FamilyName)
2024-02-16 00:23:50,609 [INFO] ImportTextPane:194 - (OptionalMessage_ERROR) IP (RCC) : Parameter (MCOFreq_Value) has invalid value (72000000)
2024-02-16 00:23:50,610 [INFO] ImportTextPane:194 - (OptionalMessage_ERROR) IP (RCC) : Parameter (USBFreq_Value) has invalid value (72000000)
2024-02-16 00:23:50,744 [INFO] UtilMem:75 - End LoadConfig() Used Memory: 542374832 Bytes (948961280)
2024-02-16 00:23:50,837 [INFO] MicroXplorer:468 - Change Database Path : 
2024-02-16 00:23:50,837 [INFO] MicroXplorer:498 - Change Database Version : DB.6.0.100
2024-02-16 00:23:50,839 [WARN] ThirdParty:833 - waiting for thirdparty lock release [change project]
2024-02-16 00:23:50,839 [INFO] ThirdParty:835 - entering critical section [change project]
2024-02-16 00:23:50,839 [INFO] ThirdParty:1030 - CMSIS Pack Vendor :STMicroelectronics X-CUBE-ISPU 1.1.0
2024-02-16 00:23:50,839 [INFO] ThirdParty:1030 - CMSIS Pack Vendor :STMicroelectronics USBPD 4.1
2024-02-16 00:23:50,839 [INFO] ThirdParty:1030 - CMSIS Pack Vendor :STMicroelectronics X-CUBE-GNSS1 6.0.0
2024-02-16 00:23:50,839 [INFO] ThirdParty:1030 - CMSIS Pack Vendor :STMicroelectronics USB_HOST 2.0.0
2024-02-16 00:23:50,839 [INFO] ThirdParty:1030 - CMSIS Pack Vendor :STMicroelectronics X-CUBE-AZRTOS-F4 1.1.0
2024-02-16 00:23:50,839 [INFO] ThirdParty:1030 - CMSIS Pack Vendor :STMicroelectronics LIBJPEG 8.0.0
2024-02-16 00:23:50,839 [INFO] ThirdParty:1030 - CMSIS Pack Vendor :STMicroelectronics X-CUBE-SMBUS 2.1.0
2024-02-16 00:23:50,839 [INFO] ThirdParty:1030 - CMSIS Pack Vendor :STMicroelectronics USB_DEVICE 3.0.0
2024-02-16 00:23:50,839 [INFO] ThirdParty:1030 - CMSIS Pack Vendor :STMicroelectronics X-CUBE-TOUCHGFX 4.23.0
2024-02-16 00:23:50,840 [INFO] ThirdParty:1030 - CMSIS Pack Vendor :STMicroelectronics X-CUBE-AZRTOS-F7 1.1.0
2024-02-16 00:23:50,840 [INFO] ThirdParty:1030 - CMSIS Pack Vendor :STMicroelectronics USB_DEVICE 2.0.0
2024-02-16 00:23:50,840 [INFO] ThirdParty:1030 - CMSIS Pack Vendor :STMicroelectronics X-CUBE-MEMS1 9.6.0
2024-02-16 00:23:50,840 [INFO] ThirdParty:1030 - CMSIS Pack Vendor :STMicroelectronics X-CUBE-EEPRMA1 4.2.0
2024-02-16 00:23:50,840 [INFO] ThirdParty:1030 - CMSIS Pack Vendor :ITTIA_DB I-CUBE-ITTIADB 8.8.0
2024-02-16 00:23:50,840 [INFO] ThirdParty:1030 - CMSIS Pack Vendor :STMicroelectronics FP-SNS-MOTENV1 4.3.2
2024-02-16 00:23:50,840 [INFO] ThirdParty:1030 - CMSIS Pack Vendor :STMicroelectronics X-CUBE-ALGOBUILD 1.3.0
2024-02-16 00:23:50,840 [INFO] ThirdParty:1030 - CMSIS Pack Vendor :STMicroelectronics FreeRTOS 0.0.1
2024-02-16 00:23:50,840 [INFO] ThirdParty:1030 - CMSIS Pack Vendor :STMicroelectronics X-CUBE-AZRTOS-G0 1.1.0
2024-02-16 00:23:50,840 [INFO] ThirdParty:1030 - CMSIS Pack Vendor :STMicroelectronics X-CUBE-BLEMGR 2.0.0
2024-02-16 00:23:50,840 [INFO] ThirdParty:1030 - CMSIS Pack Vendor :STMicroelectronics X-CUBE-NFC4 3.0.0
2024-02-16 00:23:50,840 [INFO] ThirdParty:1030 - CMSIS Pack Vendor :STMicroelectronics X-CUBE-SUBG2 5.0.0
2024-02-16 00:23:50,840 [INFO] ThirdParty:1030 - CMSIS Pack Vendor :STMicroelectronics STM32_WPAN 1.0.0
2024-02-16 00:23:50,840 [INFO] ThirdParty:1030 - CMSIS Pack Vendor :STMicroelectronics lwIP 2.0.3
2024-02-16 00:23:50,840 [INFO] ThirdParty:1030 - CMSIS Pack Vendor :STMicroelectronics USB_HOST 1.0.0
2024-02-16 00:23:50,840 [INFO] ThirdParty:1030 - CMSIS Pack Vendor :STMicroelectronics X-CUBE-TOF1 3.3.1
2024-02-16 00:23:50,840 [INFO] ThirdParty:1030 - CMSIS Pack Vendor :STMicroelectronics X-CUBE-AZRTOS-G4 2.0.0
2024-02-16 00:23:50,840 [INFO] ThirdParty:1030 - CMSIS Pack Vendor :STMicroelectronics PDM2PCM 3.1.0
2024-02-16 00:23:50,840 [INFO] ThirdParty:1030 - CMSIS Pack Vendor :STMicroelectronics X-CUBE-AZRTOS-H7 3.1.0
2024-02-16 00:23:50,840 [INFO] ThirdParty:1030 - CMSIS Pack Vendor :Infineon AIROC-Wi-Fi-Bluetooth-STM32 1.5.1
2024-02-16 00:23:50,840 [INFO] ThirdParty:1030 - CMSIS Pack Vendor :STMicroelectronics X-CUBE-BLEMGR 3.0.0
2024-02-16 00:23:50,840 [INFO] ThirdParty:1030 - CMSIS Pack Vendor :STMicroelectronics PDM2PCM 3.3.0
2024-02-16 00:23:50,840 [INFO] ThirdParty:1030 - CMSIS Pack Vendor :STMicroelectronics X-CUBE-DISPLAY 3.0.0
2024-02-16 00:23:50,840 [INFO] ThirdParty:1030 - CMSIS Pack Vendor :STMicroelectronics FP-SNS-MOTENVWB1 1.3.0
2024-02-16 00:23:50,840 [INFO] ThirdParty:1030 - CMSIS Pack Vendor :STMicroelectronics FP-SNS-MOTENVWB1 1.3.1
2024-02-16 00:23:50,840 [INFO] ThirdParty:1030 - CMSIS Pack Vendor :STMicroelectronics FP-ATR-SIGFOX1 3.2.0
2024-02-16 00:23:50,840 [INFO] ThirdParty:1030 - CMSIS Pack Vendor :STMicroelectronics X-CUBE-ISPU 2.0.0
2024-02-16 00:23:50,840 [INFO] ThirdParty:1030 - CMSIS Pack Vendor :STMicroelectronics X-CUBE-EEPRMA1 5.1.0
2024-02-16 00:23:50,840 [INFO] ThirdParty:1030 - CMSIS Pack Vendor :STMicroelectronics HAL Drivers 0.0.0
2024-02-16 00:23:50,840 [INFO] ThirdParty:1030 - CMSIS Pack Vendor :STMicroelectronics MBEDTLS 2.16.2
2024-02-16 00:23:50,840 [INFO] ThirdParty:1030 - CMSIS Pack Vendor :emotas I-CUBE-CANOPEN 1.3.0
2024-02-16 00:23:50,840 [INFO] ThirdParty:1030 - CMSIS Pack Vendor :STMicroelectronics X-CUBE-MEMS1 10.0.0
2024-02-16 00:23:50,840 [INFO] ThirdParty:1030 - CMSIS Pack Vendor :STMicroelectronics X-CUBE-TOUCHGFX 4.22.0
2024-02-16 00:23:50,840 [INFO] ThirdParty:1030 - CMSIS Pack Vendor :STMicroelectronics X-CUBE-NFC7 1.0.1
2024-02-16 00:23:50,840 [INFO] ThirdParty:1030 - CMSIS Pack Vendor :STMicroelectronics MBEDTLS 2.14.1
2024-02-16 00:23:50,840 [INFO] ThirdParty:1030 - CMSIS Pack Vendor :STMicroelectronics X-CUBE-TOUCHGFX 4.22.1
2024-02-16 00:23:50,840 [INFO] ThirdParty:1030 - CMSIS Pack Vendor :STMicroelectronics X-CUBE-EEPRMA1 4.1.0
2024-02-16 00:23:50,840 [INFO] ThirdParty:1030 - CMSIS Pack Vendor :portGmbH I-Cube-SoM-uGOAL 1.1.0
2024-02-16 00:23:50,840 [INFO] ThirdParty:1030 - CMSIS Pack Vendor :STMicroelectronics X-CUBE-ALS 1.0.1
2024-02-16 00:23:50,840 [INFO] ThirdParty:1030 - CMSIS Pack Vendor :STMicroelectronics ThreadX 1.0.0
2024-02-16 00:23:50,840 [INFO] ThirdParty:1030 - CMSIS Pack Vendor :STMicroelectronics X-CUBE-AZRTOS-WL 2.0.0
2024-02-16 00:23:50,840 [INFO] ThirdParty:1030 - CMSIS Pack Vendor :SEGGER I-CUBE-embOS 1.3.1
2024-02-16 00:23:50,840 [INFO] ThirdParty:1030 - CMSIS Pack Vendor :STMicroelectronics USB_DEVICE 1.0.0
2024-02-16 00:23:50,840 [INFO] ThirdParty:1030 - CMSIS Pack Vendor :STMicroelectronics X-CUBE-AZRTOS-L4 2.0.0
2024-02-16 00:23:50,840 [INFO] ThirdParty:1030 - CMSIS Pack Vendor :STMicroelectronics ThreadX 0.0.2
2024-02-16 00:23:50,841 [INFO] ThirdParty:1030 - CMSIS Pack Vendor :WES I-CUBE-Cesium 1.3.0
2024-02-16 00:23:50,841 [INFO] ThirdParty:1030 - CMSIS Pack Vendor :STMicroelectronics FP-ATR-ASTRA1 2.0.0
2024-02-16 00:23:50,841 [INFO] ThirdParty:1030 - CMSIS Pack Vendor :STMicroelectronics lwIP 2.1.2
2024-02-16 00:23:50,841 [INFO] ThirdParty:1030 - CMSIS Pack Vendor :STMicroelectronics X-CUBE-SFXS2LP1 4.0.0
2024-02-16 00:23:50,841 [INFO] ThirdParty:1030 - CMSIS Pack Vendor :STMicroelectronics X-CUBE-BLE2 3.3.0
2024-02-16 00:23:50,841 [INFO] ThirdParty:1030 - CMSIS Pack Vendor :STMicroelectronics X-CUBE-TOF1 3.4.0
2024-02-16 00:23:50,841 [INFO] ThirdParty:1030 - CMSIS Pack Vendor :STMicroelectronics X-CUBE-AZRTOS-H7 3.2.0
2024-02-16 00:23:50,841 [INFO] ThirdParty:1030 - CMSIS Pack Vendor :STMicroelectronics PDM2PCM 3.2.0
2024-02-16 00:23:50,841 [INFO] ThirdParty:841 - exiting critical section [change project]
2024-02-16 00:23:51,108 [INFO] PinOutPanel:1499 - setPackage(No Configuration,No Configuration)
2024-02-16 00:23:51,109 [INFO] PinOutPanel:1499 - setPackage(STM32F103C8Tx,LQFP48)
2024-02-16 00:23:51,573 [INFO] UtilMem:75 - Before build in PCC Used Memory: 642535408 Bytes (948961280)
2024-02-16 00:23:52,045 [INFO] UtilMem:75 - After build in PCC Used Memory: 751338368 Bytes (1073741824)
2024-02-16 00:23:52,068 [INFO] IPUIPlugin:80 - create IPUIPlugin
2024-02-16 00:23:52,068 [INFO] IPUIPlugin:80 - create IPUIPlugin
2024-02-16 00:23:52,068 [INFO] IPUIPlugin:80 - create IPUIPlugin
2024-02-16 00:23:52,068 [INFO] IPUIPlugin:80 - create IPUIPlugin
2024-02-16 00:23:52,068 [INFO] IPUIPlugin:80 - create IPUIPlugin
2024-02-16 00:23:52,069 [INFO] IPUIPlugin:80 - create IPUIPlugin
2024-02-16 00:23:52,069 [INFO] IPUIPlugin:80 - create IPUIPlugin
2024-02-16 00:23:52,069 [INFO] IPUIPlugin:80 - create IPUIPlugin
2024-02-16 00:23:52,069 [INFO] IPUIPlugin:80 - create IPUIPlugin
2024-02-16 00:23:52,069 [INFO] IPUIPlugin:80 - create IPUIPlugin
2024-02-16 00:23:52,069 [INFO] IPUIPlugin:80 - create IPUIPlugin
2024-02-16 00:23:52,069 [INFO] IPUIPlugin:80 - create IPUIPlugin
2024-02-16 00:23:52,070 [INFO] IPUIPlugin:80 - create IPUIPlugin
2024-02-16 00:23:52,070 [INFO] IPUIPlugin:80 - create IPUIPlugin
2024-02-16 00:23:52,070 [INFO] IPUIPlugin:80 - create IPUIPlugin
2024-02-16 00:23:52,070 [INFO] IPUIPlugin:80 - create IPUIPlugin
2024-02-16 00:23:52,070 [INFO] IPUIPlugin:80 - create IPUIPlugin
2024-02-16 00:23:52,070 [INFO] IPUIPlugin:80 - create IPUIPlugin
2024-02-16 00:23:52,071 [INFO] IPUIPlugin:80 - create IPUIPlugin
2024-02-16 00:23:52,071 [INFO] IPUIPlugin:80 - create IPUIPlugin
2024-02-16 00:23:52,071 [INFO] IPUIPlugin:80 - create IPUIPlugin
2024-02-16 00:23:52,071 [INFO] IPUIPlugin:80 - create IPUIPlugin
2024-02-16 00:23:52,071 [INFO] IPUIPlugin:80 - create IPUIPlugin
2024-02-16 00:23:52,071 [INFO] IPUIPlugin:80 - create IPUIPlugin
2024-02-16 00:23:52,072 [INFO] IPUIPlugin:80 - create IPUIPlugin
2024-02-16 00:23:52,072 [INFO] IPUIPlugin:80 - create IPUIPlugin
2024-02-16 00:23:52,072 [INFO] IPUIPlugin:80 - create IPUIPlugin
2024-02-16 00:23:52,080 [INFO] Can:71 - Can Add PropertyChangeListener com.st.microxplorer.plugins.ip.can.Can@6fda0324
2024-02-16 00:23:52,198 [INFO] CADModel:165 - CPN selected for project levelSTM32F103C8T6
2024-02-16 00:23:52,199 [INFO] CADModel:114 - Register for checkConnection events
2024-02-16 00:23:52,274 [INFO] OpenFileManager:343 - Restore cursor
2024-02-16 00:23:52,986 [INFO] UtilMem:75 - End SaveConfig() Used Memory: 562690856 Bytes (1073741824)
2024-02-16 00:23:53,048 [INFO] UtilMem:75 - End SaveConfig() Used Memory: 533479936 Bytes (1073741824)
2024-02-16 00:23:53,378 [INFO] BlockDiagram:2759 - set Specific Code input for plugin: NVIC
2024-02-16 00:23:53,378 [INFO] BlockDiagram:2759 - set Specific Code input for plugin: USART
2024-02-16 00:23:53,378 [INFO] BlockDiagram:2759 - set Specific Code input for plugin: SYS
2024-02-16 00:23:53,379 [INFO] BlockDiagram:2759 - set Specific Code input for plugin: GPIO
2024-02-16 00:23:53,379 [INFO] BlockDiagram:2759 - set Specific Code input for plugin: CAN
2024-02-16 00:23:53,379 [INFO] BlockDiagram:2759 - set Specific Code input for plugin: RCC
2024-02-16 00:23:53,379 [INFO] CodeGenerator:807 - code generatio: config db path: /opt/st/stm32cubeide_1.14.0/plugins/com.st.stm32cube.common.mx_6.10.0.202311202037//db/
2024-02-16 00:23:53,622 [INFO] CodeEngine:255 - oldGeneratedFile, /home/fede/Documents/FIUBA/Tesis/Codigo/sw_prototipo/CAN_sniffer_blue_pill/MXTmpFiles/license.tmp_save
2024-02-16 00:23:53,976 [INFO] CodeEngine:279 - Generated code: /home/fede/Documents/FIUBA/Tesis/Codigo/sw_prototipo/CAN_sniffer_blue_pill/MXTmpFiles/license.tmp
2024-02-16 00:23:54,068 [INFO] CodeEngine:255 - oldGeneratedFile, /home/fede/Documents/FIUBA/Tesis/Codigo/sw_prototipo/CAN_sniffer_blue_pill/MXTmpFiles/gpio.tmp_save
2024-02-16 00:23:54,221 [INFO] CodeEngine:279 - Generated code: /home/fede/Documents/FIUBA/Tesis/Codigo/sw_prototipo/CAN_sniffer_blue_pill/MXTmpFiles/gpio.tmp
2024-02-16 00:23:54,335 [INFO] CodeEngine:255 - oldGeneratedFile, /home/fede/Documents/FIUBA/Tesis/Codigo/sw_prototipo/CAN_sniffer_blue_pill/Core/Src/stm32f1xx_it.c_save
2024-02-16 00:23:54,546 [INFO] CodeEngine:279 - Generated code: /home/fede/Documents/FIUBA/Tesis/Codigo/sw_prototipo/CAN_sniffer_blue_pill/Core/Src/stm32f1xx_it.c
2024-02-16 00:23:54,548 [INFO] CodeEngine:255 - oldGeneratedFile, /home/fede/Documents/FIUBA/Tesis/Codigo/sw_prototipo/CAN_sniffer_blue_pill/Core/Inc/stm32f1xx_it.h_save
2024-02-16 00:23:54,683 [INFO] CodeEngine:279 - Generated code: /home/fede/Documents/FIUBA/Tesis/Codigo/sw_prototipo/CAN_sniffer_blue_pill/Core/Inc/stm32f1xx_it.h
2024-02-16 00:23:54,689 [INFO] CodeEngine:255 - oldGeneratedFile, /home/fede/Documents/FIUBA/Tesis/Codigo/sw_prototipo/CAN_sniffer_blue_pill/Core/Src/stm32f1xx_hal_msp.c_save
2024-02-16 00:23:54,923 [INFO] CodeEngine:279 - Generated code: /home/fede/Documents/FIUBA/Tesis/Codigo/sw_prototipo/CAN_sniffer_blue_pill/Core/Src/stm32f1xx_hal_msp.c
2024-02-16 00:23:54,926 [INFO] CodeEngine:255 - oldGeneratedFile, /home/fede/Documents/FIUBA/Tesis/Codigo/sw_prototipo/CAN_sniffer_blue_pill/MXTmpFiles/system.tmp_save
2024-02-16 00:23:55,059 [INFO] CodeEngine:279 - Generated code: /home/fede/Documents/FIUBA/Tesis/Codigo/sw_prototipo/CAN_sniffer_blue_pill/MXTmpFiles/system.tmp
2024-02-16 00:23:55,064 [INFO] CodeEngine:311 - oldGeneratedFile, /home/fede/Documents/FIUBA/Tesis/Codigo/sw_prototipo/CAN_sniffer_blue_pill/Core/Inc/stm32f1xx_hal_conf.h_save
2024-02-16 00:23:55,212 [INFO] CodeEngine:335 - Generated code: /home/fede/Documents/FIUBA/Tesis/Codigo/sw_prototipo/CAN_sniffer_blue_pill/Core/Inc/stm32f1xx_hal_conf.h
2024-02-16 00:23:55,258 [INFO] CodeEngine:255 - oldGeneratedFile, /home/fede/Documents/FIUBA/Tesis/Codigo/sw_prototipo/CAN_sniffer_blue_pill/Core/Inc/main.h_save
2024-02-16 00:23:55,414 [INFO] CodeEngine:279 - Generated code: /home/fede/Documents/FIUBA/Tesis/Codigo/sw_prototipo/CAN_sniffer_blue_pill/Core/Inc/main.h
2024-02-16 00:23:55,416 [INFO] CodeEngine:255 - oldGeneratedFile, /home/fede/Documents/FIUBA/Tesis/Codigo/sw_prototipo/CAN_sniffer_blue_pill/Core/Src/main.c_save
2024-02-16 00:23:55,619 [INFO] CodeEngine:279 - Generated code: /home/fede/Documents/FIUBA/Tesis/Codigo/sw_prototipo/CAN_sniffer_blue_pill/Core/Src/main.c
2024-02-16 00:23:56,861 [INFO] ProjectBuilder:3076 - Time for Copy HAL[1] : 77mS.
2024-02-16 00:23:56,873 [INFO] ProjectBuilder:4485 - Project Generator version: 4.2.0-B44
2024-02-16 00:23:57,762 [INFO] ConfigFileManager:1495 - The Die is : DIE410
2024-02-16 00:23:57,802 [INFO] ApiDbMcu:508 - Load IP Config File for FATFS
2024-02-16 00:23:57,887 [INFO] ApiDbMcu:508 - Load IP Config File for FREERTOS
2024-02-16 00:23:57,960 [INFO] ApiDbMcu:508 - Load IP Config File for USB_DEVICE
2024-02-16 00:23:59,866 [INFO] LogOutputStream:77 - [STDOUT_REDIRECT] 
2024-02-16 00:24:03,100 [INFO] ProjectBuilder:4747 - Time for Generating toolchain IDE Files: 6226mS.
2024-02-16 00:24:03,101 [INFO] ProjectBuilder:2947 - Time for Copy CMSIS : 1mS.
2024-02-16 00:24:03,102 [INFO] ProjectBuilder:2947 - Time for Copy CMSIS : 0mS.
2024-02-16 00:24:03,790 [INFO] McuFinderGlobals:76 - Set McuFinderConnectedMode to true
2024-02-16 00:24:04,724 [INFO] ApiDb:448 - Save user favorites file /home/fede/.stm32cubeide/favorites.mcus.txt: 0 item(s)
2024-02-16 00:24:04,725 [INFO] ApiDb:452 - User favorites MCUs=[]
2024-02-16 00:24:29,408 [INFO] NvicIntPanel:101 - NVIC parent = com.st.microxplorer.plugins.ip.nvic.MultiNvicIntPanel[,0,0,0x0,invalid,layout=javax.swing.BoxLayout,alignmentX=0.0,alignmentY=0.0,border=,flags=9,maximumSize=,minimumSize=,preferredSize=]
2024-02-16 00:24:43,262 [INFO] NvicIntPanel:101 - NVIC parent = com.st.microxplorer.plugins.ip.nvic.MultiNvicIntPanel[,0,0,0x0,invalid,layout=javax.swing.BoxLayout,alignmentX=0.0,alignmentY=0.0,border=,flags=9,maximumSize=,minimumSize=,preferredSize=]
2024-02-16 00:25:00,663 [INFO] UtilMem:75 - End SaveConfig() Used Memory: 812438888 Bytes (1073741824)
2024-02-16 00:25:02,021 [INFO] UtilMem:75 - End SaveConfig() Used Memory: 832365768 Bytes (1073741824)
2024-02-16 00:25:03,008 [INFO] UtilMem:75 - End SaveConfig() Used Memory: 882200632 Bytes (1073741824)
2024-02-16 00:25:03,121 [INFO] BlockDiagram:2759 - set Specific Code input for plugin: NVIC
2024-02-16 00:25:03,121 [INFO] BlockDiagram:2759 - set Specific Code input for plugin: USART
2024-02-16 00:25:03,121 [INFO] BlockDiagram:2759 - set Specific Code input for plugin: SYS
2024-02-16 00:25:03,122 [INFO] BlockDiagram:2759 - set Specific Code input for plugin: GPIO
2024-02-16 00:25:03,122 [INFO] BlockDiagram:2759 - set Specific Code input for plugin: CAN
2024-02-16 00:25:03,122 [INFO] BlockDiagram:2759 - set Specific Code input for plugin: RCC
2024-02-16 00:25:03,122 [INFO] CodeGenerator:807 - code generatio: config db path: /opt/st/stm32cubeide_1.14.0/plugins/com.st.stm32cube.common.mx_6.10.0.202311202037//db/
2024-02-16 00:25:03,225 [INFO] CodeEngine:255 - oldGeneratedFile, /home/fede/Documents/FIUBA/Tesis/Codigo/sw_prototipo/CAN_sniffer_blue_pill/MXTmpFiles/license.tmp_save
2024-02-16 00:25:03,385 [INFO] CodeEngine:279 - Generated code: /home/fede/Documents/FIUBA/Tesis/Codigo/sw_prototipo/CAN_sniffer_blue_pill/MXTmpFiles/license.tmp
2024-02-16 00:25:03,399 [INFO] CodeEngine:255 - oldGeneratedFile, /home/fede/Documents/FIUBA/Tesis/Codigo/sw_prototipo/CAN_sniffer_blue_pill/MXTmpFiles/gpio.tmp_save
2024-02-16 00:25:03,461 [INFO] CodeEngine:279 - Generated code: /home/fede/Documents/FIUBA/Tesis/Codigo/sw_prototipo/CAN_sniffer_blue_pill/MXTmpFiles/gpio.tmp
2024-02-16 00:25:03,501 [INFO] CodeEngine:255 - oldGeneratedFile, /home/fede/Documents/FIUBA/Tesis/Codigo/sw_prototipo/CAN_sniffer_blue_pill/Core/Src/stm32f1xx_it.c_save
2024-02-16 00:25:03,555 [INFO] CodeEngine:279 - Generated code: /home/fede/Documents/FIUBA/Tesis/Codigo/sw_prototipo/CAN_sniffer_blue_pill/Core/Src/stm32f1xx_it.c
2024-02-16 00:25:03,557 [INFO] CodeEngine:255 - oldGeneratedFile, /home/fede/Documents/FIUBA/Tesis/Codigo/sw_prototipo/CAN_sniffer_blue_pill/Core/Inc/stm32f1xx_it.h_save
2024-02-16 00:25:03,604 [INFO] CodeEngine:279 - Generated code: /home/fede/Documents/FIUBA/Tesis/Codigo/sw_prototipo/CAN_sniffer_blue_pill/Core/Inc/stm32f1xx_it.h
2024-02-16 00:25:03,608 [INFO] CodeEngine:255 - oldGeneratedFile, /home/fede/Documents/FIUBA/Tesis/Codigo/sw_prototipo/CAN_sniffer_blue_pill/Core/Src/stm32f1xx_hal_msp.c_save
2024-02-16 00:25:03,678 [INFO] CodeEngine:279 - Generated code: /home/fede/Documents/FIUBA/Tesis/Codigo/sw_prototipo/CAN_sniffer_blue_pill/Core/Src/stm32f1xx_hal_msp.c
2024-02-16 00:25:03,680 [INFO] CodeEngine:255 - oldGeneratedFile, /home/fede/Documents/FIUBA/Tesis/Codigo/sw_prototipo/CAN_sniffer_blue_pill/MXTmpFiles/system.tmp_save
2024-02-16 00:25:03,725 [INFO] CodeEngine:279 - Generated code: /home/fede/Documents/FIUBA/Tesis/Codigo/sw_prototipo/CAN_sniffer_blue_pill/MXTmpFiles/system.tmp
2024-02-16 00:25:03,727 [INFO] CodeEngine:311 - oldGeneratedFile, /home/fede/Documents/FIUBA/Tesis/Codigo/sw_prototipo/CAN_sniffer_blue_pill/Core/Inc/stm32f1xx_hal_conf.h_save
2024-02-16 00:25:03,778 [INFO] CodeEngine:335 - Generated code: /home/fede/Documents/FIUBA/Tesis/Codigo/sw_prototipo/CAN_sniffer_blue_pill/Core/Inc/stm32f1xx_hal_conf.h
2024-02-16 00:25:03,795 [INFO] CodeEngine:255 - oldGeneratedFile, /home/fede/Documents/FIUBA/Tesis/Codigo/sw_prototipo/CAN_sniffer_blue_pill/Core/Inc/main.h_save
2024-02-16 00:25:03,846 [INFO] CodeEngine:279 - Generated code: /home/fede/Documents/FIUBA/Tesis/Codigo/sw_prototipo/CAN_sniffer_blue_pill/Core/Inc/main.h
2024-02-16 00:25:03,847 [INFO] CodeEngine:255 - oldGeneratedFile, /home/fede/Documents/FIUBA/Tesis/Codigo/sw_prototipo/CAN_sniffer_blue_pill/Core/Src/main.c_save
2024-02-16 00:25:03,945 [INFO] CodeEngine:279 - Generated code: /home/fede/Documents/FIUBA/Tesis/Codigo/sw_prototipo/CAN_sniffer_blue_pill/Core/Src/main.c
2024-02-16 00:25:04,302 [INFO] ProjectBuilder:3076 - Time for Copy HAL[1] : 17mS.
2024-02-16 00:25:04,304 [INFO] ProjectBuilder:4485 - Project Generator version: 4.2.0-B44
2024-02-16 00:25:04,601 [INFO] ConfigFileManager:1495 - The Die is : DIE410
2024-02-16 00:25:05,893 [INFO] ProjectBuilder:4747 - Time for Generating toolchain IDE Files: 1589mS.
2024-02-16 00:25:05,893 [INFO] ProjectBuilder:2947 - Time for Copy CMSIS : 0mS.
2024-02-16 00:25:05,894 [INFO] ProjectBuilder:2947 - Time for Copy CMSIS : 0mS.
2024-02-16 01:03:53,160 [INFO] MainUpdater:2873 - connection check result : 10
2024-02-16 01:03:53,160 [INFO] MainUpdater:2873 - connection check result : 10
2024-02-16 01:03:53,192 [INFO] MicroXplorer:468 - Change Database Path : 
2024-02-16 01:03:53,192 [INFO] MicroXplorer:498 - Change Database Version : DB.6.0.100
2024-02-16 01:03:53,199 [ERROR] ProjectManagerView:394 - 
java.lang.NullPointerException: Cannot invoke "javax.swing.JTextField.getText()" because the return value of "java.util.List.get(int)" is null
	at com.st.microxplorer.plugins.projectmanager.gui.ProjectChoiceTab$10.caretUpdate(ProjectChoiceTab.java:2493) ~[filemanager.jar:?]
	at javax.swing.text.JTextComponent.fireCaretUpdate(JTextComponent.java:412) ~[?:?]
	at javax.swing.text.JTextComponent$MutableCaretEvent.fire(JTextComponent.java:4491) ~[?:?]
	at javax.swing.text.JTextComponent$MutableCaretEvent.stateChanged(JTextComponent.java:4513) ~[?:?]
	at javax.swing.text.DefaultCaret.fireStateChanged(DefaultCaret.java:842) ~[?:?]
	at javax.swing.text.DefaultCaret.changeCaretPosition(DefaultCaret.java:1313) ~[?:?]
	at javax.swing.text.DefaultCaret.handleSetDot(DefaultCaret.java:1212) ~[?:?]
	at javax.swing.text.DefaultCaret.setDot(DefaultCaret.java:1193) ~[?:?]
	at javax.swing.text.DefaultCaret$Handler.insertUpdate(DefaultCaret.java:1789) ~[?:?]
	at javax.swing.text.AbstractDocument.fireInsertUpdate(AbstractDocument.java:226) ~[?:?]
	at javax.swing.text.AbstractDocument.handleInsertString(AbstractDocument.java:780) ~[?:?]
	at javax.swing.text.AbstractDocument.insertString(AbstractDocument.java:739) ~[?:?]
	at javax.swing.text.PlainDocument.insertString(PlainDocument.java:131) ~[?:?]
	at javax.swing.text.AbstractDocument.replace(AbstractDocument.java:698) ~[?:?]
	at javax.swing.text.JTextComponent.setText(JTextComponent.java:1729) ~[?:?]
	at com.st.microxplorer.plugins.projectmanager.gui.ProjectChoiceTab.createHeapStackFields(ProjectChoiceTab.java:933) ~[filemanager.jar:?]
	at com.st.microxplorer.plugins.projectmanager.gui.ProjectChoiceTab.buildLinkSettingsPanel(ProjectChoiceTab.java:3426) ~[filemanager.jar:?]
	at com.st.microxplorer.plugins.projectmanager.gui.ProjectChoiceTab.defineWindowsFields(ProjectChoiceTab.java:1813) ~[filemanager.jar:?]
	at com.st.microxplorer.plugins.projectmanager.gui.ProjectChoiceTab.updateSettings(ProjectChoiceTab.java:533) ~[filemanager.jar:?]
	at com.st.microxplorer.plugins.projectmanager.gui.ProjectSettingsPanel.UpdateDialog(ProjectSettingsPanel.java:244) ~[filemanager.jar:?]
	at com.st.microxplorer.plugins.projectmanager.ProjectManagerView.propertyChange(ProjectManagerView.java:391) ~[filemanager.jar:?]
	at java.beans.PropertyChangeSupport.fire(PropertyChangeSupport.java:343) ~[?:?]
	at java.beans.PropertyChangeSupport.firePropertyChange(PropertyChangeSupport.java:335) ~[?:?]
	at java.beans.PropertyChangeSupport.firePropertyChange(PropertyChangeSupport.java:268) ~[?:?]
	at com.st.microxplorer.util.MXPropertyChangeSupport.firePropertyChange(MXPropertyChangeSupport.java:54) ~[STM32CubeMX.jar:?]
	at com.st.microxplorer.mxsystem.MxSystem.closeConfig(MxSystem.java:900) ~[STM32CubeMX.jar:?]
	at com.st.microxplorer.maingui.MainPanel.closeConfig(MainPanel.java:776) ~[STM32CubeMX.jar:?]
	at com.st.microxplorer.plugins.filemanager.engine.OpenFileManager.loadConfigurationFile(OpenFileManager.java:245) ~[filemanager.jar:?]
	at com.st.microxplorer.plugins.filemanager.engine.MainFileManager.userLoadConfig(MainFileManager.java:290) ~[filemanager.jar:?]
	at com.st.microxplorer.plugins.filemanager.FileManagerView.getSpecificTask(FileManagerView.java:247) ~[filemanager.jar:?]
	at com.st.stm32cube.common.mx.editor.CubeMxEditor.getMxTabbedPaneInstance(CubeMxEditor.java:1184) ~[com.st.stm32cube.common.mx_6.10.0.202311202037/:?]
	at com.st.stm32cube.common.mx.editor.CubeMxEditor$12$1.createSwingComponent(CubeMxEditor.java:1065) ~[com.st.stm32cube.common.mx_6.10.0.202311202037/:?]
	at com.st.stm32cube.common.mx.oss.core.awtswtbridge.EmbeddedSwingComposite.doComponentCreation(EmbeddedSwingComposite.java:492) ~[com.st.stm32cube.common.mx.oss_6.10.0.202311202037/:?]
	at com.st.stm32cube.common.mx.oss.core.awtswtbridge.EmbeddedSwingComposite$4.run(EmbeddedSwingComposite.java:291) ~[com.st.stm32cube.common.mx.oss_6.10.0.202311202037/:?]
	at com.st.stm32cube.common.mx.oss.core.awtswtbridge.AwtEnvironment$2.run(AwtEnvironment.java:166) ~[com.st.stm32cube.common.mx.oss_6.10.0.202311202037/:?]
	at java.awt.event.InvocationEvent.dispatch(InvocationEvent.java:318) ~[?:?]
	at java.awt.EventQueue.dispatchEventImpl(EventQueue.java:773) ~[?:?]
	at java.awt.EventQueue$4.run(EventQueue.java:720) ~[?:?]
	at java.awt.EventQueue$4.run(EventQueue.java:714) ~[?:?]
	at java.security.AccessController.doPrivileged(AccessController.java:399) ~[?:?]
	at java.security.ProtectionDomain$JavaSecurityAccessImpl.doIntersectionPrivilege(ProtectionDomain.java:86) ~[?:?]
	at java.awt.EventQueue.dispatchEvent(EventQueue.java:742) ~[?:?]
	at java.awt.EventDispatchThread.pumpOneEventForFilters(EventDispatchThread.java:203) ~[?:?]
	at java.awt.EventDispatchThread.pumpEventsForFilter(EventDispatchThread.java:124) ~[?:?]
	at java.awt.EventDispatchThread.pumpEventsForHierarchy(EventDispatchThread.java:113) ~[?:?]
	at java.awt.EventDispatchThread.pumpEvents(EventDispatchThread.java:109) ~[?:?]
	at java.awt.EventDispatchThread.pumpEvents(EventDispatchThread.java:101) ~[?:?]
	at java.awt.EventDispatchThread.run(EventDispatchThread.java:90) ~[?:?]
2024-02-16 01:03:53,205 [WARN] ThirdParty:871 - waiting for thirdparty lock release [close project]
2024-02-16 01:03:53,205 [INFO] ThirdParty:873 - entering critical section [close project]
2024-02-16 01:03:53,206 [INFO] ThirdParty:883 - exiting critical section [close project]
2024-02-16 01:03:53,208 [INFO] PinOutPanel:1499 - setPackage(No Configuration,No Configuration)
2024-02-16 01:03:53,214 [INFO] UtilMem:75 - Begin LoadConfig() Used Memory: 669383320 Bytes (895483904)
2024-02-16 01:03:53,214 [INFO] MicroXplorer:468 - Change Database Path : 
2024-02-16 01:03:53,214 [INFO] MicroXplorer:498 - Change Database Version : DB.6.0.100
2024-02-16 01:03:53,215 [INFO] OpenFileManager:312 - Change cursor
2024-02-16 01:03:53,226 [INFO] RulesReader:64 - Compatibility file has been processed (297 Rules)
2024-02-16 01:03:53,230 [INFO] Mcu:2016 - Initializing MCU STM32F103C(8-B)Tx STM32F103C8Tx STM32F103C8T6
2024-02-16 01:03:53,517 [INFO] Context:659 - Trying to add GPIOservice into a context  which must be forbidden
2024-02-16 01:03:53,712 [INFO] RtosManager:555 - Registered RTOS mode: class=CMSIS, group=RTOS, mode=CMSIS_V1, owner=FREERTOS
2024-02-16 01:03:53,712 [INFO] RtosManager:555 - Registered RTOS mode: class=CMSIS, group=RTOS2, mode=CMSIS_V2, owner=FREERTOS
2024-02-16 01:03:53,713 [INFO] RtosManager:555 - Registered RTOS mode: class=RTOS, group=Core, mode=CMSIS_V1, owner=FREERTOS
2024-02-16 01:03:53,713 [INFO] RtosManager:555 - Registered RTOS mode: class=RTOS, group=Core, mode=CMSIS_V2, owner=FREERTOS
2024-02-16 01:03:53,713 [WARN] ModelIntegratedComponent:184 - Missing modes for component STMicroelectronics:FreeRTOS:0.0.1:STMicroelectronics:RTOS:FreeRTOS:Core:::10.2.0:
2024-02-16 01:03:53,721 [WARN] ModelIntegratedComponent:63 - No mode defined for component null
2024-02-16 01:03:53,721 [WARN] ModelIntegratedComponent:63 - No mode defined for component null
2024-02-16 01:03:53,721 [WARN] ModelIntegratedComponent:63 - No mode defined for component null
2024-02-16 01:03:53,722 [WARN] ModelIntegratedComponent:63 - No mode defined for component null
2024-02-16 01:03:53,722 [WARN] ModelIntegratedComponent:63 - No mode defined for component null
2024-02-16 01:03:53,722 [WARN] ModelIntegratedComponent:63 - No mode defined for component null
2024-02-16 01:03:53,722 [WARN] ModelIntegratedComponent:63 - No mode defined for component null
2024-02-16 01:03:53,722 [WARN] ModelIntegratedComponent:63 - No mode defined for component null
2024-02-16 01:03:53,722 [WARN] ModelIntegratedComponent:63 - No mode defined for component null
2024-02-16 01:03:53,722 [WARN] ModelIntegratedComponent:63 - No mode defined for component null
2024-02-16 01:03:53,722 [WARN] ModelIntegratedComponent:63 - No mode defined for component null
2024-02-16 01:03:53,722 [WARN] ModelIntegratedComponent:63 - No mode defined for component null
2024-02-16 01:03:53,722 [WARN] ModelIntegratedComponent:63 - No mode defined for component null
2024-02-16 01:03:53,722 [WARN] ModelIntegratedComponent:63 - No mode defined for component null
2024-02-16 01:03:53,722 [WARN] ModelIntegratedComponent:63 - No mode defined for component null
2024-02-16 01:03:53,722 [WARN] ModelIntegratedComponent:63 - No mode defined for component null
2024-02-16 01:03:53,722 [WARN] ModelIntegratedComponent:63 - No mode defined for component null
2024-02-16 01:03:53,722 [WARN] ModelIntegratedComponent:63 - No mode defined for component null
2024-02-16 01:03:53,722 [WARN] ModelIntegratedComponent:63 - No mode defined for component null
2024-02-16 01:03:53,722 [WARN] ModelIntegratedComponent:63 - No mode defined for component null
2024-02-16 01:03:53,722 [WARN] ModelIntegratedComponent:63 - No mode defined for component null
2024-02-16 01:03:53,722 [WARN] ModelIntegratedComponent:63 - No mode defined for component null
2024-02-16 01:03:53,722 [WARN] ModelIntegratedComponent:63 - No mode defined for component null
2024-02-16 01:03:53,722 [WARN] ModelIntegratedComponent:63 - No mode defined for component null
2024-02-16 01:03:53,722 [WARN] ModelIntegratedComponent:63 - No mode defined for component null
2024-02-16 01:03:53,722 [WARN] ModelIntegratedComponent:63 - No mode defined for component null
2024-02-16 01:03:53,722 [WARN] ModelIntegratedComponent:63 - No mode defined for component null
2024-02-16 01:03:53,722 [WARN] ModelIntegratedComponent:63 - No mode defined for component null
2024-02-16 01:03:53,722 [WARN] ModelIntegratedComponent:63 - No mode defined for component null
2024-02-16 01:03:53,722 [WARN] ModelIntegratedComponent:63 - No mode defined for component null
2024-02-16 01:03:53,722 [WARN] ModelIntegratedComponent:63 - No mode defined for component null
2024-02-16 01:03:53,722 [WARN] ModelIntegratedComponent:63 - No mode defined for component null
2024-02-16 01:03:53,722 [WARN] ModelIntegratedComponent:63 - No mode defined for component null
2024-02-16 01:03:53,796 [INFO] ThirdPartyModel:298 - Start build external matchings
2024-02-16 01:03:54,259 [INFO] ThirdPartyModel:316 - End build external matchings
2024-02-16 01:03:54,265 [INFO] ImportTextPane:194 - (OptionalMessage_ERROR) IP (RCC) : Parameter (ADCFreqValue) has invalid value (36000000)
2024-02-16 01:03:54,266 [INFO] ImportTextPane:194 - (OptionalMessage_ERROR) IP (RCC) : Invalid parameter (FamilyName)
2024-02-16 01:03:54,266 [INFO] ImportTextPane:194 - (OptionalMessage_ERROR) IP (RCC) : Parameter (MCOFreq_Value) has invalid value (72000000)
2024-02-16 01:03:54,266 [INFO] ImportTextPane:194 - (OptionalMessage_ERROR) IP (RCC) : Parameter (USBFreq_Value) has invalid value (72000000)
2024-02-16 01:03:54,357 [INFO] UtilMem:75 - End LoadConfig() Used Memory: 290218168 Bytes (895483904)
2024-02-16 01:03:54,365 [INFO] MicroXplorer:468 - Change Database Path : 
2024-02-16 01:03:54,366 [INFO] MicroXplorer:498 - Change Database Version : DB.6.0.100
2024-02-16 01:03:54,366 [WARN] ThirdParty:833 - waiting for thirdparty lock release [change project]
2024-02-16 01:03:54,366 [INFO] ThirdParty:835 - entering critical section [change project]
2024-02-16 01:03:54,366 [INFO] ThirdParty:1030 - CMSIS Pack Vendor :STMicroelectronics X-CUBE-ISPU 1.1.0
2024-02-16 01:03:54,366 [INFO] ThirdParty:1030 - CMSIS Pack Vendor :STMicroelectronics USBPD 4.1
2024-02-16 01:03:54,366 [INFO] ThirdParty:1030 - CMSIS Pack Vendor :STMicroelectronics X-CUBE-GNSS1 6.0.0
2024-02-16 01:03:54,366 [INFO] ThirdParty:1030 - CMSIS Pack Vendor :STMicroelectronics USB_HOST 2.0.0
2024-02-16 01:03:54,366 [INFO] ThirdParty:1030 - CMSIS Pack Vendor :STMicroelectronics X-CUBE-AZRTOS-F4 1.1.0
2024-02-16 01:03:54,366 [INFO] ThirdParty:1030 - CMSIS Pack Vendor :STMicroelectronics LIBJPEG 8.0.0
2024-02-16 01:03:54,367 [INFO] ThirdParty:1030 - CMSIS Pack Vendor :STMicroelectronics X-CUBE-SMBUS 2.1.0
2024-02-16 01:03:54,367 [INFO] ThirdParty:1030 - CMSIS Pack Vendor :STMicroelectronics USB_DEVICE 3.0.0
2024-02-16 01:03:54,367 [INFO] ThirdParty:1030 - CMSIS Pack Vendor :STMicroelectronics X-CUBE-TOUCHGFX 4.23.0
2024-02-16 01:03:54,367 [INFO] ThirdParty:1030 - CMSIS Pack Vendor :STMicroelectronics X-CUBE-AZRTOS-F7 1.1.0
2024-02-16 01:03:54,367 [INFO] ThirdParty:1030 - CMSIS Pack Vendor :STMicroelectronics USB_DEVICE 2.0.0
2024-02-16 01:03:54,367 [INFO] ThirdParty:1030 - CMSIS Pack Vendor :STMicroelectronics X-CUBE-MEMS1 9.6.0
2024-02-16 01:03:54,367 [INFO] ThirdParty:1030 - CMSIS Pack Vendor :STMicroelectronics X-CUBE-EEPRMA1 4.2.0
2024-02-16 01:03:54,367 [INFO] ThirdParty:1030 - CMSIS Pack Vendor :ITTIA_DB I-CUBE-ITTIADB 8.8.0
2024-02-16 01:03:54,367 [INFO] ThirdParty:1030 - CMSIS Pack Vendor :STMicroelectronics FP-SNS-MOTENV1 4.3.2
2024-02-16 01:03:54,367 [INFO] ThirdParty:1030 - CMSIS Pack Vendor :STMicroelectronics X-CUBE-ALGOBUILD 1.3.0
2024-02-16 01:03:54,367 [INFO] ThirdParty:1030 - CMSIS Pack Vendor :STMicroelectronics FreeRTOS 0.0.1
2024-02-16 01:03:54,367 [INFO] ThirdParty:1030 - CMSIS Pack Vendor :STMicroelectronics X-CUBE-AZRTOS-G0 1.1.0
2024-02-16 01:03:54,367 [INFO] ThirdParty:1030 - CMSIS Pack Vendor :STMicroelectronics X-CUBE-BLEMGR 2.0.0
2024-02-16 01:03:54,367 [INFO] ThirdParty:1030 - CMSIS Pack Vendor :STMicroelectronics X-CUBE-NFC4 3.0.0
2024-02-16 01:03:54,367 [INFO] ThirdParty:1030 - CMSIS Pack Vendor :STMicroelectronics X-CUBE-SUBG2 5.0.0
2024-02-16 01:03:54,367 [INFO] ThirdParty:1030 - CMSIS Pack Vendor :STMicroelectronics STM32_WPAN 1.0.0
2024-02-16 01:03:54,367 [INFO] ThirdParty:1030 - CMSIS Pack Vendor :STMicroelectronics lwIP 2.0.3
2024-02-16 01:03:54,367 [INFO] ThirdParty:1030 - CMSIS Pack Vendor :STMicroelectronics USB_HOST 1.0.0
2024-02-16 01:03:54,367 [INFO] ThirdParty:1030 - CMSIS Pack Vendor :STMicroelectronics X-CUBE-TOF1 3.3.1
2024-02-16 01:03:54,367 [INFO] ThirdParty:1030 - CMSIS Pack Vendor :STMicroelectronics X-CUBE-AZRTOS-G4 2.0.0
2024-02-16 01:03:54,367 [INFO] ThirdParty:1030 - CMSIS Pack Vendor :STMicroelectronics PDM2PCM 3.1.0
2024-02-16 01:03:54,367 [INFO] ThirdParty:1030 - CMSIS Pack Vendor :STMicroelectronics X-CUBE-AZRTOS-H7 3.1.0
2024-02-16 01:03:54,367 [INFO] ThirdParty:1030 - CMSIS Pack Vendor :Infineon AIROC-Wi-Fi-Bluetooth-STM32 1.5.1
2024-02-16 01:03:54,367 [INFO] ThirdParty:1030 - CMSIS Pack Vendor :STMicroelectronics X-CUBE-BLEMGR 3.0.0
2024-02-16 01:03:54,367 [INFO] ThirdParty:1030 - CMSIS Pack Vendor :STMicroelectronics PDM2PCM 3.3.0
2024-02-16 01:03:54,367 [INFO] ThirdParty:1030 - CMSIS Pack Vendor :STMicroelectronics X-CUBE-DISPLAY 3.0.0
2024-02-16 01:03:54,367 [INFO] ThirdParty:1030 - CMSIS Pack Vendor :STMicroelectronics FP-SNS-MOTENVWB1 1.3.0
2024-02-16 01:03:54,367 [INFO] ThirdParty:1030 - CMSIS Pack Vendor :STMicroelectronics FP-SNS-MOTENVWB1 1.3.1
2024-02-16 01:03:54,367 [INFO] ThirdParty:1030 - CMSIS Pack Vendor :STMicroelectronics FP-ATR-SIGFOX1 3.2.0
2024-02-16 01:03:54,367 [INFO] ThirdParty:1030 - CMSIS Pack Vendor :STMicroelectronics X-CUBE-ISPU 2.0.0
2024-02-16 01:03:54,367 [INFO] ThirdParty:1030 - CMSIS Pack Vendor :STMicroelectronics X-CUBE-EEPRMA1 5.1.0
2024-02-16 01:03:54,367 [INFO] ThirdParty:1030 - CMSIS Pack Vendor :STMicroelectronics HAL Drivers 0.0.0
2024-02-16 01:03:54,367 [INFO] ThirdParty:1030 - CMSIS Pack Vendor :STMicroelectronics MBEDTLS 2.16.2
2024-02-16 01:03:54,367 [INFO] ThirdParty:1030 - CMSIS Pack Vendor :emotas I-CUBE-CANOPEN 1.3.0
2024-02-16 01:03:54,367 [INFO] ThirdParty:1030 - CMSIS Pack Vendor :STMicroelectronics X-CUBE-MEMS1 10.0.0
2024-02-16 01:03:54,367 [INFO] ThirdParty:1030 - CMSIS Pack Vendor :STMicroelectronics X-CUBE-TOUCHGFX 4.22.0
2024-02-16 01:03:54,367 [INFO] ThirdParty:1030 - CMSIS Pack Vendor :STMicroelectronics X-CUBE-NFC7 1.0.1
2024-02-16 01:03:54,367 [INFO] ThirdParty:1030 - CMSIS Pack Vendor :STMicroelectronics MBEDTLS 2.14.1
2024-02-16 01:03:54,367 [INFO] ThirdParty:1030 - CMSIS Pack Vendor :STMicroelectronics X-CUBE-TOUCHGFX 4.22.1
2024-02-16 01:03:54,368 [INFO] ThirdParty:1030 - CMSIS Pack Vendor :STMicroelectronics X-CUBE-EEPRMA1 4.1.0
2024-02-16 01:03:54,368 [INFO] ThirdParty:1030 - CMSIS Pack Vendor :portGmbH I-Cube-SoM-uGOAL 1.1.0
2024-02-16 01:03:54,368 [INFO] ThirdParty:1030 - CMSIS Pack Vendor :STMicroelectronics X-CUBE-ALS 1.0.1
2024-02-16 01:03:54,368 [INFO] ThirdParty:1030 - CMSIS Pack Vendor :STMicroelectronics ThreadX 1.0.0
2024-02-16 01:03:54,368 [INFO] ThirdParty:1030 - CMSIS Pack Vendor :STMicroelectronics X-CUBE-AZRTOS-WL 2.0.0
2024-02-16 01:03:54,368 [INFO] ThirdParty:1030 - CMSIS Pack Vendor :SEGGER I-CUBE-embOS 1.3.1
2024-02-16 01:03:54,368 [INFO] ThirdParty:1030 - CMSIS Pack Vendor :STMicroelectronics USB_DEVICE 1.0.0
2024-02-16 01:03:54,368 [INFO] ThirdParty:1030 - CMSIS Pack Vendor :STMicroelectronics X-CUBE-AZRTOS-L4 2.0.0
2024-02-16 01:03:54,368 [INFO] ThirdParty:1030 - CMSIS Pack Vendor :STMicroelectronics ThreadX 0.0.2
2024-02-16 01:03:54,368 [INFO] ThirdParty:1030 - CMSIS Pack Vendor :WES I-CUBE-Cesium 1.3.0
2024-02-16 01:03:54,368 [INFO] ThirdParty:1030 - CMSIS Pack Vendor :STMicroelectronics FP-ATR-ASTRA1 2.0.0
2024-02-16 01:03:54,368 [INFO] ThirdParty:1030 - CMSIS Pack Vendor :STMicroelectronics lwIP 2.1.2
2024-02-16 01:03:54,368 [INFO] ThirdParty:1030 - CMSIS Pack Vendor :STMicroelectronics X-CUBE-SFXS2LP1 4.0.0
2024-02-16 01:03:54,368 [INFO] ThirdParty:1030 - CMSIS Pack Vendor :STMicroelectronics X-CUBE-BLE2 3.3.0
2024-02-16 01:03:54,368 [INFO] ThirdParty:1030 - CMSIS Pack Vendor :STMicroelectronics X-CUBE-TOF1 3.4.0
2024-02-16 01:03:54,368 [INFO] ThirdParty:1030 - CMSIS Pack Vendor :STMicroelectronics X-CUBE-AZRTOS-H7 3.2.0
2024-02-16 01:03:54,368 [INFO] ThirdParty:1030 - CMSIS Pack Vendor :STMicroelectronics PDM2PCM 3.2.0
2024-02-16 01:03:54,368 [INFO] ThirdParty:841 - exiting critical section [change project]
2024-02-16 01:03:54,481 [INFO] PinOutPanel:1499 - setPackage(No Configuration,No Configuration)
2024-02-16 01:03:54,481 [INFO] PinOutPanel:1499 - setPackage(STM32F103C8Tx,LQFP48)
2024-02-16 01:03:54,667 [INFO] UtilMem:75 - Before build in PCC Used Memory: 308078216 Bytes (895483904)
2024-02-16 01:03:54,825 [INFO] UtilMem:75 - After build in PCC Used Memory: 350021256 Bytes (895483904)
2024-02-16 01:03:54,839 [INFO] IPUIPlugin:80 - create IPUIPlugin
2024-02-16 01:03:54,840 [INFO] IPUIPlugin:80 - create IPUIPlugin
2024-02-16 01:03:54,840 [INFO] IPUIPlugin:80 - create IPUIPlugin
2024-02-16 01:03:54,840 [INFO] IPUIPlugin:80 - create IPUIPlugin
2024-02-16 01:03:54,840 [INFO] IPUIPlugin:80 - create IPUIPlugin
2024-02-16 01:03:54,840 [INFO] IPUIPlugin:80 - create IPUIPlugin
2024-02-16 01:03:54,840 [INFO] IPUIPlugin:80 - create IPUIPlugin
2024-02-16 01:03:54,840 [INFO] IPUIPlugin:80 - create IPUIPlugin
2024-02-16 01:03:54,840 [INFO] IPUIPlugin:80 - create IPUIPlugin
2024-02-16 01:03:54,841 [INFO] IPUIPlugin:80 - create IPUIPlugin
2024-02-16 01:03:54,841 [INFO] IPUIPlugin:80 - create IPUIPlugin
2024-02-16 01:03:54,841 [INFO] IPUIPlugin:80 - create IPUIPlugin
2024-02-16 01:03:54,841 [INFO] IPUIPlugin:80 - create IPUIPlugin
2024-02-16 01:03:54,841 [INFO] IPUIPlugin:80 - create IPUIPlugin
2024-02-16 01:03:54,841 [INFO] IPUIPlugin:80 - create IPUIPlugin
2024-02-16 01:03:54,841 [INFO] IPUIPlugin:80 - create IPUIPlugin
2024-02-16 01:03:54,842 [INFO] IPUIPlugin:80 - create IPUIPlugin
2024-02-16 01:03:54,842 [INFO] IPUIPlugin:80 - create IPUIPlugin
2024-02-16 01:03:54,842 [INFO] IPUIPlugin:80 - create IPUIPlugin
2024-02-16 01:03:54,842 [INFO] IPUIPlugin:80 - create IPUIPlugin
2024-02-16 01:03:54,842 [INFO] IPUIPlugin:80 - create IPUIPlugin
2024-02-16 01:03:54,842 [INFO] IPUIPlugin:80 - create IPUIPlugin
2024-02-16 01:03:54,843 [INFO] IPUIPlugin:80 - create IPUIPlugin
2024-02-16 01:03:54,843 [INFO] IPUIPlugin:80 - create IPUIPlugin
2024-02-16 01:03:54,843 [INFO] IPUIPlugin:80 - create IPUIPlugin
2024-02-16 01:03:54,843 [INFO] IPUIPlugin:80 - create IPUIPlugin
2024-02-16 01:03:54,843 [INFO] IPUIPlugin:80 - create IPUIPlugin
2024-02-16 01:03:54,845 [INFO] Can:71 - Can Add PropertyChangeListener com.st.microxplorer.plugins.ip.can.Can@74138e89
2024-02-16 01:03:54,872 [INFO] CADModel:165 - CPN selected for project levelSTM32F103C8T6
2024-02-16 01:03:54,873 [INFO] CADModel:114 - Register for checkConnection events
2024-02-16 01:03:54,923 [INFO] OpenFileManager:343 - Restore cursor
2024-02-16 01:03:54,925 [INFO] ApiDb:581 - Connected to CubeFinder SQLite database (/home/fede/.stmcufinder/plugins/mcufinder/mcu/cube-finder-db.db)
2024-02-16 01:03:59,348 [INFO] NvicIntPanel:101 - NVIC parent = com.st.microxplorer.plugins.ip.nvic.MultiNvicIntPanel[,0,0,513x290,layout=javax.swing.BoxLayout,alignmentX=0.0,alignmentY=0.0,border=,flags=9,maximumSize=,minimumSize=,preferredSize=]
2024-02-16 01:04:06,262 [INFO] NvicIntPanel:101 - NVIC parent = com.st.microxplorer.plugins.ip.nvic.MultiNvicIntPanel[,0,0,0x0,invalid,layout=javax.swing.BoxLayout,alignmentX=0.0,alignmentY=0.0,border=,flags=9,maximumSize=,minimumSize=,preferredSize=]
2024-02-16 02:21:50,390 [ERROR] LogOutputStream:75 - [STDERR_REDIRECT] 
