2024-03-17 15:15:21,839 [INFO] Activator:176 - 


2024-03-17 15:15:21,842 [INFO] Activator:177 - !SESSION log4j initialized
2024-03-17 15:15:26,468 [INFO] LogOutputStream:77 - [STDOUT_REDIRECT] 
2024-03-17 15:15:29,179 [INFO] ApplicationProperties:184 - Using Application install path: /opt/st/stm32cubeide_1.14.0/plugins/com.st.stm32cube.common.mx_6.10.0.202311202037
2024-03-17 15:15:29,221 [INFO] DbMcusXml:78 - Set database path to: /opt/st/stm32cubeide_1.14.0/plugins/com.st.stm32cube.common.mx_6.10.0.202311202037//db//mcu/
2024-03-17 15:15:29,221 [INFO] ApiDb:274 - Set plugin database path to: /opt/st/stm32cubeide_1.14.0/plugins/com.st.stm32cube.common.mx_6.10.0.202311202037//db//plugins/boardmanager/
2024-03-17 15:15:29,222 [WARN] ApiDb:259 - Overriding images path with different value:  => /opt/st/stm32cubeide_1.14.0/plugins/com.st.stm32cube.common.mx_6.10.0.202311202037//db//plugins/mcufinder/images/
2024-03-17 15:15:29,233 [INFO] ApiDb:250 - Set database path to: /home/fede/.stmcufinder/plugins/mcufinder//mcu/
2024-03-17 15:15:29,235 [INFO] DbMcusAds:125 - Set database path to: /home/fede/.stmcufinder/plugins/mcufinder//mcu/
2024-03-17 15:15:29,240 [INFO] CrossReferenceDbSqlite:203 - Set database path to: /home/fede/.stmcufinder/plugins/mcufinder//mcu/cs/
2024-03-17 15:15:29,478 [INFO] RulesReader:64 - Compatibility file has been processed (297 Rules)
2024-03-17 15:15:29,617 [INFO] DbMcusXml:78 - Set database path to: /opt/st/stm32cubeide_1.14.0/plugins/com.st.stm32cube.common.mx_6.10.0.202311202037//db//mcu/
2024-03-17 15:15:29,617 [INFO] ApiDb:274 - Set plugin database path to: /opt/st/stm32cubeide_1.14.0/plugins/com.st.stm32cube.common.mx_6.10.0.202311202037//db//plugins/boardmanager/
2024-03-17 15:15:29,617 [INFO] ApiDb:261 - Set plugin images path to: /opt/st/stm32cubeide_1.14.0/plugins/com.st.stm32cube.common.mx_6.10.0.202311202037//db//plugins/mcufinder/images/
2024-03-17 15:15:29,618 [WARN] DbFile:41 - Overriding database path with different value: /home/fede/.stmcufinder/plugins/mcufinder/ => /home/fede/.stmcufinder/plugins/mcufinder
2024-03-17 15:15:29,618 [INFO] ApiDb:250 - Set database path to: /home/fede/.stmcufinder/plugins/mcufinder//mcu/
2024-03-17 15:15:29,618 [WARN] DbFile:41 - Overriding database path with different value: /home/fede/.stmcufinder/plugins/mcufinder/ => /home/fede/.stmcufinder/plugins/mcufinder
2024-03-17 15:15:29,618 [INFO] DbMcusAds:125 - Set database path to: /home/fede/.stmcufinder/plugins/mcufinder//mcu/
2024-03-17 15:15:29,618 [WARN] DbFile:41 - Overriding database path with different value: /home/fede/.stmcufinder/plugins/mcufinder/ => /home/fede/.stmcufinder/plugins/mcufinder
2024-03-17 15:15:29,619 [WARN] DbFile:41 - Overriding database path with different value: /home/fede/.stmcufinder/plugins/mcufinder/ => /home/fede/.stmcufinder/plugins/mcufinder
2024-03-17 15:15:29,619 [INFO] CrossReferenceDbSqlite:203 - Set database path to: /home/fede/.stmcufinder/plugins/mcufinder//mcu/cs/
2024-03-17 15:15:29,727 [INFO] MainPanel:264 - HeapMemory: 268435456
2024-03-17 15:15:29,850 [INFO] DbMcusXml:78 - Set database path to: /opt/st/stm32cubeide_1.14.0/plugins/com.st.stm32cube.common.mx_6.10.0.202311202037//db//mcu/
2024-03-17 15:15:29,850 [INFO] ApiDb:274 - Set plugin database path to: /opt/st/stm32cubeide_1.14.0/plugins/com.st.stm32cube.common.mx_6.10.0.202311202037//db//plugins/boardmanager/
2024-03-17 15:15:29,850 [INFO] ApiDb:261 - Set plugin images path to: /opt/st/stm32cubeide_1.14.0/plugins/com.st.stm32cube.common.mx_6.10.0.202311202037//db//plugins/mcufinder/images/
2024-03-17 15:15:29,851 [WARN] DbFile:41 - Overriding database path with different value: /home/fede/.stmcufinder/plugins/mcufinder/ => /home/fede/.stmcufinder/plugins/mcufinder
2024-03-17 15:15:29,851 [INFO] ApiDb:250 - Set database path to: /home/fede/.stmcufinder/plugins/mcufinder//mcu/
2024-03-17 15:15:29,851 [WARN] DbFile:41 - Overriding database path with different value: /home/fede/.stmcufinder/plugins/mcufinder/ => /home/fede/.stmcufinder/plugins/mcufinder
2024-03-17 15:15:29,852 [INFO] DbMcusAds:125 - Set database path to: /home/fede/.stmcufinder/plugins/mcufinder//mcu/
2024-03-17 15:15:29,852 [WARN] DbFile:41 - Overriding database path with different value: /home/fede/.stmcufinder/plugins/mcufinder/ => /home/fede/.stmcufinder/plugins/mcufinder
2024-03-17 15:15:29,852 [WARN] DbFile:41 - Overriding database path with different value: /home/fede/.stmcufinder/plugins/mcufinder/ => /home/fede/.stmcufinder/plugins/mcufinder
2024-03-17 15:15:29,852 [INFO] CrossReferenceDbSqlite:203 - Set database path to: /home/fede/.stmcufinder/plugins/mcufinder//mcu/cs/
2024-03-17 15:15:29,874 [INFO] ApplicationProperties:184 - Using Application install path: /opt/st/stm32cubeide_1.14.0/plugins/com.st.stm32cube.common.mx_6.10.0.202311202037
2024-03-17 15:15:29,877 [INFO] PluginManage:196 - Search for loadable plugins [exclusion list=, ]
2024-03-17 15:15:29,879 [INFO] PluginManage:310 - Check plugin analytics
2024-03-17 15:15:30,096 [INFO] AnalyticsPlugin:253 - Accepted Software Licenses: 
2024-03-17 15:15:30,096 [INFO] AnalyticsPlugin:255 - Accepted CMSIS Pack Licenses: STMicroelectronics.X-CUBE-ALGOBUILD.1.3.0,ARM.CMSIS-DSP.1.15.0
2024-03-17 15:15:30,096 [INFO] AnalyticsPlugin:257 - Accepted Firmware Licenses: FW.F7.1.17.0
2024-03-17 15:15:30,101 [INFO] PluginManage:359 - Loaded plugin analytics (category:tool,tabindex:-1)
2024-03-17 15:15:30,101 [INFO] PluginManage:310 - Check plugin cadmodel
2024-03-17 15:15:30,362 [INFO] CADModel:105 - Init CAD model plugin
2024-03-17 15:15:30,362 [INFO] PluginManage:359 - Loaded plugin cadmodel (category:power,tabindex:5)
2024-03-17 15:15:30,362 [INFO] PluginManage:310 - Check plugin clock
2024-03-17 15:15:30,373 [INFO] PluginManage:359 - Loaded plugin clock (category:base,tabindex:2)
2024-03-17 15:15:30,374 [INFO] PluginManage:310 - Check plugin ddr
2024-03-17 15:15:30,376 [INFO] PluginManage:359 - Loaded plugin ddr (category:tool,tabindex:6)
2024-03-17 15:15:30,376 [INFO] PluginManage:310 - Check plugin filemanager
2024-03-17 15:15:30,545 [INFO] PluginManage:359 - Loaded plugin filemanager (category:base,tabindex:10)
2024-03-17 15:15:30,546 [INFO] PluginManage:310 - Check plugin ipmanager
2024-03-17 15:15:30,552 [INFO] PluginManage:359 - Loaded plugin ipmanager (category:base,tabindex:5)
2024-03-17 15:15:30,553 [INFO] PluginManage:310 - Check plugin lpbam
2024-03-17 15:15:30,564 [INFO] PluginManage:359 - Loaded plugin lpbam (category:base,tabindex:0)
2024-03-17 15:15:30,564 [INFO] PluginManage:310 - Check plugin memorymap
2024-03-17 15:15:30,579 [INFO] PluginManage:359 - Loaded plugin memorymap (category:base,tabindex:4)
2024-03-17 15:15:30,579 [INFO] PluginManage:310 - Check plugin pinoutandconfiguration
2024-03-17 15:15:30,588 [INFO] PluginManage:359 - Loaded plugin pinoutandconfiguration (category:base,tabindex:1)
2024-03-17 15:15:30,588 [INFO] PluginManage:310 - Check plugin pinoutconfig
2024-03-17 15:15:30,694 [WARN] SupportedApi:132 - Cannot load RTOS API schema: s4s-elt-must-match.1: The content of 'definitions' must match (annotation?, (simpleType | complexType)?, (unique | key | keyref)*)). A problem was found starting at: attribute.
2024-03-17 15:15:30,860 [INFO] PluginManage:359 - Loaded plugin pinoutconfig (category:base,tabindex:0)
2024-03-17 15:15:30,861 [INFO] PluginManage:310 - Check plugin power
2024-03-17 15:15:30,871 [INFO] PluginManage:359 - Loaded plugin power (category:power,tabindex:4)
2024-03-17 15:15:30,871 [INFO] PluginManage:310 - Check plugin projectmanager
2024-03-17 15:15:30,894 [INFO] PluginManage:359 - Loaded plugin projectmanager (category:projectmanager,tabindex:3)
2024-03-17 15:15:30,894 [INFO] PluginManage:310 - Check plugin thirdparty
2024-03-17 15:15:31,075 [WARN] IntegrityCheckThread:84 - waiting for thirdparty lock release [integrity check]
2024-03-17 15:15:31,075 [INFO] PluginManage:359 - Loaded plugin thirdparty (category:base,tabindex:-1)
2024-03-17 15:15:31,075 [INFO] IntegrityCheckThread:86 - entering critical section [integrity check]
2024-03-17 15:15:31,075 [INFO] PluginManage:310 - Check plugin tools
2024-03-17 15:15:31,076 [INFO] ThirdPartyUpdaterWithRetryManager:70 - Updater plugin not ready yet. [1/15]
2024-03-17 15:15:31,079 [INFO] PluginManage:359 - Loaded plugin tools (category:base,tabindex:7)
2024-03-17 15:15:31,079 [INFO] PluginManage:310 - Check plugin tutovideos
2024-03-17 15:15:31,341 [INFO] PluginManage:359 - Loaded plugin tutovideos (category:base,tabindex:-1)
2024-03-17 15:15:31,341 [INFO] PluginManage:310 - Check plugin updater
2024-03-17 15:15:31,355 [INFO] PluginManage:359 - Loaded plugin updater (category:base,tabindex:12)
2024-03-17 15:15:31,356 [INFO] PluginManage:310 - Check plugin userauth
2024-03-17 15:15:31,363 [INFO] UserAuth:114 - Init User Auth plugin
2024-03-17 15:15:31,363 [INFO] PluginManage:359 - Loaded plugin userauth (category:base,tabindex:14)
2024-03-17 15:15:31,364 [INFO] PluginManage:283 - PluginManage : Loaded plugins [17]
2024-03-17 15:15:31,626 [INFO] PinOutPanel:1499 - setPackage(No Configuration,No Configuration)
2024-03-17 15:15:31,700 [INFO] CADModel:165 - CPN selected for project level
2024-03-17 15:15:31,700 [INFO] CADModel:114 - Register for checkConnection events
2024-03-17 15:15:31,716 [INFO] IPUIPlugin:80 - create IPUIPlugin
2024-03-17 15:15:31,716 [INFO] PluginManager:220 - loadIPPluginJar : add gfxmmu
2024-03-17 15:15:31,718 [INFO] IPUIPlugin:80 - create IPUIPlugin
2024-03-17 15:15:31,718 [INFO] PluginManager:220 - loadIPPluginJar : add comp
2024-03-17 15:15:31,722 [INFO] IPUIPlugin:80 - create IPUIPlugin
2024-03-17 15:15:31,722 [INFO] PluginManager:220 - loadIPPluginJar : add usbx
2024-03-17 15:15:31,732 [INFO] IPUIPlugin:80 - create IPUIPlugin
2024-03-17 15:15:31,732 [INFO] PluginManager:220 - loadIPPluginJar : add linkedlist
2024-03-17 15:15:31,740 [INFO] IPUIPlugin:80 - create IPUIPlugin
2024-03-17 15:15:31,741 [INFO] PluginManager:220 - loadIPPluginJar : add mdma
2024-03-17 15:15:31,744 [INFO] IPUIPlugin:80 - create IPUIPlugin
2024-03-17 15:15:31,744 [INFO] PluginManager:220 - loadIPPluginJar : add i3c
2024-03-17 15:15:31,747 [INFO] IPUIPlugin:80 - create IPUIPlugin
2024-03-17 15:15:31,747 [INFO] PluginManager:220 - loadIPPluginJar : add cryp
2024-03-17 15:15:31,748 [INFO] IPUIPlugin:80 - create IPUIPlugin
2024-03-17 15:15:31,748 [INFO] PluginManager:220 - loadIPPluginJar : add quadspi
2024-03-17 15:15:31,750 [INFO] IPUIPlugin:80 - create IPUIPlugin
2024-03-17 15:15:31,750 [INFO] PluginManager:220 - loadIPPluginJar : add tsc
2024-03-17 15:15:31,752 [INFO] IPUIPlugin:80 - create IPUIPlugin
2024-03-17 15:15:31,752 [INFO] PluginManager:220 - loadIPPluginJar : add hash
2024-03-17 15:15:31,755 [INFO] IPUIPlugin:80 - create IPUIPlugin
2024-03-17 15:15:31,755 [INFO] PluginManager:220 - loadIPPluginJar : add aes
2024-03-17 15:15:31,758 [INFO] IPUIPlugin:80 - create IPUIPlugin
2024-03-17 15:15:31,758 [INFO] PluginManager:220 - loadIPPluginJar : add i2c
2024-03-17 15:15:31,761 [INFO] IPUIPlugin:80 - create IPUIPlugin
2024-03-17 15:15:31,761 [INFO] PluginManager:220 - loadIPPluginJar : add gtzc
2024-03-17 15:15:31,769 [INFO] IPUIPlugin:80 - create IPUIPlugin
2024-03-17 15:15:31,770 [INFO] PluginManager:220 - loadIPPluginJar : add stm32_wpan
2024-03-17 15:15:31,777 [INFO] IPUIPlugin:80 - create IPUIPlugin
2024-03-17 15:15:31,780 [INFO] PluginManager:220 - loadIPPluginJar : add plateformsettings
2024-03-17 15:15:31,787 [INFO] IPUIPlugin:80 - create IPUIPlugin
2024-03-17 15:15:31,787 [INFO] PluginManager:220 - loadIPPluginJar : add adc
2024-03-17 15:15:31,791 [INFO] IPUIPlugin:80 - create IPUIPlugin
2024-03-17 15:15:31,791 [INFO] PluginManager:220 - loadIPPluginJar : add sai
2024-03-17 15:15:31,797 [INFO] IPUIPlugin:80 - create IPUIPlugin
2024-03-17 15:15:31,797 [INFO] PluginManager:220 - loadIPPluginJar : add gic
2024-03-17 15:15:31,800 [INFO] IPUIPlugin:80 - create IPUIPlugin
2024-03-17 15:15:31,800 [INFO] PluginManager:220 - loadIPPluginJar : add opamp
2024-03-17 15:15:31,803 [INFO] IPUIPlugin:80 - create IPUIPlugin
2024-03-17 15:15:31,803 [INFO] PluginManager:220 - loadIPPluginJar : add i2s
2024-03-17 15:15:31,807 [INFO] IPUIPlugin:80 - create IPUIPlugin
2024-03-17 15:15:31,807 [INFO] PluginManager:220 - loadIPPluginJar : add touchsensing
2024-03-17 15:15:31,810 [INFO] IPUIPlugin:80 - create IPUIPlugin
2024-03-17 15:15:31,810 [INFO] PluginManager:220 - loadIPPluginJar : add dma3
2024-03-17 15:15:31,815 [INFO] IPUIPlugin:80 - create IPUIPlugin
2024-03-17 15:15:31,815 [INFO] PluginManager:220 - loadIPPluginJar : add gpio
2024-03-17 15:15:31,818 [INFO] IPUIPlugin:80 - create IPUIPlugin
2024-03-17 15:15:31,818 [INFO] PluginManager:220 - loadIPPluginJar : add lorawan
2024-03-17 15:15:31,820 [INFO] IPUIPlugin:80 - create IPUIPlugin
2024-03-17 15:15:31,821 [INFO] PluginManager:220 - loadIPPluginJar : add tracer_emb
2024-03-17 15:15:31,826 [INFO] IPUIPlugin:80 - create IPUIPlugin
2024-03-17 15:15:31,826 [INFO] PluginManager:220 - loadIPPluginJar : add ipddr
2024-03-17 15:15:31,830 [INFO] IPUIPlugin:80 - create IPUIPlugin
2024-03-17 15:15:31,830 [INFO] PluginManager:220 - loadIPPluginJar : add resmgrutility
2024-03-17 15:15:31,836 [INFO] IPUIPlugin:80 - create IPUIPlugin
2024-03-17 15:15:31,836 [INFO] PluginManager:220 - loadIPPluginJar : add fmc
2024-03-17 15:15:31,838 [INFO] IPUIPlugin:80 - create IPUIPlugin
2024-03-17 15:15:31,838 [INFO] PluginManager:220 - loadIPPluginJar : add tim
2024-03-17 15:15:31,840 [INFO] IPUIPlugin:80 - create IPUIPlugin
2024-03-17 15:15:31,840 [INFO] PluginManager:220 - loadIPPluginJar : add ltdc
2024-03-17 15:15:31,842 [INFO] IPUIPlugin:80 - create IPUIPlugin
2024-03-17 15:15:31,842 [INFO] PluginManager:220 - loadIPPluginJar : add genericplugin
2024-03-17 15:15:31,849 [INFO] IPUIPlugin:80 - create IPUIPlugin
2024-03-17 15:15:31,850 [INFO] PluginManager:220 - loadIPPluginJar : add dma
2024-03-17 15:15:31,853 [INFO] IPUIPlugin:80 - create IPUIPlugin
2024-03-17 15:15:31,853 [INFO] PluginManager:220 - loadIPPluginJar : add usart
2024-03-17 15:15:31,857 [INFO] IPUIPlugin:80 - create IPUIPlugin
2024-03-17 15:15:31,857 [INFO] PluginManager:220 - loadIPPluginJar : add openamp
2024-03-17 15:15:31,859 [INFO] IPUIPlugin:80 - create IPUIPlugin
2024-03-17 15:15:31,859 [INFO] PluginManager:220 - loadIPPluginJar : add fatfs
2024-03-17 15:15:31,862 [INFO] IPUIPlugin:80 - create IPUIPlugin
2024-03-17 15:15:31,862 [INFO] PluginManager:220 - loadIPPluginJar : add spi
2024-03-17 15:15:31,865 [INFO] IPUIPlugin:80 - create IPUIPlugin
2024-03-17 15:15:31,865 [INFO] PluginManager:220 - loadIPPluginJar : add dfsdm
2024-03-17 15:15:31,868 [INFO] IPUIPlugin:80 - create IPUIPlugin
2024-03-17 15:15:31,869 [INFO] PluginManager:220 - loadIPPluginJar : add can
2024-03-17 15:15:31,874 [INFO] IPUIPlugin:80 - create IPUIPlugin
2024-03-17 15:15:31,875 [INFO] PluginManager:220 - loadIPPluginJar : add nvic
2024-03-17 15:15:31,895 [INFO] IPUIPlugin:80 - create IPUIPlugin
2024-03-17 15:15:31,895 [INFO] PluginManager:220 - loadIPPluginJar : add freertos
2024-03-17 15:15:31,898 [INFO] IPUIPlugin:80 - create IPUIPlugin
2024-03-17 15:15:31,899 [INFO] PluginManager:220 - loadIPPluginJar : add pdm2pcm
2024-03-17 15:15:31,901 [INFO] IPUIPlugin:80 - create IPUIPlugin
2024-03-17 15:15:31,901 [INFO] PluginManager:220 - loadIPPluginJar : add ts
2024-03-17 15:15:31,903 [INFO] IPUIPlugin:80 - create IPUIPlugin
2024-03-17 15:15:31,903 [INFO] PluginManager:220 - loadIPPluginJar : add ucpd
2024-03-17 15:15:32,038 [INFO] CADModel:165 - CPN selected for project level
2024-03-17 15:15:32,038 [INFO] CADModel:114 - Register for checkConnection events
2024-03-17 15:15:32,039 [FATAL] Updater:308 - Updater called before beeing initialized
2024-03-17 15:15:32,039 [ERROR] CADModel:125 - Updater not yet initialized, retry later 
2024-03-17 15:15:32,196 [INFO] CADModel:165 - CPN selected for project level
2024-03-17 15:15:32,196 [INFO] CADModel:114 - Register for checkConnection events
2024-03-17 15:15:32,196 [FATAL] Updater:308 - Updater called before beeing initialized
2024-03-17 15:15:32,196 [ERROR] CADModel:125 - Updater not yet initialized, retry later 
2024-03-17 15:15:32,200 [FATAL] Updater:308 - Updater called before beeing initialized
2024-03-17 15:15:32,297 [FATAL] Updater:308 - Updater called before beeing initialized
2024-03-17 15:15:32,302 [INFO] DbMcusAds:53 - JSON generation date=Wed Nov 29 07:52:27 ART 2023 (1701255147349)
2024-03-17 15:15:32,302 [FATAL] Updater:308 - Updater called before beeing initialized
2024-03-17 15:15:32,358 [WARN] DetailPanel:346 - Failed to get advertising image, set to default
2024-03-17 15:15:32,590 [FATAL] Updater:308 - Updater called before beeing initialized
2024-03-17 15:15:32,593 [FATAL] Updater:308 - Updater called before beeing initialized
2024-03-17 15:15:32,594 [FATAL] Updater:308 - Updater called before beeing initialized
2024-03-17 15:15:32,594 [WARN] DetailPanel:346 - Failed to get advertising image, set to default
2024-03-17 15:15:32,595 [FATAL] Updater:308 - Updater called before beeing initialized
2024-03-17 15:15:32,646 [ERROR] Updater:1120 - MainUpdater not yet initialized. External WinMGr cannot be set.
2024-03-17 15:15:32,648 [INFO] Updater:1056 - Updater Version found : 6.10.0
2024-03-17 15:15:32,672 [INFO] ApplicationProperties:184 - Using Application install path: /opt/st/stm32cubeide_1.14.0/plugins/com.st.stm32cube.common.mx_6.10.0.202311202037
2024-03-17 15:15:33,195 [INFO] MainUpdater:2873 - connection check result : 10
2024-03-17 15:15:33,196 [INFO] MainUpdater:290 - Updater Check For Update Now.
2024-03-17 15:15:33,197 [INFO] MicroXplorer:498 - Change Database Version : DB.6.0.100
2024-03-17 15:15:33,202 [INFO] McuFinderGlobals:63 - Set McuFinder mode to 2 (CubeIDE integrated)
2024-03-17 15:15:33,404 [INFO] CheckServerUpdateThread:120 - End of CheckServer Thread
2024-03-17 15:15:34,171 [WARN] PackLoader:240 - Cannot read IP mode file for STMicroelectronics.X-CUBE-SMBUS.2.1.0
2024-03-17 15:15:34,177 [WARN] PackLoader:240 - Cannot read IP mode file for STMicroelectronics.X-CUBE-TOUCHGFX.4.23.0
2024-03-17 15:15:34,207 [WARN] PackLoader:240 - Cannot read IP mode file for STMicroelectronics.X-CUBE-AZRTOS-F7.1.1.0
2024-03-17 15:15:34,217 [WARN] PackLoader:240 - Cannot read IP mode file for STMicroelectronics.FP-SNS-MOTENV1.4.3.2
2024-03-17 15:15:34,223 [WARN] PackLoader:240 - Cannot read IP mode file for STMicroelectronics.FP-SNS-FLIGHT1.5.0.2
2024-03-17 15:15:34,231 [WARN] PackLoader:240 - Cannot read IP mode file for STMicroelectronics.X-CUBE-DISPLAY.3.0.0
2024-03-17 15:15:34,243 [WARN] PackLoader:240 - Cannot read IP mode file for STMicroelectronics.X-CUBE-BLE1.7.0.0
2024-03-17 15:15:34,248 [WARN] PackLoader:240 - Cannot read IP mode file for emotas.I-CUBE-CANOPEN.1.3.0
2024-03-17 15:15:34,251 [WARN] PackLoader:240 - Cannot read IP mode file for STMicroelectronics.X-CUBE-TOUCHGFX.4.22.0
2024-03-17 15:15:34,254 [WARN] PackLoader:240 - Cannot read IP mode file for STMicroelectronics.X-CUBE-TOUCHGFX.4.22.1
2024-03-17 15:15:34,265 [WARN] PackLoader:240 - Cannot read IP mode file for STMicroelectronics.X-CUBE-BLEMGR.3.1.0
2024-03-17 15:15:34,273 [WARN] PackLoader:240 - Cannot read IP mode file for STMicroelectronics.FP-SNS-SMARTAG2.1.2.0
2024-03-17 15:15:34,286 [INFO] LogOutputStream:77 - [STDOUT_REDIRECT] 1 : Invalid condition id : UX_CORESTACK_Condition cause : null
2024-03-17 15:15:34,286 [INFO] LogOutputStream:77 - [STDOUT_REDIRECT] 1 : Invalid condition id : UX_CORESTACK_Condition cause : null
2024-03-17 15:15:34,287 [INFO] LogOutputStream:77 - [STDOUT_REDIRECT] 1 : Invalid condition id : UX_CORESTACK_Condition cause : null
2024-03-17 15:15:34,287 [INFO] LogOutputStream:77 - [STDOUT_REDIRECT] 1 : Invalid condition id : UX_CORESTACK_Condition cause : null
2024-03-17 15:15:34,287 [INFO] LogOutputStream:77 - [STDOUT_REDIRECT] 1 : Invalid condition id : UX_CORESTACK_Condition cause : null
2024-03-17 15:15:34,292 [WARN] PackLoader:240 - Cannot read IP mode file for STMicroelectronics.X-CUBE-AZRTOS-WL.2.0.0
2024-03-17 15:15:34,300 [WARN] PackLoader:240 - Cannot read IP mode file for WES.I-CUBE-Cesium.1.3.0
2024-03-17 15:15:34,305 [WARN] PackLoader:240 - Cannot read IP mode file for STMicroelectronics.X-CUBE-BLE2.3.3.0
2024-03-17 15:15:34,312 [WARN] PackLoader:240 - Cannot read IP mode file for STMicroelectronics.X-CUBE-ALGOBUILD.1.3.0
2024-03-17 15:15:34,404 [WARN] PackLoader:240 - Cannot read IP mode file for STMicroelectronics.X-CUBE-AZRTOS-G0.1.1.0
2024-03-17 15:15:34,412 [WARN] PackLoader:240 - Cannot read IP mode file for STMicroelectronics.X-CUBE-NFC4.3.0.0
2024-03-17 15:15:34,428 [WARN] PackLoader:240 - Cannot read IP mode file for STMicroelectronics.X-CUBE-BLEMGR.3.0.0
2024-03-17 15:15:34,434 [WARN] PackLoader:240 - Cannot read IP mode file for STMicroelectronics.FP-ATR-SIGFOX1.3.2.0
2024-03-17 15:15:34,440 [WARN] PackLoader:240 - Cannot read IP mode file for STMicroelectronics.X-CUBE-EEPRMA1.5.1.0
2024-03-17 15:15:34,504 [WARN] PackLoader:240 - Cannot read IP mode file for SEGGER.I-CUBE-embOS.1.3.1
2024-03-17 15:15:34,567 [WARN] PackLoader:240 - Cannot read IP mode file for STMicroelectronics.X-CUBE-GNSS1.6.0.0
2024-03-17 15:15:34,594 [WARN] PackLoader:240 - Cannot read IP mode file for STMicroelectronics.X-CUBE-AZRTOS-F4.1.1.0
2024-03-17 15:15:34,600 [WARN] PackLoader:240 - Cannot read IP mode file for wolfSSL.I-CUBE-wolfSSL.5.6.3
2024-03-17 15:15:34,603 [WARN] PackLoader:240 - Cannot read IP mode file for wolfSSL.I-CUBE-wolfSSL.5.6.6
2024-03-17 15:15:34,622 [WARN] PackLoader:240 - Cannot read IP mode file for STMicroelectronics.X-CUBE-AZRTOS-L5.2.0.0
2024-03-17 15:15:34,652 [INFO] UserAuth:404 - Internet connection configuration mode: 1
2024-03-17 15:15:34,670 [WARN] PackLoader:240 - Cannot read IP mode file for STMicroelectronics.X-CUBE-MEMS1.9.6.0
2024-03-17 15:15:34,671 [INFO] JxBrowserEngine:152 - Initiate JxBrowser Engine with user profile folder
2024-03-17 15:15:34,950 [WARN] PackLoader:240 - Cannot read IP mode file for STMicroelectronics.X-CUBE-EEPRMA1.4.2.0
2024-03-17 15:15:34,958 [WARN] PackLoader:240 - Cannot read IP mode file for ITTIA_DB.I-CUBE-ITTIADB.8.8.0
2024-03-17 15:15:34,967 [WARN] PackLoader:240 - Cannot read IP mode file for STMicroelectronics.X-CUBE-BLEMGR.2.0.0
2024-03-17 15:15:34,997 [WARN] ConditionMgr:438 - getConditionDescription Invalid condition id : UX DEVICE CLASS RTOS Condition cause : null
2024-03-17 15:15:34,998 [WARN] ConditionMgr:438 - getConditionDescription Invalid condition id : UX DEVICE CLASS RTOS Condition cause : null
2024-03-17 15:15:35,002 [WARN] PackLoader:240 - Cannot read IP mode file for STMicroelectronics.X-CUBE-AZRTOS-H7.3.1.0
2024-03-17 15:15:35,004 [WARN] ConditionMgr:1039 - genDependencies : Invalid condition id : UX DEVICE CLASS RTOS Condition cause : null
2024-03-17 15:15:35,005 [WARN] ConditionMgr:1039 - genDependencies : Invalid condition id : UX DEVICE CLASS RTOS Condition cause : null
2024-03-17 15:15:35,006 [WARN] ConditionMgr:1039 - genDependencies : Invalid condition id : UX DEVICE CLASS RTOS Condition cause : null
2024-03-17 15:15:35,007 [WARN] ConditionMgr:1039 - genDependencies : Invalid condition id : UX DEVICE CLASS RTOS Condition cause : null
2024-03-17 15:15:35,007 [WARN] ConditionMgr:1039 - genDependencies : Invalid condition id : UX DEVICE CLASS RTOS Condition cause : null
2024-03-17 15:15:35,028 [WARN] PackLoader:240 - Cannot read IP mode file for STMicroelectronics.X-CUBE-NFC7.1.0.1
2024-03-17 15:15:35,053 [WARN] PackLoader:240 - Cannot read IP mode file for STMicroelectronics.X-CUBE-NFC6.3.0.0
2024-03-17 15:15:35,068 [WARN] PackLoader:240 - Cannot read IP mode file for STMicroelectronics.X-CUBE-EEPRMA1.4.1.0
2024-03-17 15:15:35,077 [WARN] PackLoader:240 - Cannot read IP mode file for STMicroelectronics.X-CUBE-AI.8.1.0
2024-03-17 15:15:35,137 [WARN] ConditionMgr:438 - getConditionDescription Invalid condition id : LAN8742 Phy interface Condition cause : null
2024-03-17 15:15:35,139 [WARN] PackLoader:240 - Cannot read IP mode file for STMicroelectronics.X-CUBE-AZRTOS-L4.2.0.0
2024-03-17 15:15:35,142 [WARN] ConditionMgr:1039 - genDependencies : Invalid condition id : LAN8742 Phy interface Condition cause : null
2024-03-17 15:15:35,143 [WARN] ConditionMgr:1039 - genDependencies : Invalid condition id : LAN8742 Phy interface Condition cause : null
2024-03-17 15:15:35,145 [WARN] ConditionMgr:1039 - genDependencies : Invalid condition id : LAN8742 Phy interface Condition cause : null
2024-03-17 15:15:35,161 [WARN] PackLoader:240 - Cannot read IP mode file for STMicroelectronics.X-CUBE-SFXS2LP1.4.0.0
2024-03-17 15:15:35,171 [WARN] PackLoader:240 - Cannot read IP mode file for STMicroelectronics.X-CUBE-ISPU.1.1.0
2024-03-17 15:15:35,206 [WARN] ConditionMgr:438 - getConditionDescription Invalid condition id : UX DEVICE CLASS RTOS Condition cause : null
2024-03-17 15:15:35,207 [WARN] ConditionMgr:438 - getConditionDescription Invalid condition id : UX DEVICE CLASS RTOS Condition cause : null
2024-03-17 15:15:35,214 [WARN] PackLoader:240 - Cannot read IP mode file for STMicroelectronics.X-CUBE-AZRTOS-WB.2.0.0
2024-03-17 15:15:35,215 [WARN] ConditionMgr:1039 - genDependencies : Invalid condition id : UX DEVICE CLASS RTOS Condition cause : null
2024-03-17 15:15:35,215 [WARN] ConditionMgr:1039 - genDependencies : Invalid condition id : UX DEVICE CLASS RTOS Condition cause : null
2024-03-17 15:15:35,217 [WARN] ConditionMgr:1039 - genDependencies : Invalid condition id : UX DEVICE CLASS RTOS Condition cause : null
2024-03-17 15:15:35,217 [WARN] ConditionMgr:1039 - genDependencies : Invalid condition id : UX DEVICE CLASS RTOS Condition cause : null
2024-03-17 15:15:35,218 [WARN] ConditionMgr:1039 - genDependencies : Invalid condition id : UX DEVICE CLASS RTOS Condition cause : null
2024-03-17 15:15:35,244 [WARN] PackLoader:240 - Cannot read IP mode file for STMicroelectronics.X-CUBE-SUBG2.5.0.0
2024-03-17 15:15:35,279 [WARN] PackLoader:240 - Cannot read IP mode file for STMicroelectronics.X-CUBE-TOF1.3.3.1
2024-03-17 15:15:35,324 [WARN] PackLoader:240 - Cannot read IP mode file for STMicroelectronics.X-CUBE-AZRTOS-G4.2.0.0
2024-03-17 15:15:35,353 [WARN] PackLoader:240 - Cannot read IP mode file for Infineon.AIROC-Wi-Fi-Bluetooth-STM32.1.5.1
2024-03-17 15:15:35,369 [WARN] PackLoader:240 - Cannot read IP mode file for STMicroelectronics.FP-SNS-MOTENVWB1.1.3.0
2024-03-17 15:15:35,376 [WARN] PackLoader:240 - Cannot read IP mode file for STMicroelectronics.FP-SNS-MOTENVWB1.1.3.1
2024-03-17 15:15:35,382 [WARN] PackLoader:240 - Cannot read IP mode file for STMicroelectronics.X-CUBE-ISPU.2.0.0
2024-03-17 15:15:35,463 [WARN] PackLoader:240 - Cannot read IP mode file for STMicroelectronics.X-CUBE-MEMS1.10.0.0
2024-03-17 15:15:35,778 [WARN] PackLoader:240 - Cannot read IP mode file for STMicroelectronics.X-CUBE-FREERTOS.1.1.0
2024-03-17 15:15:35,790 [WARN] PackLoader:240 - Cannot read IP mode file for portGmbH.I-Cube-SoM-uGOAL.1.1.0
2024-03-17 15:15:35,801 [WARN] PackLoader:240 - Cannot read IP mode file for STMicroelectronics.X-CUBE-ALS.1.0.1
2024-03-17 15:15:35,812 [WARN] PackLoader:240 - Cannot read IP mode file for STMicroelectronics.FP-ATR-ASTRA1.2.0.0
2024-03-17 15:15:35,844 [WARN] PackLoader:240 - Cannot read IP mode file for STMicroelectronics.X-CUBE-TOF1.3.4.0
2024-03-17 15:15:35,905 [WARN] PackLoader:240 - Cannot read IP mode file for STMicroelectronics.X-CUBE-TOF1.3.4.1
2024-03-17 15:15:35,987 [WARN] PackLoader:240 - Cannot read IP mode file for STMicroelectronics.X-CUBE-AZRTOS-H7.3.2.0
2024-03-17 15:15:35,996 [INFO] ThirdParty:978 - Integrity check success = true
2024-03-17 15:15:35,997 [INFO] IntegrityCheckThread:100 - exiting critical section [integrity check]
2024-03-17 15:15:35,997 [INFO] IntegrityCheckThread:103 - End integrity checks thread
2024-03-17 15:15:36,272 [INFO] WebApp:161 - Instantiating new browser for Auth
2024-03-17 15:15:37,434 [INFO] WebApp:780 - Register for checkConnection events
2024-03-17 15:15:37,435 [INFO] WebApp:414 - Apply proxy settings
2024-03-17 15:15:37,435 [INFO] WebApp:499 - Chromium requires no authentication
2024-03-17 15:15:37,448 [INFO] WebApp:442 - Direct internet connection detected
2024-03-17 15:15:37,783 [INFO] WebApp:192 - Starting web application
2024-03-17 15:15:37,783 [INFO] WebApp:544 - Web application path used /opt/st/stm32cubeide_1.14.0/plugins/com.st.stm32cube.common.mx_6.10.0.202311202037/db/plugins/mcufinder/reactClient1/index.html
2024-03-17 15:15:58,325 [ERROR] LogOutputStream:75 - [STDERR_REDIRECT] SLF4J: Failed to load class "org.slf4j.impl.StaticLoggerBinder".
2024-03-17 15:15:58,325 [ERROR] LogOutputStream:75 - [STDERR_REDIRECT] SLF4J: Defaulting to no-operation (NOP) logger implementation
2024-03-17 15:15:58,325 [ERROR] LogOutputStream:75 - [STDERR_REDIRECT] SLF4J: See http://www.slf4j.org/codes.html#StaticLoggerBinder for further details.
2024-03-17 23:39:46,098 [ERROR] LogOutputStream:75 - [STDERR_REDIRECT] 
