2024-03-23 09:15:25,407 [INFO] Activator:176 - 


2024-03-23 09:15:25,411 [INFO] Activator:177 - !SESSION log4j initialized
2024-03-23 09:15:31,369 [INFO] LogOutputStream:77 - [STDOUT_REDIRECT] 
2024-03-23 09:15:32,849 [INFO] ApplicationProperties:184 - Using Application install path: /opt/st/stm32cubeide_1.14.0/plugins/com.st.stm32cube.common.mx_6.10.0.202311202037
2024-03-23 09:15:32,873 [INFO] DbMcusXml:78 - Set database path to: /opt/st/stm32cubeide_1.14.0/plugins/com.st.stm32cube.common.mx_6.10.0.202311202037//db//mcu/
2024-03-23 09:15:32,874 [INFO] ApiDb:274 - Set plugin database path to: /opt/st/stm32cubeide_1.14.0/plugins/com.st.stm32cube.common.mx_6.10.0.202311202037//db//plugins/boardmanager/
2024-03-23 09:15:32,874 [WARN] ApiDb:259 - Overriding images path with different value:  => /opt/st/stm32cubeide_1.14.0/plugins/com.st.stm32cube.common.mx_6.10.0.202311202037//db//plugins/mcufinder/images/
2024-03-23 09:15:32,886 [INFO] ApiDb:250 - Set database path to: /home/fede/.stmcufinder/plugins/mcufinder//mcu/
2024-03-23 09:15:32,887 [INFO] DbMcusAds:125 - Set database path to: /home/fede/.stmcufinder/plugins/mcufinder//mcu/
2024-03-23 09:15:32,890 [INFO] CrossReferenceDbSqlite:203 - Set database path to: /home/fede/.stmcufinder/plugins/mcufinder//mcu/cs/
2024-03-23 09:15:33,077 [INFO] RulesReader:64 - Compatibility file has been processed (297 Rules)
2024-03-23 09:15:33,190 [INFO] DbMcusXml:78 - Set database path to: /opt/st/stm32cubeide_1.14.0/plugins/com.st.stm32cube.common.mx_6.10.0.202311202037//db//mcu/
2024-03-23 09:15:33,190 [INFO] ApiDb:274 - Set plugin database path to: /opt/st/stm32cubeide_1.14.0/plugins/com.st.stm32cube.common.mx_6.10.0.202311202037//db//plugins/boardmanager/
2024-03-23 09:15:33,190 [INFO] ApiDb:261 - Set plugin images path to: /opt/st/stm32cubeide_1.14.0/plugins/com.st.stm32cube.common.mx_6.10.0.202311202037//db//plugins/mcufinder/images/
2024-03-23 09:15:33,191 [WARN] DbFile:41 - Overriding database path with different value: /home/fede/.stmcufinder/plugins/mcufinder/ => /home/fede/.stmcufinder/plugins/mcufinder
2024-03-23 09:15:33,191 [INFO] ApiDb:250 - Set database path to: /home/fede/.stmcufinder/plugins/mcufinder//mcu/
2024-03-23 09:15:33,191 [WARN] DbFile:41 - Overriding database path with different value: /home/fede/.stmcufinder/plugins/mcufinder/ => /home/fede/.stmcufinder/plugins/mcufinder
2024-03-23 09:15:33,191 [INFO] DbMcusAds:125 - Set database path to: /home/fede/.stmcufinder/plugins/mcufinder//mcu/
2024-03-23 09:15:33,191 [WARN] DbFile:41 - Overriding database path with different value: /home/fede/.stmcufinder/plugins/mcufinder/ => /home/fede/.stmcufinder/plugins/mcufinder
2024-03-23 09:15:33,191 [WARN] DbFile:41 - Overriding database path with different value: /home/fede/.stmcufinder/plugins/mcufinder/ => /home/fede/.stmcufinder/plugins/mcufinder
2024-03-23 09:15:33,191 [INFO] CrossReferenceDbSqlite:203 - Set database path to: /home/fede/.stmcufinder/plugins/mcufinder//mcu/cs/
2024-03-23 09:15:33,312 [INFO] MainPanel:264 - HeapMemory: 268435456
2024-03-23 09:15:33,440 [INFO] DbMcusXml:78 - Set database path to: /opt/st/stm32cubeide_1.14.0/plugins/com.st.stm32cube.common.mx_6.10.0.202311202037//db//mcu/
2024-03-23 09:15:33,441 [INFO] ApiDb:274 - Set plugin database path to: /opt/st/stm32cubeide_1.14.0/plugins/com.st.stm32cube.common.mx_6.10.0.202311202037//db//plugins/boardmanager/
2024-03-23 09:15:33,441 [INFO] ApiDb:261 - Set plugin images path to: /opt/st/stm32cubeide_1.14.0/plugins/com.st.stm32cube.common.mx_6.10.0.202311202037//db//plugins/mcufinder/images/
2024-03-23 09:15:33,441 [WARN] DbFile:41 - Overriding database path with different value: /home/fede/.stmcufinder/plugins/mcufinder/ => /home/fede/.stmcufinder/plugins/mcufinder
2024-03-23 09:15:33,441 [INFO] ApiDb:250 - Set database path to: /home/fede/.stmcufinder/plugins/mcufinder//mcu/
2024-03-23 09:15:33,442 [WARN] DbFile:41 - Overriding database path with different value: /home/fede/.stmcufinder/plugins/mcufinder/ => /home/fede/.stmcufinder/plugins/mcufinder
2024-03-23 09:15:33,442 [INFO] DbMcusAds:125 - Set database path to: /home/fede/.stmcufinder/plugins/mcufinder//mcu/
2024-03-23 09:15:33,442 [WARN] DbFile:41 - Overriding database path with different value: /home/fede/.stmcufinder/plugins/mcufinder/ => /home/fede/.stmcufinder/plugins/mcufinder
2024-03-23 09:15:33,442 [WARN] DbFile:41 - Overriding database path with different value: /home/fede/.stmcufinder/plugins/mcufinder/ => /home/fede/.stmcufinder/plugins/mcufinder
2024-03-23 09:15:33,442 [INFO] CrossReferenceDbSqlite:203 - Set database path to: /home/fede/.stmcufinder/plugins/mcufinder//mcu/cs/
2024-03-23 09:15:33,466 [INFO] ApplicationProperties:184 - Using Application install path: /opt/st/stm32cubeide_1.14.0/plugins/com.st.stm32cube.common.mx_6.10.0.202311202037
2024-03-23 09:15:33,468 [INFO] PluginManage:196 - Search for loadable plugins [exclusion list=, ]
2024-03-23 09:15:33,470 [INFO] PluginManage:310 - Check plugin analytics
2024-03-23 09:15:33,695 [INFO] AnalyticsPlugin:253 - Accepted Software Licenses: 
2024-03-23 09:15:33,695 [INFO] AnalyticsPlugin:255 - Accepted CMSIS Pack Licenses: STMicroelectronics.X-CUBE-ALGOBUILD.1.3.0,ARM.CMSIS-DSP.1.15.0
2024-03-23 09:15:33,695 [INFO] AnalyticsPlugin:257 - Accepted Firmware Licenses: FW.F7.1.17.0
2024-03-23 09:15:33,699 [INFO] PluginManage:359 - Loaded plugin analytics (category:tool,tabindex:-1)
2024-03-23 09:15:33,699 [INFO] PluginManage:310 - Check plugin cadmodel
2024-03-23 09:15:33,752 [INFO] CADModel:105 - Init CAD model plugin
2024-03-23 09:15:33,753 [INFO] PluginManage:359 - Loaded plugin cadmodel (category:power,tabindex:5)
2024-03-23 09:15:33,753 [INFO] PluginManage:310 - Check plugin clock
2024-03-23 09:15:33,770 [INFO] PluginManage:359 - Loaded plugin clock (category:base,tabindex:2)
2024-03-23 09:15:33,770 [INFO] PluginManage:310 - Check plugin ddr
2024-03-23 09:15:33,773 [INFO] PluginManage:359 - Loaded plugin ddr (category:tool,tabindex:6)
2024-03-23 09:15:33,773 [INFO] PluginManage:310 - Check plugin filemanager
2024-03-23 09:15:33,996 [INFO] PluginManage:359 - Loaded plugin filemanager (category:base,tabindex:10)
2024-03-23 09:15:33,996 [INFO] PluginManage:310 - Check plugin ipmanager
2024-03-23 09:15:34,006 [INFO] PluginManage:359 - Loaded plugin ipmanager (category:base,tabindex:5)
2024-03-23 09:15:34,007 [INFO] PluginManage:310 - Check plugin lpbam
2024-03-23 09:15:34,020 [INFO] PluginManage:359 - Loaded plugin lpbam (category:base,tabindex:0)
2024-03-23 09:15:34,020 [INFO] PluginManage:310 - Check plugin memorymap
2024-03-23 09:15:34,038 [INFO] PluginManage:359 - Loaded plugin memorymap (category:base,tabindex:4)
2024-03-23 09:15:34,038 [INFO] PluginManage:310 - Check plugin pinoutandconfiguration
2024-03-23 09:15:34,049 [INFO] PluginManage:359 - Loaded plugin pinoutandconfiguration (category:base,tabindex:1)
2024-03-23 09:15:34,049 [INFO] PluginManage:310 - Check plugin pinoutconfig
2024-03-23 09:15:34,178 [WARN] SupportedApi:132 - Cannot load RTOS API schema: s4s-elt-must-match.1: The content of 'definitions' must match (annotation?, (simpleType | complexType)?, (unique | key | keyref)*)). A problem was found starting at: attribute.
2024-03-23 09:15:34,394 [INFO] PluginManage:359 - Loaded plugin pinoutconfig (category:base,tabindex:0)
2024-03-23 09:15:34,395 [INFO] PluginManage:310 - Check plugin power
2024-03-23 09:15:34,409 [INFO] PluginManage:359 - Loaded plugin power (category:power,tabindex:4)
2024-03-23 09:15:34,409 [INFO] PluginManage:310 - Check plugin projectmanager
2024-03-23 09:15:34,433 [INFO] PluginManage:359 - Loaded plugin projectmanager (category:projectmanager,tabindex:3)
2024-03-23 09:15:34,433 [INFO] PluginManage:310 - Check plugin thirdparty
2024-03-23 09:15:34,628 [INFO] PluginManage:359 - Loaded plugin thirdparty (category:base,tabindex:-1)
2024-03-23 09:15:34,628 [WARN] IntegrityCheckThread:84 - waiting for thirdparty lock release [integrity check]
2024-03-23 09:15:34,629 [INFO] IntegrityCheckThread:86 - entering critical section [integrity check]
2024-03-23 09:15:34,629 [INFO] PluginManage:310 - Check plugin tools
2024-03-23 09:15:34,630 [INFO] ThirdPartyUpdaterWithRetryManager:70 - Updater plugin not ready yet. [1/15]
2024-03-23 09:15:34,633 [INFO] PluginManage:359 - Loaded plugin tools (category:base,tabindex:7)
2024-03-23 09:15:34,634 [INFO] PluginManage:310 - Check plugin tutovideos
2024-03-23 09:15:35,113 [INFO] PluginManage:359 - Loaded plugin tutovideos (category:base,tabindex:-1)
2024-03-23 09:15:35,114 [INFO] PluginManage:310 - Check plugin updater
2024-03-23 09:15:35,137 [INFO] PluginManage:359 - Loaded plugin updater (category:base,tabindex:12)
2024-03-23 09:15:35,137 [INFO] PluginManage:310 - Check plugin userauth
2024-03-23 09:15:35,148 [INFO] UserAuth:114 - Init User Auth plugin
2024-03-23 09:15:35,148 [INFO] PluginManage:359 - Loaded plugin userauth (category:base,tabindex:14)
2024-03-23 09:15:35,149 [INFO] PluginManage:283 - PluginManage : Loaded plugins [17]
2024-03-23 09:15:35,524 [INFO] PinOutPanel:1499 - setPackage(No Configuration,No Configuration)
2024-03-23 09:15:35,642 [INFO] CADModel:165 - CPN selected for project level
2024-03-23 09:15:35,642 [INFO] CADModel:114 - Register for checkConnection events
2024-03-23 09:15:35,663 [INFO] IPUIPlugin:80 - create IPUIPlugin
2024-03-23 09:15:35,663 [INFO] PluginManager:220 - loadIPPluginJar : add gfxmmu
2024-03-23 09:15:35,666 [INFO] IPUIPlugin:80 - create IPUIPlugin
2024-03-23 09:15:35,666 [INFO] PluginManager:220 - loadIPPluginJar : add comp
2024-03-23 09:15:35,670 [INFO] IPUIPlugin:80 - create IPUIPlugin
2024-03-23 09:15:35,671 [INFO] PluginManager:220 - loadIPPluginJar : add usbx
2024-03-23 09:15:35,684 [INFO] IPUIPlugin:80 - create IPUIPlugin
2024-03-23 09:15:35,684 [INFO] PluginManager:220 - loadIPPluginJar : add linkedlist
2024-03-23 09:15:35,696 [INFO] IPUIPlugin:80 - create IPUIPlugin
2024-03-23 09:15:35,697 [INFO] PluginManager:220 - loadIPPluginJar : add mdma
2024-03-23 09:15:35,702 [INFO] IPUIPlugin:80 - create IPUIPlugin
2024-03-23 09:15:35,702 [INFO] PluginManager:220 - loadIPPluginJar : add i3c
2024-03-23 09:15:35,706 [INFO] IPUIPlugin:80 - create IPUIPlugin
2024-03-23 09:15:35,706 [INFO] PluginManager:220 - loadIPPluginJar : add cryp
2024-03-23 09:15:35,709 [INFO] IPUIPlugin:80 - create IPUIPlugin
2024-03-23 09:15:35,709 [INFO] PluginManager:220 - loadIPPluginJar : add quadspi
2024-03-23 09:15:35,711 [INFO] IPUIPlugin:80 - create IPUIPlugin
2024-03-23 09:15:35,711 [INFO] PluginManager:220 - loadIPPluginJar : add tsc
2024-03-23 09:15:35,714 [INFO] IPUIPlugin:80 - create IPUIPlugin
2024-03-23 09:15:35,715 [INFO] PluginManager:220 - loadIPPluginJar : add hash
2024-03-23 09:15:35,718 [INFO] IPUIPlugin:80 - create IPUIPlugin
2024-03-23 09:15:35,719 [INFO] PluginManager:220 - loadIPPluginJar : add aes
2024-03-23 09:15:35,723 [INFO] IPUIPlugin:80 - create IPUIPlugin
2024-03-23 09:15:35,723 [INFO] PluginManager:220 - loadIPPluginJar : add i2c
2024-03-23 09:15:35,728 [INFO] IPUIPlugin:80 - create IPUIPlugin
2024-03-23 09:15:35,728 [INFO] PluginManager:220 - loadIPPluginJar : add gtzc
2024-03-23 09:15:35,741 [INFO] IPUIPlugin:80 - create IPUIPlugin
2024-03-23 09:15:35,741 [INFO] PluginManager:220 - loadIPPluginJar : add stm32_wpan
2024-03-23 09:15:35,752 [INFO] IPUIPlugin:80 - create IPUIPlugin
2024-03-23 09:15:35,757 [INFO] PluginManager:220 - loadIPPluginJar : add plateformsettings
2024-03-23 09:15:35,767 [INFO] IPUIPlugin:80 - create IPUIPlugin
2024-03-23 09:15:35,767 [INFO] PluginManager:220 - loadIPPluginJar : add adc
2024-03-23 09:15:35,773 [INFO] IPUIPlugin:80 - create IPUIPlugin
2024-03-23 09:15:35,773 [INFO] PluginManager:220 - loadIPPluginJar : add sai
2024-03-23 09:15:35,784 [INFO] IPUIPlugin:80 - create IPUIPlugin
2024-03-23 09:15:35,785 [INFO] PluginManager:220 - loadIPPluginJar : add gic
2024-03-23 09:15:35,790 [INFO] IPUIPlugin:80 - create IPUIPlugin
2024-03-23 09:15:35,790 [INFO] PluginManager:220 - loadIPPluginJar : add opamp
2024-03-23 09:15:35,795 [INFO] IPUIPlugin:80 - create IPUIPlugin
2024-03-23 09:15:35,795 [INFO] PluginManager:220 - loadIPPluginJar : add i2s
2024-03-23 09:15:35,800 [INFO] IPUIPlugin:80 - create IPUIPlugin
2024-03-23 09:15:35,801 [INFO] PluginManager:220 - loadIPPluginJar : add touchsensing
2024-03-23 09:15:35,804 [INFO] IPUIPlugin:80 - create IPUIPlugin
2024-03-23 09:15:35,804 [INFO] PluginManager:220 - loadIPPluginJar : add dma3
2024-03-23 09:15:35,812 [INFO] IPUIPlugin:80 - create IPUIPlugin
2024-03-23 09:15:35,813 [INFO] PluginManager:220 - loadIPPluginJar : add gpio
2024-03-23 09:15:35,817 [INFO] IPUIPlugin:80 - create IPUIPlugin
2024-03-23 09:15:35,818 [INFO] PluginManager:220 - loadIPPluginJar : add lorawan
2024-03-23 09:15:35,821 [INFO] IPUIPlugin:80 - create IPUIPlugin
2024-03-23 09:15:35,821 [INFO] PluginManager:220 - loadIPPluginJar : add tracer_emb
2024-03-23 09:15:35,826 [INFO] IPUIPlugin:80 - create IPUIPlugin
2024-03-23 09:15:35,827 [INFO] PluginManager:220 - loadIPPluginJar : add ipddr
2024-03-23 09:15:35,833 [INFO] IPUIPlugin:80 - create IPUIPlugin
2024-03-23 09:15:35,833 [INFO] PluginManager:220 - loadIPPluginJar : add resmgrutility
2024-03-23 09:15:35,841 [INFO] IPUIPlugin:80 - create IPUIPlugin
2024-03-23 09:15:35,841 [INFO] PluginManager:220 - loadIPPluginJar : add fmc
2024-03-23 09:15:35,844 [INFO] IPUIPlugin:80 - create IPUIPlugin
2024-03-23 09:15:35,844 [INFO] PluginManager:220 - loadIPPluginJar : add tim
2024-03-23 09:15:35,846 [INFO] IPUIPlugin:80 - create IPUIPlugin
2024-03-23 09:15:35,847 [INFO] PluginManager:220 - loadIPPluginJar : add ltdc
2024-03-23 09:15:35,849 [INFO] IPUIPlugin:80 - create IPUIPlugin
2024-03-23 09:15:35,849 [INFO] PluginManager:220 - loadIPPluginJar : add genericplugin
2024-03-23 09:15:35,861 [INFO] IPUIPlugin:80 - create IPUIPlugin
2024-03-23 09:15:35,861 [INFO] PluginManager:220 - loadIPPluginJar : add dma
2024-03-23 09:15:35,867 [INFO] IPUIPlugin:80 - create IPUIPlugin
2024-03-23 09:15:35,868 [INFO] PluginManager:220 - loadIPPluginJar : add usart
2024-03-23 09:15:35,872 [INFO] IPUIPlugin:80 - create IPUIPlugin
2024-03-23 09:15:35,872 [INFO] PluginManager:220 - loadIPPluginJar : add openamp
2024-03-23 09:15:35,875 [INFO] IPUIPlugin:80 - create IPUIPlugin
2024-03-23 09:15:35,875 [INFO] PluginManager:220 - loadIPPluginJar : add fatfs
2024-03-23 09:15:35,879 [INFO] IPUIPlugin:80 - create IPUIPlugin
2024-03-23 09:15:35,879 [INFO] PluginManager:220 - loadIPPluginJar : add spi
2024-03-23 09:15:35,882 [INFO] IPUIPlugin:80 - create IPUIPlugin
2024-03-23 09:15:35,883 [INFO] PluginManager:220 - loadIPPluginJar : add dfsdm
2024-03-23 09:15:35,887 [INFO] IPUIPlugin:80 - create IPUIPlugin
2024-03-23 09:15:35,887 [INFO] PluginManager:220 - loadIPPluginJar : add can
2024-03-23 09:15:35,895 [INFO] IPUIPlugin:80 - create IPUIPlugin
2024-03-23 09:15:35,896 [INFO] PluginManager:220 - loadIPPluginJar : add nvic
2024-03-23 09:15:35,907 [INFO] IPUIPlugin:80 - create IPUIPlugin
2024-03-23 09:15:35,908 [INFO] PluginManager:220 - loadIPPluginJar : add freertos
2024-03-23 09:15:35,913 [INFO] IPUIPlugin:80 - create IPUIPlugin
2024-03-23 09:15:35,913 [INFO] PluginManager:220 - loadIPPluginJar : add pdm2pcm
2024-03-23 09:15:35,917 [INFO] IPUIPlugin:80 - create IPUIPlugin
2024-03-23 09:15:35,918 [INFO] PluginManager:220 - loadIPPluginJar : add ts
2024-03-23 09:15:35,922 [INFO] IPUIPlugin:80 - create IPUIPlugin
2024-03-23 09:15:35,923 [INFO] PluginManager:220 - loadIPPluginJar : add ucpd
2024-03-23 09:15:36,082 [INFO] CADModel:165 - CPN selected for project level
2024-03-23 09:15:36,083 [INFO] CADModel:114 - Register for checkConnection events
2024-03-23 09:15:36,083 [FATAL] Updater:308 - Updater called before beeing initialized
2024-03-23 09:15:36,083 [ERROR] CADModel:125 - Updater not yet initialized, retry later 
2024-03-23 09:15:36,348 [INFO] CADModel:165 - CPN selected for project level
2024-03-23 09:15:36,349 [INFO] CADModel:114 - Register for checkConnection events
2024-03-23 09:15:36,349 [FATAL] Updater:308 - Updater called before beeing initialized
2024-03-23 09:15:36,349 [ERROR] CADModel:125 - Updater not yet initialized, retry later 
2024-03-23 09:15:36,357 [FATAL] Updater:308 - Updater called before beeing initialized
2024-03-23 09:15:36,519 [FATAL] Updater:308 - Updater called before beeing initialized
2024-03-23 09:15:36,527 [INFO] DbMcusAds:53 - JSON generation date=Wed Nov 29 07:52:27 ART 2023 (1701255147349)
2024-03-23 09:15:36,528 [FATAL] Updater:308 - Updater called before beeing initialized
2024-03-23 09:15:36,636 [WARN] DetailPanel:346 - Failed to get advertising image, set to default
2024-03-23 09:15:36,984 [FATAL] Updater:308 - Updater called before beeing initialized
2024-03-23 09:15:37,021 [FATAL] Updater:308 - Updater called before beeing initialized
2024-03-23 09:15:37,022 [FATAL] Updater:308 - Updater called before beeing initialized
2024-03-23 09:15:37,022 [WARN] DetailPanel:346 - Failed to get advertising image, set to default
2024-03-23 09:15:37,025 [FATAL] Updater:308 - Updater called before beeing initialized
2024-03-23 09:15:37,150 [ERROR] Updater:1120 - MainUpdater not yet initialized. External WinMGr cannot be set.
2024-03-23 09:15:37,154 [INFO] Updater:1056 - Updater Version found : 6.10.0
2024-03-23 09:15:37,218 [INFO] ApplicationProperties:184 - Using Application install path: /opt/st/stm32cubeide_1.14.0/plugins/com.st.stm32cube.common.mx_6.10.0.202311202037
2024-03-23 09:15:37,630 [INFO] ThirdPartyUpdaterWithRetryManager:70 - Updater plugin not ready yet. [2/15]
2024-03-23 09:15:40,070 [INFO] MainUpdater:2873 - connection check result : 10
2024-03-23 09:15:40,070 [INFO] MainUpdater:3567 - Updater definition file requires update
2024-03-23 09:15:40,071 [INFO] MainUpdater:290 - Updater Check For Update Now.
2024-03-23 09:15:40,071 [INFO] MicroXplorer:498 - Change Database Version : DB.6.0.100
2024-03-23 09:15:40,077 [INFO] McuFinderGlobals:63 - Set McuFinder mode to 2 (CubeIDE integrated)
2024-03-23 09:15:40,189 [INFO] ServerAccessManage:473 - Download File updaters.zip
2024-03-23 09:15:40,631 [WARN] MainUpdater:1194 - Updater busy. Cannot search thirdparties
2024-03-23 09:15:40,632 [INFO] ThirdPartyUpdaterWithRetryManager:96 - Updater plugin is busy. [1/15]
2024-03-23 09:15:40,859 [INFO] FileExtend:240 - Unzip File : updaters.zip
2024-03-23 09:15:40,859 [INFO] FileExtend:255 - Standard Zip Deflate
2024-03-23 09:15:41,114 [INFO] ServerAccessManage:473 - Download File PacksControlFlags.xml
2024-03-23 09:15:41,346 [INFO] ServerAccessManage:473 - Download File cubemx.pidx
2024-03-23 09:15:42,553 [INFO] UserAuth:404 - Internet connection configuration mode: 1
2024-03-23 09:15:42,597 [INFO] JxBrowserEngine:152 - Initiate JxBrowser Engine with user profile folder
2024-03-23 09:15:42,784 [INFO] ServerAccessManage:473 - Download File STMicroelectronics.X-CUBE-NFC6.pdsc
2024-03-23 09:15:43,632 [WARN] MainUpdater:1194 - Updater busy. Cannot search thirdparties
2024-03-23 09:15:43,633 [INFO] ThirdPartyUpdaterWithRetryManager:96 - Updater plugin is busy. [2/15]
2024-03-23 09:15:44,515 [WARN] PackLoader:240 - Cannot read IP mode file for STMicroelectronics.X-CUBE-NFC6.3.1.0
2024-03-23 09:15:44,535 [INFO] PopulateThirdPartyThread:66 - Ending populate Thread
2024-03-23 09:15:44,538 [INFO] ThirdParty:1030 - CMSIS Pack Vendor :STMicroelectronics X-CUBE-NFC6 3.1.0
2024-03-23 09:15:44,538 [INFO] LoadServerUpdatesThread:375 - End of LoadServerUpdate Thread
2024-03-23 09:15:44,671 [INFO] CheckServerUpdateThread:120 - End of CheckServer Thread
2024-03-23 09:15:44,776 [INFO] WebApp:161 - Instantiating new browser for Auth
2024-03-23 09:15:46,007 [INFO] WebApp:780 - Register for checkConnection events
2024-03-23 09:15:46,008 [INFO] WebApp:414 - Apply proxy settings
2024-03-23 09:15:46,008 [INFO] WebApp:499 - Chromium requires no authentication
2024-03-23 09:15:46,022 [INFO] WebApp:442 - Direct internet connection detected
2024-03-23 09:15:46,298 [INFO] WebApp:192 - Starting web application
2024-03-23 09:15:46,298 [INFO] WebApp:544 - Web application path used /opt/st/stm32cubeide_1.14.0/plugins/com.st.stm32cube.common.mx_6.10.0.202311202037/db/plugins/mcufinder/reactClient1/index.html
2024-03-23 09:15:46,831 [WARN] PackLoader:240 - Cannot read IP mode file for STMicroelectronics.X-CUBE-SMBUS.2.1.0
2024-03-23 09:15:46,838 [WARN] PackLoader:240 - Cannot read IP mode file for STMicroelectronics.X-CUBE-TOUCHGFX.4.23.0
2024-03-23 09:15:46,897 [WARN] PackLoader:240 - Cannot read IP mode file for STMicroelectronics.X-CUBE-AZRTOS-F7.1.1.0
2024-03-23 09:15:46,921 [WARN] PackLoader:240 - Cannot read IP mode file for STMicroelectronics.FP-SNS-MOTENV1.4.3.2
2024-03-23 09:15:46,936 [WARN] PackLoader:240 - Cannot read IP mode file for STMicroelectronics.FP-SNS-FLIGHT1.5.0.2
2024-03-23 09:15:46,954 [WARN] PackLoader:240 - Cannot read IP mode file for STMicroelectronics.X-CUBE-DISPLAY.3.0.0
2024-03-23 09:15:46,981 [WARN] PackLoader:240 - Cannot read IP mode file for STMicroelectronics.X-CUBE-BLE1.7.0.0
2024-03-23 09:15:46,993 [WARN] PackLoader:240 - Cannot read IP mode file for emotas.I-CUBE-CANOPEN.1.3.0
2024-03-23 09:15:47,000 [WARN] PackLoader:240 - Cannot read IP mode file for STMicroelectronics.X-CUBE-TOUCHGFX.4.22.0
2024-03-23 09:15:47,004 [WARN] PackLoader:240 - Cannot read IP mode file for STMicroelectronics.X-CUBE-TOUCHGFX.4.22.1
2024-03-23 09:15:47,029 [WARN] PackLoader:240 - Cannot read IP mode file for STMicroelectronics.X-CUBE-BLEMGR.3.1.0
2024-03-23 09:15:47,046 [WARN] PackLoader:240 - Cannot read IP mode file for STMicroelectronics.FP-SNS-SMARTAG2.1.2.0
2024-03-23 09:15:47,065 [INFO] LogOutputStream:77 - [STDOUT_REDIRECT] 1 : Invalid condition id : UX_CORESTACK_Condition cause : null
2024-03-23 09:15:47,066 [INFO] LogOutputStream:77 - [STDOUT_REDIRECT] 1 : Invalid condition id : UX_CORESTACK_Condition cause : null
2024-03-23 09:15:47,066 [INFO] LogOutputStream:77 - [STDOUT_REDIRECT] 1 : Invalid condition id : UX_CORESTACK_Condition cause : null
2024-03-23 09:15:47,066 [INFO] LogOutputStream:77 - [STDOUT_REDIRECT] 1 : Invalid condition id : UX_CORESTACK_Condition cause : null
2024-03-23 09:15:47,067 [INFO] LogOutputStream:77 - [STDOUT_REDIRECT] 1 : Invalid condition id : UX_CORESTACK_Condition cause : null
2024-03-23 09:15:47,076 [WARN] PackLoader:240 - Cannot read IP mode file for STMicroelectronics.X-CUBE-AZRTOS-WL.2.0.0
2024-03-23 09:15:47,093 [WARN] PackLoader:240 - Cannot read IP mode file for WES.I-CUBE-Cesium.1.3.0
2024-03-23 09:15:47,103 [WARN] PackLoader:240 - Cannot read IP mode file for STMicroelectronics.X-CUBE-BLE2.3.3.0
2024-03-23 09:15:47,120 [WARN] PackLoader:240 - Cannot read IP mode file for STMicroelectronics.X-CUBE-ALGOBUILD.1.3.0
2024-03-23 09:15:47,225 [WARN] PackLoader:240 - Cannot read IP mode file for STMicroelectronics.X-CUBE-AZRTOS-G0.1.1.0
2024-03-23 09:15:47,259 [WARN] PackLoader:240 - Cannot read IP mode file for STMicroelectronics.X-CUBE-NFC4.3.0.0
2024-03-23 09:15:47,292 [WARN] PackLoader:240 - Cannot read IP mode file for STMicroelectronics.X-CUBE-BLEMGR.3.0.0
2024-03-23 09:15:47,310 [WARN] PackLoader:240 - Cannot read IP mode file for STMicroelectronics.FP-ATR-SIGFOX1.3.2.0
2024-03-23 09:15:47,323 [WARN] PackLoader:240 - Cannot read IP mode file for STMicroelectronics.X-CUBE-EEPRMA1.5.1.0
2024-03-23 09:15:47,435 [WARN] PackLoader:240 - Cannot read IP mode file for SEGGER.I-CUBE-embOS.1.3.1
2024-03-23 09:15:47,565 [WARN] PackLoader:240 - Cannot read IP mode file for STMicroelectronics.X-CUBE-GNSS1.6.0.0
2024-03-23 09:15:47,618 [WARN] PackLoader:240 - Cannot read IP mode file for STMicroelectronics.X-CUBE-AZRTOS-F4.1.1.0
2024-03-23 09:15:47,633 [WARN] PackLoader:240 - Cannot read IP mode file for wolfSSL.I-CUBE-wolfSSL.5.6.3
2024-03-23 09:15:47,640 [WARN] PackLoader:240 - Cannot read IP mode file for wolfSSL.I-CUBE-wolfSSL.5.6.6
2024-03-23 09:15:47,685 [WARN] PackLoader:240 - Cannot read IP mode file for STMicroelectronics.X-CUBE-AZRTOS-L5.2.0.0
2024-03-23 09:15:47,814 [WARN] PackLoader:240 - Cannot read IP mode file for STMicroelectronics.X-CUBE-MEMS1.9.6.0
2024-03-23 09:15:48,298 [WARN] PackLoader:240 - Cannot read IP mode file for STMicroelectronics.X-CUBE-EEPRMA1.4.2.0
2024-03-23 09:15:48,311 [WARN] PackLoader:240 - Cannot read IP mode file for STMicroelectronics.X-CUBE-NFC6.3.1.0
2024-03-23 09:15:48,322 [WARN] PackLoader:240 - Cannot read IP mode file for ITTIA_DB.I-CUBE-ITTIADB.8.8.0
2024-03-23 09:15:48,336 [WARN] PackLoader:240 - Cannot read IP mode file for STMicroelectronics.X-CUBE-BLEMGR.2.0.0
2024-03-23 09:15:48,375 [WARN] ConditionMgr:438 - getConditionDescription Invalid condition id : UX DEVICE CLASS RTOS Condition cause : null
2024-03-23 09:15:48,376 [WARN] ConditionMgr:438 - getConditionDescription Invalid condition id : UX DEVICE CLASS RTOS Condition cause : null
2024-03-23 09:15:48,384 [WARN] PackLoader:240 - Cannot read IP mode file for STMicroelectronics.X-CUBE-AZRTOS-H7.3.1.0
2024-03-23 09:15:48,387 [WARN] ConditionMgr:1039 - genDependencies : Invalid condition id : UX DEVICE CLASS RTOS Condition cause : null
2024-03-23 09:15:48,387 [WARN] ConditionMgr:1039 - genDependencies : Invalid condition id : UX DEVICE CLASS RTOS Condition cause : null
2024-03-23 09:15:48,389 [WARN] ConditionMgr:1039 - genDependencies : Invalid condition id : UX DEVICE CLASS RTOS Condition cause : null
2024-03-23 09:15:48,390 [WARN] ConditionMgr:1039 - genDependencies : Invalid condition id : UX DEVICE CLASS RTOS Condition cause : null
2024-03-23 09:15:48,390 [WARN] ConditionMgr:1039 - genDependencies : Invalid condition id : UX DEVICE CLASS RTOS Condition cause : null
2024-03-23 09:15:48,405 [WARN] PackLoader:240 - Cannot read IP mode file for STMicroelectronics.X-CUBE-NFC7.1.0.1
2024-03-23 09:15:48,426 [WARN] PackLoader:240 - Cannot read IP mode file for STMicroelectronics.X-CUBE-NFC6.3.0.0
2024-03-23 09:15:48,439 [WARN] PackLoader:240 - Cannot read IP mode file for STMicroelectronics.X-CUBE-EEPRMA1.4.1.0
2024-03-23 09:15:48,448 [WARN] PackLoader:240 - Cannot read IP mode file for STMicroelectronics.X-CUBE-AI.8.1.0
2024-03-23 09:15:48,506 [WARN] ConditionMgr:438 - getConditionDescription Invalid condition id : LAN8742 Phy interface Condition cause : null
2024-03-23 09:15:48,508 [WARN] PackLoader:240 - Cannot read IP mode file for STMicroelectronics.X-CUBE-AZRTOS-L4.2.0.0
2024-03-23 09:15:48,512 [WARN] ConditionMgr:1039 - genDependencies : Invalid condition id : LAN8742 Phy interface Condition cause : null
2024-03-23 09:15:48,513 [WARN] ConditionMgr:1039 - genDependencies : Invalid condition id : LAN8742 Phy interface Condition cause : null
2024-03-23 09:15:48,515 [WARN] ConditionMgr:1039 - genDependencies : Invalid condition id : LAN8742 Phy interface Condition cause : null
2024-03-23 09:15:48,536 [WARN] PackLoader:240 - Cannot read IP mode file for STMicroelectronics.X-CUBE-SFXS2LP1.4.0.0
2024-03-23 09:15:48,550 [WARN] PackLoader:240 - Cannot read IP mode file for STMicroelectronics.X-CUBE-ISPU.1.1.0
2024-03-23 09:15:48,587 [WARN] ConditionMgr:438 - getConditionDescription Invalid condition id : UX DEVICE CLASS RTOS Condition cause : null
2024-03-23 09:15:48,588 [WARN] ConditionMgr:438 - getConditionDescription Invalid condition id : UX DEVICE CLASS RTOS Condition cause : null
2024-03-23 09:15:48,596 [WARN] PackLoader:240 - Cannot read IP mode file for STMicroelectronics.X-CUBE-AZRTOS-WB.2.0.0
2024-03-23 09:15:48,598 [WARN] ConditionMgr:1039 - genDependencies : Invalid condition id : UX DEVICE CLASS RTOS Condition cause : null
2024-03-23 09:15:48,598 [WARN] ConditionMgr:1039 - genDependencies : Invalid condition id : UX DEVICE CLASS RTOS Condition cause : null
2024-03-23 09:15:48,599 [WARN] ConditionMgr:1039 - genDependencies : Invalid condition id : UX DEVICE CLASS RTOS Condition cause : null
2024-03-23 09:15:48,600 [WARN] ConditionMgr:1039 - genDependencies : Invalid condition id : UX DEVICE CLASS RTOS Condition cause : null
2024-03-23 09:15:48,600 [WARN] ConditionMgr:1039 - genDependencies : Invalid condition id : UX DEVICE CLASS RTOS Condition cause : null
2024-03-23 09:15:48,627 [WARN] PackLoader:240 - Cannot read IP mode file for STMicroelectronics.X-CUBE-SUBG2.5.0.0
2024-03-23 09:15:48,667 [WARN] PackLoader:240 - Cannot read IP mode file for STMicroelectronics.X-CUBE-TOF1.3.3.1
2024-03-23 09:15:48,755 [WARN] PackLoader:240 - Cannot read IP mode file for STMicroelectronics.X-CUBE-AZRTOS-G4.2.0.0
2024-03-23 09:15:48,791 [WARN] PackLoader:240 - Cannot read IP mode file for Infineon.AIROC-Wi-Fi-Bluetooth-STM32.1.5.1
2024-03-23 09:15:48,809 [WARN] PackLoader:240 - Cannot read IP mode file for STMicroelectronics.FP-SNS-MOTENVWB1.1.3.0
2024-03-23 09:15:48,817 [WARN] PackLoader:240 - Cannot read IP mode file for STMicroelectronics.FP-SNS-MOTENVWB1.1.3.1
2024-03-23 09:15:48,826 [WARN] PackLoader:240 - Cannot read IP mode file for STMicroelectronics.X-CUBE-ISPU.2.0.0
2024-03-23 09:15:48,958 [WARN] PackLoader:240 - Cannot read IP mode file for STMicroelectronics.X-CUBE-MEMS1.10.0.0
2024-03-23 09:15:49,258 [WARN] PackLoader:240 - Cannot read IP mode file for STMicroelectronics.X-CUBE-FREERTOS.1.1.0
2024-03-23 09:15:49,266 [WARN] PackLoader:240 - Cannot read IP mode file for portGmbH.I-Cube-SoM-uGOAL.1.1.0
2024-03-23 09:15:49,271 [WARN] PackLoader:240 - Cannot read IP mode file for STMicroelectronics.X-CUBE-ALS.1.0.1
2024-03-23 09:15:49,276 [WARN] PackLoader:240 - Cannot read IP mode file for STMicroelectronics.FP-ATR-ASTRA1.2.0.0
2024-03-23 09:15:49,296 [WARN] PackLoader:240 - Cannot read IP mode file for STMicroelectronics.X-CUBE-TOF1.3.4.0
2024-03-23 09:15:49,339 [WARN] PackLoader:240 - Cannot read IP mode file for STMicroelectronics.X-CUBE-TOF1.3.4.1
2024-03-23 09:15:49,403 [WARN] PackLoader:240 - Cannot read IP mode file for STMicroelectronics.X-CUBE-AZRTOS-H7.3.2.0
2024-03-23 09:15:49,411 [INFO] ThirdParty:978 - Integrity check success = true
2024-03-23 09:15:49,411 [INFO] IntegrityCheckThread:100 - exiting critical section [integrity check]
2024-03-23 09:15:49,411 [INFO] IntegrityCheckThread:103 - End integrity checks thread
2024-03-23 09:16:07,163 [ERROR] LogOutputStream:75 - [STDERR_REDIRECT] SLF4J: Failed to load class "org.slf4j.impl.StaticLoggerBinder".
2024-03-23 09:16:07,164 [ERROR] LogOutputStream:75 - [STDERR_REDIRECT] SLF4J: Defaulting to no-operation (NOP) logger implementation
2024-03-23 09:16:07,165 [ERROR] LogOutputStream:75 - [STDERR_REDIRECT] SLF4J: See http://www.slf4j.org/codes.html#StaticLoggerBinder for further details.
2024-03-23 19:24:38,076 [ERROR] LogOutputStream:75 - [STDERR_REDIRECT] 
