2024-02-25 00:29:07,420 [ERROR] LogOutputStream:75 - [STDERR_REDIRECT] 
2024-02-25 09:15:49,516 [INFO] Activator:176 - 


2024-02-25 09:15:49,519 [INFO] Activator:177 - !SESSION log4j initialized
2024-02-25 09:15:55,866 [INFO] LogOutputStream:77 - [STDOUT_REDIRECT] 
2024-02-25 09:15:57,269 [INFO] ApplicationProperties:184 - Using Application install path: /opt/st/stm32cubeide_1.14.0/plugins/com.st.stm32cube.common.mx_6.10.0.202311202037
2024-02-25 09:15:57,290 [INFO] DbMcusXml:78 - Set database path to: /opt/st/stm32cubeide_1.14.0/plugins/com.st.stm32cube.common.mx_6.10.0.202311202037//db//mcu/
2024-02-25 09:15:57,291 [INFO] ApiDb:274 - Set plugin database path to: /opt/st/stm32cubeide_1.14.0/plugins/com.st.stm32cube.common.mx_6.10.0.202311202037//db//plugins/boardmanager/
2024-02-25 09:15:57,291 [WARN] ApiDb:259 - Overriding images path with different value:  => /opt/st/stm32cubeide_1.14.0/plugins/com.st.stm32cube.common.mx_6.10.0.202311202037//db//plugins/mcufinder/images/
2024-02-25 09:15:57,300 [INFO] ApiDb:250 - Set database path to: /home/fede/.stmcufinder/plugins/mcufinder//mcu/
2024-02-25 09:15:57,301 [INFO] DbMcusAds:125 - Set database path to: /home/fede/.stmcufinder/plugins/mcufinder//mcu/
2024-02-25 09:15:57,304 [INFO] CrossReferenceDbSqlite:203 - Set database path to: /home/fede/.stmcufinder/plugins/mcufinder//mcu/cs/
2024-02-25 09:15:57,464 [INFO] RulesReader:64 - Compatibility file has been processed (297 Rules)
2024-02-25 09:15:57,537 [INFO] DbMcusXml:78 - Set database path to: /opt/st/stm32cubeide_1.14.0/plugins/com.st.stm32cube.common.mx_6.10.0.202311202037//db//mcu/
2024-02-25 09:15:57,537 [INFO] ApiDb:274 - Set plugin database path to: /opt/st/stm32cubeide_1.14.0/plugins/com.st.stm32cube.common.mx_6.10.0.202311202037//db//plugins/boardmanager/
2024-02-25 09:15:57,537 [INFO] ApiDb:261 - Set plugin images path to: /opt/st/stm32cubeide_1.14.0/plugins/com.st.stm32cube.common.mx_6.10.0.202311202037//db//plugins/mcufinder/images/
2024-02-25 09:15:57,537 [WARN] DbFile:41 - Overriding database path with different value: /home/fede/.stmcufinder/plugins/mcufinder/ => /home/fede/.stmcufinder/plugins/mcufinder
2024-02-25 09:15:57,538 [INFO] ApiDb:250 - Set database path to: /home/fede/.stmcufinder/plugins/mcufinder//mcu/
2024-02-25 09:15:57,538 [WARN] DbFile:41 - Overriding database path with different value: /home/fede/.stmcufinder/plugins/mcufinder/ => /home/fede/.stmcufinder/plugins/mcufinder
2024-02-25 09:15:57,538 [INFO] DbMcusAds:125 - Set database path to: /home/fede/.stmcufinder/plugins/mcufinder//mcu/
2024-02-25 09:15:57,538 [WARN] DbFile:41 - Overriding database path with different value: /home/fede/.stmcufinder/plugins/mcufinder/ => /home/fede/.stmcufinder/plugins/mcufinder
2024-02-25 09:15:57,538 [WARN] DbFile:41 - Overriding database path with different value: /home/fede/.stmcufinder/plugins/mcufinder/ => /home/fede/.stmcufinder/plugins/mcufinder
2024-02-25 09:15:57,538 [INFO] CrossReferenceDbSqlite:203 - Set database path to: /home/fede/.stmcufinder/plugins/mcufinder//mcu/cs/
2024-02-25 09:15:57,611 [INFO] MainPanel:264 - HeapMemory: 268435456
2024-02-25 09:15:57,709 [INFO] DbMcusXml:78 - Set database path to: /opt/st/stm32cubeide_1.14.0/plugins/com.st.stm32cube.common.mx_6.10.0.202311202037//db//mcu/
2024-02-25 09:15:57,709 [INFO] ApiDb:274 - Set plugin database path to: /opt/st/stm32cubeide_1.14.0/plugins/com.st.stm32cube.common.mx_6.10.0.202311202037//db//plugins/boardmanager/
2024-02-25 09:15:57,710 [INFO] ApiDb:261 - Set plugin images path to: /opt/st/stm32cubeide_1.14.0/plugins/com.st.stm32cube.common.mx_6.10.0.202311202037//db//plugins/mcufinder/images/
2024-02-25 09:15:57,710 [WARN] DbFile:41 - Overriding database path with different value: /home/fede/.stmcufinder/plugins/mcufinder/ => /home/fede/.stmcufinder/plugins/mcufinder
2024-02-25 09:15:57,710 [INFO] ApiDb:250 - Set database path to: /home/fede/.stmcufinder/plugins/mcufinder//mcu/
2024-02-25 09:15:57,710 [WARN] DbFile:41 - Overriding database path with different value: /home/fede/.stmcufinder/plugins/mcufinder/ => /home/fede/.stmcufinder/plugins/mcufinder
2024-02-25 09:15:57,710 [INFO] DbMcusAds:125 - Set database path to: /home/fede/.stmcufinder/plugins/mcufinder//mcu/
2024-02-25 09:15:57,710 [WARN] DbFile:41 - Overriding database path with different value: /home/fede/.stmcufinder/plugins/mcufinder/ => /home/fede/.stmcufinder/plugins/mcufinder
2024-02-25 09:15:57,711 [WARN] DbFile:41 - Overriding database path with different value: /home/fede/.stmcufinder/plugins/mcufinder/ => /home/fede/.stmcufinder/plugins/mcufinder
2024-02-25 09:15:57,711 [INFO] CrossReferenceDbSqlite:203 - Set database path to: /home/fede/.stmcufinder/plugins/mcufinder//mcu/cs/
2024-02-25 09:15:57,728 [INFO] ApplicationProperties:184 - Using Application install path: /opt/st/stm32cubeide_1.14.0/plugins/com.st.stm32cube.common.mx_6.10.0.202311202037
2024-02-25 09:15:57,731 [INFO] PluginManage:196 - Search for loadable plugins [exclusion list=, ]
2024-02-25 09:15:57,732 [INFO] PluginManage:310 - Check plugin analytics
2024-02-25 09:15:57,927 [INFO] AnalyticsPlugin:253 - Accepted Software Licenses: 
2024-02-25 09:15:57,927 [INFO] AnalyticsPlugin:255 - Accepted CMSIS Pack Licenses: 
2024-02-25 09:15:57,927 [INFO] AnalyticsPlugin:257 - Accepted Firmware Licenses: FW.F7.1.17.0
2024-02-25 09:15:57,932 [INFO] PluginManage:359 - Loaded plugin analytics (category:tool,tabindex:-1)
2024-02-25 09:15:57,932 [INFO] PluginManage:310 - Check plugin cadmodel
2024-02-25 09:15:58,155 [INFO] CADModel:105 - Init CAD model plugin
2024-02-25 09:15:58,156 [INFO] PluginManage:359 - Loaded plugin cadmodel (category:power,tabindex:5)
2024-02-25 09:15:58,156 [INFO] PluginManage:310 - Check plugin clock
2024-02-25 09:15:58,167 [INFO] PluginManage:359 - Loaded plugin clock (category:base,tabindex:2)
2024-02-25 09:15:58,167 [INFO] PluginManage:310 - Check plugin ddr
2024-02-25 09:15:58,170 [INFO] PluginManage:359 - Loaded plugin ddr (category:tool,tabindex:6)
2024-02-25 09:15:58,170 [INFO] PluginManage:310 - Check plugin filemanager
2024-02-25 09:15:58,341 [INFO] PluginManage:359 - Loaded plugin filemanager (category:base,tabindex:10)
2024-02-25 09:15:58,341 [INFO] PluginManage:310 - Check plugin ipmanager
2024-02-25 09:15:58,367 [INFO] PluginManage:359 - Loaded plugin ipmanager (category:base,tabindex:5)
2024-02-25 09:15:58,367 [INFO] PluginManage:310 - Check plugin lpbam
2024-02-25 09:15:58,378 [INFO] PluginManage:359 - Loaded plugin lpbam (category:base,tabindex:0)
2024-02-25 09:15:58,378 [INFO] PluginManage:310 - Check plugin memorymap
2024-02-25 09:15:58,403 [INFO] PluginManage:359 - Loaded plugin memorymap (category:base,tabindex:4)
2024-02-25 09:15:58,403 [INFO] PluginManage:310 - Check plugin pinoutandconfiguration
2024-02-25 09:15:58,412 [INFO] PluginManage:359 - Loaded plugin pinoutandconfiguration (category:base,tabindex:1)
2024-02-25 09:15:58,412 [INFO] PluginManage:310 - Check plugin pinoutconfig
2024-02-25 09:15:58,510 [WARN] SupportedApi:132 - Cannot load RTOS API schema: s4s-elt-must-match.1: The content of 'definitions' must match (annotation?, (simpleType | complexType)?, (unique | key | keyref)*)). A problem was found starting at: attribute.
2024-02-25 09:15:58,657 [INFO] PluginManage:359 - Loaded plugin pinoutconfig (category:base,tabindex:0)
2024-02-25 09:15:58,657 [INFO] PluginManage:310 - Check plugin power
2024-02-25 09:15:58,666 [INFO] PluginManage:359 - Loaded plugin power (category:power,tabindex:4)
2024-02-25 09:15:58,667 [INFO] PluginManage:310 - Check plugin projectmanager
2024-02-25 09:15:58,684 [INFO] PluginManage:359 - Loaded plugin projectmanager (category:projectmanager,tabindex:3)
2024-02-25 09:15:58,684 [INFO] PluginManage:310 - Check plugin thirdparty
2024-02-25 09:15:58,817 [INFO] PluginManage:359 - Loaded plugin thirdparty (category:base,tabindex:-1)
2024-02-25 09:15:58,817 [WARN] IntegrityCheckThread:84 - waiting for thirdparty lock release [integrity check]
2024-02-25 09:15:58,817 [INFO] PluginManage:310 - Check plugin tools
2024-02-25 09:15:58,817 [INFO] IntegrityCheckThread:86 - entering critical section [integrity check]
2024-02-25 09:15:58,817 [INFO] ThirdPartyUpdaterWithRetryManager:70 - Updater plugin not ready yet. [1/15]
2024-02-25 09:15:58,819 [INFO] PluginManage:359 - Loaded plugin tools (category:base,tabindex:7)
2024-02-25 09:15:58,819 [INFO] PluginManage:310 - Check plugin tutovideos
2024-02-25 09:15:59,031 [INFO] PluginManage:359 - Loaded plugin tutovideos (category:base,tabindex:-1)
2024-02-25 09:15:59,031 [INFO] PluginManage:310 - Check plugin updater
2024-02-25 09:15:59,044 [INFO] PluginManage:359 - Loaded plugin updater (category:base,tabindex:12)
2024-02-25 09:15:59,044 [INFO] PluginManage:310 - Check plugin userauth
2024-02-25 09:15:59,052 [INFO] UserAuth:114 - Init User Auth plugin
2024-02-25 09:15:59,052 [INFO] PluginManage:359 - Loaded plugin userauth (category:base,tabindex:14)
2024-02-25 09:15:59,052 [INFO] PluginManage:283 - PluginManage : Loaded plugins [17]
2024-02-25 09:15:59,261 [INFO] PinOutPanel:1499 - setPackage(No Configuration,No Configuration)
2024-02-25 09:15:59,329 [INFO] CADModel:165 - CPN selected for project level
2024-02-25 09:15:59,330 [INFO] CADModel:114 - Register for checkConnection events
2024-02-25 09:15:59,345 [INFO] IPUIPlugin:80 - create IPUIPlugin
2024-02-25 09:15:59,345 [INFO] PluginManager:220 - loadIPPluginJar : add gfxmmu
2024-02-25 09:15:59,347 [INFO] IPUIPlugin:80 - create IPUIPlugin
2024-02-25 09:15:59,347 [INFO] PluginManager:220 - loadIPPluginJar : add comp
2024-02-25 09:15:59,350 [INFO] IPUIPlugin:80 - create IPUIPlugin
2024-02-25 09:15:59,350 [INFO] PluginManager:220 - loadIPPluginJar : add usbx
2024-02-25 09:15:59,359 [INFO] IPUIPlugin:80 - create IPUIPlugin
2024-02-25 09:15:59,359 [INFO] PluginManager:220 - loadIPPluginJar : add linkedlist
2024-02-25 09:15:59,367 [INFO] IPUIPlugin:80 - create IPUIPlugin
2024-02-25 09:15:59,368 [INFO] PluginManager:220 - loadIPPluginJar : add mdma
2024-02-25 09:15:59,370 [INFO] IPUIPlugin:80 - create IPUIPlugin
2024-02-25 09:15:59,370 [INFO] PluginManager:220 - loadIPPluginJar : add i3c
2024-02-25 09:15:59,373 [INFO] IPUIPlugin:80 - create IPUIPlugin
2024-02-25 09:15:59,373 [INFO] PluginManager:220 - loadIPPluginJar : add cryp
2024-02-25 09:15:59,374 [INFO] IPUIPlugin:80 - create IPUIPlugin
2024-02-25 09:15:59,375 [INFO] PluginManager:220 - loadIPPluginJar : add quadspi
2024-02-25 09:15:59,376 [INFO] IPUIPlugin:80 - create IPUIPlugin
2024-02-25 09:15:59,376 [INFO] PluginManager:220 - loadIPPluginJar : add tsc
2024-02-25 09:15:59,378 [INFO] IPUIPlugin:80 - create IPUIPlugin
2024-02-25 09:15:59,378 [INFO] PluginManager:220 - loadIPPluginJar : add hash
2024-02-25 09:15:59,381 [INFO] IPUIPlugin:80 - create IPUIPlugin
2024-02-25 09:15:59,381 [INFO] PluginManager:220 - loadIPPluginJar : add aes
2024-02-25 09:15:59,383 [INFO] IPUIPlugin:80 - create IPUIPlugin
2024-02-25 09:15:59,383 [INFO] PluginManager:220 - loadIPPluginJar : add i2c
2024-02-25 09:15:59,386 [INFO] IPUIPlugin:80 - create IPUIPlugin
2024-02-25 09:15:59,386 [INFO] PluginManager:220 - loadIPPluginJar : add gtzc
2024-02-25 09:15:59,393 [INFO] IPUIPlugin:80 - create IPUIPlugin
2024-02-25 09:15:59,394 [INFO] PluginManager:220 - loadIPPluginJar : add stm32_wpan
2024-02-25 09:15:59,401 [INFO] IPUIPlugin:80 - create IPUIPlugin
2024-02-25 09:15:59,404 [INFO] PluginManager:220 - loadIPPluginJar : add plateformsettings
2024-02-25 09:15:59,411 [INFO] IPUIPlugin:80 - create IPUIPlugin
2024-02-25 09:15:59,411 [INFO] PluginManager:220 - loadIPPluginJar : add adc
2024-02-25 09:15:59,414 [INFO] IPUIPlugin:80 - create IPUIPlugin
2024-02-25 09:15:59,414 [INFO] PluginManager:220 - loadIPPluginJar : add sai
2024-02-25 09:15:59,420 [INFO] IPUIPlugin:80 - create IPUIPlugin
2024-02-25 09:15:59,420 [INFO] PluginManager:220 - loadIPPluginJar : add gic
2024-02-25 09:15:59,422 [INFO] IPUIPlugin:80 - create IPUIPlugin
2024-02-25 09:15:59,423 [INFO] PluginManager:220 - loadIPPluginJar : add opamp
2024-02-25 09:15:59,425 [INFO] IPUIPlugin:80 - create IPUIPlugin
2024-02-25 09:15:59,425 [INFO] PluginManager:220 - loadIPPluginJar : add i2s
2024-02-25 09:15:59,428 [INFO] IPUIPlugin:80 - create IPUIPlugin
2024-02-25 09:15:59,428 [INFO] PluginManager:220 - loadIPPluginJar : add touchsensing
2024-02-25 09:15:59,430 [INFO] IPUIPlugin:80 - create IPUIPlugin
2024-02-25 09:15:59,430 [INFO] PluginManager:220 - loadIPPluginJar : add dma3
2024-02-25 09:15:59,435 [INFO] IPUIPlugin:80 - create IPUIPlugin
2024-02-25 09:15:59,436 [INFO] PluginManager:220 - loadIPPluginJar : add gpio
2024-02-25 09:15:59,438 [INFO] IPUIPlugin:80 - create IPUIPlugin
2024-02-25 09:15:59,438 [INFO] PluginManager:220 - loadIPPluginJar : add lorawan
2024-02-25 09:15:59,440 [INFO] IPUIPlugin:80 - create IPUIPlugin
2024-02-25 09:15:59,440 [INFO] PluginManager:220 - loadIPPluginJar : add tracer_emb
2024-02-25 09:15:59,444 [INFO] IPUIPlugin:80 - create IPUIPlugin
2024-02-25 09:15:59,444 [INFO] PluginManager:220 - loadIPPluginJar : add ipddr
2024-02-25 09:15:59,448 [INFO] IPUIPlugin:80 - create IPUIPlugin
2024-02-25 09:15:59,448 [INFO] PluginManager:220 - loadIPPluginJar : add resmgrutility
2024-02-25 09:15:59,452 [INFO] IPUIPlugin:80 - create IPUIPlugin
2024-02-25 09:15:59,453 [INFO] PluginManager:220 - loadIPPluginJar : add fmc
2024-02-25 09:15:59,454 [INFO] IPUIPlugin:80 - create IPUIPlugin
2024-02-25 09:15:59,455 [INFO] PluginManager:220 - loadIPPluginJar : add tim
2024-02-25 09:15:59,456 [INFO] IPUIPlugin:80 - create IPUIPlugin
2024-02-25 09:15:59,456 [INFO] PluginManager:220 - loadIPPluginJar : add ltdc
2024-02-25 09:15:59,457 [INFO] IPUIPlugin:80 - create IPUIPlugin
2024-02-25 09:15:59,457 [INFO] PluginManager:220 - loadIPPluginJar : add genericplugin
2024-02-25 09:15:59,464 [INFO] IPUIPlugin:80 - create IPUIPlugin
2024-02-25 09:15:59,464 [INFO] PluginManager:220 - loadIPPluginJar : add dma
2024-02-25 09:15:59,467 [INFO] IPUIPlugin:80 - create IPUIPlugin
2024-02-25 09:15:59,467 [INFO] PluginManager:220 - loadIPPluginJar : add usart
2024-02-25 09:15:59,470 [INFO] IPUIPlugin:80 - create IPUIPlugin
2024-02-25 09:15:59,470 [INFO] PluginManager:220 - loadIPPluginJar : add openamp
2024-02-25 09:15:59,471 [INFO] IPUIPlugin:80 - create IPUIPlugin
2024-02-25 09:15:59,472 [INFO] PluginManager:220 - loadIPPluginJar : add fatfs
2024-02-25 09:15:59,474 [INFO] IPUIPlugin:80 - create IPUIPlugin
2024-02-25 09:15:59,474 [INFO] PluginManager:220 - loadIPPluginJar : add spi
2024-02-25 09:15:59,476 [INFO] IPUIPlugin:80 - create IPUIPlugin
2024-02-25 09:15:59,476 [INFO] PluginManager:220 - loadIPPluginJar : add dfsdm
2024-02-25 09:15:59,478 [INFO] IPUIPlugin:80 - create IPUIPlugin
2024-02-25 09:15:59,478 [INFO] PluginManager:220 - loadIPPluginJar : add can
2024-02-25 09:15:59,482 [INFO] IPUIPlugin:80 - create IPUIPlugin
2024-02-25 09:15:59,483 [INFO] PluginManager:220 - loadIPPluginJar : add nvic
2024-02-25 09:15:59,489 [INFO] IPUIPlugin:80 - create IPUIPlugin
2024-02-25 09:15:59,489 [INFO] PluginManager:220 - loadIPPluginJar : add freertos
2024-02-25 09:15:59,492 [INFO] IPUIPlugin:80 - create IPUIPlugin
2024-02-25 09:15:59,492 [INFO] PluginManager:220 - loadIPPluginJar : add pdm2pcm
2024-02-25 09:15:59,494 [INFO] IPUIPlugin:80 - create IPUIPlugin
2024-02-25 09:15:59,494 [INFO] PluginManager:220 - loadIPPluginJar : add ts
2024-02-25 09:15:59,495 [INFO] IPUIPlugin:80 - create IPUIPlugin
2024-02-25 09:15:59,496 [INFO] PluginManager:220 - loadIPPluginJar : add ucpd
2024-02-25 09:15:59,604 [INFO] CADModel:165 - CPN selected for project level
2024-02-25 09:15:59,604 [INFO] CADModel:114 - Register for checkConnection events
2024-02-25 09:15:59,604 [FATAL] Updater:308 - Updater called before beeing initialized
2024-02-25 09:15:59,604 [ERROR] CADModel:125 - Updater not yet initialized, retry later 
2024-02-25 09:15:59,741 [INFO] CADModel:165 - CPN selected for project level
2024-02-25 09:15:59,741 [INFO] CADModel:114 - Register for checkConnection events
2024-02-25 09:15:59,741 [FATAL] Updater:308 - Updater called before beeing initialized
2024-02-25 09:15:59,741 [ERROR] CADModel:125 - Updater not yet initialized, retry later 
2024-02-25 09:15:59,746 [FATAL] Updater:308 - Updater called before beeing initialized
2024-02-25 09:15:59,834 [FATAL] Updater:308 - Updater called before beeing initialized
2024-02-25 09:15:59,839 [INFO] DbMcusAds:53 - JSON generation date=Wed Nov 29 07:52:27 ART 2023 (1701255147349)
2024-02-25 09:15:59,839 [FATAL] Updater:308 - Updater called before beeing initialized
2024-02-25 09:15:59,884 [WARN] DetailPanel:346 - Failed to get advertising image, set to default
2024-02-25 09:16:00,047 [FATAL] Updater:308 - Updater called before beeing initialized
2024-02-25 09:16:00,050 [FATAL] Updater:308 - Updater called before beeing initialized
2024-02-25 09:16:00,050 [FATAL] Updater:308 - Updater called before beeing initialized
2024-02-25 09:16:00,050 [WARN] DetailPanel:346 - Failed to get advertising image, set to default
2024-02-25 09:16:00,051 [FATAL] Updater:308 - Updater called before beeing initialized
2024-02-25 09:16:00,098 [ERROR] Updater:1120 - MainUpdater not yet initialized. External WinMGr cannot be set.
2024-02-25 09:16:00,112 [INFO] Updater:1056 - Updater Version found : 6.10.0
2024-02-25 09:16:00,138 [INFO] ApplicationProperties:184 - Using Application install path: /opt/st/stm32cubeide_1.14.0/plugins/com.st.stm32cube.common.mx_6.10.0.202311202037
2024-02-25 09:16:00,621 [INFO] MainUpdater:2873 - connection check result : 10
2024-02-25 09:16:00,622 [INFO] MainUpdater:290 - Updater Check For Update Now.
2024-02-25 09:16:00,622 [INFO] MicroXplorer:498 - Change Database Version : DB.6.0.100
2024-02-25 09:16:00,627 [INFO] McuFinderGlobals:63 - Set McuFinder mode to 2 (CubeIDE integrated)
2024-02-25 09:16:00,796 [INFO] CheckServerUpdateThread:120 - End of CheckServer Thread
2024-02-25 09:16:01,669 [INFO] UserAuth:404 - Internet connection configuration mode: 1
2024-02-25 09:16:01,685 [INFO] JxBrowserEngine:152 - Initiate JxBrowser Engine with user profile folder
2024-02-25 09:16:01,893 [WARN] PackLoader:240 - Cannot read IP mode file for STMicroelectronics.X-CUBE-SMBUS.2.1.0
2024-02-25 09:16:01,900 [WARN] PackLoader:240 - Cannot read IP mode file for STMicroelectronics.X-CUBE-TOUCHGFX.4.23.0
2024-02-25 09:16:01,931 [WARN] PackLoader:240 - Cannot read IP mode file for STMicroelectronics.X-CUBE-AZRTOS-F7.1.1.0
2024-02-25 09:16:01,945 [WARN] PackLoader:240 - Cannot read IP mode file for STMicroelectronics.FP-SNS-MOTENV1.4.3.2
2024-02-25 09:16:01,959 [WARN] PackLoader:240 - Cannot read IP mode file for STMicroelectronics.X-CUBE-DISPLAY.3.0.0
2024-02-25 09:16:01,970 [WARN] PackLoader:240 - Cannot read IP mode file for emotas.I-CUBE-CANOPEN.1.3.0
2024-02-25 09:16:01,973 [WARN] PackLoader:240 - Cannot read IP mode file for STMicroelectronics.X-CUBE-TOUCHGFX.4.22.0
2024-02-25 09:16:01,975 [WARN] PackLoader:240 - Cannot read IP mode file for STMicroelectronics.X-CUBE-TOUCHGFX.4.22.1
2024-02-25 09:16:01,985 [INFO] LogOutputStream:77 - [STDOUT_REDIRECT] 1 : Invalid condition id : UX_CORESTACK_Condition cause : null
2024-02-25 09:16:01,986 [INFO] LogOutputStream:77 - [STDOUT_REDIRECT] 1 : Invalid condition id : UX_CORESTACK_Condition cause : null
2024-02-25 09:16:01,986 [INFO] LogOutputStream:77 - [STDOUT_REDIRECT] 1 : Invalid condition id : UX_CORESTACK_Condition cause : null
2024-02-25 09:16:01,986 [INFO] LogOutputStream:77 - [STDOUT_REDIRECT] 1 : Invalid condition id : UX_CORESTACK_Condition cause : null
2024-02-25 09:16:01,986 [INFO] LogOutputStream:77 - [STDOUT_REDIRECT] 1 : Invalid condition id : UX_CORESTACK_Condition cause : null
2024-02-25 09:16:01,990 [WARN] PackLoader:240 - Cannot read IP mode file for STMicroelectronics.X-CUBE-AZRTOS-WL.2.0.0
2024-02-25 09:16:01,998 [WARN] PackLoader:240 - Cannot read IP mode file for WES.I-CUBE-Cesium.1.3.0
2024-02-25 09:16:02,004 [WARN] PackLoader:240 - Cannot read IP mode file for STMicroelectronics.X-CUBE-BLE2.3.3.0
2024-02-25 09:16:02,010 [WARN] PackLoader:240 - Cannot read IP mode file for STMicroelectronics.X-CUBE-ALGOBUILD.1.3.0
2024-02-25 09:16:02,029 [WARN] PackLoader:240 - Cannot read IP mode file for STMicroelectronics.X-CUBE-AZRTOS-G0.1.1.0
2024-02-25 09:16:02,037 [WARN] PackLoader:240 - Cannot read IP mode file for STMicroelectronics.X-CUBE-NFC4.3.0.0
2024-02-25 09:16:02,047 [WARN] PackLoader:240 - Cannot read IP mode file for STMicroelectronics.X-CUBE-BLEMGR.3.0.0
2024-02-25 09:16:02,052 [WARN] PackLoader:240 - Cannot read IP mode file for STMicroelectronics.FP-ATR-SIGFOX1.3.2.0
2024-02-25 09:16:02,060 [WARN] PackLoader:240 - Cannot read IP mode file for STMicroelectronics.X-CUBE-EEPRMA1.5.1.0
2024-02-25 09:16:02,120 [WARN] PackLoader:240 - Cannot read IP mode file for SEGGER.I-CUBE-embOS.1.3.1
2024-02-25 09:16:02,202 [WARN] PackLoader:240 - Cannot read IP mode file for STMicroelectronics.X-CUBE-GNSS1.6.0.0
2024-02-25 09:16:02,235 [WARN] PackLoader:240 - Cannot read IP mode file for STMicroelectronics.X-CUBE-AZRTOS-F4.1.1.0
2024-02-25 09:16:02,292 [WARN] PackLoader:240 - Cannot read IP mode file for STMicroelectronics.X-CUBE-MEMS1.9.6.0
2024-02-25 09:16:02,634 [WARN] PackLoader:240 - Cannot read IP mode file for STMicroelectronics.X-CUBE-EEPRMA1.4.2.0
2024-02-25 09:16:02,643 [WARN] PackLoader:240 - Cannot read IP mode file for ITTIA_DB.I-CUBE-ITTIADB.8.8.0
2024-02-25 09:16:02,655 [WARN] PackLoader:240 - Cannot read IP mode file for STMicroelectronics.X-CUBE-BLEMGR.2.0.0
2024-02-25 09:16:02,693 [WARN] ConditionMgr:438 - getConditionDescription Invalid condition id : UX DEVICE CLASS RTOS Condition cause : null
2024-02-25 09:16:02,694 [WARN] ConditionMgr:438 - getConditionDescription Invalid condition id : UX DEVICE CLASS RTOS Condition cause : null
2024-02-25 09:16:02,698 [WARN] PackLoader:240 - Cannot read IP mode file for STMicroelectronics.X-CUBE-AZRTOS-H7.3.1.0
2024-02-25 09:16:02,700 [WARN] ConditionMgr:1039 - genDependencies : Invalid condition id : UX DEVICE CLASS RTOS Condition cause : null
2024-02-25 09:16:02,700 [WARN] ConditionMgr:1039 - genDependencies : Invalid condition id : UX DEVICE CLASS RTOS Condition cause : null
2024-02-25 09:16:02,701 [WARN] ConditionMgr:1039 - genDependencies : Invalid condition id : UX DEVICE CLASS RTOS Condition cause : null
2024-02-25 09:16:02,702 [WARN] ConditionMgr:1039 - genDependencies : Invalid condition id : UX DEVICE CLASS RTOS Condition cause : null
2024-02-25 09:16:02,702 [WARN] ConditionMgr:1039 - genDependencies : Invalid condition id : UX DEVICE CLASS RTOS Condition cause : null
2024-02-25 09:16:02,709 [WARN] PackLoader:240 - Cannot read IP mode file for STMicroelectronics.X-CUBE-NFC7.1.0.1
2024-02-25 09:16:02,716 [WARN] PackLoader:240 - Cannot read IP mode file for STMicroelectronics.X-CUBE-EEPRMA1.4.1.0
2024-02-25 09:16:02,763 [WARN] ConditionMgr:438 - getConditionDescription Invalid condition id : LAN8742 Phy interface Condition cause : null
2024-02-25 09:16:02,765 [WARN] PackLoader:240 - Cannot read IP mode file for STMicroelectronics.X-CUBE-AZRTOS-L4.2.0.0
2024-02-25 09:16:02,768 [WARN] ConditionMgr:1039 - genDependencies : Invalid condition id : LAN8742 Phy interface Condition cause : null
2024-02-25 09:16:02,768 [WARN] ConditionMgr:1039 - genDependencies : Invalid condition id : LAN8742 Phy interface Condition cause : null
2024-02-25 09:16:02,770 [WARN] ConditionMgr:1039 - genDependencies : Invalid condition id : LAN8742 Phy interface Condition cause : null
2024-02-25 09:16:02,787 [WARN] PackLoader:240 - Cannot read IP mode file for STMicroelectronics.X-CUBE-SFXS2LP1.4.0.0
2024-02-25 09:16:02,803 [WARN] PackLoader:240 - Cannot read IP mode file for STMicroelectronics.X-CUBE-ISPU.1.1.0
2024-02-25 09:16:02,822 [INFO] WebApp:161 - Instantiating new browser for Auth
2024-02-25 09:16:02,825 [WARN] PackLoader:240 - Cannot read IP mode file for STMicroelectronics.X-CUBE-SUBG2.5.0.0
2024-02-25 09:16:02,854 [WARN] PackLoader:240 - Cannot read IP mode file for STMicroelectronics.X-CUBE-TOF1.3.3.1
2024-02-25 09:16:02,898 [WARN] PackLoader:240 - Cannot read IP mode file for STMicroelectronics.X-CUBE-AZRTOS-G4.2.0.0
2024-02-25 09:16:02,918 [WARN] PackLoader:240 - Cannot read IP mode file for Infineon.AIROC-Wi-Fi-Bluetooth-STM32.1.5.1
2024-02-25 09:16:02,928 [WARN] PackLoader:240 - Cannot read IP mode file for STMicroelectronics.FP-SNS-MOTENVWB1.1.3.0
2024-02-25 09:16:02,932 [WARN] PackLoader:240 - Cannot read IP mode file for STMicroelectronics.FP-SNS-MOTENVWB1.1.3.1
2024-02-25 09:16:02,937 [WARN] PackLoader:240 - Cannot read IP mode file for STMicroelectronics.X-CUBE-ISPU.2.0.0
2024-02-25 09:16:02,999 [WARN] PackLoader:240 - Cannot read IP mode file for STMicroelectronics.X-CUBE-MEMS1.10.0.0
2024-02-25 09:16:03,258 [WARN] PackLoader:240 - Cannot read IP mode file for portGmbH.I-Cube-SoM-uGOAL.1.1.0
2024-02-25 09:16:03,268 [WARN] PackLoader:240 - Cannot read IP mode file for STMicroelectronics.X-CUBE-ALS.1.0.1
2024-02-25 09:16:03,276 [WARN] PackLoader:240 - Cannot read IP mode file for STMicroelectronics.FP-ATR-ASTRA1.2.0.0
2024-02-25 09:16:03,311 [WARN] PackLoader:240 - Cannot read IP mode file for STMicroelectronics.X-CUBE-TOF1.3.4.0
2024-02-25 09:16:03,430 [WARN] PackLoader:240 - Cannot read IP mode file for STMicroelectronics.X-CUBE-AZRTOS-H7.3.2.0
2024-02-25 09:16:03,442 [INFO] ThirdParty:978 - Integrity check success = true
2024-02-25 09:16:03,442 [INFO] IntegrityCheckThread:100 - exiting critical section [integrity check]
2024-02-25 09:16:03,442 [INFO] IntegrityCheckThread:103 - End integrity checks thread
2024-02-25 09:16:03,890 [INFO] WebApp:780 - Register for checkConnection events
2024-02-25 09:16:03,890 [INFO] WebApp:414 - Apply proxy settings
2024-02-25 09:16:03,891 [INFO] WebApp:499 - Chromium requires no authentication
2024-02-25 09:16:03,899 [INFO] WebApp:442 - Direct internet connection detected
2024-02-25 09:16:04,097 [INFO] WebApp:192 - Starting web application
2024-02-25 09:16:04,098 [INFO] WebApp:544 - Web application path used /opt/st/stm32cubeide_1.14.0/plugins/com.st.stm32cube.common.mx_6.10.0.202311202037/db/plugins/mcufinder/reactClient1/index.html
2024-02-25 09:16:24,515 [ERROR] LogOutputStream:75 - [STDERR_REDIRECT] SLF4J: Failed to load class "org.slf4j.impl.StaticLoggerBinder".
2024-02-25 09:16:24,515 [ERROR] LogOutputStream:75 - [STDERR_REDIRECT] SLF4J: Defaulting to no-operation (NOP) logger implementation
2024-02-25 09:16:24,515 [ERROR] LogOutputStream:75 - [STDERR_REDIRECT] SLF4J: See http://www.slf4j.org/codes.html#StaticLoggerBinder for further details.
2024-02-25 14:25:56,840 [INFO] McuFinderGlobals:63 - Set McuFinder mode to 2 (CubeIDE integrated)
2024-02-25 14:25:56,843 [INFO] MainUpdater:2873 - connection check result : 10
2024-02-25 14:25:56,843 [INFO] MainUpdater:2873 - connection check result : 10
2024-02-25 14:25:56,882 [INFO] MicroXplorer:468 - Change Database Path : 
2024-02-25 14:25:56,882 [INFO] MicroXplorer:498 - Change Database Version : DB.6.0.100
2024-02-25 14:25:56,886 [WARN] ThirdParty:871 - waiting for thirdparty lock release [close project]
2024-02-25 14:25:56,886 [INFO] ThirdParty:873 - entering critical section [close project]
2024-02-25 14:25:56,890 [INFO] ThirdParty:883 - exiting critical section [close project]
2024-02-25 14:25:56,895 [INFO] PinOutPanel:1499 - setPackage(No Configuration,No Configuration)
2024-02-25 14:25:56,898 [INFO] UtilMem:75 - Begin LoadConfig() Used Memory: 341767264 Bytes (713031680)
2024-02-25 14:25:56,900 [INFO] MicroXplorer:468 - Change Database Path : 
2024-02-25 14:25:56,900 [INFO] MicroXplorer:498 - Change Database Version : DB.6.0.100
2024-02-25 14:25:56,900 [INFO] OpenFileManager:312 - Change cursor
2024-02-25 14:25:56,939 [INFO] Mcu:2016 - Initializing MCU STM32F746ZGTx STM32F746ZGTx STM32F746ZGT6
2024-02-25 14:25:58,428 [INFO] Context:659 - Trying to add GPIOservice into a context  which must be forbidden
2024-02-25 14:25:59,574 [INFO] RtosManager:555 - Registered RTOS mode: class=CMSIS, group=RTOS, mode=CMSIS_V1, owner=FREERTOS
2024-02-25 14:25:59,574 [INFO] RtosManager:555 - Registered RTOS mode: class=CMSIS, group=RTOS2, mode=CMSIS_V2, owner=FREERTOS
2024-02-25 14:25:59,574 [INFO] RtosManager:555 - Registered RTOS mode: class=RTOS, group=Core, mode=CMSIS_V1, owner=FREERTOS
2024-02-25 14:25:59,574 [INFO] RtosManager:555 - Registered RTOS mode: class=RTOS, group=Core, mode=CMSIS_V2, owner=FREERTOS
2024-02-25 14:25:59,575 [WARN] ModelIntegratedComponent:184 - Missing modes for component STMicroelectronics:FreeRTOS:0.0.1:STMicroelectronics:RTOS:FreeRTOS:Core:::10.2.0:
2024-02-25 14:25:59,602 [WARN] ModelIntegratedComponent:63 - No mode defined for component null
2024-02-25 14:25:59,602 [WARN] ModelIntegratedComponent:63 - No mode defined for component null
2024-02-25 14:25:59,602 [WARN] ModelIntegratedComponent:63 - No mode defined for component null
2024-02-25 14:25:59,602 [WARN] ModelIntegratedComponent:63 - No mode defined for component null
2024-02-25 14:25:59,602 [WARN] ModelIntegratedComponent:63 - No mode defined for component null
2024-02-25 14:25:59,603 [WARN] ModelIntegratedComponent:63 - No mode defined for component null
2024-02-25 14:25:59,603 [WARN] ModelIntegratedComponent:63 - No mode defined for component null
2024-02-25 14:25:59,603 [WARN] ModelIntegratedComponent:63 - No mode defined for component null
2024-02-25 14:25:59,603 [WARN] ModelIntegratedComponent:63 - No mode defined for component null
2024-02-25 14:25:59,603 [WARN] ModelIntegratedComponent:63 - No mode defined for component null
2024-02-25 14:25:59,603 [WARN] ModelIntegratedComponent:63 - No mode defined for component null
2024-02-25 14:25:59,603 [WARN] ModelIntegratedComponent:63 - No mode defined for component null
2024-02-25 14:25:59,603 [WARN] ModelIntegratedComponent:63 - No mode defined for component null
2024-02-25 14:25:59,603 [WARN] ModelIntegratedComponent:63 - No mode defined for component null
2024-02-25 14:25:59,603 [WARN] ModelIntegratedComponent:63 - No mode defined for component null
2024-02-25 14:25:59,603 [WARN] ModelIntegratedComponent:63 - No mode defined for component null
2024-02-25 14:25:59,603 [WARN] ModelIntegratedComponent:63 - No mode defined for component null
2024-02-25 14:25:59,604 [WARN] ModelIntegratedComponent:63 - No mode defined for component null
2024-02-25 14:25:59,604 [WARN] ModelIntegratedComponent:63 - No mode defined for component null
2024-02-25 14:25:59,604 [WARN] ModelIntegratedComponent:63 - No mode defined for component null
2024-02-25 14:25:59,604 [WARN] ModelIntegratedComponent:63 - No mode defined for component null
2024-02-25 14:25:59,604 [WARN] ModelIntegratedComponent:63 - No mode defined for component null
2024-02-25 14:25:59,604 [WARN] ModelIntegratedComponent:63 - No mode defined for component null
2024-02-25 14:25:59,604 [WARN] ModelIntegratedComponent:63 - No mode defined for component null
2024-02-25 14:25:59,604 [WARN] ModelIntegratedComponent:63 - No mode defined for component null
2024-02-25 14:25:59,605 [WARN] ModelIntegratedComponent:63 - No mode defined for component null
2024-02-25 14:25:59,605 [WARN] ModelIntegratedComponent:63 - No mode defined for component null
2024-02-25 14:25:59,605 [WARN] ModelIntegratedComponent:63 - No mode defined for component null
2024-02-25 14:25:59,605 [WARN] ModelIntegratedComponent:63 - No mode defined for component null
2024-02-25 14:25:59,605 [WARN] ModelIntegratedComponent:63 - No mode defined for component null
2024-02-25 14:25:59,605 [WARN] ModelIntegratedComponent:63 - No mode defined for component null
2024-02-25 14:25:59,605 [WARN] ModelIntegratedComponent:63 - No mode defined for component null
2024-02-25 14:25:59,605 [WARN] ModelIntegratedComponent:63 - No mode defined for component null
2024-02-25 14:25:59,928 [INFO] ThirdPartyModel:298 - Start build external matchings
2024-02-25 14:26:00,663 [INFO] ThirdPartyModel:316 - End build external matchings
2024-02-25 14:26:00,698 [INFO] ImportTextPane:194 - (OptionalMessage_ERROR) IP (RCC) : Invalid parameter (48MHZClocksFreq_Value)
2024-02-25 14:26:00,698 [INFO] ImportTextPane:194 - (OptionalMessage_ERROR) IP (RCC) : Invalid parameter (ADC12outputFreq_Value)
2024-02-25 14:26:00,698 [INFO] ImportTextPane:194 - (OptionalMessage_ERROR) IP (RCC) : Invalid parameter (ADC34outputFreq_Value)
2024-02-25 14:26:00,698 [INFO] ImportTextPane:194 - (OptionalMessage_ERROR) IP (RCC) : Invalid parameter (FamilyName)
2024-02-25 14:26:00,699 [INFO] ImportTextPane:194 - (OptionalMessage_ERROR) IP (RCC) : Invalid parameter (I2SClocksFreq_Value)
2024-02-25 14:26:00,699 [INFO] ImportTextPane:194 - (OptionalMessage_ERROR) IP (RCC) : Parameter (LCDTFToutputFreq_Value) has invalid value (96000000)
2024-02-25 14:26:00,699 [INFO] ImportTextPane:194 - (OptionalMessage_ERROR) IP (RCC) : Invalid parameter (MCOFreq_Value)
2024-02-25 14:26:00,700 [INFO] ImportTextPane:194 - (OptionalMessage_ERROR) IP (RCC) : Invalid parameter (PLLMCOFreq_Value)
2024-02-25 14:26:00,700 [INFO] ImportTextPane:194 - (OptionalMessage_ERROR) IP (RCC) : Invalid parameter (PLLMUL)
2024-02-25 14:26:00,700 [INFO] ImportTextPane:194 - (OptionalMessage_ERROR) IP (RCC) : Invalid parameter (PRESCALERUSB)
2024-02-25 14:26:00,700 [INFO] ImportTextPane:194 - (OptionalMessage_ERROR) IP (RCC) : Invalid parameter (RTCHSEDivFreq_Value)
2024-02-25 14:26:00,700 [INFO] ImportTextPane:194 - (OptionalMessage_ERROR) IP (RCC) : Parameter (SDMMCFreq_Value) has invalid value (72000000)
2024-02-25 14:26:00,700 [INFO] ImportTextPane:194 - (OptionalMessage_ERROR) IP (RCC) : Invalid parameter (SYSCLKSourceVirtual)
2024-02-25 14:26:00,701 [INFO] ImportTextPane:194 - (OptionalMessage_ERROR) IP (RCC) : Invalid parameter (TIM15Freq_Value)
2024-02-25 14:26:00,701 [INFO] ImportTextPane:194 - (OptionalMessage_ERROR) IP (RCC) : Invalid parameter (TIM16Freq_Value)
2024-02-25 14:26:00,701 [INFO] ImportTextPane:194 - (OptionalMessage_ERROR) IP (RCC) : Invalid parameter (TIM17Freq_Value)
2024-02-25 14:26:00,701 [INFO] ImportTextPane:194 - (OptionalMessage_ERROR) IP (RCC) : Invalid parameter (TIM1Freq_Value)
2024-02-25 14:26:00,701 [INFO] ImportTextPane:194 - (OptionalMessage_ERROR) IP (RCC) : Invalid parameter (TIM20Freq_Value)
2024-02-25 14:26:00,701 [INFO] ImportTextPane:194 - (OptionalMessage_ERROR) IP (RCC) : Invalid parameter (TIM2Freq_Value)
2024-02-25 14:26:00,701 [INFO] ImportTextPane:194 - (OptionalMessage_ERROR) IP (RCC) : Invalid parameter (TIM3Freq_Value)
2024-02-25 14:26:00,701 [INFO] ImportTextPane:194 - (OptionalMessage_ERROR) IP (RCC) : Invalid parameter (TIM8Freq_Value)
2024-02-25 14:26:00,702 [INFO] ImportTextPane:194 - (OptionalMessage_ERROR) IP (RCC) : Invalid parameter (VCOOutput2Freq_Value)
2024-02-25 14:26:00,702 [INFO] ImportTextPane:194 - (OptionalMessage_ERROR) IP (RCC) : Invalid parameter (VcooutputI2S)
2024-02-25 14:26:01,155 [INFO] UtilMem:75 - End LoadConfig() Used Memory: 504097232 Bytes (844103680)
2024-02-25 14:26:01,352 [INFO] ApiDb:581 - Connected to CubeFinder SQLite database (/home/fede/.stmcufinder/plugins/mcufinder/mcu/cube-finder-db.db)
2024-02-25 14:26:01,447 [INFO] ApiDb:668 - CubeFinder database Data Model version=2.1
2024-02-25 14:26:01,447 [INFO] ApiDb:669 - CubeFinder database Configuration version=3.0.39
2024-02-25 14:26:01,451 [INFO] ApiDb:670 - CubeFinder database generation date=2024-01-11 (1704964531)
2024-02-25 14:26:01,451 [INFO] ApiDb:671 - CubeFinder database FW Pack versions=[FP-ATR-ASTRA1_V2.0.0, FP-SNS-FLIGHT1_V5.0.1, FP-SNS-FLIGHT1_V5.0.2, FP-SNS-MOTENV1_V4.3.1, FP-SNS-MOTENV1_V4.3.2, FP-SNS-MOTENVWB1_V1.3.1, FP-SNS-SMARTAG2_V1.2.0, STM32Cube_FW_C0_V1.1.0, STM32Cube_FW_F4_V1.28.0, STM32Cube_FW_F7_V1.17.0, STM32Cube_FW_G0_V1.6.2, STM32Cube_FW_G4_V1.5.2, STM32Cube_FW_H5_V0.5.1, STM32Cube_FW_H5_V1.1.1, STM32Cube_FW_H5_V1.2.0RC2, STM32Cube_FW_H7_V1.11.0, STM32Cube_FW_L0_V1.12.2, STM32Cube_FW_L5_V1.5.0, STM32Cube_FW_U5_V1.3.0RC4, STM32Cube_FW_U5_V1.4.0, STM32Cube_FW_WBA_V1.0.0RC1, STM32Cube_FW_WBA_V1.1.0RC1, STM32Cube_FW_WBA_V1.2.0, STM32Cube_FW_WBA_V1.2.0RC2, STM32Cube_FW_WB_V1.15.0RC1, STM32Cube_FW_WB_V1.16.0, STM32Cube_FW_WB_V1.16.0RC2, STM32Cube_FW_WB_V1.18.0, STM32Cube_FW_WL_V1.3.0, X-CUBE-ALGOBUILD_V1.3.0, X-CUBE-ALS_V1.0.1, X-CUBE-AZRTOS-F4_V1.1.0, X-CUBE-AZRTOS-F7_V1.1.0, X-CUBE-AZRTOS-G0_V1.1.0, X-CUBE-AZRTOS-G4_V2.0.0, X-CUBE-AZRTOS-H7_V3.2.0, X-CUBE-AZRTOS-L4_V1.0.0, X-CUBE-AZRTOS-L4_V2.0.0, X-CUBE-AZRTOS-L5_V1.1.0, X-CUBE-AZRTOS-WB_V2.0.0, X-CUBE-AZRTOS-WL_V2.0.0, X-CUBE-BLE1_V7.0.0, X-CUBE-BLE2_V3.3.0, X-CUBE-BLEMGR_V3.0.0, X-CUBE-EEPRMA1_V4.1.0, X-CUBE-EEPRMA1_V4.2.0, X-CUBE-FREERTOS_V1.1.0, X-CUBE-GNSS1_V6.0.0, X-CUBE-MEMS1_V10.0.0, X-CUBE-MEMS1_V9.1.0, X-CUBE-MEMS1_V9.4.0, X-CUBE-MEMS1_V9.6.0, X-CUBE-NFC4_V3.0.0, X-CUBE-NFC7_V1.0.1, X-CUBE-SFXS2LP1_V4.0.0, X-CUBE-SUBG2_V5.0.0, X-CUBE-TOF1_V3.4.0]
2024-02-25 14:26:04,231 [INFO] ApiDb:240 - Found 371 in-development CPN: [B-G473E-ZEST1S, B-WB1M-WPAN1, B-WL5M-SUBG1, NUCLEO-C031C6, NUCLEO-H503RB, NUCLEO-H563ZI, NUCLEO-U545RE-Q, NUCLEO-U5A5ZJ-Q, NUCLEO-WBA52CG, NUCLEO-WBA55CG, STEVAL-MKBOXPRO, STEVAL-PROTEUS1, STEVAL-STWINBX1, STM320518-EVAL, STM32C0116-DK, STM32C011D6Y3TR, STM32C011D6Y6TR, STM32C011F4P3, STM32C011F4P6, STM32C011F4U3, STM32C011F4U6TR, STM32C011F6P3, STM32C011F6P6, STM32C011F6U3, STM32C011F6U6TR, STM32C011J4M3, STM32C011J4M6, STM32C011J6M3, STM32C011J6M6, STM32C0316-DK, STM32C031C4T3, STM32C031C4T6, STM32C031C4U3, STM32C031C4U6, STM32C031C6T3, STM32C031C6T6, STM32C031C6U3, STM32C031C6U6, STM32C031F4P3, STM32C031F4P6, STM32C031F6P3, STM32C031F6P6, STM32C031G4U3, STM32C031G4U6, STM32C031G6U3, STM32C031G6U6, STM32C031K4T3, STM32C031K4T6, STM32C031K4U3, STM32C031K4U6, STM32C031K6T3, STM32C031K6T6, STM32C031K6U3, STM32C031K6U6, STM32G071K8TXN, STM32G071K8UXN, STM32G081GBU6N, STM32G081KBT6N, STM32G081KBUXN, STM32G0B1CCT6N, STM32G0B1KCT6, STM32G0B1NEY6TR, STM32G0B1RCT6N, STM32G0C1CCT6, STM32G0C1CCT6N, STM32G0C1CCU6N, STM32G0C1CET6N, STM32G0C1CEU6N, STM32G0C1KCT6, STM32G0C1NEY6TR, STM32G0C1RCI6N, STM32G0C1RCT6N, STM32G0C1REI6N, STM32G0C1RET6N, STM32G0C1VCI6, STM32G0C1VEI6, STM32G471CCT6, STM32G471CCU6, STM32G471CET3, STM32G471CET6, STM32G471CEU3, STM32G471CEU6, STM32G471MCT6, STM32G471MET3, STM32G471MET6, STM32G471MEY6TR, STM32G471QCT6, STM32G471QET3, STM32G471RCT6, STM32G471RET3, STM32G471RET6, STM32G471VCH6, STM32G471VCI6, STM32G471VCT6, STM32G471VEH3, STM32G471VEH6, STM32G471VEI3, STM32G471VEI6, STM32G471VET3, STM32G471VET6, STM32G474CCT6, STM32H503CBT6, STM32H503CBU6, STM32H503EBY6TR, STM32H503KBU6, STM32H503RBT6, STM32H562AGI6, STM32H562AII6, STM32H562IGK6, STM32H562IGT6, STM32H562IIK6, STM32H562IIT6, STM32H562RGT6, STM32H562RGV6, STM32H562RIT6, STM32H562RIV6, STM32H562VGT6, STM32H562VIT6, STM32H562ZGT6, STM32H562ZIT6, STM32H563AGI6, STM32H563AII3Q, STM32H563AII6, STM32H563IGK6, STM32H563IGT6, STM32H563IIK3Q, STM32H563IIK6, STM32H563IIT3Q, STM32H563IIT6, STM32H563MIY3QTR, STM32H563RGT6, STM32H563RGV6, STM32H563RIT6, STM32H563RIV6, STM32H563VGT6, STM32H563VIT3Q, STM32H563VIT6, STM32H563ZGT6, STM32H563ZIT3Q, STM32H563ZIT6, STM32H573AII3Q, STM32H573AII6, STM32H573I-DK, STM32H573IIK3Q, STM32H573IIK6, STM32H573IIT3Q, STM32H573IIT6, STM32H573MIY3QTR, STM32H573RIT6, STM32H573RIV6, STM32H573VIT3Q, STM32H573VIT6, STM32H573ZIT3Q, STM32H573ZIT6, STM32L4R5QGI6STR, STM32MP131AAE3, STM32MP131AAF3, STM32MP131AAG3, STM32MP131CAE3, STM32MP131CAF3, STM32MP131CAG3, STM32MP131DAE7, STM32MP131DAF7, STM32MP131DAG7, STM32MP131FAE7, STM32MP131FAF7, STM32MP131FAG7, STM32MP133AAE3, STM32MP133AAF3, STM32MP133AAG3, STM32MP133CAE3, STM32MP133CAF3, STM32MP133CAG3, STM32MP133DAE7, STM32MP133DAF7, STM32MP133DAG7, STM32MP133FAE7, STM32MP133FAF7, STM32MP133FAG7, STM32MP135AAE3, STM32MP135AAF3, STM32MP135AAG3, STM32MP135CAE3, STM32MP135CAF3, STM32MP135CAG3, STM32MP135DAE7, STM32MP135DAF7, STM32MP135DAG7, STM32MP135F-DK, STM32MP135FAE7, STM32MP135FAF7, STM32MP135FAF7T, STM32MP135FAF7U, STM32MP135FAG7, STM32U535CBT6, STM32U535CBT6Q, STM32U535CBU6, STM32U535CBU6Q, STM32U535CCT6, STM32U535CCT6Q, STM32U535CCU6, STM32U535CCU6Q, STM32U535CET6, STM32U535CET6Q, STM32U535CEU6, STM32U535CEU6Q, STM32U535JEY6QTR, STM32U535NCY6QTR, STM32U535NEY6QTR, STM32U535RBI6, STM32U535RBI6Q, STM32U535RBT6, STM32U535RBT6Q, STM32U535RCI6, STM32U535RCI6Q, STM32U535RCT6, STM32U535RCT6Q, STM32U535REI6, STM32U535REI6Q, STM32U535RET6, STM32U535RET6Q, STM32U535VCI6, STM32U535VCI6Q, STM32U535VCT6, STM32U535VCT6Q, STM32U535VEI6, STM32U535VEI6Q, STM32U535VET6, STM32U535VET6Q, STM32U545CET6, STM32U545CET6Q, STM32U545CEU6, STM32U545CEU6Q, STM32U545JEY6QTR, STM32U545NEY6QTR, STM32U545REI6, STM32U545REI6Q, STM32U545RET6, STM32U545RET6Q, STM32U545VEI6, STM32U545VEI6Q, STM32U545VET6, STM32U545VET6Q, STM32U595AIH6, STM32U595AIH6Q, STM32U595AJH6, STM32U595AJH6Q, STM32U595QII6, STM32U595QII6Q, STM32U595QJI6, STM32U595QJI6Q, STM32U595RIT6, STM32U595RIT6Q, STM32U595RJT6, STM32U595RJT6Q, STM32U595VIT6, STM32U595VIT6Q, STM32U595VJT6, STM32U595VJT6Q, STM32U595ZIT6, STM32U595ZIT6Q, STM32U595ZIY6QTR, STM32U595ZJT6, STM32U595ZJT6Q, STM32U595ZJY6QTR, STM32U599BJY6QTR, STM32U599NIH6Q, STM32U599NJH6Q, STM32U599VIT6Q, STM32U599VJT6, STM32U599VJT6Q, STM32U599ZIT6Q, STM32U599ZIY6QTR, STM32U599ZJT6Q, STM32U599ZJY6QTR, STM32U5A5AJH6, STM32U5A5AJH6Q, STM32U5A5QJI6, STM32U5A5QJI6Q, STM32U5A5RJT6, STM32U5A5RJT6Q, STM32U5A5VJT6, STM32U5A5VJT6Q, STM32U5A5ZJT6, STM32U5A5ZJT6Q, STM32U5A5ZJY6QTR, STM32U5A9BJY6QTR, STM32U5A9J-DK, STM32U5A9NJH6Q, STM32U5A9VJT6Q, STM32U5A9ZJT6Q, STM32U5A9ZJY6QTR, STM32U5F7VIT6, STM32U5F7VIT6Q, STM32U5F7VJT6, STM32U5F7VJT6Q, STM32U5F9BJY6QTR, STM32U5F9NJH6Q, STM32U5F9VIT6Q, STM32U5F9VJT6Q, STM32U5F9ZIJ6QTR, STM32U5F9ZIT6Q, STM32U5F9ZJJ6QTR, STM32U5F9ZJT6Q, STM32U5G7VJT6, STM32U5G7VJT6Q, STM32U5G9BJY6QTR, STM32U5G9J-DK1, STM32U5G9J-DK2, STM32U5G9NJH6Q, STM32U5G9VJT6Q, STM32U5G9ZJJ6QTR, STM32U5G9ZJT6Q, STM32WB1MMCH6, STM32WBA50KEU6, STM32WBA50KEU6TR, STM32WBA50KGU6, STM32WBA50KGU6TR, STM32WBA52CEU6, STM32WBA52CEU6TR, STM32WBA52CEU7, STM32WBA52CEU7TR, STM32WBA52CGU6, STM32WBA52CGU6TR, STM32WBA52CGU6U, STM32WBA52CGU7, STM32WBA52CGU7TR, STM32WBA52KEU6, STM32WBA52KEU6TR, STM32WBA52KGU6, STM32WBA52KGU6TR, STM32WBA54CEU6, STM32WBA54CEU6TR, STM32WBA54CEU7, STM32WBA54CEU7TR, STM32WBA54CGU6, STM32WBA54CGU6TR, STM32WBA54CGU7, STM32WBA54CGU7TR, STM32WBA54KEU6, STM32WBA54KEU6TR, STM32WBA54KEU7, STM32WBA54KEU7TR, STM32WBA54KGU6, STM32WBA54KGU6TR, STM32WBA54KGU7, STM32WBA54KGU7TR, STM32WBA55CEU6, STM32WBA55CEU6TR, STM32WBA55CEU7, STM32WBA55CEU7TR, STM32WBA55CGU6, STM32WBA55CGU6TR, STM32WBA55CGU6U, STM32WBA55CGU7, STM32WBA55CGU7TR, STM32WBA55G-DK1, STM32WBA55HEF6, STM32WBA55HEF7, STM32WBA55HGF6, STM32WBA55HGF7, STM32WBA55UEI6, STM32WBA55UEI6TR, STM32WBA55UEI7, STM32WBA55UEI7TR, STM32WBA55UGI6, STM32WBA55UGI6TR, STM32WBA55UGI7, STM32WBA55UGI7TR, STM32WL5MOCH6, STM32WL5MOCH6TR]
2024-02-25 14:26:04,236 [INFO] DbMcus:218 - Found 3930 MCUs, 3930 are supported
2024-02-25 14:26:04,237 [INFO] ApiDb:423 - Load user favorites file /home/fede/.stm32cubeide/favorites.mcus.txt: 0 item(s)
2024-02-25 14:26:04,237 [INFO] ApiDb:427 - User favorites MCUs=[]
2024-02-25 14:26:04,237 [INFO] DbMcus:224 - Set 0 / 0 favorites MCUs
2024-02-25 14:26:04,631 [INFO] MicroXplorer:468 - Change Database Path : 
2024-02-25 14:26:04,631 [INFO] MicroXplorer:498 - Change Database Version : DB.6.0.100
2024-02-25 14:26:04,632 [WARN] ThirdParty:833 - waiting for thirdparty lock release [change project]
2024-02-25 14:26:04,632 [INFO] ThirdParty:835 - entering critical section [change project]
2024-02-25 14:26:04,632 [INFO] ThirdParty:1030 - CMSIS Pack Vendor :STMicroelectronics X-CUBE-ISPU 1.1.0
2024-02-25 14:26:04,632 [INFO] ThirdParty:1030 - CMSIS Pack Vendor :STMicroelectronics USBPD 4.1
2024-02-25 14:26:04,632 [INFO] ThirdParty:1030 - CMSIS Pack Vendor :STMicroelectronics X-CUBE-GNSS1 6.0.0
2024-02-25 14:26:04,632 [INFO] ThirdParty:1030 - CMSIS Pack Vendor :STMicroelectronics USB_HOST 2.0.0
2024-02-25 14:26:04,632 [INFO] ThirdParty:1030 - CMSIS Pack Vendor :STMicroelectronics X-CUBE-AZRTOS-F4 1.1.0
2024-02-25 14:26:04,632 [INFO] ThirdParty:1030 - CMSIS Pack Vendor :STMicroelectronics LIBJPEG 8.0.0
2024-02-25 14:26:04,632 [INFO] ThirdParty:1030 - CMSIS Pack Vendor :STMicroelectronics X-CUBE-SMBUS 2.1.0
2024-02-25 14:26:04,632 [INFO] ThirdParty:1030 - CMSIS Pack Vendor :STMicroelectronics USB_DEVICE 3.0.0
2024-02-25 14:26:04,632 [INFO] ThirdParty:1030 - CMSIS Pack Vendor :STMicroelectronics X-CUBE-TOUCHGFX 4.23.0
2024-02-25 14:26:04,632 [INFO] ThirdParty:1030 - CMSIS Pack Vendor :STMicroelectronics X-CUBE-AZRTOS-F7 1.1.0
2024-02-25 14:26:04,633 [INFO] ThirdParty:1030 - CMSIS Pack Vendor :STMicroelectronics USB_DEVICE 2.0.0
2024-02-25 14:26:04,633 [INFO] ThirdParty:1030 - CMSIS Pack Vendor :STMicroelectronics X-CUBE-MEMS1 9.6.0
2024-02-25 14:26:04,633 [INFO] ThirdParty:1030 - CMSIS Pack Vendor :STMicroelectronics X-CUBE-EEPRMA1 4.2.0
2024-02-25 14:26:04,633 [INFO] ThirdParty:1030 - CMSIS Pack Vendor :ITTIA_DB I-CUBE-ITTIADB 8.8.0
2024-02-25 14:26:04,633 [INFO] ThirdParty:1030 - CMSIS Pack Vendor :STMicroelectronics FP-SNS-MOTENV1 4.3.2
2024-02-25 14:26:04,633 [INFO] ThirdParty:1030 - CMSIS Pack Vendor :STMicroelectronics X-CUBE-ALGOBUILD 1.3.0
2024-02-25 14:26:04,633 [INFO] ThirdParty:1030 - CMSIS Pack Vendor :STMicroelectronics FreeRTOS 0.0.1
2024-02-25 14:26:04,633 [INFO] ThirdParty:1030 - CMSIS Pack Vendor :STMicroelectronics X-CUBE-AZRTOS-G0 1.1.0
2024-02-25 14:26:04,633 [INFO] ThirdParty:1030 - CMSIS Pack Vendor :STMicroelectronics X-CUBE-BLEMGR 2.0.0
2024-02-25 14:26:04,633 [INFO] ThirdParty:1030 - CMSIS Pack Vendor :STMicroelectronics X-CUBE-NFC4 3.0.0
2024-02-25 14:26:04,633 [INFO] ThirdParty:1030 - CMSIS Pack Vendor :STMicroelectronics X-CUBE-SUBG2 5.0.0
2024-02-25 14:26:04,633 [INFO] ThirdParty:1030 - CMSIS Pack Vendor :STMicroelectronics STM32_WPAN 1.0.0
2024-02-25 14:26:04,633 [INFO] ThirdParty:1030 - CMSIS Pack Vendor :STMicroelectronics lwIP 2.0.3
2024-02-25 14:26:04,633 [INFO] ThirdParty:1030 - CMSIS Pack Vendor :STMicroelectronics USB_HOST 1.0.0
2024-02-25 14:26:04,634 [INFO] ThirdParty:1030 - CMSIS Pack Vendor :STMicroelectronics X-CUBE-TOF1 3.3.1
2024-02-25 14:26:04,634 [INFO] ThirdParty:1030 - CMSIS Pack Vendor :STMicroelectronics X-CUBE-AZRTOS-G4 2.0.0
2024-02-25 14:26:04,634 [INFO] ThirdParty:1030 - CMSIS Pack Vendor :STMicroelectronics PDM2PCM 3.1.0
2024-02-25 14:26:04,634 [INFO] ThirdParty:1030 - CMSIS Pack Vendor :STMicroelectronics X-CUBE-AZRTOS-H7 3.1.0
2024-02-25 14:26:04,634 [INFO] ThirdParty:1030 - CMSIS Pack Vendor :Infineon AIROC-Wi-Fi-Bluetooth-STM32 1.5.1
2024-02-25 14:26:04,634 [INFO] ThirdParty:1030 - CMSIS Pack Vendor :STMicroelectronics X-CUBE-BLEMGR 3.0.0
2024-02-25 14:26:04,634 [INFO] ThirdParty:1030 - CMSIS Pack Vendor :STMicroelectronics PDM2PCM 3.3.0
2024-02-25 14:26:04,634 [INFO] ThirdParty:1030 - CMSIS Pack Vendor :STMicroelectronics X-CUBE-DISPLAY 3.0.0
2024-02-25 14:26:04,634 [INFO] ThirdParty:1030 - CMSIS Pack Vendor :STMicroelectronics FP-SNS-MOTENVWB1 1.3.0
2024-02-25 14:26:04,634 [INFO] ThirdParty:1030 - CMSIS Pack Vendor :STMicroelectronics FP-SNS-MOTENVWB1 1.3.1
2024-02-25 14:26:04,634 [INFO] ThirdParty:1030 - CMSIS Pack Vendor :STMicroelectronics FP-ATR-SIGFOX1 3.2.0
2024-02-25 14:26:04,634 [INFO] ThirdParty:1030 - CMSIS Pack Vendor :STMicroelectronics X-CUBE-ISPU 2.0.0
2024-02-25 14:26:04,634 [INFO] ThirdParty:1030 - CMSIS Pack Vendor :STMicroelectronics X-CUBE-EEPRMA1 5.1.0
2024-02-25 14:26:04,634 [INFO] ThirdParty:1030 - CMSIS Pack Vendor :STMicroelectronics HAL Drivers 0.0.0
2024-02-25 14:26:04,634 [INFO] ThirdParty:1030 - CMSIS Pack Vendor :STMicroelectronics MBEDTLS 2.16.2
2024-02-25 14:26:04,634 [INFO] ThirdParty:1030 - CMSIS Pack Vendor :emotas I-CUBE-CANOPEN 1.3.0
2024-02-25 14:26:04,635 [INFO] ThirdParty:1030 - CMSIS Pack Vendor :STMicroelectronics X-CUBE-MEMS1 10.0.0
2024-02-25 14:26:04,635 [INFO] ThirdParty:1030 - CMSIS Pack Vendor :STMicroelectronics X-CUBE-TOUCHGFX 4.22.0
2024-02-25 14:26:04,635 [INFO] ThirdParty:1030 - CMSIS Pack Vendor :STMicroelectronics X-CUBE-NFC7 1.0.1
2024-02-25 14:26:04,635 [INFO] ThirdParty:1030 - CMSIS Pack Vendor :STMicroelectronics MBEDTLS 2.14.1
2024-02-25 14:26:04,635 [INFO] ThirdParty:1030 - CMSIS Pack Vendor :STMicroelectronics X-CUBE-TOUCHGFX 4.22.1
2024-02-25 14:26:04,635 [INFO] ThirdParty:1030 - CMSIS Pack Vendor :STMicroelectronics X-CUBE-EEPRMA1 4.1.0
2024-02-25 14:26:04,635 [INFO] ThirdParty:1030 - CMSIS Pack Vendor :portGmbH I-Cube-SoM-uGOAL 1.1.0
2024-02-25 14:26:04,635 [INFO] ThirdParty:1030 - CMSIS Pack Vendor :STMicroelectronics X-CUBE-ALS 1.0.1
2024-02-25 14:26:04,635 [INFO] ThirdParty:1030 - CMSIS Pack Vendor :STMicroelectronics ThreadX 1.0.0
2024-02-25 14:26:04,635 [INFO] ThirdParty:1030 - CMSIS Pack Vendor :STMicroelectronics X-CUBE-AZRTOS-WL 2.0.0
2024-02-25 14:26:04,635 [INFO] ThirdParty:1030 - CMSIS Pack Vendor :SEGGER I-CUBE-embOS 1.3.1
2024-02-25 14:26:04,635 [INFO] ThirdParty:1030 - CMSIS Pack Vendor :STMicroelectronics USB_DEVICE 1.0.0
2024-02-25 14:26:04,635 [INFO] ThirdParty:1030 - CMSIS Pack Vendor :STMicroelectronics X-CUBE-AZRTOS-L4 2.0.0
2024-02-25 14:26:04,635 [INFO] ThirdParty:1030 - CMSIS Pack Vendor :STMicroelectronics ThreadX 0.0.2
2024-02-25 14:26:04,635 [INFO] ThirdParty:1030 - CMSIS Pack Vendor :WES I-CUBE-Cesium 1.3.0
2024-02-25 14:26:04,635 [INFO] ThirdParty:1030 - CMSIS Pack Vendor :STMicroelectronics FP-ATR-ASTRA1 2.0.0
2024-02-25 14:26:04,635 [INFO] ThirdParty:1030 - CMSIS Pack Vendor :STMicroelectronics lwIP 2.1.2
2024-02-25 14:26:04,636 [INFO] ThirdParty:1030 - CMSIS Pack Vendor :STMicroelectronics X-CUBE-SFXS2LP1 4.0.0
2024-02-25 14:26:04,636 [INFO] ThirdParty:1030 - CMSIS Pack Vendor :STMicroelectronics X-CUBE-BLE2 3.3.0
2024-02-25 14:26:04,636 [INFO] ThirdParty:1030 - CMSIS Pack Vendor :STMicroelectronics X-CUBE-TOF1 3.4.0
2024-02-25 14:26:04,636 [INFO] ThirdParty:1030 - CMSIS Pack Vendor :STMicroelectronics X-CUBE-AZRTOS-H7 3.2.0
2024-02-25 14:26:04,636 [INFO] ThirdParty:1030 - CMSIS Pack Vendor :STMicroelectronics PDM2PCM 3.2.0
2024-02-25 14:26:04,636 [INFO] ThirdParty:841 - exiting critical section [change project]
2024-02-25 14:26:05,267 [INFO] PinOutPanel:1499 - setPackage(No Configuration,No Configuration)
2024-02-25 14:26:05,269 [INFO] PinOutPanel:1499 - setPackage(STM32F746ZGTx,LQFP144)
2024-02-25 14:26:06,868 [INFO] UtilMem:75 - Before build in PCC Used Memory: 463038096 Bytes (870318080)
2024-02-25 14:26:08,000 [INFO] UtilMem:75 - After build in PCC Used Memory: 575760072 Bytes (870318080)
2024-02-25 14:26:08,080 [INFO] IPUIPlugin:80 - create IPUIPlugin
2024-02-25 14:26:08,080 [INFO] IPUIPlugin:80 - create IPUIPlugin
2024-02-25 14:26:08,081 [INFO] IPUIPlugin:80 - create IPUIPlugin
2024-02-25 14:26:08,081 [INFO] IPUIPlugin:80 - create IPUIPlugin
2024-02-25 14:26:08,081 [INFO] IPUIPlugin:80 - create IPUIPlugin
2024-02-25 14:26:08,081 [INFO] IPUIPlugin:80 - create IPUIPlugin
2024-02-25 14:26:08,082 [INFO] IPUIPlugin:80 - create IPUIPlugin
2024-02-25 14:26:08,082 [INFO] IPUIPlugin:80 - create IPUIPlugin
2024-02-25 14:26:08,082 [INFO] IPUIPlugin:80 - create IPUIPlugin
2024-02-25 14:26:08,082 [INFO] IPUIPlugin:80 - create IPUIPlugin
2024-02-25 14:26:08,083 [INFO] IPUIPlugin:80 - create IPUIPlugin
2024-02-25 14:26:08,083 [INFO] IPUIPlugin:80 - create IPUIPlugin
2024-02-25 14:26:08,083 [INFO] IPUIPlugin:80 - create IPUIPlugin
2024-02-25 14:26:08,084 [INFO] IPUIPlugin:80 - create IPUIPlugin
2024-02-25 14:26:08,084 [INFO] IPUIPlugin:80 - create IPUIPlugin
2024-02-25 14:26:08,084 [INFO] IPUIPlugin:80 - create IPUIPlugin
2024-02-25 14:26:08,085 [INFO] IPUIPlugin:80 - create IPUIPlugin
2024-02-25 14:26:08,085 [INFO] IPUIPlugin:80 - create IPUIPlugin
2024-02-25 14:26:08,085 [INFO] IPUIPlugin:80 - create IPUIPlugin
2024-02-25 14:26:08,085 [INFO] IPUIPlugin:80 - create IPUIPlugin
2024-02-25 14:26:08,085 [INFO] IPUIPlugin:80 - create IPUIPlugin
2024-02-25 14:26:08,086 [INFO] IPUIPlugin:80 - create IPUIPlugin
2024-02-25 14:26:08,086 [INFO] IPUIPlugin:80 - create IPUIPlugin
2024-02-25 14:26:08,086 [INFO] IPUIPlugin:80 - create IPUIPlugin
2024-02-25 14:26:08,087 [INFO] IPUIPlugin:80 - create IPUIPlugin
2024-02-25 14:26:08,087 [INFO] IPUIPlugin:80 - create IPUIPlugin
2024-02-25 14:26:08,088 [INFO] IPUIPlugin:80 - create IPUIPlugin
2024-02-25 14:26:08,088 [INFO] IPUIPlugin:80 - create IPUIPlugin
2024-02-25 14:26:08,089 [INFO] IPUIPlugin:80 - create IPUIPlugin
2024-02-25 14:26:08,089 [INFO] IPUIPlugin:80 - create IPUIPlugin
2024-02-25 14:26:08,090 [INFO] IPUIPlugin:80 - create IPUIPlugin
2024-02-25 14:26:08,090 [INFO] IPUIPlugin:80 - create IPUIPlugin
2024-02-25 14:26:08,091 [INFO] IPUIPlugin:80 - create IPUIPlugin
2024-02-25 14:26:08,091 [INFO] IPUIPlugin:80 - create IPUIPlugin
2024-02-25 14:26:08,092 [INFO] IPUIPlugin:80 - create IPUIPlugin
2024-02-25 14:26:08,092 [INFO] IPUIPlugin:80 - create IPUIPlugin
2024-02-25 14:26:08,092 [INFO] IPUIPlugin:80 - create IPUIPlugin
2024-02-25 14:26:08,092 [INFO] IPUIPlugin:80 - create IPUIPlugin
2024-02-25 14:26:08,094 [INFO] IPUIPlugin:80 - create IPUIPlugin
2024-02-25 14:26:08,094 [INFO] IPUIPlugin:80 - create IPUIPlugin
2024-02-25 14:26:08,095 [INFO] IPUIPlugin:80 - create IPUIPlugin
2024-02-25 14:26:08,095 [INFO] IPUIPlugin:80 - create IPUIPlugin
2024-02-25 14:26:08,095 [INFO] IPUIPlugin:80 - create IPUIPlugin
2024-02-25 14:26:08,096 [INFO] IPUIPlugin:80 - create IPUIPlugin
2024-02-25 14:26:08,096 [INFO] IPUIPlugin:80 - create IPUIPlugin
2024-02-25 14:26:08,097 [INFO] IPUIPlugin:80 - create IPUIPlugin
2024-02-25 14:26:08,097 [INFO] IPUIPlugin:80 - create IPUIPlugin
2024-02-25 14:26:08,098 [INFO] IPUIPlugin:80 - create IPUIPlugin
2024-02-25 14:26:08,098 [INFO] IPUIPlugin:80 - create IPUIPlugin
2024-02-25 14:26:08,099 [INFO] IPUIPlugin:80 - create IPUIPlugin
2024-02-25 14:26:08,099 [INFO] IPUIPlugin:80 - create IPUIPlugin
2024-02-25 14:26:08,099 [INFO] IPUIPlugin:80 - create IPUIPlugin
2024-02-25 14:26:08,100 [INFO] IPUIPlugin:80 - create IPUIPlugin
2024-02-25 14:26:08,100 [INFO] IPUIPlugin:80 - create IPUIPlugin
2024-02-25 14:26:08,101 [INFO] IPUIPlugin:80 - create IPUIPlugin
2024-02-25 14:26:08,101 [INFO] IPUIPlugin:80 - create IPUIPlugin
2024-02-25 14:26:08,102 [INFO] IPUIPlugin:80 - create IPUIPlugin
2024-02-25 14:26:08,102 [INFO] IPUIPlugin:80 - create IPUIPlugin
2024-02-25 14:26:08,103 [INFO] IPUIPlugin:80 - create IPUIPlugin
2024-02-25 14:26:08,103 [INFO] IPUIPlugin:80 - create IPUIPlugin
2024-02-25 14:26:08,104 [INFO] IPUIPlugin:80 - create IPUIPlugin
2024-02-25 14:26:08,105 [INFO] IPUIPlugin:80 - create IPUIPlugin
2024-02-25 14:26:08,106 [INFO] IPUIPlugin:80 - create IPUIPlugin
2024-02-25 14:26:08,107 [INFO] IPUIPlugin:80 - create IPUIPlugin
2024-02-25 14:26:08,107 [INFO] IPUIPlugin:80 - create IPUIPlugin
2024-02-25 14:26:08,108 [INFO] IPUIPlugin:80 - create IPUIPlugin
2024-02-25 14:26:08,108 [INFO] IPUIPlugin:80 - create IPUIPlugin
2024-02-25 14:26:08,109 [INFO] IPUIPlugin:80 - create IPUIPlugin
2024-02-25 14:26:08,110 [INFO] IPUIPlugin:80 - create IPUIPlugin
2024-02-25 14:26:08,110 [INFO] IPUIPlugin:80 - create IPUIPlugin
2024-02-25 14:26:08,111 [INFO] IPUIPlugin:80 - create IPUIPlugin
2024-02-25 14:26:08,112 [INFO] IPUIPlugin:80 - create IPUIPlugin
2024-02-25 14:26:08,113 [INFO] IPUIPlugin:80 - create IPUIPlugin
2024-02-25 14:26:08,114 [INFO] IPUIPlugin:80 - create IPUIPlugin
2024-02-25 14:26:08,174 [INFO] ApiDbMcu:508 - Load IP Config File for PDM2PCM
2024-02-25 14:26:08,190 [INFO] Can:71 - Can Add PropertyChangeListener com.st.microxplorer.plugins.ip.can.Can@2d0c9037
2024-02-25 14:26:08,521 [INFO] CADModel:165 - CPN selected for project levelSTM32F746ZGT6
2024-02-25 14:26:08,522 [INFO] CADModel:114 - Register for checkConnection events
2024-02-25 14:26:08,565 [INFO] OpenFileManager:343 - Restore cursor
2024-02-25 14:26:30,248 [INFO] UtilMem:75 - End SaveConfig() Used Memory: 704964952 Bytes (870318080)
2024-02-25 14:26:31,834 [INFO] UtilMem:75 - End SaveConfig() Used Memory: 736422232 Bytes (870318080)
2024-02-25 14:26:33,615 [INFO] UtilMem:75 - End SaveConfig() Used Memory: 348297184 Bytes (870318080)
2024-02-25 14:26:34,120 [INFO] BlockDiagram:2759 - set Specific Code input for plugin: IWDG
2024-02-25 14:26:34,121 [INFO] BlockDiagram:2759 - set Specific Code input for plugin: TIM1_8F7
2024-02-25 14:26:34,121 [INFO] BlockDiagram:2759 - set Specific Code input for plugin: CAN
2024-02-25 14:26:34,121 [INFO] BlockDiagram:2759 - set Specific Code input for plugin: SYS
2024-02-25 14:26:34,121 [INFO] BlockDiagram:2759 - set Specific Code input for plugin: RCC
2024-02-25 14:26:34,121 [INFO] BlockDiagram:2759 - set Specific Code input for plugin: NVIC
2024-02-25 14:26:34,121 [INFO] BlockDiagram:2759 - set Specific Code input for plugin: USART
2024-02-25 14:26:34,122 [INFO] BlockDiagram:2759 - set Specific Code input for plugin: GPIO
2024-02-25 14:26:34,123 [INFO] CodeGenerator:807 - code generatio: config db path: /opt/st/stm32cubeide_1.14.0/plugins/com.st.stm32cube.common.mx_6.10.0.202311202037//db/
2024-02-25 14:26:34,609 [INFO] CodeEngine:255 - oldGeneratedFile, /home/fede/Documents/FIUBA/Tesis/Codigo/sw_prototipo/TT_IMU_NUCLEO/MXTmpFiles/license.tmp_save
2024-02-25 14:26:35,167 [INFO] CodeEngine:279 - Generated code: /home/fede/Documents/FIUBA/Tesis/Codigo/sw_prototipo/TT_IMU_NUCLEO/MXTmpFiles/license.tmp
2024-02-25 14:26:35,330 [INFO] CodeEngine:255 - oldGeneratedFile, /home/fede/Documents/FIUBA/Tesis/Codigo/sw_prototipo/TT_IMU_NUCLEO/Core/Src/gpio.c_save
2024-02-25 14:26:35,599 [INFO] CodeEngine:279 - Generated code: /home/fede/Documents/FIUBA/Tesis/Codigo/sw_prototipo/TT_IMU_NUCLEO/Core/Src/gpio.c
2024-02-25 14:26:35,602 [INFO] CodeEngine:255 - oldGeneratedFile, /home/fede/Documents/FIUBA/Tesis/Codigo/sw_prototipo/TT_IMU_NUCLEO/Core/Inc/gpio.h_save
2024-02-25 14:26:35,830 [INFO] CodeEngine:279 - Generated code: /home/fede/Documents/FIUBA/Tesis/Codigo/sw_prototipo/TT_IMU_NUCLEO/Core/Inc/gpio.h
2024-02-25 14:26:36,613 [INFO] CodeEngine:255 - oldGeneratedFile, /home/fede/Documents/FIUBA/Tesis/Codigo/sw_prototipo/TT_IMU_NUCLEO/Core/Src/can.c_save
2024-02-25 14:26:36,932 [INFO] CodeEngine:279 - Generated code: /home/fede/Documents/FIUBA/Tesis/Codigo/sw_prototipo/TT_IMU_NUCLEO/Core/Src/can.c
2024-02-25 14:26:36,935 [INFO] CodeEngine:255 - oldGeneratedFile, /home/fede/Documents/FIUBA/Tesis/Codigo/sw_prototipo/TT_IMU_NUCLEO/Core/Inc/can.h_save
2024-02-25 14:26:37,120 [INFO] CodeEngine:279 - Generated code: /home/fede/Documents/FIUBA/Tesis/Codigo/sw_prototipo/TT_IMU_NUCLEO/Core/Inc/can.h
2024-02-25 14:26:37,126 [INFO] CodeEngine:255 - oldGeneratedFile, /home/fede/Documents/FIUBA/Tesis/Codigo/sw_prototipo/TT_IMU_NUCLEO/MXTmpFiles/cortex.tmp_save
2024-02-25 14:26:37,277 [INFO] CodeEngine:279 - Generated code: /home/fede/Documents/FIUBA/Tesis/Codigo/sw_prototipo/TT_IMU_NUCLEO/MXTmpFiles/cortex.tmp
2024-02-25 14:26:37,281 [INFO] CodeEngine:255 - oldGeneratedFile, /home/fede/Documents/FIUBA/Tesis/Codigo/sw_prototipo/TT_IMU_NUCLEO/Core/Src/iwdg.c_save
2024-02-25 14:26:37,666 [INFO] CodeEngine:279 - Generated code: /home/fede/Documents/FIUBA/Tesis/Codigo/sw_prototipo/TT_IMU_NUCLEO/Core/Src/iwdg.c
2024-02-25 14:26:37,669 [INFO] CodeEngine:255 - oldGeneratedFile, /home/fede/Documents/FIUBA/Tesis/Codigo/sw_prototipo/TT_IMU_NUCLEO/Core/Inc/iwdg.h_save
2024-02-25 14:26:37,833 [INFO] CodeEngine:279 - Generated code: /home/fede/Documents/FIUBA/Tesis/Codigo/sw_prototipo/TT_IMU_NUCLEO/Core/Inc/iwdg.h
2024-02-25 14:26:37,839 [INFO] CodeEngine:255 - oldGeneratedFile, /home/fede/Documents/FIUBA/Tesis/Codigo/sw_prototipo/TT_IMU_NUCLEO/Core/Src/tim.c_save
2024-02-25 14:26:38,062 [INFO] CodeEngine:279 - Generated code: /home/fede/Documents/FIUBA/Tesis/Codigo/sw_prototipo/TT_IMU_NUCLEO/Core/Src/tim.c
2024-02-25 14:26:38,064 [INFO] CodeEngine:255 - oldGeneratedFile, /home/fede/Documents/FIUBA/Tesis/Codigo/sw_prototipo/TT_IMU_NUCLEO/Core/Inc/tim.h_save
2024-02-25 14:26:38,213 [INFO] CodeEngine:279 - Generated code: /home/fede/Documents/FIUBA/Tesis/Codigo/sw_prototipo/TT_IMU_NUCLEO/Core/Inc/tim.h
2024-02-25 14:26:38,219 [INFO] CodeEngine:255 - oldGeneratedFile, /home/fede/Documents/FIUBA/Tesis/Codigo/sw_prototipo/TT_IMU_NUCLEO/Core/Src/usart.c_save
2024-02-25 14:26:38,427 [INFO] CodeEngine:279 - Generated code: /home/fede/Documents/FIUBA/Tesis/Codigo/sw_prototipo/TT_IMU_NUCLEO/Core/Src/usart.c
2024-02-25 14:26:38,430 [INFO] CodeEngine:255 - oldGeneratedFile, /home/fede/Documents/FIUBA/Tesis/Codigo/sw_prototipo/TT_IMU_NUCLEO/Core/Inc/usart.h_save
2024-02-25 14:26:38,570 [INFO] CodeEngine:279 - Generated code: /home/fede/Documents/FIUBA/Tesis/Codigo/sw_prototipo/TT_IMU_NUCLEO/Core/Inc/usart.h
2024-02-25 14:26:38,590 [INFO] CodeEngine:255 - oldGeneratedFile, /home/fede/Documents/FIUBA/Tesis/Codigo/sw_prototipo/TT_IMU_NUCLEO/Core/Src/stm32f7xx_it.c_save
2024-02-25 14:26:38,779 [INFO] CodeEngine:279 - Generated code: /home/fede/Documents/FIUBA/Tesis/Codigo/sw_prototipo/TT_IMU_NUCLEO/Core/Src/stm32f7xx_it.c
2024-02-25 14:26:38,783 [INFO] CodeEngine:255 - oldGeneratedFile, /home/fede/Documents/FIUBA/Tesis/Codigo/sw_prototipo/TT_IMU_NUCLEO/Core/Inc/stm32f7xx_it.h_save
2024-02-25 14:26:38,924 [INFO] CodeEngine:279 - Generated code: /home/fede/Documents/FIUBA/Tesis/Codigo/sw_prototipo/TT_IMU_NUCLEO/Core/Inc/stm32f7xx_it.h
2024-02-25 14:26:38,932 [INFO] CodeEngine:255 - oldGeneratedFile, /home/fede/Documents/FIUBA/Tesis/Codigo/sw_prototipo/TT_IMU_NUCLEO/Core/Src/stm32f7xx_hal_msp.c_save
2024-02-25 14:26:39,122 [INFO] CodeEngine:279 - Generated code: /home/fede/Documents/FIUBA/Tesis/Codigo/sw_prototipo/TT_IMU_NUCLEO/Core/Src/stm32f7xx_hal_msp.c
2024-02-25 14:26:39,124 [INFO] CodeEngine:255 - oldGeneratedFile, /home/fede/Documents/FIUBA/Tesis/Codigo/sw_prototipo/TT_IMU_NUCLEO/MXTmpFiles/system.tmp_save
2024-02-25 14:26:39,248 [INFO] CodeEngine:279 - Generated code: /home/fede/Documents/FIUBA/Tesis/Codigo/sw_prototipo/TT_IMU_NUCLEO/MXTmpFiles/system.tmp
2024-02-25 14:26:39,254 [INFO] CodeEngine:311 - oldGeneratedFile, /home/fede/Documents/FIUBA/Tesis/Codigo/sw_prototipo/TT_IMU_NUCLEO/Core/Inc/stm32f7xx_hal_conf.h_save
2024-02-25 14:26:39,406 [INFO] CodeEngine:335 - Generated code: /home/fede/Documents/FIUBA/Tesis/Codigo/sw_prototipo/TT_IMU_NUCLEO/Core/Inc/stm32f7xx_hal_conf.h
2024-02-25 14:26:39,492 [INFO] CodeEngine:255 - oldGeneratedFile, /home/fede/Documents/FIUBA/Tesis/Codigo/sw_prototipo/TT_IMU_NUCLEO/Core/Inc/main.h_save
2024-02-25 14:26:39,711 [INFO] CodeEngine:279 - Generated code: /home/fede/Documents/FIUBA/Tesis/Codigo/sw_prototipo/TT_IMU_NUCLEO/Core/Inc/main.h
2024-02-25 14:26:39,713 [INFO] CodeEngine:255 - oldGeneratedFile, /home/fede/Documents/FIUBA/Tesis/Codigo/sw_prototipo/TT_IMU_NUCLEO/Core/Src/main.c_save
2024-02-25 14:26:39,921 [INFO] CodeEngine:279 - Generated code: /home/fede/Documents/FIUBA/Tesis/Codigo/sw_prototipo/TT_IMU_NUCLEO/Core/Src/main.c
2024-02-25 14:26:40,896 [INFO] ProjectBuilder:3076 - Time for Copy HAL[1] : 66mS.
2024-02-25 14:26:40,904 [INFO] ProjectBuilder:4485 - Project Generator version: 4.2.0-B44
2024-02-25 14:26:41,312 [INFO] ConfigFileManager:1495 - The Die is : DIE449
2024-02-25 14:26:41,322 [INFO] ApiDbMcu:508 - Load IP Config File for FATFS
2024-02-25 14:26:41,330 [INFO] ApiDbMcu:508 - Load IP Config File for FREERTOS
2024-02-25 14:26:41,333 [INFO] ApiDbMcu:508 - Load IP Config File for LIBJPEG
2024-02-25 14:26:41,343 [INFO] ApiDbMcu:508 - Load IP Config File for LWIP
2024-02-25 14:26:41,354 [INFO] ApiDbMcu:508 - Load IP Config File for MBEDTLS
2024-02-25 14:26:41,366 [INFO] ApiDbMcu:508 - Load IP Config File for USB_DEVICE
2024-02-25 14:26:41,372 [INFO] ApiDbMcu:508 - Load IP Config File for USB_HOST
2024-02-25 14:26:43,402 [INFO] LogOutputStream:77 - [STDOUT_REDIRECT] 
2024-02-25 14:26:45,324 [INFO] ProjectBuilder:4747 - Time for Generating toolchain IDE Files: 4418mS.
2024-02-25 14:26:45,325 [INFO] ProjectBuilder:2947 - Time for Copy CMSIS : 1mS.
2024-02-25 14:26:45,327 [INFO] ProjectBuilder:2947 - Time for Copy CMSIS : 0mS.
2024-02-25 19:43:47,283 [ERROR] LogOutputStream:75 - [STDERR_REDIRECT] 
