2024-03-16 07:47:56,715 [INFO] Activator:176 - 


2024-03-16 07:47:56,719 [INFO] Activator:177 - !SESSION log4j initialized
2024-03-16 07:48:02,074 [INFO] LogOutputStream:77 - [STDOUT_REDIRECT] 
2024-03-16 07:48:03,430 [INFO] ApplicationProperties:184 - Using Application install path: /opt/st/stm32cubeide_1.14.0/plugins/com.st.stm32cube.common.mx_6.10.0.202311202037
2024-03-16 07:48:03,448 [INFO] DbMcusXml:78 - Set database path to: /opt/st/stm32cubeide_1.14.0/plugins/com.st.stm32cube.common.mx_6.10.0.202311202037//db//mcu/
2024-03-16 07:48:03,449 [INFO] ApiDb:274 - Set plugin database path to: /opt/st/stm32cubeide_1.14.0/plugins/com.st.stm32cube.common.mx_6.10.0.202311202037//db//plugins/boardmanager/
2024-03-16 07:48:03,449 [WARN] ApiDb:259 - Overriding images path with different value:  => /opt/st/stm32cubeide_1.14.0/plugins/com.st.stm32cube.common.mx_6.10.0.202311202037//db//plugins/mcufinder/images/
2024-03-16 07:48:03,456 [INFO] ApiDb:250 - Set database path to: /home/fede/.stmcufinder/plugins/mcufinder//mcu/
2024-03-16 07:48:03,457 [INFO] DbMcusAds:125 - Set database path to: /home/fede/.stmcufinder/plugins/mcufinder//mcu/
2024-03-16 07:48:03,459 [INFO] CrossReferenceDbSqlite:203 - Set database path to: /home/fede/.stmcufinder/plugins/mcufinder//mcu/cs/
2024-03-16 07:48:03,556 [INFO] RulesReader:64 - Compatibility file has been processed (297 Rules)
2024-03-16 07:48:03,606 [INFO] DbMcusXml:78 - Set database path to: /opt/st/stm32cubeide_1.14.0/plugins/com.st.stm32cube.common.mx_6.10.0.202311202037//db//mcu/
2024-03-16 07:48:03,606 [INFO] ApiDb:274 - Set plugin database path to: /opt/st/stm32cubeide_1.14.0/plugins/com.st.stm32cube.common.mx_6.10.0.202311202037//db//plugins/boardmanager/
2024-03-16 07:48:03,606 [INFO] ApiDb:261 - Set plugin images path to: /opt/st/stm32cubeide_1.14.0/plugins/com.st.stm32cube.common.mx_6.10.0.202311202037//db//plugins/mcufinder/images/
2024-03-16 07:48:03,606 [WARN] DbFile:41 - Overriding database path with different value: /home/fede/.stmcufinder/plugins/mcufinder/ => /home/fede/.stmcufinder/plugins/mcufinder
2024-03-16 07:48:03,606 [INFO] ApiDb:250 - Set database path to: /home/fede/.stmcufinder/plugins/mcufinder//mcu/
2024-03-16 07:48:03,606 [WARN] DbFile:41 - Overriding database path with different value: /home/fede/.stmcufinder/plugins/mcufinder/ => /home/fede/.stmcufinder/plugins/mcufinder
2024-03-16 07:48:03,606 [INFO] DbMcusAds:125 - Set database path to: /home/fede/.stmcufinder/plugins/mcufinder//mcu/
2024-03-16 07:48:03,606 [WARN] DbFile:41 - Overriding database path with different value: /home/fede/.stmcufinder/plugins/mcufinder/ => /home/fede/.stmcufinder/plugins/mcufinder
2024-03-16 07:48:03,607 [WARN] DbFile:41 - Overriding database path with different value: /home/fede/.stmcufinder/plugins/mcufinder/ => /home/fede/.stmcufinder/plugins/mcufinder
2024-03-16 07:48:03,607 [INFO] CrossReferenceDbSqlite:203 - Set database path to: /home/fede/.stmcufinder/plugins/mcufinder//mcu/cs/
2024-03-16 07:48:03,661 [INFO] MainPanel:264 - HeapMemory: 268435456
2024-03-16 07:48:03,728 [INFO] DbMcusXml:78 - Set database path to: /opt/st/stm32cubeide_1.14.0/plugins/com.st.stm32cube.common.mx_6.10.0.202311202037//db//mcu/
2024-03-16 07:48:03,728 [INFO] ApiDb:274 - Set plugin database path to: /opt/st/stm32cubeide_1.14.0/plugins/com.st.stm32cube.common.mx_6.10.0.202311202037//db//plugins/boardmanager/
2024-03-16 07:48:03,728 [INFO] ApiDb:261 - Set plugin images path to: /opt/st/stm32cubeide_1.14.0/plugins/com.st.stm32cube.common.mx_6.10.0.202311202037//db//plugins/mcufinder/images/
2024-03-16 07:48:03,728 [WARN] DbFile:41 - Overriding database path with different value: /home/fede/.stmcufinder/plugins/mcufinder/ => /home/fede/.stmcufinder/plugins/mcufinder
2024-03-16 07:48:03,728 [INFO] ApiDb:250 - Set database path to: /home/fede/.stmcufinder/plugins/mcufinder//mcu/
2024-03-16 07:48:03,728 [WARN] DbFile:41 - Overriding database path with different value: /home/fede/.stmcufinder/plugins/mcufinder/ => /home/fede/.stmcufinder/plugins/mcufinder
2024-03-16 07:48:03,728 [INFO] DbMcusAds:125 - Set database path to: /home/fede/.stmcufinder/plugins/mcufinder//mcu/
2024-03-16 07:48:03,728 [WARN] DbFile:41 - Overriding database path with different value: /home/fede/.stmcufinder/plugins/mcufinder/ => /home/fede/.stmcufinder/plugins/mcufinder
2024-03-16 07:48:03,729 [WARN] DbFile:41 - Overriding database path with different value: /home/fede/.stmcufinder/plugins/mcufinder/ => /home/fede/.stmcufinder/plugins/mcufinder
2024-03-16 07:48:03,729 [INFO] CrossReferenceDbSqlite:203 - Set database path to: /home/fede/.stmcufinder/plugins/mcufinder//mcu/cs/
2024-03-16 07:48:03,740 [INFO] ApplicationProperties:184 - Using Application install path: /opt/st/stm32cubeide_1.14.0/plugins/com.st.stm32cube.common.mx_6.10.0.202311202037
2024-03-16 07:48:03,741 [INFO] PluginManage:196 - Search for loadable plugins [exclusion list=, ]
2024-03-16 07:48:03,742 [INFO] PluginManage:310 - Check plugin analytics
2024-03-16 07:48:03,840 [INFO] AnalyticsPlugin:253 - Accepted Software Licenses: 
2024-03-16 07:48:03,840 [INFO] AnalyticsPlugin:255 - Accepted CMSIS Pack Licenses: STMicroelectronics.X-CUBE-ALGOBUILD.1.3.0,ARM.CMSIS-DSP.1.15.0
2024-03-16 07:48:03,840 [INFO] AnalyticsPlugin:257 - Accepted Firmware Licenses: FW.F7.1.17.0
2024-03-16 07:48:03,841 [INFO] PluginManage:359 - Loaded plugin analytics (category:tool,tabindex:-1)
2024-03-16 07:48:03,841 [INFO] PluginManage:310 - Check plugin cadmodel
2024-03-16 07:48:03,963 [INFO] CADModel:105 - Init CAD model plugin
2024-03-16 07:48:03,963 [INFO] PluginManage:359 - Loaded plugin cadmodel (category:power,tabindex:5)
2024-03-16 07:48:03,963 [INFO] PluginManage:310 - Check plugin clock
2024-03-16 07:48:03,970 [INFO] PluginManage:359 - Loaded plugin clock (category:base,tabindex:2)
2024-03-16 07:48:03,970 [INFO] PluginManage:310 - Check plugin ddr
2024-03-16 07:48:03,972 [INFO] PluginManage:359 - Loaded plugin ddr (category:tool,tabindex:6)
2024-03-16 07:48:03,972 [INFO] PluginManage:310 - Check plugin filemanager
2024-03-16 07:48:04,082 [INFO] PluginManage:359 - Loaded plugin filemanager (category:base,tabindex:10)
2024-03-16 07:48:04,082 [INFO] PluginManage:310 - Check plugin ipmanager
2024-03-16 07:48:04,086 [INFO] PluginManage:359 - Loaded plugin ipmanager (category:base,tabindex:5)
2024-03-16 07:48:04,086 [INFO] PluginManage:310 - Check plugin lpbam
2024-03-16 07:48:04,093 [INFO] PluginManage:359 - Loaded plugin lpbam (category:base,tabindex:0)
2024-03-16 07:48:04,093 [INFO] PluginManage:310 - Check plugin memorymap
2024-03-16 07:48:04,101 [INFO] PluginManage:359 - Loaded plugin memorymap (category:base,tabindex:4)
2024-03-16 07:48:04,102 [INFO] PluginManage:310 - Check plugin pinoutandconfiguration
2024-03-16 07:48:04,107 [INFO] PluginManage:359 - Loaded plugin pinoutandconfiguration (category:base,tabindex:1)
2024-03-16 07:48:04,107 [INFO] PluginManage:310 - Check plugin pinoutconfig
2024-03-16 07:48:04,164 [WARN] SupportedApi:132 - Cannot load RTOS API schema: s4s-elt-must-match.1: The content of 'definitions' must match (annotation?, (simpleType | complexType)?, (unique | key | keyref)*)). A problem was found starting at: attribute.
2024-03-16 07:48:04,242 [INFO] PluginManage:359 - Loaded plugin pinoutconfig (category:base,tabindex:0)
2024-03-16 07:48:04,242 [INFO] PluginManage:310 - Check plugin power
2024-03-16 07:48:04,249 [INFO] PluginManage:359 - Loaded plugin power (category:power,tabindex:4)
2024-03-16 07:48:04,249 [INFO] PluginManage:310 - Check plugin projectmanager
2024-03-16 07:48:04,261 [INFO] PluginManage:359 - Loaded plugin projectmanager (category:projectmanager,tabindex:3)
2024-03-16 07:48:04,261 [INFO] PluginManage:310 - Check plugin thirdparty
2024-03-16 07:48:04,382 [INFO] PluginManage:359 - Loaded plugin thirdparty (category:base,tabindex:-1)
2024-03-16 07:48:04,382 [WARN] IntegrityCheckThread:84 - waiting for thirdparty lock release [integrity check]
2024-03-16 07:48:04,382 [INFO] PluginManage:310 - Check plugin tools
2024-03-16 07:48:04,382 [INFO] IntegrityCheckThread:86 - entering critical section [integrity check]
2024-03-16 07:48:04,383 [INFO] ThirdPartyUpdaterWithRetryManager:70 - Updater plugin not ready yet. [1/15]
2024-03-16 07:48:04,385 [INFO] PluginManage:359 - Loaded plugin tools (category:base,tabindex:7)
2024-03-16 07:48:04,385 [INFO] PluginManage:310 - Check plugin tutovideos
2024-03-16 07:48:04,499 [INFO] PluginManage:359 - Loaded plugin tutovideos (category:base,tabindex:-1)
2024-03-16 07:48:04,499 [INFO] PluginManage:310 - Check plugin updater
2024-03-16 07:48:04,507 [INFO] PluginManage:359 - Loaded plugin updater (category:base,tabindex:12)
2024-03-16 07:48:04,507 [INFO] PluginManage:310 - Check plugin userauth
2024-03-16 07:48:04,511 [INFO] UserAuth:114 - Init User Auth plugin
2024-03-16 07:48:04,511 [INFO] PluginManage:359 - Loaded plugin userauth (category:base,tabindex:14)
2024-03-16 07:48:04,512 [INFO] PluginManage:283 - PluginManage : Loaded plugins [17]
2024-03-16 07:48:04,632 [INFO] PinOutPanel:1499 - setPackage(No Configuration,No Configuration)
2024-03-16 07:48:04,678 [INFO] CADModel:165 - CPN selected for project level
2024-03-16 07:48:04,678 [INFO] CADModel:114 - Register for checkConnection events
2024-03-16 07:48:04,688 [INFO] IPUIPlugin:80 - create IPUIPlugin
2024-03-16 07:48:04,689 [INFO] PluginManager:220 - loadIPPluginJar : add gfxmmu
2024-03-16 07:48:04,690 [INFO] IPUIPlugin:80 - create IPUIPlugin
2024-03-16 07:48:04,690 [INFO] PluginManager:220 - loadIPPluginJar : add comp
2024-03-16 07:48:04,692 [INFO] IPUIPlugin:80 - create IPUIPlugin
2024-03-16 07:48:04,692 [INFO] PluginManager:220 - loadIPPluginJar : add usbx
2024-03-16 07:48:04,696 [INFO] IPUIPlugin:80 - create IPUIPlugin
2024-03-16 07:48:04,697 [INFO] PluginManager:220 - loadIPPluginJar : add linkedlist
2024-03-16 07:48:04,700 [INFO] IPUIPlugin:80 - create IPUIPlugin
2024-03-16 07:48:04,701 [INFO] PluginManager:220 - loadIPPluginJar : add mdma
2024-03-16 07:48:04,702 [INFO] IPUIPlugin:80 - create IPUIPlugin
2024-03-16 07:48:04,702 [INFO] PluginManager:220 - loadIPPluginJar : add i3c
2024-03-16 07:48:04,703 [INFO] IPUIPlugin:80 - create IPUIPlugin
2024-03-16 07:48:04,703 [INFO] PluginManager:220 - loadIPPluginJar : add cryp
2024-03-16 07:48:04,704 [INFO] IPUIPlugin:80 - create IPUIPlugin
2024-03-16 07:48:04,704 [INFO] PluginManager:220 - loadIPPluginJar : add quadspi
2024-03-16 07:48:04,705 [INFO] IPUIPlugin:80 - create IPUIPlugin
2024-03-16 07:48:04,705 [INFO] PluginManager:220 - loadIPPluginJar : add tsc
2024-03-16 07:48:04,706 [INFO] IPUIPlugin:80 - create IPUIPlugin
2024-03-16 07:48:04,706 [INFO] PluginManager:220 - loadIPPluginJar : add hash
2024-03-16 07:48:04,707 [INFO] IPUIPlugin:80 - create IPUIPlugin
2024-03-16 07:48:04,707 [INFO] PluginManager:220 - loadIPPluginJar : add aes
2024-03-16 07:48:04,708 [INFO] IPUIPlugin:80 - create IPUIPlugin
2024-03-16 07:48:04,708 [INFO] PluginManager:220 - loadIPPluginJar : add i2c
2024-03-16 07:48:04,710 [INFO] IPUIPlugin:80 - create IPUIPlugin
2024-03-16 07:48:04,710 [INFO] PluginManager:220 - loadIPPluginJar : add gtzc
2024-03-16 07:48:04,714 [INFO] IPUIPlugin:80 - create IPUIPlugin
2024-03-16 07:48:04,714 [INFO] PluginManager:220 - loadIPPluginJar : add stm32_wpan
2024-03-16 07:48:04,717 [INFO] IPUIPlugin:80 - create IPUIPlugin
2024-03-16 07:48:04,719 [INFO] PluginManager:220 - loadIPPluginJar : add plateformsettings
2024-03-16 07:48:04,723 [INFO] IPUIPlugin:80 - create IPUIPlugin
2024-03-16 07:48:04,723 [INFO] PluginManager:220 - loadIPPluginJar : add adc
2024-03-16 07:48:04,725 [INFO] IPUIPlugin:80 - create IPUIPlugin
2024-03-16 07:48:04,725 [INFO] PluginManager:220 - loadIPPluginJar : add sai
2024-03-16 07:48:04,728 [INFO] IPUIPlugin:80 - create IPUIPlugin
2024-03-16 07:48:04,728 [INFO] PluginManager:220 - loadIPPluginJar : add gic
2024-03-16 07:48:04,729 [INFO] IPUIPlugin:80 - create IPUIPlugin
2024-03-16 07:48:04,729 [INFO] PluginManager:220 - loadIPPluginJar : add opamp
2024-03-16 07:48:04,730 [INFO] IPUIPlugin:80 - create IPUIPlugin
2024-03-16 07:48:04,730 [INFO] PluginManager:220 - loadIPPluginJar : add i2s
2024-03-16 07:48:04,732 [INFO] IPUIPlugin:80 - create IPUIPlugin
2024-03-16 07:48:04,732 [INFO] PluginManager:220 - loadIPPluginJar : add touchsensing
2024-03-16 07:48:04,733 [INFO] IPUIPlugin:80 - create IPUIPlugin
2024-03-16 07:48:04,733 [INFO] PluginManager:220 - loadIPPluginJar : add dma3
2024-03-16 07:48:04,736 [INFO] IPUIPlugin:80 - create IPUIPlugin
2024-03-16 07:48:04,736 [INFO] PluginManager:220 - loadIPPluginJar : add gpio
2024-03-16 07:48:04,737 [INFO] IPUIPlugin:80 - create IPUIPlugin
2024-03-16 07:48:04,737 [INFO] PluginManager:220 - loadIPPluginJar : add lorawan
2024-03-16 07:48:04,738 [INFO] IPUIPlugin:80 - create IPUIPlugin
2024-03-16 07:48:04,738 [INFO] PluginManager:220 - loadIPPluginJar : add tracer_emb
2024-03-16 07:48:04,741 [INFO] IPUIPlugin:80 - create IPUIPlugin
2024-03-16 07:48:04,741 [INFO] PluginManager:220 - loadIPPluginJar : add ipddr
2024-03-16 07:48:04,743 [INFO] IPUIPlugin:80 - create IPUIPlugin
2024-03-16 07:48:04,743 [INFO] PluginManager:220 - loadIPPluginJar : add resmgrutility
2024-03-16 07:48:04,745 [INFO] IPUIPlugin:80 - create IPUIPlugin
2024-03-16 07:48:04,745 [INFO] PluginManager:220 - loadIPPluginJar : add fmc
2024-03-16 07:48:04,746 [INFO] IPUIPlugin:80 - create IPUIPlugin
2024-03-16 07:48:04,746 [INFO] PluginManager:220 - loadIPPluginJar : add tim
2024-03-16 07:48:04,747 [INFO] IPUIPlugin:80 - create IPUIPlugin
2024-03-16 07:48:04,747 [INFO] PluginManager:220 - loadIPPluginJar : add ltdc
2024-03-16 07:48:04,748 [INFO] IPUIPlugin:80 - create IPUIPlugin
2024-03-16 07:48:04,748 [INFO] PluginManager:220 - loadIPPluginJar : add genericplugin
2024-03-16 07:48:04,751 [INFO] IPUIPlugin:80 - create IPUIPlugin
2024-03-16 07:48:04,751 [INFO] PluginManager:220 - loadIPPluginJar : add dma
2024-03-16 07:48:04,753 [INFO] IPUIPlugin:80 - create IPUIPlugin
2024-03-16 07:48:04,753 [INFO] PluginManager:220 - loadIPPluginJar : add usart
2024-03-16 07:48:04,755 [INFO] IPUIPlugin:80 - create IPUIPlugin
2024-03-16 07:48:04,755 [INFO] PluginManager:220 - loadIPPluginJar : add openamp
2024-03-16 07:48:04,755 [INFO] IPUIPlugin:80 - create IPUIPlugin
2024-03-16 07:48:04,755 [INFO] PluginManager:220 - loadIPPluginJar : add fatfs
2024-03-16 07:48:04,756 [INFO] IPUIPlugin:80 - create IPUIPlugin
2024-03-16 07:48:04,756 [INFO] PluginManager:220 - loadIPPluginJar : add spi
2024-03-16 07:48:04,757 [INFO] IPUIPlugin:80 - create IPUIPlugin
2024-03-16 07:48:04,757 [INFO] PluginManager:220 - loadIPPluginJar : add dfsdm
2024-03-16 07:48:04,759 [INFO] IPUIPlugin:80 - create IPUIPlugin
2024-03-16 07:48:04,759 [INFO] PluginManager:220 - loadIPPluginJar : add can
2024-03-16 07:48:04,760 [INFO] IPUIPlugin:80 - create IPUIPlugin
2024-03-16 07:48:04,761 [INFO] PluginManager:220 - loadIPPluginJar : add nvic
2024-03-16 07:48:04,764 [INFO] IPUIPlugin:80 - create IPUIPlugin
2024-03-16 07:48:04,764 [INFO] PluginManager:220 - loadIPPluginJar : add freertos
2024-03-16 07:48:04,766 [INFO] IPUIPlugin:80 - create IPUIPlugin
2024-03-16 07:48:04,766 [INFO] PluginManager:220 - loadIPPluginJar : add pdm2pcm
2024-03-16 07:48:04,767 [INFO] IPUIPlugin:80 - create IPUIPlugin
2024-03-16 07:48:04,767 [INFO] PluginManager:220 - loadIPPluginJar : add ts
2024-03-16 07:48:04,768 [INFO] IPUIPlugin:80 - create IPUIPlugin
2024-03-16 07:48:04,768 [INFO] PluginManager:220 - loadIPPluginJar : add ucpd
2024-03-16 07:48:04,861 [INFO] CADModel:165 - CPN selected for project level
2024-03-16 07:48:04,861 [INFO] CADModel:114 - Register for checkConnection events
2024-03-16 07:48:04,861 [FATAL] Updater:308 - Updater called before beeing initialized
2024-03-16 07:48:04,862 [ERROR] CADModel:125 - Updater not yet initialized, retry later 
2024-03-16 07:48:04,953 [INFO] CADModel:165 - CPN selected for project level
2024-03-16 07:48:04,953 [INFO] CADModel:114 - Register for checkConnection events
2024-03-16 07:48:04,953 [FATAL] Updater:308 - Updater called before beeing initialized
2024-03-16 07:48:04,953 [ERROR] CADModel:125 - Updater not yet initialized, retry later 
2024-03-16 07:48:04,956 [FATAL] Updater:308 - Updater called before beeing initialized
2024-03-16 07:48:05,009 [FATAL] Updater:308 - Updater called before beeing initialized
2024-03-16 07:48:05,013 [INFO] DbMcusAds:53 - JSON generation date=Wed Nov 29 07:52:27 ART 2023 (1701255147349)
2024-03-16 07:48:05,013 [FATAL] Updater:308 - Updater called before beeing initialized
2024-03-16 07:48:05,039 [WARN] DetailPanel:346 - Failed to get advertising image, set to default
2024-03-16 07:48:05,140 [FATAL] Updater:308 - Updater called before beeing initialized
2024-03-16 07:48:05,141 [FATAL] Updater:308 - Updater called before beeing initialized
2024-03-16 07:48:05,141 [FATAL] Updater:308 - Updater called before beeing initialized
2024-03-16 07:48:05,141 [WARN] DetailPanel:346 - Failed to get advertising image, set to default
2024-03-16 07:48:05,142 [FATAL] Updater:308 - Updater called before beeing initialized
2024-03-16 07:48:05,172 [ERROR] Updater:1120 - MainUpdater not yet initialized. External WinMGr cannot be set.
2024-03-16 07:48:05,174 [INFO] Updater:1056 - Updater Version found : 6.10.0
2024-03-16 07:48:05,190 [INFO] ApplicationProperties:184 - Using Application install path: /opt/st/stm32cubeide_1.14.0/plugins/com.st.stm32cube.common.mx_6.10.0.202311202037
2024-03-16 07:48:05,628 [INFO] MainUpdater:2873 - connection check result : 10
2024-03-16 07:48:05,628 [INFO] MainUpdater:3567 - Updater definition file requires update
2024-03-16 07:48:05,629 [INFO] MainUpdater:290 - Updater Check For Update Now.
2024-03-16 07:48:05,629 [INFO] MicroXplorer:498 - Change Database Version : DB.6.0.100
2024-03-16 07:48:05,633 [INFO] McuFinderGlobals:63 - Set McuFinder mode to 2 (CubeIDE integrated)
2024-03-16 07:48:06,782 [INFO] UserAuth:404 - Internet connection configuration mode: 1
2024-03-16 07:48:06,798 [INFO] JxBrowserEngine:152 - Initiate JxBrowser Engine with user profile folder
2024-03-16 07:48:07,383 [WARN] MainUpdater:1194 - Updater busy. Cannot search thirdparties
2024-03-16 07:48:07,384 [INFO] ThirdPartyUpdaterWithRetryManager:96 - Updater plugin is busy. [1/15]
2024-03-16 07:48:07,536 [INFO] WebApp:161 - Instantiating new browser for Auth
2024-03-16 07:48:08,001 [INFO] WebApp:780 - Register for checkConnection events
2024-03-16 07:48:08,001 [INFO] WebApp:414 - Apply proxy settings
2024-03-16 07:48:08,001 [INFO] WebApp:499 - Chromium requires no authentication
2024-03-16 07:48:08,005 [INFO] WebApp:442 - Direct internet connection detected
2024-03-16 07:48:08,117 [INFO] WebApp:192 - Starting web application
2024-03-16 07:48:08,117 [INFO] WebApp:544 - Web application path used /opt/st/stm32cubeide_1.14.0/plugins/com.st.stm32cube.common.mx_6.10.0.202311202037/db/plugins/mcufinder/reactClient1/index.html
2024-03-16 07:48:09,954 [INFO] ServerAccessManage:473 - Download File updaters.zip
2024-03-16 07:48:10,263 [INFO] FileExtend:240 - Unzip File : updaters.zip
2024-03-16 07:48:10,264 [INFO] FileExtend:255 - Standard Zip Deflate
2024-03-16 07:48:10,386 [WARN] MainUpdater:1194 - Updater busy. Cannot search thirdparties
2024-03-16 07:48:10,387 [INFO] ThirdPartyUpdaterWithRetryManager:96 - Updater plugin is busy. [2/15]
2024-03-16 07:48:12,042 [INFO] ServerAccessManage:473 - Download File PacksControlFlags.xml
2024-03-16 07:48:13,387 [WARN] MainUpdater:1194 - Updater busy. Cannot search thirdparties
2024-03-16 07:48:13,387 [INFO] ThirdPartyUpdaterWithRetryManager:96 - Updater plugin is busy. [3/15]
2024-03-16 07:48:13,434 [INFO] ServerAccessManage:473 - Download File cubemx.pidx
2024-03-16 07:48:13,555 [INFO] LoadServerUpdatesThread:375 - End of LoadServerUpdate Thread
2024-03-16 07:48:13,698 [INFO] CheckServerUpdateThread:120 - End of CheckServer Thread
2024-03-16 07:48:16,469 [WARN] PackLoader:240 - Cannot read IP mode file for STMicroelectronics.X-CUBE-SMBUS.2.1.0
2024-03-16 07:48:16,475 [WARN] PackLoader:240 - Cannot read IP mode file for STMicroelectronics.X-CUBE-TOUCHGFX.4.23.0
2024-03-16 07:48:16,497 [WARN] PackLoader:240 - Cannot read IP mode file for STMicroelectronics.X-CUBE-AZRTOS-F7.1.1.0
2024-03-16 07:48:16,504 [WARN] PackLoader:240 - Cannot read IP mode file for STMicroelectronics.FP-SNS-MOTENV1.4.3.2
2024-03-16 07:48:16,509 [WARN] PackLoader:240 - Cannot read IP mode file for STMicroelectronics.FP-SNS-FLIGHT1.5.0.2
2024-03-16 07:48:16,516 [WARN] PackLoader:240 - Cannot read IP mode file for STMicroelectronics.X-CUBE-DISPLAY.3.0.0
2024-03-16 07:48:16,525 [WARN] PackLoader:240 - Cannot read IP mode file for STMicroelectronics.X-CUBE-BLE1.7.0.0
2024-03-16 07:48:16,529 [WARN] PackLoader:240 - Cannot read IP mode file for emotas.I-CUBE-CANOPEN.1.3.0
2024-03-16 07:48:16,531 [WARN] PackLoader:240 - Cannot read IP mode file for STMicroelectronics.X-CUBE-TOUCHGFX.4.22.0
2024-03-16 07:48:16,533 [WARN] PackLoader:240 - Cannot read IP mode file for STMicroelectronics.X-CUBE-TOUCHGFX.4.22.1
2024-03-16 07:48:16,540 [WARN] PackLoader:240 - Cannot read IP mode file for STMicroelectronics.X-CUBE-BLEMGR.3.1.0
2024-03-16 07:48:16,546 [WARN] PackLoader:240 - Cannot read IP mode file for STMicroelectronics.FP-SNS-SMARTAG2.1.2.0
2024-03-16 07:48:16,552 [INFO] LogOutputStream:77 - [STDOUT_REDIRECT] 1 : Invalid condition id : UX_CORESTACK_Condition cause : null
2024-03-16 07:48:16,552 [INFO] LogOutputStream:77 - [STDOUT_REDIRECT] 1 : Invalid condition id : UX_CORESTACK_Condition cause : null
2024-03-16 07:48:16,553 [INFO] LogOutputStream:77 - [STDOUT_REDIRECT] 1 : Invalid condition id : UX_CORESTACK_Condition cause : null
2024-03-16 07:48:16,553 [INFO] LogOutputStream:77 - [STDOUT_REDIRECT] 1 : Invalid condition id : UX_CORESTACK_Condition cause : null
2024-03-16 07:48:16,553 [INFO] LogOutputStream:77 - [STDOUT_REDIRECT] 1 : Invalid condition id : UX_CORESTACK_Condition cause : null
2024-03-16 07:48:16,556 [WARN] PackLoader:240 - Cannot read IP mode file for STMicroelectronics.X-CUBE-AZRTOS-WL.2.0.0
2024-03-16 07:48:16,563 [WARN] PackLoader:240 - Cannot read IP mode file for WES.I-CUBE-Cesium.1.3.0
2024-03-16 07:48:16,566 [WARN] PackLoader:240 - Cannot read IP mode file for STMicroelectronics.X-CUBE-BLE2.3.3.0
2024-03-16 07:48:16,571 [WARN] PackLoader:240 - Cannot read IP mode file for STMicroelectronics.X-CUBE-ALGOBUILD.1.3.0
2024-03-16 07:48:16,614 [WARN] PackLoader:240 - Cannot read IP mode file for STMicroelectronics.X-CUBE-AZRTOS-G0.1.1.0
2024-03-16 07:48:16,620 [WARN] PackLoader:240 - Cannot read IP mode file for STMicroelectronics.X-CUBE-NFC4.3.0.0
2024-03-16 07:48:16,628 [WARN] PackLoader:240 - Cannot read IP mode file for STMicroelectronics.X-CUBE-BLEMGR.3.0.0
2024-03-16 07:48:16,632 [WARN] PackLoader:240 - Cannot read IP mode file for STMicroelectronics.FP-ATR-SIGFOX1.3.2.0
2024-03-16 07:48:16,636 [WARN] PackLoader:240 - Cannot read IP mode file for STMicroelectronics.X-CUBE-EEPRMA1.5.1.0
2024-03-16 07:48:16,665 [WARN] PackLoader:240 - Cannot read IP mode file for SEGGER.I-CUBE-embOS.1.3.1
2024-03-16 07:48:16,704 [WARN] PackLoader:240 - Cannot read IP mode file for STMicroelectronics.X-CUBE-GNSS1.6.0.0
2024-03-16 07:48:16,718 [WARN] PackLoader:240 - Cannot read IP mode file for STMicroelectronics.X-CUBE-AZRTOS-F4.1.1.0
2024-03-16 07:48:16,723 [WARN] PackLoader:240 - Cannot read IP mode file for wolfSSL.I-CUBE-wolfSSL.5.6.3
2024-03-16 07:48:16,726 [WARN] PackLoader:240 - Cannot read IP mode file for wolfSSL.I-CUBE-wolfSSL.5.6.6
2024-03-16 07:48:16,742 [WARN] PackLoader:240 - Cannot read IP mode file for STMicroelectronics.X-CUBE-AZRTOS-L5.2.0.0
2024-03-16 07:48:16,778 [WARN] PackLoader:240 - Cannot read IP mode file for STMicroelectronics.X-CUBE-MEMS1.9.6.0
2024-03-16 07:48:16,956 [WARN] PackLoader:240 - Cannot read IP mode file for STMicroelectronics.X-CUBE-EEPRMA1.4.2.0
2024-03-16 07:48:16,960 [WARN] PackLoader:240 - Cannot read IP mode file for ITTIA_DB.I-CUBE-ITTIADB.8.8.0
2024-03-16 07:48:16,966 [WARN] PackLoader:240 - Cannot read IP mode file for STMicroelectronics.X-CUBE-BLEMGR.2.0.0
2024-03-16 07:48:16,979 [WARN] ConditionMgr:438 - getConditionDescription Invalid condition id : UX DEVICE CLASS RTOS Condition cause : null
2024-03-16 07:48:16,980 [WARN] ConditionMgr:438 - getConditionDescription Invalid condition id : UX DEVICE CLASS RTOS Condition cause : null
2024-03-16 07:48:16,982 [WARN] PackLoader:240 - Cannot read IP mode file for STMicroelectronics.X-CUBE-AZRTOS-H7.3.1.0
2024-03-16 07:48:16,983 [WARN] ConditionMgr:1039 - genDependencies : Invalid condition id : UX DEVICE CLASS RTOS Condition cause : null
2024-03-16 07:48:16,983 [WARN] ConditionMgr:1039 - genDependencies : Invalid condition id : UX DEVICE CLASS RTOS Condition cause : null
2024-03-16 07:48:16,983 [WARN] ConditionMgr:1039 - genDependencies : Invalid condition id : UX DEVICE CLASS RTOS Condition cause : null
2024-03-16 07:48:16,984 [WARN] ConditionMgr:1039 - genDependencies : Invalid condition id : UX DEVICE CLASS RTOS Condition cause : null
2024-03-16 07:48:16,984 [WARN] ConditionMgr:1039 - genDependencies : Invalid condition id : UX DEVICE CLASS RTOS Condition cause : null
2024-03-16 07:48:16,988 [WARN] PackLoader:240 - Cannot read IP mode file for STMicroelectronics.X-CUBE-NFC7.1.0.1
2024-03-16 07:48:16,993 [WARN] PackLoader:240 - Cannot read IP mode file for STMicroelectronics.X-CUBE-NFC6.3.0.0
2024-03-16 07:48:16,999 [WARN] PackLoader:240 - Cannot read IP mode file for STMicroelectronics.X-CUBE-EEPRMA1.4.1.0
2024-03-16 07:48:17,002 [WARN] PackLoader:240 - Cannot read IP mode file for STMicroelectronics.X-CUBE-AI.8.1.0
2024-03-16 07:48:17,015 [WARN] ConditionMgr:438 - getConditionDescription Invalid condition id : LAN8742 Phy interface Condition cause : null
2024-03-16 07:48:17,016 [WARN] PackLoader:240 - Cannot read IP mode file for STMicroelectronics.X-CUBE-AZRTOS-L4.2.0.0
2024-03-16 07:48:17,017 [WARN] ConditionMgr:1039 - genDependencies : Invalid condition id : LAN8742 Phy interface Condition cause : null
2024-03-16 07:48:17,017 [WARN] ConditionMgr:1039 - genDependencies : Invalid condition id : LAN8742 Phy interface Condition cause : null
2024-03-16 07:48:17,017 [WARN] ConditionMgr:1039 - genDependencies : Invalid condition id : LAN8742 Phy interface Condition cause : null
2024-03-16 07:48:17,023 [WARN] PackLoader:240 - Cannot read IP mode file for STMicroelectronics.X-CUBE-SFXS2LP1.4.0.0
2024-03-16 07:48:17,027 [WARN] PackLoader:240 - Cannot read IP mode file for STMicroelectronics.X-CUBE-ISPU.1.1.0
2024-03-16 07:48:17,035 [WARN] ConditionMgr:438 - getConditionDescription Invalid condition id : UX DEVICE CLASS RTOS Condition cause : null
2024-03-16 07:48:17,035 [WARN] ConditionMgr:438 - getConditionDescription Invalid condition id : UX DEVICE CLASS RTOS Condition cause : null
2024-03-16 07:48:17,036 [WARN] PackLoader:240 - Cannot read IP mode file for STMicroelectronics.X-CUBE-AZRTOS-WB.2.0.0
2024-03-16 07:48:17,037 [WARN] ConditionMgr:1039 - genDependencies : Invalid condition id : UX DEVICE CLASS RTOS Condition cause : null
2024-03-16 07:48:17,037 [WARN] ConditionMgr:1039 - genDependencies : Invalid condition id : UX DEVICE CLASS RTOS Condition cause : null
2024-03-16 07:48:17,037 [WARN] ConditionMgr:1039 - genDependencies : Invalid condition id : UX DEVICE CLASS RTOS Condition cause : null
2024-03-16 07:48:17,037 [WARN] ConditionMgr:1039 - genDependencies : Invalid condition id : UX DEVICE CLASS RTOS Condition cause : null
2024-03-16 07:48:17,037 [WARN] ConditionMgr:1039 - genDependencies : Invalid condition id : UX DEVICE CLASS RTOS Condition cause : null
2024-03-16 07:48:17,045 [WARN] PackLoader:240 - Cannot read IP mode file for STMicroelectronics.X-CUBE-SUBG2.5.0.0
2024-03-16 07:48:17,054 [WARN] PackLoader:240 - Cannot read IP mode file for STMicroelectronics.X-CUBE-TOF1.3.3.1
2024-03-16 07:48:17,067 [WARN] PackLoader:240 - Cannot read IP mode file for STMicroelectronics.X-CUBE-AZRTOS-G4.2.0.0
2024-03-16 07:48:17,076 [WARN] PackLoader:240 - Cannot read IP mode file for Infineon.AIROC-Wi-Fi-Bluetooth-STM32.1.5.1
2024-03-16 07:48:17,082 [WARN] PackLoader:240 - Cannot read IP mode file for STMicroelectronics.FP-SNS-MOTENVWB1.1.3.0
2024-03-16 07:48:17,085 [WARN] PackLoader:240 - Cannot read IP mode file for STMicroelectronics.FP-SNS-MOTENVWB1.1.3.1
2024-03-16 07:48:17,088 [WARN] PackLoader:240 - Cannot read IP mode file for STMicroelectronics.X-CUBE-ISPU.2.0.0
2024-03-16 07:48:17,110 [WARN] PackLoader:240 - Cannot read IP mode file for STMicroelectronics.X-CUBE-MEMS1.10.0.0
2024-03-16 07:48:17,178 [WARN] PackLoader:240 - Cannot read IP mode file for STMicroelectronics.X-CUBE-FREERTOS.1.1.0
2024-03-16 07:48:17,181 [WARN] PackLoader:240 - Cannot read IP mode file for portGmbH.I-Cube-SoM-uGOAL.1.1.0
2024-03-16 07:48:17,184 [WARN] PackLoader:240 - Cannot read IP mode file for STMicroelectronics.X-CUBE-ALS.1.0.1
2024-03-16 07:48:17,187 [WARN] PackLoader:240 - Cannot read IP mode file for STMicroelectronics.FP-ATR-ASTRA1.2.0.0
2024-03-16 07:48:17,195 [WARN] PackLoader:240 - Cannot read IP mode file for STMicroelectronics.X-CUBE-TOF1.3.4.0
2024-03-16 07:48:17,210 [WARN] PackLoader:240 - Cannot read IP mode file for STMicroelectronics.X-CUBE-TOF1.3.4.1
2024-03-16 07:48:17,241 [WARN] PackLoader:240 - Cannot read IP mode file for STMicroelectronics.X-CUBE-AZRTOS-H7.3.2.0
2024-03-16 07:48:17,247 [INFO] ThirdParty:978 - Integrity check success = true
2024-03-16 07:48:17,247 [INFO] IntegrityCheckThread:100 - exiting critical section [integrity check]
2024-03-16 07:48:17,247 [INFO] IntegrityCheckThread:103 - End integrity checks thread
2024-03-16 07:48:28,475 [ERROR] LogOutputStream:75 - [STDERR_REDIRECT] SLF4J: Failed to load class "org.slf4j.impl.StaticLoggerBinder".
2024-03-16 07:48:28,475 [ERROR] LogOutputStream:75 - [STDERR_REDIRECT] SLF4J: Defaulting to no-operation (NOP) logger implementation
2024-03-16 07:48:28,475 [ERROR] LogOutputStream:75 - [STDERR_REDIRECT] SLF4J: See http://www.slf4j.org/codes.html#StaticLoggerBinder for further details.
2024-03-16 15:00:39,370 [ERROR] LogOutputStream:75 - [STDERR_REDIRECT] 
