2024-04-26 21:20:38,017 [INFO] Activator:176 - 


2024-04-26 21:20:38,020 [INFO] Activator:177 - !SESSION log4j initialized
2024-04-26 21:20:42,915 [INFO] LogOutputStream:77 - [STDOUT_REDIRECT] 
2024-04-26 21:20:44,623 [INFO] ApplicationProperties:184 - Using Application install path: /opt/st/stm32cubeide_1.14.0/plugins/com.st.stm32cube.common.mx_6.10.0.202311202037
2024-04-26 21:20:44,644 [INFO] DbMcusXml:78 - Set database path to: /opt/st/stm32cubeide_1.14.0/plugins/com.st.stm32cube.common.mx_6.10.0.202311202037//db//mcu/
2024-04-26 21:20:44,644 [INFO] ApiDb:274 - Set plugin database path to: /opt/st/stm32cubeide_1.14.0/plugins/com.st.stm32cube.common.mx_6.10.0.202311202037//db//plugins/boardmanager/
2024-04-26 21:20:44,644 [WARN] ApiDb:259 - Overriding images path with different value:  => /opt/st/stm32cubeide_1.14.0/plugins/com.st.stm32cube.common.mx_6.10.0.202311202037//db//plugins/mcufinder/images/
2024-04-26 21:20:44,652 [INFO] ApiDb:250 - Set database path to: /home/fede/.stmcufinder/plugins/mcufinder//mcu/
2024-04-26 21:20:44,653 [INFO] DbMcusAds:125 - Set database path to: /home/fede/.stmcufinder/plugins/mcufinder//mcu/
2024-04-26 21:20:44,656 [INFO] CrossReferenceDbSqlite:203 - Set database path to: /home/fede/.stmcufinder/plugins/mcufinder//mcu/cs/
2024-04-26 21:20:44,801 [INFO] RulesReader:64 - Compatibility file has been processed (297 Rules)
2024-04-26 21:20:44,884 [INFO] DbMcusXml:78 - Set database path to: /opt/st/stm32cubeide_1.14.0/plugins/com.st.stm32cube.common.mx_6.10.0.202311202037//db//mcu/
2024-04-26 21:20:44,885 [INFO] ApiDb:274 - Set plugin database path to: /opt/st/stm32cubeide_1.14.0/plugins/com.st.stm32cube.common.mx_6.10.0.202311202037//db//plugins/boardmanager/
2024-04-26 21:20:44,885 [INFO] ApiDb:261 - Set plugin images path to: /opt/st/stm32cubeide_1.14.0/plugins/com.st.stm32cube.common.mx_6.10.0.202311202037//db//plugins/mcufinder/images/
2024-04-26 21:20:44,885 [WARN] DbFile:41 - Overriding database path with different value: /home/fede/.stmcufinder/plugins/mcufinder/ => /home/fede/.stmcufinder/plugins/mcufinder
2024-04-26 21:20:44,885 [INFO] ApiDb:250 - Set database path to: /home/fede/.stmcufinder/plugins/mcufinder//mcu/
2024-04-26 21:20:44,885 [WARN] DbFile:41 - Overriding database path with different value: /home/fede/.stmcufinder/plugins/mcufinder/ => /home/fede/.stmcufinder/plugins/mcufinder
2024-04-26 21:20:44,885 [INFO] DbMcusAds:125 - Set database path to: /home/fede/.stmcufinder/plugins/mcufinder//mcu/
2024-04-26 21:20:44,886 [WARN] DbFile:41 - Overriding database path with different value: /home/fede/.stmcufinder/plugins/mcufinder/ => /home/fede/.stmcufinder/plugins/mcufinder
2024-04-26 21:20:44,886 [WARN] DbFile:41 - Overriding database path with different value: /home/fede/.stmcufinder/plugins/mcufinder/ => /home/fede/.stmcufinder/plugins/mcufinder
2024-04-26 21:20:44,886 [INFO] CrossReferenceDbSqlite:203 - Set database path to: /home/fede/.stmcufinder/plugins/mcufinder//mcu/cs/
2024-04-26 21:20:44,974 [INFO] MainPanel:264 - HeapMemory: 268435456
2024-04-26 21:20:45,104 [INFO] DbMcusXml:78 - Set database path to: /opt/st/stm32cubeide_1.14.0/plugins/com.st.stm32cube.common.mx_6.10.0.202311202037//db//mcu/
2024-04-26 21:20:45,104 [INFO] ApiDb:274 - Set plugin database path to: /opt/st/stm32cubeide_1.14.0/plugins/com.st.stm32cube.common.mx_6.10.0.202311202037//db//plugins/boardmanager/
2024-04-26 21:20:45,104 [INFO] ApiDb:261 - Set plugin images path to: /opt/st/stm32cubeide_1.14.0/plugins/com.st.stm32cube.common.mx_6.10.0.202311202037//db//plugins/mcufinder/images/
2024-04-26 21:20:45,105 [WARN] DbFile:41 - Overriding database path with different value: /home/fede/.stmcufinder/plugins/mcufinder/ => /home/fede/.stmcufinder/plugins/mcufinder
2024-04-26 21:20:45,105 [INFO] ApiDb:250 - Set database path to: /home/fede/.stmcufinder/plugins/mcufinder//mcu/
2024-04-26 21:20:45,105 [WARN] DbFile:41 - Overriding database path with different value: /home/fede/.stmcufinder/plugins/mcufinder/ => /home/fede/.stmcufinder/plugins/mcufinder
2024-04-26 21:20:45,105 [INFO] DbMcusAds:125 - Set database path to: /home/fede/.stmcufinder/plugins/mcufinder//mcu/
2024-04-26 21:20:45,105 [WARN] DbFile:41 - Overriding database path with different value: /home/fede/.stmcufinder/plugins/mcufinder/ => /home/fede/.stmcufinder/plugins/mcufinder
2024-04-26 21:20:45,105 [WARN] DbFile:41 - Overriding database path with different value: /home/fede/.stmcufinder/plugins/mcufinder/ => /home/fede/.stmcufinder/plugins/mcufinder
2024-04-26 21:20:45,105 [INFO] CrossReferenceDbSqlite:203 - Set database path to: /home/fede/.stmcufinder/plugins/mcufinder//mcu/cs/
2024-04-26 21:20:45,127 [INFO] ApplicationProperties:184 - Using Application install path: /opt/st/stm32cubeide_1.14.0/plugins/com.st.stm32cube.common.mx_6.10.0.202311202037
2024-04-26 21:20:45,129 [INFO] PluginManage:196 - Search for loadable plugins [exclusion list=, ]
2024-04-26 21:20:45,131 [INFO] PluginManage:310 - Check plugin analytics
2024-04-26 21:20:45,381 [INFO] AnalyticsPlugin:253 - Accepted Software Licenses: 
2024-04-26 21:20:45,381 [INFO] AnalyticsPlugin:255 - Accepted CMSIS Pack Licenses: STMicroelectronics.X-CUBE-ALGOBUILD.1.3.0,ARM.CMSIS-DSP.1.15.0
2024-04-26 21:20:45,381 [INFO] AnalyticsPlugin:257 - Accepted Firmware Licenses: FW.F7.1.17.0
2024-04-26 21:20:45,386 [INFO] PluginManage:359 - Loaded plugin analytics (category:tool,tabindex:-1)
2024-04-26 21:20:45,387 [INFO] PluginManage:310 - Check plugin cadmodel
2024-04-26 21:20:45,751 [INFO] CADModel:105 - Init CAD model plugin
2024-04-26 21:20:45,752 [INFO] PluginManage:359 - Loaded plugin cadmodel (category:power,tabindex:5)
2024-04-26 21:20:45,752 [INFO] PluginManage:310 - Check plugin clock
2024-04-26 21:20:45,766 [INFO] PluginManage:359 - Loaded plugin clock (category:base,tabindex:2)
2024-04-26 21:20:45,766 [INFO] PluginManage:310 - Check plugin ddr
2024-04-26 21:20:45,769 [INFO] PluginManage:359 - Loaded plugin ddr (category:tool,tabindex:6)
2024-04-26 21:20:45,769 [INFO] PluginManage:310 - Check plugin filemanager
2024-04-26 21:20:45,991 [INFO] PluginManage:359 - Loaded plugin filemanager (category:base,tabindex:10)
2024-04-26 21:20:45,991 [INFO] PluginManage:310 - Check plugin ipmanager
2024-04-26 21:20:45,999 [INFO] PluginManage:359 - Loaded plugin ipmanager (category:base,tabindex:5)
2024-04-26 21:20:45,999 [INFO] PluginManage:310 - Check plugin lpbam
2024-04-26 21:20:46,012 [INFO] PluginManage:359 - Loaded plugin lpbam (category:base,tabindex:0)
2024-04-26 21:20:46,013 [INFO] PluginManage:310 - Check plugin memorymap
2024-04-26 21:20:46,029 [INFO] PluginManage:359 - Loaded plugin memorymap (category:base,tabindex:4)
2024-04-26 21:20:46,029 [INFO] PluginManage:310 - Check plugin pinoutandconfiguration
2024-04-26 21:20:46,039 [INFO] PluginManage:359 - Loaded plugin pinoutandconfiguration (category:base,tabindex:1)
2024-04-26 21:20:46,039 [INFO] PluginManage:310 - Check plugin pinoutconfig
2024-04-26 21:20:46,157 [WARN] SupportedApi:132 - Cannot load RTOS API schema: s4s-elt-must-match.1: The content of 'definitions' must match (annotation?, (simpleType | complexType)?, (unique | key | keyref)*)). A problem was found starting at: attribute.
2024-04-26 21:20:46,337 [INFO] PluginManage:359 - Loaded plugin pinoutconfig (category:base,tabindex:0)
2024-04-26 21:20:46,337 [INFO] PluginManage:310 - Check plugin power
2024-04-26 21:20:46,348 [INFO] PluginManage:359 - Loaded plugin power (category:power,tabindex:4)
2024-04-26 21:20:46,348 [INFO] PluginManage:310 - Check plugin projectmanager
2024-04-26 21:20:46,368 [INFO] PluginManage:359 - Loaded plugin projectmanager (category:projectmanager,tabindex:3)
2024-04-26 21:20:46,368 [INFO] PluginManage:310 - Check plugin thirdparty
2024-04-26 21:20:46,529 [INFO] PluginManage:359 - Loaded plugin thirdparty (category:base,tabindex:-1)
2024-04-26 21:20:46,528 [WARN] IntegrityCheckThread:84 - waiting for thirdparty lock release [integrity check]
2024-04-26 21:20:46,529 [INFO] PluginManage:310 - Check plugin tools
2024-04-26 21:20:46,529 [INFO] IntegrityCheckThread:86 - entering critical section [integrity check]
2024-04-26 21:20:46,529 [INFO] ThirdPartyUpdaterWithRetryManager:70 - Updater plugin not ready yet. [1/15]
2024-04-26 21:20:46,531 [INFO] PluginManage:359 - Loaded plugin tools (category:base,tabindex:7)
2024-04-26 21:20:46,532 [INFO] PluginManage:310 - Check plugin tutovideos
2024-04-26 21:20:46,786 [INFO] PluginManage:359 - Loaded plugin tutovideos (category:base,tabindex:-1)
2024-04-26 21:20:46,787 [INFO] PluginManage:310 - Check plugin updater
2024-04-26 21:20:46,801 [INFO] PluginManage:359 - Loaded plugin updater (category:base,tabindex:12)
2024-04-26 21:20:46,802 [INFO] PluginManage:310 - Check plugin userauth
2024-04-26 21:20:46,809 [INFO] UserAuth:114 - Init User Auth plugin
2024-04-26 21:20:46,809 [INFO] PluginManage:359 - Loaded plugin userauth (category:base,tabindex:14)
2024-04-26 21:20:46,810 [INFO] PluginManage:283 - PluginManage : Loaded plugins [17]
2024-04-26 21:20:47,045 [INFO] PinOutPanel:1499 - setPackage(No Configuration,No Configuration)
2024-04-26 21:20:47,120 [INFO] CADModel:165 - CPN selected for project level
2024-04-26 21:20:47,120 [INFO] CADModel:114 - Register for checkConnection events
2024-04-26 21:20:47,137 [INFO] IPUIPlugin:80 - create IPUIPlugin
2024-04-26 21:20:47,137 [INFO] PluginManager:220 - loadIPPluginJar : add gfxmmu
2024-04-26 21:20:47,139 [INFO] IPUIPlugin:80 - create IPUIPlugin
2024-04-26 21:20:47,139 [INFO] PluginManager:220 - loadIPPluginJar : add comp
2024-04-26 21:20:47,142 [INFO] IPUIPlugin:80 - create IPUIPlugin
2024-04-26 21:20:47,142 [INFO] PluginManager:220 - loadIPPluginJar : add usbx
2024-04-26 21:20:47,151 [INFO] IPUIPlugin:80 - create IPUIPlugin
2024-04-26 21:20:47,152 [INFO] PluginManager:220 - loadIPPluginJar : add linkedlist
2024-04-26 21:20:47,160 [INFO] IPUIPlugin:80 - create IPUIPlugin
2024-04-26 21:20:47,160 [INFO] PluginManager:220 - loadIPPluginJar : add mdma
2024-04-26 21:20:47,163 [INFO] IPUIPlugin:80 - create IPUIPlugin
2024-04-26 21:20:47,163 [INFO] PluginManager:220 - loadIPPluginJar : add i3c
2024-04-26 21:20:47,165 [INFO] IPUIPlugin:80 - create IPUIPlugin
2024-04-26 21:20:47,166 [INFO] PluginManager:220 - loadIPPluginJar : add cryp
2024-04-26 21:20:47,167 [INFO] IPUIPlugin:80 - create IPUIPlugin
2024-04-26 21:20:47,167 [INFO] PluginManager:220 - loadIPPluginJar : add quadspi
2024-04-26 21:20:47,169 [INFO] IPUIPlugin:80 - create IPUIPlugin
2024-04-26 21:20:47,169 [INFO] PluginManager:220 - loadIPPluginJar : add tsc
2024-04-26 21:20:47,171 [INFO] IPUIPlugin:80 - create IPUIPlugin
2024-04-26 21:20:47,171 [INFO] PluginManager:220 - loadIPPluginJar : add hash
2024-04-26 21:20:47,173 [INFO] IPUIPlugin:80 - create IPUIPlugin
2024-04-26 21:20:47,174 [INFO] PluginManager:220 - loadIPPluginJar : add aes
2024-04-26 21:20:47,176 [INFO] IPUIPlugin:80 - create IPUIPlugin
2024-04-26 21:20:47,176 [INFO] PluginManager:220 - loadIPPluginJar : add i2c
2024-04-26 21:20:47,179 [INFO] IPUIPlugin:80 - create IPUIPlugin
2024-04-26 21:20:47,179 [INFO] PluginManager:220 - loadIPPluginJar : add gtzc
2024-04-26 21:20:47,187 [INFO] IPUIPlugin:80 - create IPUIPlugin
2024-04-26 21:20:47,187 [INFO] PluginManager:220 - loadIPPluginJar : add stm32_wpan
2024-04-26 21:20:47,194 [INFO] IPUIPlugin:80 - create IPUIPlugin
2024-04-26 21:20:47,198 [INFO] PluginManager:220 - loadIPPluginJar : add plateformsettings
2024-04-26 21:20:47,205 [INFO] IPUIPlugin:80 - create IPUIPlugin
2024-04-26 21:20:47,205 [INFO] PluginManager:220 - loadIPPluginJar : add adc
2024-04-26 21:20:47,209 [INFO] IPUIPlugin:80 - create IPUIPlugin
2024-04-26 21:20:47,209 [INFO] PluginManager:220 - loadIPPluginJar : add sai
2024-04-26 21:20:47,218 [INFO] IPUIPlugin:80 - create IPUIPlugin
2024-04-26 21:20:47,218 [INFO] PluginManager:220 - loadIPPluginJar : add gic
2024-04-26 21:20:47,222 [INFO] IPUIPlugin:80 - create IPUIPlugin
2024-04-26 21:20:47,222 [INFO] PluginManager:220 - loadIPPluginJar : add opamp
2024-04-26 21:20:47,224 [INFO] IPUIPlugin:80 - create IPUIPlugin
2024-04-26 21:20:47,224 [INFO] PluginManager:220 - loadIPPluginJar : add i2s
2024-04-26 21:20:47,228 [INFO] IPUIPlugin:80 - create IPUIPlugin
2024-04-26 21:20:47,228 [INFO] PluginManager:220 - loadIPPluginJar : add touchsensing
2024-04-26 21:20:47,230 [INFO] IPUIPlugin:80 - create IPUIPlugin
2024-04-26 21:20:47,231 [INFO] PluginManager:220 - loadIPPluginJar : add dma3
2024-04-26 21:20:47,237 [INFO] IPUIPlugin:80 - create IPUIPlugin
2024-04-26 21:20:47,237 [INFO] PluginManager:220 - loadIPPluginJar : add gpio
2024-04-26 21:20:47,240 [INFO] IPUIPlugin:80 - create IPUIPlugin
2024-04-26 21:20:47,240 [INFO] PluginManager:220 - loadIPPluginJar : add lorawan
2024-04-26 21:20:47,243 [INFO] IPUIPlugin:80 - create IPUIPlugin
2024-04-26 21:20:47,243 [INFO] PluginManager:220 - loadIPPluginJar : add tracer_emb
2024-04-26 21:20:47,247 [INFO] IPUIPlugin:80 - create IPUIPlugin
2024-04-26 21:20:47,247 [INFO] PluginManager:220 - loadIPPluginJar : add ipddr
2024-04-26 21:20:47,251 [INFO] IPUIPlugin:80 - create IPUIPlugin
2024-04-26 21:20:47,251 [INFO] PluginManager:220 - loadIPPluginJar : add resmgrutility
2024-04-26 21:20:47,256 [INFO] IPUIPlugin:80 - create IPUIPlugin
2024-04-26 21:20:47,256 [INFO] PluginManager:220 - loadIPPluginJar : add fmc
2024-04-26 21:20:47,258 [INFO] IPUIPlugin:80 - create IPUIPlugin
2024-04-26 21:20:47,258 [INFO] PluginManager:220 - loadIPPluginJar : add tim
2024-04-26 21:20:47,259 [INFO] IPUIPlugin:80 - create IPUIPlugin
2024-04-26 21:20:47,260 [INFO] PluginManager:220 - loadIPPluginJar : add ltdc
2024-04-26 21:20:47,261 [INFO] IPUIPlugin:80 - create IPUIPlugin
2024-04-26 21:20:47,261 [INFO] PluginManager:220 - loadIPPluginJar : add genericplugin
2024-04-26 21:20:47,268 [INFO] IPUIPlugin:80 - create IPUIPlugin
2024-04-26 21:20:47,269 [INFO] PluginManager:220 - loadIPPluginJar : add dma
2024-04-26 21:20:47,272 [INFO] IPUIPlugin:80 - create IPUIPlugin
2024-04-26 21:20:47,272 [INFO] PluginManager:220 - loadIPPluginJar : add usart
2024-04-26 21:20:47,274 [INFO] IPUIPlugin:80 - create IPUIPlugin
2024-04-26 21:20:47,275 [INFO] PluginManager:220 - loadIPPluginJar : add openamp
2024-04-26 21:20:47,276 [INFO] IPUIPlugin:80 - create IPUIPlugin
2024-04-26 21:20:47,276 [INFO] PluginManager:220 - loadIPPluginJar : add fatfs
2024-04-26 21:20:47,278 [INFO] IPUIPlugin:80 - create IPUIPlugin
2024-04-26 21:20:47,278 [INFO] PluginManager:220 - loadIPPluginJar : add spi
2024-04-26 21:20:47,280 [INFO] IPUIPlugin:80 - create IPUIPlugin
2024-04-26 21:20:47,280 [INFO] PluginManager:220 - loadIPPluginJar : add dfsdm
2024-04-26 21:20:47,283 [INFO] IPUIPlugin:80 - create IPUIPlugin
2024-04-26 21:20:47,283 [INFO] PluginManager:220 - loadIPPluginJar : add can
2024-04-26 21:20:47,288 [INFO] IPUIPlugin:80 - create IPUIPlugin
2024-04-26 21:20:47,289 [INFO] PluginManager:220 - loadIPPluginJar : add nvic
2024-04-26 21:20:47,295 [INFO] IPUIPlugin:80 - create IPUIPlugin
2024-04-26 21:20:47,296 [INFO] PluginManager:220 - loadIPPluginJar : add freertos
2024-04-26 21:20:47,299 [INFO] IPUIPlugin:80 - create IPUIPlugin
2024-04-26 21:20:47,299 [INFO] PluginManager:220 - loadIPPluginJar : add pdm2pcm
2024-04-26 21:20:47,300 [INFO] IPUIPlugin:80 - create IPUIPlugin
2024-04-26 21:20:47,301 [INFO] PluginManager:220 - loadIPPluginJar : add ts
2024-04-26 21:20:47,302 [INFO] IPUIPlugin:80 - create IPUIPlugin
2024-04-26 21:20:47,302 [INFO] PluginManager:220 - loadIPPluginJar : add ucpd
2024-04-26 21:20:47,424 [INFO] CADModel:165 - CPN selected for project level
2024-04-26 21:20:47,424 [INFO] CADModel:114 - Register for checkConnection events
2024-04-26 21:20:47,424 [FATAL] Updater:308 - Updater called before beeing initialized
2024-04-26 21:20:47,424 [ERROR] CADModel:125 - Updater not yet initialized, retry later 
2024-04-26 21:20:47,635 [INFO] CADModel:165 - CPN selected for project level
2024-04-26 21:20:47,635 [INFO] CADModel:114 - Register for checkConnection events
2024-04-26 21:20:47,635 [FATAL] Updater:308 - Updater called before beeing initialized
2024-04-26 21:20:47,635 [ERROR] CADModel:125 - Updater not yet initialized, retry later 
2024-04-26 21:20:47,641 [FATAL] Updater:308 - Updater called before beeing initialized
2024-04-26 21:20:47,755 [FATAL] Updater:308 - Updater called before beeing initialized
2024-04-26 21:20:47,761 [INFO] DbMcusAds:53 - JSON generation date=Wed Nov 29 07:52:27 ART 2023 (1701255147349)
2024-04-26 21:20:47,761 [FATAL] Updater:308 - Updater called before beeing initialized
2024-04-26 21:20:47,817 [WARN] DetailPanel:346 - Failed to get advertising image, set to default
2024-04-26 21:20:48,042 [FATAL] Updater:308 - Updater called before beeing initialized
2024-04-26 21:20:48,045 [FATAL] Updater:308 - Updater called before beeing initialized
2024-04-26 21:20:48,045 [FATAL] Updater:308 - Updater called before beeing initialized
2024-04-26 21:20:48,045 [WARN] DetailPanel:346 - Failed to get advertising image, set to default
2024-04-26 21:20:48,047 [FATAL] Updater:308 - Updater called before beeing initialized
2024-04-26 21:20:48,126 [ERROR] Updater:1120 - MainUpdater not yet initialized. External WinMGr cannot be set.
2024-04-26 21:20:48,129 [INFO] Updater:1056 - Updater Version found : 6.10.0
2024-04-26 21:20:48,167 [INFO] ApplicationProperties:184 - Using Application install path: /opt/st/stm32cubeide_1.14.0/plugins/com.st.stm32cube.common.mx_6.10.0.202311202037
2024-04-26 21:20:48,641 [INFO] MainUpdater:2873 - connection check result : 10
2024-04-26 21:20:48,641 [INFO] MainUpdater:3567 - Updater definition file requires update
2024-04-26 21:20:48,642 [INFO] MainUpdater:290 - Updater Check For Update Now.
2024-04-26 21:20:48,642 [INFO] MicroXplorer:498 - Change Database Version : DB.6.0.100
2024-04-26 21:20:48,648 [INFO] McuFinderGlobals:63 - Set McuFinder mode to 2 (CubeIDE integrated)
2024-04-26 21:20:48,693 [INFO] ServerAccessManage:473 - Download File updaters.zip
2024-04-26 21:20:48,793 [INFO] FileExtend:240 - Unzip File : updaters.zip
2024-04-26 21:20:48,793 [INFO] FileExtend:255 - Standard Zip Deflate
2024-04-26 21:20:48,968 [INFO] ServerAccessManage:473 - Download File PacksControlFlags.xml
2024-04-26 21:20:49,164 [INFO] ServerAccessManage:473 - Download File cubemx.pidx
2024-04-26 21:20:49,531 [WARN] MainUpdater:1194 - Updater busy. Cannot search thirdparties
2024-04-26 21:20:49,531 [INFO] ThirdPartyUpdaterWithRetryManager:96 - Updater plugin is busy. [1/15]
2024-04-26 21:20:49,572 [INFO] UserAuth:404 - Internet connection configuration mode: 1
2024-04-26 21:20:49,597 [INFO] JxBrowserEngine:152 - Initiate JxBrowser Engine with user profile folder
2024-04-26 21:20:49,760 [INFO] ServerAccessManage:473 - Download File STMicroelectronics.FP-SNS-MOTENVWB1.pdsc
2024-04-26 21:20:50,072 [INFO] ServerAccessManage:473 - Download File STMicroelectronics.X-CUBE-AI.pdsc
2024-04-26 21:20:50,994 [INFO] ServerAccessManage:473 - Download File STMicroelectronics.X-CUBE-FREERTOS.pdsc
2024-04-26 21:20:51,474 [INFO] WebApp:161 - Instantiating new browser for Auth
2024-04-26 21:20:52,509 [INFO] WebApp:780 - Register for checkConnection events
2024-04-26 21:20:52,509 [INFO] WebApp:414 - Apply proxy settings
2024-04-26 21:20:52,509 [INFO] WebApp:499 - Chromium requires no authentication
2024-04-26 21:20:52,518 [INFO] WebApp:442 - Direct internet connection detected
2024-04-26 21:20:52,532 [WARN] MainUpdater:1194 - Updater busy. Cannot search thirdparties
2024-04-26 21:20:52,532 [INFO] ThirdPartyUpdaterWithRetryManager:96 - Updater plugin is busy. [2/15]
2024-04-26 21:20:52,707 [INFO] WebApp:192 - Starting web application
2024-04-26 21:20:52,707 [INFO] WebApp:544 - Web application path used /opt/st/stm32cubeide_1.14.0/plugins/com.st.stm32cube.common.mx_6.10.0.202311202037/db/plugins/mcufinder/reactClient1/index.html
2024-04-26 21:20:52,832 [INFO] ServerAccessManage:473 - Download File STMicroelectronics.X-CUBE-TCPP.pdsc
2024-04-26 21:20:54,289 [INFO] ServerAccessManage:473 - Download File STMicroelectronics.X-CUBE-AZRTOS-H7RS.pdsc
2024-04-26 21:20:54,781 [WARN] PackLoader:240 - Cannot read IP mode file for STMicroelectronics.FP-SNS-MOTENVWB1.1.4.0
2024-04-26 21:20:54,789 [WARN] PackLoader:240 - Cannot read IP mode file for STMicroelectronics.X-CUBE-AI.9.0.0
2024-04-26 21:20:54,799 [WARN] PackLoader:240 - Cannot read IP mode file for STMicroelectronics.X-CUBE-FREERTOS.1.2.0
2024-04-26 21:20:54,808 [WARN] PackLoader:240 - Cannot read IP mode file for STMicroelectronics.X-CUBE-TCPP.4.1.0
2024-04-26 21:20:54,846 [WARN] PackLoader:240 - Cannot read IP mode file for STMicroelectronics.X-CUBE-AZRTOS-H7RS.1.0.0
2024-04-26 21:20:54,853 [INFO] PopulateThirdPartyThread:66 - Ending populate Thread
2024-04-26 21:20:54,855 [INFO] ThirdParty:1030 - CMSIS Pack Vendor :STMicroelectronics X-CUBE-FREERTOS 1.2.0
2024-04-26 21:20:54,855 [INFO] ThirdParty:1030 - CMSIS Pack Vendor :STMicroelectronics FP-SNS-MOTENVWB1 1.4.0
2024-04-26 21:20:54,855 [INFO] ThirdParty:1030 - CMSIS Pack Vendor :STMicroelectronics X-CUBE-AI 9.0.0
2024-04-26 21:20:54,855 [INFO] ThirdParty:1030 - CMSIS Pack Vendor :STMicroelectronics X-CUBE-TCPP 4.1.0
2024-04-26 21:20:54,855 [INFO] ThirdParty:1030 - CMSIS Pack Vendor :STMicroelectronics X-CUBE-AZRTOS-H7RS 1.0.0
2024-04-26 21:20:54,855 [INFO] LoadServerUpdatesThread:375 - End of LoadServerUpdate Thread
2024-04-26 21:20:54,925 [INFO] CheckServerUpdateThread:120 - End of CheckServer Thread
2024-04-26 21:20:55,618 [WARN] PackLoader:240 - Cannot read IP mode file for STMicroelectronics.FP-SNS-MOTENVWB1.1.4.0
2024-04-26 21:20:55,621 [WARN] PackLoader:240 - Cannot read IP mode file for STMicroelectronics.X-CUBE-SMBUS.2.1.0
2024-04-26 21:20:55,624 [WARN] PackLoader:240 - Cannot read IP mode file for STMicroelectronics.X-CUBE-TOUCHGFX.4.23.0
2024-04-26 21:20:55,626 [WARN] PackLoader:240 - Cannot read IP mode file for STMicroelectronics.X-CUBE-TOUCHGFX.4.23.2
2024-04-26 21:20:55,648 [WARN] PackLoader:240 - Cannot read IP mode file for STMicroelectronics.X-CUBE-AZRTOS-F7.1.1.0
2024-04-26 21:20:55,657 [WARN] PackLoader:240 - Cannot read IP mode file for STMicroelectronics.FP-SNS-MOTENV1.4.3.2
2024-04-26 21:20:55,662 [WARN] PackLoader:240 - Cannot read IP mode file for STMicroelectronics.FP-SNS-FLIGHT1.5.0.2
2024-04-26 21:20:55,671 [WARN] PackLoader:240 - Cannot read IP mode file for STMicroelectronics.X-CUBE-DISPLAY.3.0.0
2024-04-26 21:20:55,685 [WARN] PackLoader:240 - Cannot read IP mode file for STMicroelectronics.X-CUBE-BLE1.7.0.0
2024-04-26 21:20:55,691 [WARN] PackLoader:240 - Cannot read IP mode file for emotas.I-CUBE-CANOPEN.1.3.0
2024-04-26 21:20:55,694 [WARN] PackLoader:240 - Cannot read IP mode file for STMicroelectronics.X-CUBE-TOUCHGFX.4.22.0
2024-04-26 21:20:55,697 [WARN] PackLoader:240 - Cannot read IP mode file for STMicroelectronics.X-CUBE-TOUCHGFX.4.22.1
2024-04-26 21:20:55,707 [WARN] PackLoader:240 - Cannot read IP mode file for STMicroelectronics.X-CUBE-BLEMGR.3.1.0
2024-04-26 21:20:55,717 [WARN] PackLoader:240 - Cannot read IP mode file for STMicroelectronics.FP-SNS-SMARTAG2.1.2.0
2024-04-26 21:20:55,733 [INFO] LogOutputStream:77 - [STDOUT_REDIRECT] 1 : Invalid condition id : UX_CORESTACK_Condition cause : null
2024-04-26 21:20:55,733 [INFO] LogOutputStream:77 - [STDOUT_REDIRECT] 1 : Invalid condition id : UX_CORESTACK_Condition cause : null
2024-04-26 21:20:55,734 [INFO] LogOutputStream:77 - [STDOUT_REDIRECT] 1 : Invalid condition id : UX_CORESTACK_Condition cause : null
2024-04-26 21:20:55,734 [INFO] LogOutputStream:77 - [STDOUT_REDIRECT] 1 : Invalid condition id : UX_CORESTACK_Condition cause : null
2024-04-26 21:20:55,734 [INFO] LogOutputStream:77 - [STDOUT_REDIRECT] 1 : Invalid condition id : UX_CORESTACK_Condition cause : null
2024-04-26 21:20:55,742 [WARN] PackLoader:240 - Cannot read IP mode file for STMicroelectronics.X-CUBE-AZRTOS-WL.2.0.0
2024-04-26 21:20:55,749 [WARN] PackLoader:240 - Cannot read IP mode file for STMicroelectronics.FP-SNS-MOTENV1.5.0.0
2024-04-26 21:20:55,757 [WARN] PackLoader:240 - Cannot read IP mode file for WES.I-CUBE-Cesium.1.3.0
2024-04-26 21:20:55,761 [WARN] PackLoader:240 - Cannot read IP mode file for STMicroelectronics.X-CUBE-BLE2.3.3.0
2024-04-26 21:20:55,769 [WARN] PackLoader:240 - Cannot read IP mode file for STMicroelectronics.X-CUBE-TCPP.4.1.0
2024-04-26 21:20:55,779 [WARN] PackLoader:240 - Cannot read IP mode file for STMicroelectronics.X-CUBE-ALGOBUILD.1.3.0
2024-04-26 21:20:55,847 [WARN] PackLoader:240 - Cannot read IP mode file for STMicroelectronics.X-CUBE-AZRTOS-G0.1.1.0
2024-04-26 21:20:55,859 [WARN] PackLoader:240 - Cannot read IP mode file for STMicroelectronics.X-CUBE-SAFEA1.1.2.2
2024-04-26 21:20:55,866 [WARN] PackLoader:240 - Cannot read IP mode file for STMicroelectronics.X-CUBE-NFC4.3.0.0
2024-04-26 21:20:55,878 [WARN] PackLoader:240 - Cannot read IP mode file for STMicroelectronics.X-CUBE-BLEMGR.3.0.0
2024-04-26 21:20:55,886 [WARN] PackLoader:240 - Cannot read IP mode file for STMicroelectronics.FP-ATR-SIGFOX1.3.2.0
2024-04-26 21:20:55,892 [WARN] PackLoader:240 - Cannot read IP mode file for STMicroelectronics.X-CUBE-EEPRMA1.5.1.0
2024-04-26 21:20:55,941 [WARN] PackLoader:240 - Cannot read IP mode file for SEGGER.I-CUBE-embOS.1.3.1
2024-04-26 21:20:55,997 [WARN] PackLoader:240 - Cannot read IP mode file for STMicroelectronics.X-CUBE-GNSS1.6.0.0
2024-04-26 21:20:56,020 [WARN] PackLoader:240 - Cannot read IP mode file for STMicroelectronics.X-CUBE-AZRTOS-F4.1.1.0
2024-04-26 21:20:56,027 [WARN] PackLoader:240 - Cannot read IP mode file for wolfSSL.I-CUBE-wolfSSL.5.6.3
2024-04-26 21:20:56,033 [WARN] PackLoader:240 - Cannot read IP mode file for STMicroelectronics.X-CUBE-FREERTOS.1.2.0
2024-04-26 21:20:56,036 [WARN] PackLoader:240 - Cannot read IP mode file for wolfSSL.I-CUBE-wolfSSL.5.6.6
2024-04-26 21:20:56,066 [WARN] PackLoader:240 - Cannot read IP mode file for STMicroelectronics.X-CUBE-AZRTOS-L5.2.0.0
2024-04-26 21:20:56,124 [WARN] PackLoader:240 - Cannot read IP mode file for STMicroelectronics.X-CUBE-MEMS1.9.6.0
2024-04-26 21:20:56,352 [WARN] PackLoader:240 - Cannot read IP mode file for STMicroelectronics.X-CUBE-EEPRMA1.4.2.0
2024-04-26 21:20:56,361 [WARN] PackLoader:240 - Cannot read IP mode file for STMicroelectronics.X-CUBE-NFC6.3.1.0
2024-04-26 21:20:56,369 [WARN] PackLoader:240 - Cannot read IP mode file for ITTIA_DB.I-CUBE-ITTIADB.8.8.0
2024-04-26 21:20:56,376 [WARN] PackLoader:240 - Cannot read IP mode file for STMicroelectronics.X-CUBE-BLEMGR.2.0.0
2024-04-26 21:20:56,382 [WARN] PackLoader:240 - Cannot read IP mode file for STMicroelectronics.X-CUBE-AI.9.0.0
2024-04-26 21:20:56,404 [WARN] ConditionMgr:438 - getConditionDescription Invalid condition id : UX DEVICE CLASS RTOS Condition cause : null
2024-04-26 21:20:56,404 [WARN] ConditionMgr:438 - getConditionDescription Invalid condition id : UX DEVICE CLASS RTOS Condition cause : null
2024-04-26 21:20:56,408 [WARN] PackLoader:240 - Cannot read IP mode file for STMicroelectronics.X-CUBE-AZRTOS-H7.3.1.0
2024-04-26 21:20:56,409 [WARN] ConditionMgr:1039 - genDependencies : Invalid condition id : UX DEVICE CLASS RTOS Condition cause : null
2024-04-26 21:20:56,410 [WARN] ConditionMgr:1039 - genDependencies : Invalid condition id : UX DEVICE CLASS RTOS Condition cause : null
2024-04-26 21:20:56,410 [WARN] ConditionMgr:1039 - genDependencies : Invalid condition id : UX DEVICE CLASS RTOS Condition cause : null
2024-04-26 21:20:56,411 [WARN] ConditionMgr:1039 - genDependencies : Invalid condition id : UX DEVICE CLASS RTOS Condition cause : null
2024-04-26 21:20:56,411 [WARN] ConditionMgr:1039 - genDependencies : Invalid condition id : UX DEVICE CLASS RTOS Condition cause : null
2024-04-26 21:20:56,418 [WARN] PackLoader:240 - Cannot read IP mode file for STMicroelectronics.X-CUBE-NFC7.1.0.1
2024-04-26 21:20:56,427 [WARN] PackLoader:240 - Cannot read IP mode file for STMicroelectronics.X-CUBE-NFC6.3.0.0
2024-04-26 21:20:56,435 [WARN] PackLoader:240 - Cannot read IP mode file for STMicroelectronics.X-CUBE-EEPRMA1.4.1.0
2024-04-26 21:20:56,439 [WARN] PackLoader:240 - Cannot read IP mode file for STMicroelectronics.X-CUBE-AI.8.1.0
2024-04-26 21:20:56,463 [WARN] ConditionMgr:438 - getConditionDescription Invalid condition id : LAN8742 Phy interface Condition cause : null
2024-04-26 21:20:56,464 [WARN] PackLoader:240 - Cannot read IP mode file for STMicroelectronics.X-CUBE-AZRTOS-L4.2.0.0
2024-04-26 21:20:56,466 [WARN] ConditionMgr:1039 - genDependencies : Invalid condition id : LAN8742 Phy interface Condition cause : null
2024-04-26 21:20:56,466 [WARN] ConditionMgr:1039 - genDependencies : Invalid condition id : LAN8742 Phy interface Condition cause : null
2024-04-26 21:20:56,467 [WARN] ConditionMgr:1039 - genDependencies : Invalid condition id : LAN8742 Phy interface Condition cause : null
2024-04-26 21:20:56,475 [WARN] PackLoader:240 - Cannot read IP mode file for STMicroelectronics.X-CUBE-SFXS2LP1.4.0.0
2024-04-26 21:20:56,481 [WARN] PackLoader:240 - Cannot read IP mode file for STMicroelectronics.X-CUBE-ISPU.1.1.0
2024-04-26 21:20:56,499 [WARN] ConditionMgr:438 - getConditionDescription Invalid condition id : UX DEVICE CLASS RTOS Condition cause : null
2024-04-26 21:20:56,499 [WARN] ConditionMgr:438 - getConditionDescription Invalid condition id : UX DEVICE CLASS RTOS Condition cause : null
2024-04-26 21:20:56,503 [WARN] PackLoader:240 - Cannot read IP mode file for STMicroelectronics.X-CUBE-AZRTOS-WB.2.0.0
2024-04-26 21:20:56,503 [WARN] ConditionMgr:1039 - genDependencies : Invalid condition id : UX DEVICE CLASS RTOS Condition cause : null
2024-04-26 21:20:56,504 [WARN] ConditionMgr:1039 - genDependencies : Invalid condition id : UX DEVICE CLASS RTOS Condition cause : null
2024-04-26 21:20:56,504 [WARN] ConditionMgr:1039 - genDependencies : Invalid condition id : UX DEVICE CLASS RTOS Condition cause : null
2024-04-26 21:20:56,504 [WARN] ConditionMgr:1039 - genDependencies : Invalid condition id : UX DEVICE CLASS RTOS Condition cause : null
2024-04-26 21:20:56,504 [WARN] ConditionMgr:1039 - genDependencies : Invalid condition id : UX DEVICE CLASS RTOS Condition cause : null
2024-04-26 21:20:56,517 [WARN] PackLoader:240 - Cannot read IP mode file for STMicroelectronics.X-CUBE-SUBG2.5.0.0
2024-04-26 21:20:56,536 [WARN] PackLoader:240 - Cannot read IP mode file for STMicroelectronics.X-CUBE-TOF1.3.3.1
2024-04-26 21:20:56,566 [WARN] PackLoader:240 - Cannot read IP mode file for STMicroelectronics.X-CUBE-AZRTOS-G4.2.0.0
2024-04-26 21:20:56,582 [WARN] PackLoader:240 - Cannot read IP mode file for Infineon.AIROC-Wi-Fi-Bluetooth-STM32.1.5.1
2024-04-26 21:20:56,591 [WARN] PackLoader:240 - Cannot read IP mode file for STMicroelectronics.FP-SNS-MOTENVWB1.1.3.0
2024-04-26 21:20:56,597 [WARN] PackLoader:240 - Cannot read IP mode file for STMicroelectronics.FP-SNS-MOTENVWB1.1.3.1
2024-04-26 21:20:56,602 [WARN] PackLoader:240 - Cannot read IP mode file for STMicroelectronics.X-CUBE-ISPU.2.0.0
2024-04-26 21:20:56,660 [WARN] PackLoader:240 - Cannot read IP mode file for STMicroelectronics.X-CUBE-MEMS1.10.0.0
2024-04-26 21:20:56,874 [WARN] PackLoader:240 - Cannot read IP mode file for STMicroelectronics.X-CUBE-FREERTOS.1.1.0
2024-04-26 21:20:56,880 [WARN] PackLoader:240 - Cannot read IP mode file for portGmbH.I-Cube-SoM-uGOAL.1.1.0
2024-04-26 21:20:56,885 [WARN] PackLoader:240 - Cannot read IP mode file for STMicroelectronics.X-CUBE-ALS.1.0.1
2024-04-26 21:20:56,908 [WARN] PackLoader:240 - Cannot read IP mode file for STMicroelectronics.X-CUBE-AZRTOS-H7RS.1.0.0
2024-04-26 21:20:56,916 [WARN] PackLoader:240 - Cannot read IP mode file for STMicroelectronics.FP-ATR-ASTRA1.2.0.0
2024-04-26 21:20:56,928 [WARN] PackLoader:240 - Cannot read IP mode file for STMicroelectronics.X-CUBE-TOF1.3.4.0
2024-04-26 21:20:56,958 [WARN] PackLoader:240 - Cannot read IP mode file for STMicroelectronics.X-CUBE-TOF1.3.4.1
2024-04-26 21:20:57,003 [WARN] PackLoader:240 - Cannot read IP mode file for STMicroelectronics.X-CUBE-AZRTOS-H7.3.2.0
2024-04-26 21:20:57,008 [INFO] ThirdParty:978 - Integrity check success = true
2024-04-26 21:20:57,008 [INFO] IntegrityCheckThread:100 - exiting critical section [integrity check]
2024-04-26 21:20:57,008 [INFO] IntegrityCheckThread:103 - End integrity checks thread
2024-04-26 21:21:13,054 [ERROR] LogOutputStream:75 - [STDERR_REDIRECT] SLF4J: Failed to load class "org.slf4j.impl.StaticLoggerBinder".
2024-04-26 21:21:13,054 [ERROR] LogOutputStream:75 - [STDERR_REDIRECT] SLF4J: Defaulting to no-operation (NOP) logger implementation
2024-04-26 21:21:13,054 [ERROR] LogOutputStream:75 - [STDERR_REDIRECT] SLF4J: See http://www.slf4j.org/codes.html#StaticLoggerBinder for further details.
2024-04-26 23:21:23,080 [ERROR] LogOutputStream:75 - [STDERR_REDIRECT] 
