2024-03-06 19:51:17,455 [INFO] Activator:176 - 


2024-03-06 19:51:17,460 [INFO] Activator:177 - !SESSION log4j initialized
2024-03-06 19:51:21,474 [INFO] LogOutputStream:77 - [STDOUT_REDIRECT] 
2024-03-06 19:51:22,740 [INFO] ApplicationProperties:184 - Using Application install path: /opt/st/stm32cubeide_1.14.0/plugins/com.st.stm32cube.common.mx_6.10.0.202311202037
2024-03-06 19:51:22,755 [INFO] DbMcusXml:78 - Set database path to: /opt/st/stm32cubeide_1.14.0/plugins/com.st.stm32cube.common.mx_6.10.0.202311202037//db//mcu/
2024-03-06 19:51:22,755 [INFO] ApiDb:274 - Set plugin database path to: /opt/st/stm32cubeide_1.14.0/plugins/com.st.stm32cube.common.mx_6.10.0.202311202037//db//plugins/boardmanager/
2024-03-06 19:51:22,755 [WARN] ApiDb:259 - Overriding images path with different value:  => /opt/st/stm32cubeide_1.14.0/plugins/com.st.stm32cube.common.mx_6.10.0.202311202037//db//plugins/mcufinder/images/
2024-03-06 19:51:22,762 [INFO] ApiDb:250 - Set database path to: /home/fede/.stmcufinder/plugins/mcufinder//mcu/
2024-03-06 19:51:22,763 [INFO] DbMcusAds:125 - Set database path to: /home/fede/.stmcufinder/plugins/mcufinder//mcu/
2024-03-06 19:51:22,767 [INFO] CrossReferenceDbSqlite:203 - Set database path to: /home/fede/.stmcufinder/plugins/mcufinder//mcu/cs/
2024-03-06 19:51:22,852 [INFO] RulesReader:64 - Compatibility file has been processed (297 Rules)
2024-03-06 19:51:22,908 [INFO] DbMcusXml:78 - Set database path to: /opt/st/stm32cubeide_1.14.0/plugins/com.st.stm32cube.common.mx_6.10.0.202311202037//db//mcu/
2024-03-06 19:51:22,909 [INFO] ApiDb:274 - Set plugin database path to: /opt/st/stm32cubeide_1.14.0/plugins/com.st.stm32cube.common.mx_6.10.0.202311202037//db//plugins/boardmanager/
2024-03-06 19:51:22,909 [INFO] ApiDb:261 - Set plugin images path to: /opt/st/stm32cubeide_1.14.0/plugins/com.st.stm32cube.common.mx_6.10.0.202311202037//db//plugins/mcufinder/images/
2024-03-06 19:51:22,909 [WARN] DbFile:41 - Overriding database path with different value: /home/fede/.stmcufinder/plugins/mcufinder/ => /home/fede/.stmcufinder/plugins/mcufinder
2024-03-06 19:51:22,909 [INFO] ApiDb:250 - Set database path to: /home/fede/.stmcufinder/plugins/mcufinder//mcu/
2024-03-06 19:51:22,909 [WARN] DbFile:41 - Overriding database path with different value: /home/fede/.stmcufinder/plugins/mcufinder/ => /home/fede/.stmcufinder/plugins/mcufinder
2024-03-06 19:51:22,909 [INFO] DbMcusAds:125 - Set database path to: /home/fede/.stmcufinder/plugins/mcufinder//mcu/
2024-03-06 19:51:22,909 [WARN] DbFile:41 - Overriding database path with different value: /home/fede/.stmcufinder/plugins/mcufinder/ => /home/fede/.stmcufinder/plugins/mcufinder
2024-03-06 19:51:22,909 [WARN] DbFile:41 - Overriding database path with different value: /home/fede/.stmcufinder/plugins/mcufinder/ => /home/fede/.stmcufinder/plugins/mcufinder
2024-03-06 19:51:22,910 [INFO] CrossReferenceDbSqlite:203 - Set database path to: /home/fede/.stmcufinder/plugins/mcufinder//mcu/cs/
2024-03-06 19:51:22,972 [INFO] MainPanel:264 - HeapMemory: 268435456
2024-03-06 19:51:23,043 [INFO] DbMcusXml:78 - Set database path to: /opt/st/stm32cubeide_1.14.0/plugins/com.st.stm32cube.common.mx_6.10.0.202311202037//db//mcu/
2024-03-06 19:51:23,043 [INFO] ApiDb:274 - Set plugin database path to: /opt/st/stm32cubeide_1.14.0/plugins/com.st.stm32cube.common.mx_6.10.0.202311202037//db//plugins/boardmanager/
2024-03-06 19:51:23,043 [INFO] ApiDb:261 - Set plugin images path to: /opt/st/stm32cubeide_1.14.0/plugins/com.st.stm32cube.common.mx_6.10.0.202311202037//db//plugins/mcufinder/images/
2024-03-06 19:51:23,043 [WARN] DbFile:41 - Overriding database path with different value: /home/fede/.stmcufinder/plugins/mcufinder/ => /home/fede/.stmcufinder/plugins/mcufinder
2024-03-06 19:51:23,043 [INFO] ApiDb:250 - Set database path to: /home/fede/.stmcufinder/plugins/mcufinder//mcu/
2024-03-06 19:51:23,043 [WARN] DbFile:41 - Overriding database path with different value: /home/fede/.stmcufinder/plugins/mcufinder/ => /home/fede/.stmcufinder/plugins/mcufinder
2024-03-06 19:51:23,043 [INFO] DbMcusAds:125 - Set database path to: /home/fede/.stmcufinder/plugins/mcufinder//mcu/
2024-03-06 19:51:23,044 [WARN] DbFile:41 - Overriding database path with different value: /home/fede/.stmcufinder/plugins/mcufinder/ => /home/fede/.stmcufinder/plugins/mcufinder
2024-03-06 19:51:23,044 [WARN] DbFile:41 - Overriding database path with different value: /home/fede/.stmcufinder/plugins/mcufinder/ => /home/fede/.stmcufinder/plugins/mcufinder
2024-03-06 19:51:23,044 [INFO] CrossReferenceDbSqlite:203 - Set database path to: /home/fede/.stmcufinder/plugins/mcufinder//mcu/cs/
2024-03-06 19:51:23,056 [INFO] ApplicationProperties:184 - Using Application install path: /opt/st/stm32cubeide_1.14.0/plugins/com.st.stm32cube.common.mx_6.10.0.202311202037
2024-03-06 19:51:23,058 [INFO] PluginManage:196 - Search for loadable plugins [exclusion list=, ]
2024-03-06 19:51:23,059 [INFO] PluginManage:310 - Check plugin analytics
2024-03-06 19:51:23,163 [INFO] AnalyticsPlugin:253 - Accepted Software Licenses: 
2024-03-06 19:51:23,164 [INFO] AnalyticsPlugin:255 - Accepted CMSIS Pack Licenses: STMicroelectronics.X-CUBE-ALGOBUILD.1.3.0,ARM.CMSIS-DSP.1.15.0
2024-03-06 19:51:23,164 [INFO] AnalyticsPlugin:257 - Accepted Firmware Licenses: FW.F7.1.17.0
2024-03-06 19:51:23,165 [INFO] PluginManage:359 - Loaded plugin analytics (category:tool,tabindex:-1)
2024-03-06 19:51:23,165 [INFO] PluginManage:310 - Check plugin cadmodel
2024-03-06 19:51:23,192 [INFO] CADModel:105 - Init CAD model plugin
2024-03-06 19:51:23,192 [INFO] PluginManage:359 - Loaded plugin cadmodel (category:power,tabindex:5)
2024-03-06 19:51:23,192 [INFO] PluginManage:310 - Check plugin clock
2024-03-06 19:51:23,200 [INFO] PluginManage:359 - Loaded plugin clock (category:base,tabindex:2)
2024-03-06 19:51:23,200 [INFO] PluginManage:310 - Check plugin ddr
2024-03-06 19:51:23,202 [INFO] PluginManage:359 - Loaded plugin ddr (category:tool,tabindex:6)
2024-03-06 19:51:23,202 [INFO] PluginManage:310 - Check plugin filemanager
2024-03-06 19:51:23,333 [INFO] PluginManage:359 - Loaded plugin filemanager (category:base,tabindex:10)
2024-03-06 19:51:23,333 [INFO] PluginManage:310 - Check plugin ipmanager
2024-03-06 19:51:23,338 [INFO] PluginManage:359 - Loaded plugin ipmanager (category:base,tabindex:5)
2024-03-06 19:51:23,338 [INFO] PluginManage:310 - Check plugin lpbam
2024-03-06 19:51:23,346 [INFO] PluginManage:359 - Loaded plugin lpbam (category:base,tabindex:0)
2024-03-06 19:51:23,346 [INFO] PluginManage:310 - Check plugin memorymap
2024-03-06 19:51:23,356 [INFO] PluginManage:359 - Loaded plugin memorymap (category:base,tabindex:4)
2024-03-06 19:51:23,356 [INFO] PluginManage:310 - Check plugin pinoutandconfiguration
2024-03-06 19:51:23,364 [INFO] PluginManage:359 - Loaded plugin pinoutandconfiguration (category:base,tabindex:1)
2024-03-06 19:51:23,364 [INFO] PluginManage:310 - Check plugin pinoutconfig
2024-03-06 19:51:23,436 [WARN] SupportedApi:132 - Cannot load RTOS API schema: s4s-elt-must-match.1: The content of 'definitions' must match (annotation?, (simpleType | complexType)?, (unique | key | keyref)*)). A problem was found starting at: attribute.
2024-03-06 19:51:23,547 [INFO] PluginManage:359 - Loaded plugin pinoutconfig (category:base,tabindex:0)
2024-03-06 19:51:23,548 [INFO] PluginManage:310 - Check plugin power
2024-03-06 19:51:23,555 [INFO] PluginManage:359 - Loaded plugin power (category:power,tabindex:4)
2024-03-06 19:51:23,555 [INFO] PluginManage:310 - Check plugin projectmanager
2024-03-06 19:51:23,567 [INFO] PluginManage:359 - Loaded plugin projectmanager (category:projectmanager,tabindex:3)
2024-03-06 19:51:23,567 [INFO] PluginManage:310 - Check plugin thirdparty
2024-03-06 19:51:23,683 [WARN] IntegrityCheckThread:84 - waiting for thirdparty lock release [integrity check]
2024-03-06 19:51:23,683 [INFO] PluginManage:359 - Loaded plugin thirdparty (category:base,tabindex:-1)
2024-03-06 19:51:23,683 [INFO] IntegrityCheckThread:86 - entering critical section [integrity check]
2024-03-06 19:51:23,683 [INFO] PluginManage:310 - Check plugin tools
2024-03-06 19:51:23,684 [INFO] ThirdPartyUpdaterWithRetryManager:70 - Updater plugin not ready yet. [1/15]
2024-03-06 19:51:23,686 [INFO] PluginManage:359 - Loaded plugin tools (category:base,tabindex:7)
2024-03-06 19:51:23,686 [INFO] PluginManage:310 - Check plugin tutovideos
2024-03-06 19:51:23,813 [INFO] PluginManage:359 - Loaded plugin tutovideos (category:base,tabindex:-1)
2024-03-06 19:51:23,814 [INFO] PluginManage:310 - Check plugin updater
2024-03-06 19:51:23,823 [INFO] PluginManage:359 - Loaded plugin updater (category:base,tabindex:12)
2024-03-06 19:51:23,823 [INFO] PluginManage:310 - Check plugin userauth
2024-03-06 19:51:23,828 [INFO] UserAuth:114 - Init User Auth plugin
2024-03-06 19:51:23,828 [INFO] PluginManage:359 - Loaded plugin userauth (category:base,tabindex:14)
2024-03-06 19:51:23,828 [INFO] PluginManage:283 - PluginManage : Loaded plugins [17]
2024-03-06 19:51:23,969 [INFO] PinOutPanel:1499 - setPackage(No Configuration,No Configuration)
2024-03-06 19:51:24,037 [INFO] CADModel:165 - CPN selected for project level
2024-03-06 19:51:24,037 [INFO] CADModel:114 - Register for checkConnection events
2024-03-06 19:51:24,052 [INFO] IPUIPlugin:80 - create IPUIPlugin
2024-03-06 19:51:24,052 [INFO] PluginManager:220 - loadIPPluginJar : add gfxmmu
2024-03-06 19:51:24,053 [INFO] IPUIPlugin:80 - create IPUIPlugin
2024-03-06 19:51:24,053 [INFO] PluginManager:220 - loadIPPluginJar : add comp
2024-03-06 19:51:24,056 [INFO] IPUIPlugin:80 - create IPUIPlugin
2024-03-06 19:51:24,057 [INFO] PluginManager:220 - loadIPPluginJar : add usbx
2024-03-06 19:51:24,063 [INFO] IPUIPlugin:80 - create IPUIPlugin
2024-03-06 19:51:24,063 [INFO] PluginManager:220 - loadIPPluginJar : add linkedlist
2024-03-06 19:51:24,068 [INFO] IPUIPlugin:80 - create IPUIPlugin
2024-03-06 19:51:24,069 [INFO] PluginManager:220 - loadIPPluginJar : add mdma
2024-03-06 19:51:24,071 [INFO] IPUIPlugin:80 - create IPUIPlugin
2024-03-06 19:51:24,072 [INFO] PluginManager:220 - loadIPPluginJar : add i3c
2024-03-06 19:51:24,074 [INFO] IPUIPlugin:80 - create IPUIPlugin
2024-03-06 19:51:24,074 [INFO] PluginManager:220 - loadIPPluginJar : add cryp
2024-03-06 19:51:24,075 [INFO] IPUIPlugin:80 - create IPUIPlugin
2024-03-06 19:51:24,075 [INFO] PluginManager:220 - loadIPPluginJar : add quadspi
2024-03-06 19:51:24,076 [INFO] IPUIPlugin:80 - create IPUIPlugin
2024-03-06 19:51:24,076 [INFO] PluginManager:220 - loadIPPluginJar : add tsc
2024-03-06 19:51:24,078 [INFO] IPUIPlugin:80 - create IPUIPlugin
2024-03-06 19:51:24,078 [INFO] PluginManager:220 - loadIPPluginJar : add hash
2024-03-06 19:51:24,080 [INFO] IPUIPlugin:80 - create IPUIPlugin
2024-03-06 19:51:24,080 [INFO] PluginManager:220 - loadIPPluginJar : add aes
2024-03-06 19:51:24,082 [INFO] IPUIPlugin:80 - create IPUIPlugin
2024-03-06 19:51:24,082 [INFO] PluginManager:220 - loadIPPluginJar : add i2c
2024-03-06 19:51:24,087 [INFO] IPUIPlugin:80 - create IPUIPlugin
2024-03-06 19:51:24,087 [INFO] PluginManager:220 - loadIPPluginJar : add gtzc
2024-03-06 19:51:24,094 [INFO] IPUIPlugin:80 - create IPUIPlugin
2024-03-06 19:51:24,094 [INFO] PluginManager:220 - loadIPPluginJar : add stm32_wpan
2024-03-06 19:51:24,099 [INFO] IPUIPlugin:80 - create IPUIPlugin
2024-03-06 19:51:24,101 [INFO] PluginManager:220 - loadIPPluginJar : add plateformsettings
2024-03-06 19:51:24,108 [INFO] IPUIPlugin:80 - create IPUIPlugin
2024-03-06 19:51:24,108 [INFO] PluginManager:220 - loadIPPluginJar : add adc
2024-03-06 19:51:24,112 [INFO] IPUIPlugin:80 - create IPUIPlugin
2024-03-06 19:51:24,112 [INFO] PluginManager:220 - loadIPPluginJar : add sai
2024-03-06 19:51:24,118 [INFO] IPUIPlugin:80 - create IPUIPlugin
2024-03-06 19:51:24,118 [INFO] PluginManager:220 - loadIPPluginJar : add gic
2024-03-06 19:51:24,120 [INFO] IPUIPlugin:80 - create IPUIPlugin
2024-03-06 19:51:24,120 [INFO] PluginManager:220 - loadIPPluginJar : add opamp
2024-03-06 19:51:24,122 [INFO] IPUIPlugin:80 - create IPUIPlugin
2024-03-06 19:51:24,122 [INFO] PluginManager:220 - loadIPPluginJar : add i2s
2024-03-06 19:51:24,124 [INFO] IPUIPlugin:80 - create IPUIPlugin
2024-03-06 19:51:24,124 [INFO] PluginManager:220 - loadIPPluginJar : add touchsensing
2024-03-06 19:51:24,126 [INFO] IPUIPlugin:80 - create IPUIPlugin
2024-03-06 19:51:24,126 [INFO] PluginManager:220 - loadIPPluginJar : add dma3
2024-03-06 19:51:24,129 [INFO] IPUIPlugin:80 - create IPUIPlugin
2024-03-06 19:51:24,129 [INFO] PluginManager:220 - loadIPPluginJar : add gpio
2024-03-06 19:51:24,131 [INFO] IPUIPlugin:80 - create IPUIPlugin
2024-03-06 19:51:24,131 [INFO] PluginManager:220 - loadIPPluginJar : add lorawan
2024-03-06 19:51:24,132 [INFO] IPUIPlugin:80 - create IPUIPlugin
2024-03-06 19:51:24,133 [INFO] PluginManager:220 - loadIPPluginJar : add tracer_emb
2024-03-06 19:51:24,135 [INFO] IPUIPlugin:80 - create IPUIPlugin
2024-03-06 19:51:24,135 [INFO] PluginManager:220 - loadIPPluginJar : add ipddr
2024-03-06 19:51:24,137 [INFO] IPUIPlugin:80 - create IPUIPlugin
2024-03-06 19:51:24,137 [INFO] PluginManager:220 - loadIPPluginJar : add resmgrutility
2024-03-06 19:51:24,140 [INFO] IPUIPlugin:80 - create IPUIPlugin
2024-03-06 19:51:24,140 [INFO] PluginManager:220 - loadIPPluginJar : add fmc
2024-03-06 19:51:24,141 [INFO] IPUIPlugin:80 - create IPUIPlugin
2024-03-06 19:51:24,141 [INFO] PluginManager:220 - loadIPPluginJar : add tim
2024-03-06 19:51:24,142 [INFO] IPUIPlugin:80 - create IPUIPlugin
2024-03-06 19:51:24,142 [INFO] PluginManager:220 - loadIPPluginJar : add ltdc
2024-03-06 19:51:24,143 [INFO] IPUIPlugin:80 - create IPUIPlugin
2024-03-06 19:51:24,143 [INFO] PluginManager:220 - loadIPPluginJar : add genericplugin
2024-03-06 19:51:24,148 [INFO] IPUIPlugin:80 - create IPUIPlugin
2024-03-06 19:51:24,148 [INFO] PluginManager:220 - loadIPPluginJar : add dma
2024-03-06 19:51:24,150 [INFO] IPUIPlugin:80 - create IPUIPlugin
2024-03-06 19:51:24,150 [INFO] PluginManager:220 - loadIPPluginJar : add usart
2024-03-06 19:51:24,152 [INFO] IPUIPlugin:80 - create IPUIPlugin
2024-03-06 19:51:24,152 [INFO] PluginManager:220 - loadIPPluginJar : add openamp
2024-03-06 19:51:24,153 [INFO] IPUIPlugin:80 - create IPUIPlugin
2024-03-06 19:51:24,153 [INFO] PluginManager:220 - loadIPPluginJar : add fatfs
2024-03-06 19:51:24,154 [INFO] IPUIPlugin:80 - create IPUIPlugin
2024-03-06 19:51:24,154 [INFO] PluginManager:220 - loadIPPluginJar : add spi
2024-03-06 19:51:24,155 [INFO] IPUIPlugin:80 - create IPUIPlugin
2024-03-06 19:51:24,155 [INFO] PluginManager:220 - loadIPPluginJar : add dfsdm
2024-03-06 19:51:24,157 [INFO] IPUIPlugin:80 - create IPUIPlugin
2024-03-06 19:51:24,157 [INFO] PluginManager:220 - loadIPPluginJar : add can
2024-03-06 19:51:24,159 [INFO] IPUIPlugin:80 - create IPUIPlugin
2024-03-06 19:51:24,159 [INFO] PluginManager:220 - loadIPPluginJar : add nvic
2024-03-06 19:51:24,163 [INFO] IPUIPlugin:80 - create IPUIPlugin
2024-03-06 19:51:24,163 [INFO] PluginManager:220 - loadIPPluginJar : add freertos
2024-03-06 19:51:24,165 [INFO] IPUIPlugin:80 - create IPUIPlugin
2024-03-06 19:51:24,165 [INFO] PluginManager:220 - loadIPPluginJar : add pdm2pcm
2024-03-06 19:51:24,167 [INFO] IPUIPlugin:80 - create IPUIPlugin
2024-03-06 19:51:24,167 [INFO] PluginManager:220 - loadIPPluginJar : add ts
2024-03-06 19:51:24,168 [INFO] IPUIPlugin:80 - create IPUIPlugin
2024-03-06 19:51:24,168 [INFO] PluginManager:220 - loadIPPluginJar : add ucpd
2024-03-06 19:51:24,263 [INFO] CADModel:165 - CPN selected for project level
2024-03-06 19:51:24,263 [INFO] CADModel:114 - Register for checkConnection events
2024-03-06 19:51:24,264 [FATAL] Updater:308 - Updater called before beeing initialized
2024-03-06 19:51:24,264 [ERROR] CADModel:125 - Updater not yet initialized, retry later 
2024-03-06 19:51:24,373 [INFO] CADModel:165 - CPN selected for project level
2024-03-06 19:51:24,373 [INFO] CADModel:114 - Register for checkConnection events
2024-03-06 19:51:24,373 [FATAL] Updater:308 - Updater called before beeing initialized
2024-03-06 19:51:24,373 [ERROR] CADModel:125 - Updater not yet initialized, retry later 
2024-03-06 19:51:24,376 [FATAL] Updater:308 - Updater called before beeing initialized
2024-03-06 19:51:24,453 [FATAL] Updater:308 - Updater called before beeing initialized
2024-03-06 19:51:24,457 [INFO] DbMcusAds:53 - JSON generation date=Wed Nov 29 07:52:27 ART 2023 (1701255147349)
2024-03-06 19:51:24,457 [FATAL] Updater:308 - Updater called before beeing initialized
2024-03-06 19:51:24,492 [WARN] DetailPanel:346 - Failed to get advertising image, set to default
2024-03-06 19:51:24,573 [FATAL] Updater:308 - Updater called before beeing initialized
2024-03-06 19:51:24,574 [FATAL] Updater:308 - Updater called before beeing initialized
2024-03-06 19:51:24,574 [FATAL] Updater:308 - Updater called before beeing initialized
2024-03-06 19:51:24,575 [WARN] DetailPanel:346 - Failed to get advertising image, set to default
2024-03-06 19:51:24,575 [FATAL] Updater:308 - Updater called before beeing initialized
2024-03-06 19:51:24,611 [ERROR] Updater:1120 - MainUpdater not yet initialized. External WinMGr cannot be set.
2024-03-06 19:51:24,613 [INFO] Updater:1056 - Updater Version found : 6.10.0
2024-03-06 19:51:24,634 [INFO] ApplicationProperties:184 - Using Application install path: /opt/st/stm32cubeide_1.14.0/plugins/com.st.stm32cube.common.mx_6.10.0.202311202037
2024-03-06 19:51:25,021 [INFO] MainUpdater:2873 - connection check result : 10
2024-03-06 19:51:25,022 [INFO] MainUpdater:290 - Updater Check For Update Now.
2024-03-06 19:51:25,022 [INFO] MicroXplorer:498 - Change Database Version : DB.6.0.100
2024-03-06 19:51:25,026 [INFO] McuFinderGlobals:63 - Set McuFinder mode to 2 (CubeIDE integrated)
2024-03-06 19:51:25,184 [INFO] CheckServerUpdateThread:120 - End of CheckServer Thread
2024-03-06 19:51:26,079 [INFO] UserAuth:404 - Internet connection configuration mode: 1
2024-03-06 19:51:26,090 [INFO] JxBrowserEngine:152 - Initiate JxBrowser Engine with user profile folder
2024-03-06 19:51:26,847 [WARN] PackLoader:240 - Cannot read IP mode file for STMicroelectronics.X-CUBE-SMBUS.2.1.0
2024-03-06 19:51:26,868 [WARN] PackLoader:240 - Cannot read IP mode file for STMicroelectronics.X-CUBE-TOUCHGFX.4.23.0
2024-03-06 19:51:26,924 [WARN] PackLoader:240 - Cannot read IP mode file for STMicroelectronics.X-CUBE-AZRTOS-F7.1.1.0
2024-03-06 19:51:26,938 [WARN] PackLoader:240 - Cannot read IP mode file for STMicroelectronics.FP-SNS-MOTENV1.4.3.2
2024-03-06 19:51:26,951 [WARN] PackLoader:240 - Cannot read IP mode file for STMicroelectronics.FP-SNS-FLIGHT1.5.0.2
2024-03-06 19:51:26,965 [WARN] PackLoader:240 - Cannot read IP mode file for STMicroelectronics.X-CUBE-DISPLAY.3.0.0
2024-03-06 19:51:26,981 [WARN] PackLoader:240 - Cannot read IP mode file for STMicroelectronics.X-CUBE-BLE1.7.0.0
2024-03-06 19:51:26,989 [WARN] PackLoader:240 - Cannot read IP mode file for emotas.I-CUBE-CANOPEN.1.3.0
2024-03-06 19:51:26,997 [WARN] PackLoader:240 - Cannot read IP mode file for STMicroelectronics.X-CUBE-TOUCHGFX.4.22.0
2024-03-06 19:51:27,003 [WARN] PackLoader:240 - Cannot read IP mode file for STMicroelectronics.X-CUBE-TOUCHGFX.4.22.1
2024-03-06 19:51:27,016 [WARN] PackLoader:240 - Cannot read IP mode file for STMicroelectronics.X-CUBE-BLEMGR.3.1.0
2024-03-06 19:51:27,026 [INFO] WebApp:161 - Instantiating new browser for Auth
2024-03-06 19:51:27,028 [WARN] PackLoader:240 - Cannot read IP mode file for STMicroelectronics.FP-SNS-SMARTAG2.1.2.0
2024-03-06 19:51:27,058 [INFO] LogOutputStream:77 - [STDOUT_REDIRECT] 1 : Invalid condition id : UX_CORESTACK_Condition cause : null
2024-03-06 19:51:27,059 [INFO] LogOutputStream:77 - [STDOUT_REDIRECT] 1 : Invalid condition id : UX_CORESTACK_Condition cause : null
2024-03-06 19:51:27,059 [INFO] LogOutputStream:77 - [STDOUT_REDIRECT] 1 : Invalid condition id : UX_CORESTACK_Condition cause : null
2024-03-06 19:51:27,059 [INFO] LogOutputStream:77 - [STDOUT_REDIRECT] 1 : Invalid condition id : UX_CORESTACK_Condition cause : null
2024-03-06 19:51:27,059 [INFO] LogOutputStream:77 - [STDOUT_REDIRECT] 1 : Invalid condition id : UX_CORESTACK_Condition cause : null
2024-03-06 19:51:27,071 [WARN] PackLoader:240 - Cannot read IP mode file for STMicroelectronics.X-CUBE-AZRTOS-WL.2.0.0
2024-03-06 19:51:27,085 [WARN] PackLoader:240 - Cannot read IP mode file for WES.I-CUBE-Cesium.1.3.0
2024-03-06 19:51:27,099 [WARN] PackLoader:240 - Cannot read IP mode file for STMicroelectronics.X-CUBE-BLE2.3.3.0
2024-03-06 19:51:27,110 [WARN] PackLoader:240 - Cannot read IP mode file for STMicroelectronics.X-CUBE-ALGOBUILD.1.3.0
2024-03-06 19:51:27,200 [WARN] PackLoader:240 - Cannot read IP mode file for STMicroelectronics.X-CUBE-AZRTOS-G0.1.1.0
2024-03-06 19:51:27,208 [WARN] PackLoader:240 - Cannot read IP mode file for STMicroelectronics.X-CUBE-NFC4.3.0.0
2024-03-06 19:51:27,220 [WARN] PackLoader:240 - Cannot read IP mode file for STMicroelectronics.X-CUBE-BLEMGR.3.0.0
2024-03-06 19:51:27,226 [WARN] PackLoader:240 - Cannot read IP mode file for STMicroelectronics.FP-ATR-SIGFOX1.3.2.0
2024-03-06 19:51:27,233 [WARN] PackLoader:240 - Cannot read IP mode file for STMicroelectronics.X-CUBE-EEPRMA1.5.1.0
2024-03-06 19:51:27,270 [WARN] PackLoader:240 - Cannot read IP mode file for SEGGER.I-CUBE-embOS.1.3.1
2024-03-06 19:51:27,324 [WARN] PackLoader:240 - Cannot read IP mode file for STMicroelectronics.X-CUBE-GNSS1.6.0.0
2024-03-06 19:51:27,343 [WARN] PackLoader:240 - Cannot read IP mode file for STMicroelectronics.X-CUBE-AZRTOS-F4.1.1.0
2024-03-06 19:51:27,350 [WARN] PackLoader:240 - Cannot read IP mode file for wolfSSL.I-CUBE-wolfSSL.5.6.3
2024-03-06 19:51:27,354 [WARN] PackLoader:240 - Cannot read IP mode file for wolfSSL.I-CUBE-wolfSSL.5.6.6
2024-03-06 19:51:27,375 [WARN] PackLoader:240 - Cannot read IP mode file for STMicroelectronics.X-CUBE-AZRTOS-L5.2.0.0
2024-03-06 19:51:27,443 [WARN] PackLoader:240 - Cannot read IP mode file for STMicroelectronics.X-CUBE-MEMS1.9.6.0
2024-03-06 19:51:27,663 [WARN] PackLoader:240 - Cannot read IP mode file for STMicroelectronics.X-CUBE-EEPRMA1.4.2.0
2024-03-06 19:51:27,678 [WARN] PackLoader:240 - Cannot read IP mode file for ITTIA_DB.I-CUBE-ITTIADB.8.8.0
2024-03-06 19:51:27,686 [WARN] PackLoader:240 - Cannot read IP mode file for STMicroelectronics.X-CUBE-BLEMGR.2.0.0
2024-03-06 19:51:27,704 [WARN] ConditionMgr:438 - getConditionDescription Invalid condition id : UX DEVICE CLASS RTOS Condition cause : null
2024-03-06 19:51:27,704 [WARN] ConditionMgr:438 - getConditionDescription Invalid condition id : UX DEVICE CLASS RTOS Condition cause : null
2024-03-06 19:51:27,707 [WARN] PackLoader:240 - Cannot read IP mode file for STMicroelectronics.X-CUBE-AZRTOS-H7.3.1.0
2024-03-06 19:51:27,709 [WARN] ConditionMgr:1039 - genDependencies : Invalid condition id : UX DEVICE CLASS RTOS Condition cause : null
2024-03-06 19:51:27,709 [WARN] ConditionMgr:1039 - genDependencies : Invalid condition id : UX DEVICE CLASS RTOS Condition cause : null
2024-03-06 19:51:27,710 [WARN] ConditionMgr:1039 - genDependencies : Invalid condition id : UX DEVICE CLASS RTOS Condition cause : null
2024-03-06 19:51:27,710 [WARN] ConditionMgr:1039 - genDependencies : Invalid condition id : UX DEVICE CLASS RTOS Condition cause : null
2024-03-06 19:51:27,710 [WARN] ConditionMgr:1039 - genDependencies : Invalid condition id : UX DEVICE CLASS RTOS Condition cause : null
2024-03-06 19:51:27,716 [WARN] PackLoader:240 - Cannot read IP mode file for STMicroelectronics.X-CUBE-NFC7.1.0.1
2024-03-06 19:51:27,724 [WARN] PackLoader:240 - Cannot read IP mode file for STMicroelectronics.X-CUBE-NFC6.3.0.0
2024-03-06 19:51:27,731 [WARN] PackLoader:240 - Cannot read IP mode file for STMicroelectronics.X-CUBE-EEPRMA1.4.1.0
2024-03-06 19:51:27,737 [WARN] PackLoader:240 - Cannot read IP mode file for STMicroelectronics.X-CUBE-AI.8.1.0
2024-03-06 19:51:27,753 [WARN] ConditionMgr:438 - getConditionDescription Invalid condition id : LAN8742 Phy interface Condition cause : null
2024-03-06 19:51:27,754 [WARN] PackLoader:240 - Cannot read IP mode file for STMicroelectronics.X-CUBE-AZRTOS-L4.2.0.0
2024-03-06 19:51:27,755 [WARN] ConditionMgr:1039 - genDependencies : Invalid condition id : LAN8742 Phy interface Condition cause : null
2024-03-06 19:51:27,755 [WARN] ConditionMgr:1039 - genDependencies : Invalid condition id : LAN8742 Phy interface Condition cause : null
2024-03-06 19:51:27,756 [WARN] ConditionMgr:1039 - genDependencies : Invalid condition id : LAN8742 Phy interface Condition cause : null
2024-03-06 19:51:27,764 [WARN] PackLoader:240 - Cannot read IP mode file for STMicroelectronics.X-CUBE-SFXS2LP1.4.0.0
2024-03-06 19:51:27,773 [WARN] PackLoader:240 - Cannot read IP mode file for STMicroelectronics.X-CUBE-ISPU.1.1.0
2024-03-06 19:51:27,791 [WARN] ConditionMgr:438 - getConditionDescription Invalid condition id : UX DEVICE CLASS RTOS Condition cause : null
2024-03-06 19:51:27,791 [WARN] ConditionMgr:438 - getConditionDescription Invalid condition id : UX DEVICE CLASS RTOS Condition cause : null
2024-03-06 19:51:27,794 [WARN] PackLoader:240 - Cannot read IP mode file for STMicroelectronics.X-CUBE-AZRTOS-WB.2.0.0
2024-03-06 19:51:27,795 [WARN] ConditionMgr:1039 - genDependencies : Invalid condition id : UX DEVICE CLASS RTOS Condition cause : null
2024-03-06 19:51:27,797 [WARN] ConditionMgr:1039 - genDependencies : Invalid condition id : UX DEVICE CLASS RTOS Condition cause : null
2024-03-06 19:51:27,798 [WARN] ConditionMgr:1039 - genDependencies : Invalid condition id : UX DEVICE CLASS RTOS Condition cause : null
2024-03-06 19:51:27,798 [WARN] ConditionMgr:1039 - genDependencies : Invalid condition id : UX DEVICE CLASS RTOS Condition cause : null
2024-03-06 19:51:27,799 [WARN] ConditionMgr:1039 - genDependencies : Invalid condition id : UX DEVICE CLASS RTOS Condition cause : null
2024-03-06 19:51:27,810 [WARN] PackLoader:240 - Cannot read IP mode file for STMicroelectronics.X-CUBE-SUBG2.5.0.0
2024-03-06 19:51:27,824 [WARN] PackLoader:240 - Cannot read IP mode file for STMicroelectronics.X-CUBE-TOF1.3.3.1
2024-03-06 19:51:27,839 [WARN] PackLoader:240 - Cannot read IP mode file for STMicroelectronics.X-CUBE-AZRTOS-G4.2.0.0
2024-03-06 19:51:27,851 [WARN] PackLoader:240 - Cannot read IP mode file for Infineon.AIROC-Wi-Fi-Bluetooth-STM32.1.5.1
2024-03-06 19:51:27,861 [WARN] PackLoader:240 - Cannot read IP mode file for STMicroelectronics.FP-SNS-MOTENVWB1.1.3.0
2024-03-06 19:51:27,865 [WARN] PackLoader:240 - Cannot read IP mode file for STMicroelectronics.FP-SNS-MOTENVWB1.1.3.1
2024-03-06 19:51:27,871 [WARN] PackLoader:240 - Cannot read IP mode file for STMicroelectronics.X-CUBE-ISPU.2.0.0
2024-03-06 19:51:27,908 [WARN] PackLoader:240 - Cannot read IP mode file for STMicroelectronics.X-CUBE-MEMS1.10.0.0
2024-03-06 19:51:28,064 [WARN] PackLoader:240 - Cannot read IP mode file for STMicroelectronics.X-CUBE-FREERTOS.1.1.0
2024-03-06 19:51:28,068 [WARN] PackLoader:240 - Cannot read IP mode file for portGmbH.I-Cube-SoM-uGOAL.1.1.0
2024-03-06 19:51:28,072 [WARN] PackLoader:240 - Cannot read IP mode file for STMicroelectronics.X-CUBE-ALS.1.0.1
2024-03-06 19:51:28,076 [WARN] PackLoader:240 - Cannot read IP mode file for STMicroelectronics.FP-ATR-ASTRA1.2.0.0
2024-03-06 19:51:28,086 [INFO] WebApp:780 - Register for checkConnection events
2024-03-06 19:51:28,086 [INFO] WebApp:414 - Apply proxy settings
2024-03-06 19:51:28,086 [INFO] WebApp:499 - Chromium requires no authentication
2024-03-06 19:51:28,087 [WARN] PackLoader:240 - Cannot read IP mode file for STMicroelectronics.X-CUBE-TOF1.3.4.0
2024-03-06 19:51:28,092 [INFO] WebApp:442 - Direct internet connection detected
2024-03-06 19:51:28,120 [WARN] PackLoader:240 - Cannot read IP mode file for STMicroelectronics.X-CUBE-AZRTOS-H7.3.2.0
2024-03-06 19:51:28,124 [INFO] ThirdParty:978 - Integrity check success = true
2024-03-06 19:51:28,125 [INFO] IntegrityCheckThread:100 - exiting critical section [integrity check]
2024-03-06 19:51:28,125 [INFO] IntegrityCheckThread:103 - End integrity checks thread
2024-03-06 19:51:28,217 [INFO] WebApp:192 - Starting web application
2024-03-06 19:51:28,217 [INFO] WebApp:544 - Web application path used /opt/st/stm32cubeide_1.14.0/plugins/com.st.stm32cube.common.mx_6.10.0.202311202037/db/plugins/mcufinder/reactClient1/index.html
2024-03-06 19:51:48,745 [ERROR] LogOutputStream:75 - [STDERR_REDIRECT] SLF4J: Failed to load class "org.slf4j.impl.StaticLoggerBinder".
2024-03-06 19:51:48,745 [ERROR] LogOutputStream:75 - [STDERR_REDIRECT] SLF4J: Defaulting to no-operation (NOP) logger implementation
2024-03-06 19:51:48,746 [ERROR] LogOutputStream:75 - [STDERR_REDIRECT] SLF4J: See http://www.slf4j.org/codes.html#StaticLoggerBinder for further details.
