2024-03-02 00:08:31,514 [ERROR] LogOutputStream:75 - [STDERR_REDIRECT] 
2024-03-02 08:23:35,350 [INFO] Activator:176 - 


2024-03-02 08:23:35,352 [INFO] Activator:177 - !SESSION log4j initialized
2024-03-02 08:23:40,916 [INFO] LogOutputStream:77 - [STDOUT_REDIRECT] 
2024-03-02 08:23:43,603 [INFO] ApplicationProperties:184 - Using Application install path: /opt/st/stm32cubeide_1.14.0/plugins/com.st.stm32cube.common.mx_6.10.0.202311202037
2024-03-02 08:23:43,665 [INFO] DbMcusXml:78 - Set database path to: /opt/st/stm32cubeide_1.14.0/plugins/com.st.stm32cube.common.mx_6.10.0.202311202037//db//mcu/
2024-03-02 08:23:43,666 [INFO] ApiDb:274 - Set plugin database path to: /opt/st/stm32cubeide_1.14.0/plugins/com.st.stm32cube.common.mx_6.10.0.202311202037//db//plugins/boardmanager/
2024-03-02 08:23:43,667 [WARN] ApiDb:259 - Overriding images path with different value:  => /opt/st/stm32cubeide_1.14.0/plugins/com.st.stm32cube.common.mx_6.10.0.202311202037//db//plugins/mcufinder/images/
2024-03-02 08:23:43,694 [INFO] ApiDb:250 - Set database path to: /home/fede/.stmcufinder/plugins/mcufinder//mcu/
2024-03-02 08:23:43,698 [INFO] DbMcusAds:125 - Set database path to: /home/fede/.stmcufinder/plugins/mcufinder//mcu/
2024-03-02 08:23:43,706 [INFO] CrossReferenceDbSqlite:203 - Set database path to: /home/fede/.stmcufinder/plugins/mcufinder//mcu/cs/
2024-03-02 08:23:44,148 [INFO] RulesReader:64 - Compatibility file has been processed (297 Rules)
2024-03-02 08:23:44,410 [INFO] DbMcusXml:78 - Set database path to: /opt/st/stm32cubeide_1.14.0/plugins/com.st.stm32cube.common.mx_6.10.0.202311202037//db//mcu/
2024-03-02 08:23:44,410 [INFO] ApiDb:274 - Set plugin database path to: /opt/st/stm32cubeide_1.14.0/plugins/com.st.stm32cube.common.mx_6.10.0.202311202037//db//plugins/boardmanager/
2024-03-02 08:23:44,411 [INFO] ApiDb:261 - Set plugin images path to: /opt/st/stm32cubeide_1.14.0/plugins/com.st.stm32cube.common.mx_6.10.0.202311202037//db//plugins/mcufinder/images/
2024-03-02 08:23:44,411 [WARN] DbFile:41 - Overriding database path with different value: /home/fede/.stmcufinder/plugins/mcufinder/ => /home/fede/.stmcufinder/plugins/mcufinder
2024-03-02 08:23:44,412 [INFO] ApiDb:250 - Set database path to: /home/fede/.stmcufinder/plugins/mcufinder//mcu/
2024-03-02 08:23:44,412 [WARN] DbFile:41 - Overriding database path with different value: /home/fede/.stmcufinder/plugins/mcufinder/ => /home/fede/.stmcufinder/plugins/mcufinder
2024-03-02 08:23:44,412 [INFO] DbMcusAds:125 - Set database path to: /home/fede/.stmcufinder/plugins/mcufinder//mcu/
2024-03-02 08:23:44,413 [WARN] DbFile:41 - Overriding database path with different value: /home/fede/.stmcufinder/plugins/mcufinder/ => /home/fede/.stmcufinder/plugins/mcufinder
2024-03-02 08:23:44,413 [WARN] DbFile:41 - Overriding database path with different value: /home/fede/.stmcufinder/plugins/mcufinder/ => /home/fede/.stmcufinder/plugins/mcufinder
2024-03-02 08:23:44,413 [INFO] CrossReferenceDbSqlite:203 - Set database path to: /home/fede/.stmcufinder/plugins/mcufinder//mcu/cs/
2024-03-02 08:23:44,637 [INFO] MainPanel:264 - HeapMemory: 268435456
2024-03-02 08:23:44,919 [INFO] DbMcusXml:78 - Set database path to: /opt/st/stm32cubeide_1.14.0/plugins/com.st.stm32cube.common.mx_6.10.0.202311202037//db//mcu/
2024-03-02 08:23:44,919 [INFO] ApiDb:274 - Set plugin database path to: /opt/st/stm32cubeide_1.14.0/plugins/com.st.stm32cube.common.mx_6.10.0.202311202037//db//plugins/boardmanager/
2024-03-02 08:23:44,919 [INFO] ApiDb:261 - Set plugin images path to: /opt/st/stm32cubeide_1.14.0/plugins/com.st.stm32cube.common.mx_6.10.0.202311202037//db//plugins/mcufinder/images/
2024-03-02 08:23:44,922 [WARN] DbFile:41 - Overriding database path with different value: /home/fede/.stmcufinder/plugins/mcufinder/ => /home/fede/.stmcufinder/plugins/mcufinder
2024-03-02 08:23:44,922 [INFO] ApiDb:250 - Set database path to: /home/fede/.stmcufinder/plugins/mcufinder//mcu/
2024-03-02 08:23:44,922 [WARN] DbFile:41 - Overriding database path with different value: /home/fede/.stmcufinder/plugins/mcufinder/ => /home/fede/.stmcufinder/plugins/mcufinder
2024-03-02 08:23:44,923 [INFO] DbMcusAds:125 - Set database path to: /home/fede/.stmcufinder/plugins/mcufinder//mcu/
2024-03-02 08:23:44,923 [WARN] DbFile:41 - Overriding database path with different value: /home/fede/.stmcufinder/plugins/mcufinder/ => /home/fede/.stmcufinder/plugins/mcufinder
2024-03-02 08:23:44,923 [WARN] DbFile:41 - Overriding database path with different value: /home/fede/.stmcufinder/plugins/mcufinder/ => /home/fede/.stmcufinder/plugins/mcufinder
2024-03-02 08:23:44,924 [INFO] CrossReferenceDbSqlite:203 - Set database path to: /home/fede/.stmcufinder/plugins/mcufinder//mcu/cs/
2024-03-02 08:23:44,970 [INFO] ApplicationProperties:184 - Using Application install path: /opt/st/stm32cubeide_1.14.0/plugins/com.st.stm32cube.common.mx_6.10.0.202311202037
2024-03-02 08:23:44,974 [INFO] PluginManage:196 - Search for loadable plugins [exclusion list=, ]
2024-03-02 08:23:44,978 [INFO] PluginManage:310 - Check plugin analytics
2024-03-02 08:23:45,532 [INFO] AnalyticsPlugin:253 - Accepted Software Licenses: 
2024-03-02 08:23:45,533 [INFO] AnalyticsPlugin:255 - Accepted CMSIS Pack Licenses: 
2024-03-02 08:23:45,533 [INFO] AnalyticsPlugin:257 - Accepted Firmware Licenses: FW.F7.1.17.0
2024-03-02 08:23:45,541 [INFO] PluginManage:359 - Loaded plugin analytics (category:tool,tabindex:-1)
2024-03-02 08:23:45,542 [INFO] PluginManage:310 - Check plugin cadmodel
2024-03-02 08:23:45,638 [INFO] CADModel:105 - Init CAD model plugin
2024-03-02 08:23:45,639 [INFO] PluginManage:359 - Loaded plugin cadmodel (category:power,tabindex:5)
2024-03-02 08:23:45,640 [INFO] PluginManage:310 - Check plugin clock
2024-03-02 08:23:45,678 [INFO] PluginManage:359 - Loaded plugin clock (category:base,tabindex:2)
2024-03-02 08:23:45,679 [INFO] PluginManage:310 - Check plugin ddr
2024-03-02 08:23:45,686 [INFO] PluginManage:359 - Loaded plugin ddr (category:tool,tabindex:6)
2024-03-02 08:23:45,686 [INFO] PluginManage:310 - Check plugin filemanager
2024-03-02 08:23:46,086 [INFO] PluginManage:359 - Loaded plugin filemanager (category:base,tabindex:10)
2024-03-02 08:23:46,087 [INFO] PluginManage:310 - Check plugin ipmanager
2024-03-02 08:23:46,102 [INFO] PluginManage:359 - Loaded plugin ipmanager (category:base,tabindex:5)
2024-03-02 08:23:46,103 [INFO] PluginManage:310 - Check plugin lpbam
2024-03-02 08:23:46,138 [INFO] PluginManage:359 - Loaded plugin lpbam (category:base,tabindex:0)
2024-03-02 08:23:46,139 [INFO] PluginManage:310 - Check plugin memorymap
2024-03-02 08:23:46,174 [INFO] PluginManage:359 - Loaded plugin memorymap (category:base,tabindex:4)
2024-03-02 08:23:46,175 [INFO] PluginManage:310 - Check plugin pinoutandconfiguration
2024-03-02 08:23:46,199 [INFO] PluginManage:359 - Loaded plugin pinoutandconfiguration (category:base,tabindex:1)
2024-03-02 08:23:46,200 [INFO] PluginManage:310 - Check plugin pinoutconfig
2024-03-02 08:23:46,496 [WARN] SupportedApi:132 - Cannot load RTOS API schema: s4s-elt-must-match.1: The content of 'definitions' must match (annotation?, (simpleType | complexType)?, (unique | key | keyref)*)). A problem was found starting at: attribute.
2024-03-02 08:23:46,843 [INFO] PluginManage:359 - Loaded plugin pinoutconfig (category:base,tabindex:0)
2024-03-02 08:23:46,843 [INFO] PluginManage:310 - Check plugin power
2024-03-02 08:23:46,866 [INFO] PluginManage:359 - Loaded plugin power (category:power,tabindex:4)
2024-03-02 08:23:46,867 [INFO] PluginManage:310 - Check plugin projectmanager
2024-03-02 08:23:46,911 [INFO] PluginManage:359 - Loaded plugin projectmanager (category:projectmanager,tabindex:3)
2024-03-02 08:23:46,912 [INFO] PluginManage:310 - Check plugin thirdparty
2024-03-02 08:23:47,288 [INFO] PluginManage:359 - Loaded plugin thirdparty (category:base,tabindex:-1)
2024-03-02 08:23:47,289 [INFO] PluginManage:310 - Check plugin tools
2024-03-02 08:23:47,289 [WARN] IntegrityCheckThread:84 - waiting for thirdparty lock release [integrity check]
2024-03-02 08:23:47,290 [INFO] IntegrityCheckThread:86 - entering critical section [integrity check]
2024-03-02 08:23:47,292 [INFO] ThirdPartyUpdaterWithRetryManager:70 - Updater plugin not ready yet. [1/15]
2024-03-02 08:23:47,295 [INFO] PluginManage:359 - Loaded plugin tools (category:base,tabindex:7)
2024-03-02 08:23:47,295 [INFO] PluginManage:310 - Check plugin tutovideos
2024-03-02 08:23:48,060 [INFO] PluginManage:359 - Loaded plugin tutovideos (category:base,tabindex:-1)
2024-03-02 08:23:48,061 [INFO] PluginManage:310 - Check plugin updater
2024-03-02 08:23:48,105 [INFO] PluginManage:359 - Loaded plugin updater (category:base,tabindex:12)
2024-03-02 08:23:48,106 [INFO] PluginManage:310 - Check plugin userauth
2024-03-02 08:23:48,120 [INFO] UserAuth:114 - Init User Auth plugin
2024-03-02 08:23:48,121 [INFO] PluginManage:359 - Loaded plugin userauth (category:base,tabindex:14)
2024-03-02 08:23:48,122 [INFO] PluginManage:283 - PluginManage : Loaded plugins [17]
2024-03-02 08:23:48,917 [INFO] PinOutPanel:1499 - setPackage(No Configuration,No Configuration)
2024-03-02 08:23:49,360 [INFO] CADModel:165 - CPN selected for project level
2024-03-02 08:23:49,361 [INFO] CADModel:114 - Register for checkConnection events
2024-03-02 08:23:49,431 [INFO] IPUIPlugin:80 - create IPUIPlugin
2024-03-02 08:23:49,432 [INFO] PluginManager:220 - loadIPPluginJar : add gfxmmu
2024-03-02 08:23:49,437 [INFO] IPUIPlugin:80 - create IPUIPlugin
2024-03-02 08:23:49,438 [INFO] PluginManager:220 - loadIPPluginJar : add comp
2024-03-02 08:23:49,450 [INFO] IPUIPlugin:80 - create IPUIPlugin
2024-03-02 08:23:49,451 [INFO] PluginManager:220 - loadIPPluginJar : add usbx
2024-03-02 08:23:49,498 [INFO] IPUIPlugin:80 - create IPUIPlugin
2024-03-02 08:23:49,516 [INFO] PluginManager:220 - loadIPPluginJar : add linkedlist
2024-03-02 08:23:49,615 [INFO] IPUIPlugin:80 - create IPUIPlugin
2024-03-02 08:23:49,622 [INFO] PluginManager:220 - loadIPPluginJar : add mdma
2024-03-02 08:23:49,646 [INFO] IPUIPlugin:80 - create IPUIPlugin
2024-03-02 08:23:49,647 [INFO] PluginManager:220 - loadIPPluginJar : add i3c
2024-03-02 08:23:49,653 [INFO] IPUIPlugin:80 - create IPUIPlugin
2024-03-02 08:23:49,653 [INFO] PluginManager:220 - loadIPPluginJar : add cryp
2024-03-02 08:23:49,657 [INFO] IPUIPlugin:80 - create IPUIPlugin
2024-03-02 08:23:49,657 [INFO] PluginManager:220 - loadIPPluginJar : add quadspi
2024-03-02 08:23:49,679 [INFO] IPUIPlugin:80 - create IPUIPlugin
2024-03-02 08:23:49,679 [INFO] PluginManager:220 - loadIPPluginJar : add tsc
2024-03-02 08:23:49,687 [INFO] IPUIPlugin:80 - create IPUIPlugin
2024-03-02 08:23:49,687 [INFO] PluginManager:220 - loadIPPluginJar : add hash
2024-03-02 08:23:49,693 [INFO] IPUIPlugin:80 - create IPUIPlugin
2024-03-02 08:23:49,694 [INFO] PluginManager:220 - loadIPPluginJar : add aes
2024-03-02 08:23:49,704 [INFO] IPUIPlugin:80 - create IPUIPlugin
2024-03-02 08:23:49,705 [INFO] PluginManager:220 - loadIPPluginJar : add i2c
2024-03-02 08:23:49,717 [INFO] IPUIPlugin:80 - create IPUIPlugin
2024-03-02 08:23:49,718 [INFO] PluginManager:220 - loadIPPluginJar : add gtzc
2024-03-02 08:23:49,771 [INFO] IPUIPlugin:80 - create IPUIPlugin
2024-03-02 08:23:49,772 [INFO] PluginManager:220 - loadIPPluginJar : add stm32_wpan
2024-03-02 08:23:49,814 [INFO] IPUIPlugin:80 - create IPUIPlugin
2024-03-02 08:23:49,834 [INFO] PluginManager:220 - loadIPPluginJar : add plateformsettings
2024-03-02 08:23:49,869 [INFO] IPUIPlugin:80 - create IPUIPlugin
2024-03-02 08:23:49,871 [INFO] PluginManager:220 - loadIPPluginJar : add adc
2024-03-02 08:23:49,888 [INFO] IPUIPlugin:80 - create IPUIPlugin
2024-03-02 08:23:49,888 [INFO] PluginManager:220 - loadIPPluginJar : add sai
2024-03-02 08:23:49,934 [INFO] IPUIPlugin:80 - create IPUIPlugin
2024-03-02 08:23:49,939 [INFO] PluginManager:220 - loadIPPluginJar : add gic
2024-03-02 08:23:49,966 [INFO] IPUIPlugin:80 - create IPUIPlugin
2024-03-02 08:23:49,969 [INFO] PluginManager:220 - loadIPPluginJar : add opamp
2024-03-02 08:23:49,979 [INFO] IPUIPlugin:80 - create IPUIPlugin
2024-03-02 08:23:49,980 [INFO] PluginManager:220 - loadIPPluginJar : add i2s
2024-03-02 08:23:49,989 [INFO] IPUIPlugin:80 - create IPUIPlugin
2024-03-02 08:23:49,989 [INFO] PluginManager:220 - loadIPPluginJar : add touchsensing
2024-03-02 08:23:49,997 [INFO] IPUIPlugin:80 - create IPUIPlugin
2024-03-02 08:23:50,001 [INFO] PluginManager:220 - loadIPPluginJar : add dma3
2024-03-02 08:23:50,015 [INFO] IPUIPlugin:80 - create IPUIPlugin
2024-03-02 08:23:50,016 [INFO] PluginManager:220 - loadIPPluginJar : add gpio
2024-03-02 08:23:50,023 [INFO] IPUIPlugin:80 - create IPUIPlugin
2024-03-02 08:23:50,025 [INFO] PluginManager:220 - loadIPPluginJar : add lorawan
2024-03-02 08:23:50,031 [INFO] IPUIPlugin:80 - create IPUIPlugin
2024-03-02 08:23:50,035 [INFO] PluginManager:220 - loadIPPluginJar : add tracer_emb
2024-03-02 08:23:50,048 [INFO] IPUIPlugin:80 - create IPUIPlugin
2024-03-02 08:23:50,048 [INFO] PluginManager:220 - loadIPPluginJar : add ipddr
2024-03-02 08:23:50,058 [INFO] IPUIPlugin:80 - create IPUIPlugin
2024-03-02 08:23:50,058 [INFO] PluginManager:220 - loadIPPluginJar : add resmgrutility
2024-03-02 08:23:50,069 [INFO] IPUIPlugin:80 - create IPUIPlugin
2024-03-02 08:23:50,070 [INFO] PluginManager:220 - loadIPPluginJar : add fmc
2024-03-02 08:23:50,074 [INFO] IPUIPlugin:80 - create IPUIPlugin
2024-03-02 08:23:50,074 [INFO] PluginManager:220 - loadIPPluginJar : add tim
2024-03-02 08:23:50,077 [INFO] IPUIPlugin:80 - create IPUIPlugin
2024-03-02 08:23:50,077 [INFO] PluginManager:220 - loadIPPluginJar : add ltdc
2024-03-02 08:23:50,080 [INFO] IPUIPlugin:80 - create IPUIPlugin
2024-03-02 08:23:50,081 [INFO] PluginManager:220 - loadIPPluginJar : add genericplugin
2024-03-02 08:23:50,107 [INFO] IPUIPlugin:80 - create IPUIPlugin
2024-03-02 08:23:50,108 [INFO] PluginManager:220 - loadIPPluginJar : add dma
2024-03-02 08:23:50,120 [INFO] IPUIPlugin:80 - create IPUIPlugin
2024-03-02 08:23:50,120 [INFO] PluginManager:220 - loadIPPluginJar : add usart
2024-03-02 08:23:50,134 [INFO] IPUIPlugin:80 - create IPUIPlugin
2024-03-02 08:23:50,138 [INFO] PluginManager:220 - loadIPPluginJar : add openamp
2024-03-02 08:23:50,146 [INFO] IPUIPlugin:80 - create IPUIPlugin
2024-03-02 08:23:50,146 [INFO] PluginManager:220 - loadIPPluginJar : add fatfs
2024-03-02 08:23:50,153 [INFO] IPUIPlugin:80 - create IPUIPlugin
2024-03-02 08:23:50,154 [INFO] PluginManager:220 - loadIPPluginJar : add spi
2024-03-02 08:23:50,179 [INFO] IPUIPlugin:80 - create IPUIPlugin
2024-03-02 08:23:50,179 [INFO] PluginManager:220 - loadIPPluginJar : add dfsdm
2024-03-02 08:23:50,189 [INFO] IPUIPlugin:80 - create IPUIPlugin
2024-03-02 08:23:50,190 [INFO] PluginManager:220 - loadIPPluginJar : add can
2024-03-02 08:23:50,241 [INFO] IPUIPlugin:80 - create IPUIPlugin
2024-03-02 08:23:50,243 [INFO] PluginManager:220 - loadIPPluginJar : add nvic
2024-03-02 08:23:50,290 [INFO] IPUIPlugin:80 - create IPUIPlugin
2024-03-02 08:23:50,291 [INFO] PluginManager:220 - loadIPPluginJar : add freertos
2024-03-02 08:23:50,293 [INFO] ThirdPartyUpdaterWithRetryManager:70 - Updater plugin not ready yet. [2/15]
2024-03-02 08:23:50,307 [INFO] IPUIPlugin:80 - create IPUIPlugin
2024-03-02 08:23:50,308 [INFO] PluginManager:220 - loadIPPluginJar : add pdm2pcm
2024-03-02 08:23:50,333 [INFO] IPUIPlugin:80 - create IPUIPlugin
2024-03-02 08:23:50,334 [INFO] PluginManager:220 - loadIPPluginJar : add ts
2024-03-02 08:23:50,339 [INFO] IPUIPlugin:80 - create IPUIPlugin
2024-03-02 08:23:50,339 [INFO] PluginManager:220 - loadIPPluginJar : add ucpd
2024-03-02 08:23:50,625 [INFO] CADModel:165 - CPN selected for project level
2024-03-02 08:23:50,625 [INFO] CADModel:114 - Register for checkConnection events
2024-03-02 08:23:50,627 [FATAL] Updater:308 - Updater called before beeing initialized
2024-03-02 08:23:50,627 [ERROR] CADModel:125 - Updater not yet initialized, retry later 
2024-03-02 08:23:51,430 [INFO] CADModel:165 - CPN selected for project level
2024-03-02 08:23:51,430 [INFO] CADModel:114 - Register for checkConnection events
2024-03-02 08:23:51,430 [FATAL] Updater:308 - Updater called before beeing initialized
2024-03-02 08:23:51,431 [ERROR] CADModel:125 - Updater not yet initialized, retry later 
2024-03-02 08:23:51,449 [FATAL] Updater:308 - Updater called before beeing initialized
2024-03-02 08:23:52,078 [FATAL] Updater:308 - Updater called before beeing initialized
2024-03-02 08:23:52,091 [INFO] DbMcusAds:53 - JSON generation date=Wed Nov 29 07:52:27 ART 2023 (1701255147349)
2024-03-02 08:23:52,092 [FATAL] Updater:308 - Updater called before beeing initialized
2024-03-02 08:23:52,252 [WARN] DetailPanel:346 - Failed to get advertising image, set to default
2024-03-02 08:23:52,679 [FATAL] Updater:308 - Updater called before beeing initialized
2024-03-02 08:23:52,683 [FATAL] Updater:308 - Updater called before beeing initialized
2024-03-02 08:23:52,684 [FATAL] Updater:308 - Updater called before beeing initialized
2024-03-02 08:23:52,684 [WARN] DetailPanel:346 - Failed to get advertising image, set to default
2024-03-02 08:23:52,686 [FATAL] Updater:308 - Updater called before beeing initialized
2024-03-02 08:23:52,799 [ERROR] Updater:1120 - MainUpdater not yet initialized. External WinMGr cannot be set.
2024-03-02 08:23:52,813 [INFO] Updater:1056 - Updater Version found : 6.10.0
2024-03-02 08:23:52,916 [INFO] ApplicationProperties:184 - Using Application install path: /opt/st/stm32cubeide_1.14.0/plugins/com.st.stm32cube.common.mx_6.10.0.202311202037
2024-03-02 08:23:53,294 [INFO] ThirdPartyUpdaterWithRetryManager:70 - Updater plugin not ready yet. [3/15]
2024-03-02 08:23:55,619 [INFO] MainUpdater:2873 - connection check result : 10
2024-03-02 08:23:55,627 [INFO] MainUpdater:290 - Updater Check For Update Now.
2024-03-02 08:23:55,628 [INFO] MicroXplorer:498 - Change Database Version : DB.6.0.100
2024-03-02 08:23:55,685 [INFO] McuFinderGlobals:63 - Set McuFinder mode to 2 (CubeIDE integrated)
2024-03-02 08:23:56,295 [WARN] MainUpdater:1194 - Updater busy. Cannot search thirdparties
2024-03-02 08:23:56,296 [INFO] ThirdPartyUpdaterWithRetryManager:96 - Updater plugin is busy. [1/15]
2024-03-02 08:23:56,399 [INFO] CheckServerUpdateThread:120 - End of CheckServer Thread
2024-03-02 08:23:57,471 [INFO] UserAuth:404 - Internet connection configuration mode: 1
2024-03-02 08:23:57,529 [INFO] JxBrowserEngine:152 - Initiate JxBrowser Engine with user profile folder
2024-03-02 08:23:59,861 [WARN] PackLoader:240 - Cannot read IP mode file for STMicroelectronics.X-CUBE-SMBUS.2.1.0
2024-03-02 08:23:59,900 [WARN] PackLoader:240 - Cannot read IP mode file for STMicroelectronics.X-CUBE-TOUCHGFX.4.23.0
2024-03-02 08:24:00,012 [WARN] PackLoader:240 - Cannot read IP mode file for STMicroelectronics.X-CUBE-AZRTOS-F7.1.1.0
2024-03-02 08:24:00,067 [WARN] PackLoader:240 - Cannot read IP mode file for STMicroelectronics.FP-SNS-MOTENV1.4.3.2
2024-03-02 08:24:00,143 [WARN] PackLoader:240 - Cannot read IP mode file for STMicroelectronics.X-CUBE-DISPLAY.3.0.0
2024-03-02 08:24:00,245 [WARN] PackLoader:240 - Cannot read IP mode file for emotas.I-CUBE-CANOPEN.1.3.0
2024-03-02 08:24:00,265 [WARN] PackLoader:240 - Cannot read IP mode file for STMicroelectronics.X-CUBE-TOUCHGFX.4.22.0
2024-03-02 08:24:00,279 [WARN] PackLoader:240 - Cannot read IP mode file for STMicroelectronics.X-CUBE-TOUCHGFX.4.22.1
2024-03-02 08:24:00,344 [INFO] LogOutputStream:77 - [STDOUT_REDIRECT] 1 : Invalid condition id : UX_CORESTACK_Condition cause : null
2024-03-02 08:24:00,345 [INFO] LogOutputStream:77 - [STDOUT_REDIRECT] 1 : Invalid condition id : UX_CORESTACK_Condition cause : null
2024-03-02 08:24:00,346 [INFO] LogOutputStream:77 - [STDOUT_REDIRECT] 1 : Invalid condition id : UX_CORESTACK_Condition cause : null
2024-03-02 08:24:00,347 [INFO] LogOutputStream:77 - [STDOUT_REDIRECT] 1 : Invalid condition id : UX_CORESTACK_Condition cause : null
2024-03-02 08:24:00,347 [INFO] LogOutputStream:77 - [STDOUT_REDIRECT] 1 : Invalid condition id : UX_CORESTACK_Condition cause : null
2024-03-02 08:24:00,392 [WARN] PackLoader:240 - Cannot read IP mode file for STMicroelectronics.X-CUBE-AZRTOS-WL.2.0.0
2024-03-02 08:24:00,460 [WARN] PackLoader:240 - Cannot read IP mode file for WES.I-CUBE-Cesium.1.3.0
2024-03-02 08:24:00,486 [WARN] PackLoader:240 - Cannot read IP mode file for STMicroelectronics.X-CUBE-BLE2.3.3.0
2024-03-02 08:24:00,528 [WARN] PackLoader:240 - Cannot read IP mode file for STMicroelectronics.X-CUBE-ALGOBUILD.1.3.0
2024-03-02 08:24:00,782 [WARN] PackLoader:240 - Cannot read IP mode file for STMicroelectronics.X-CUBE-AZRTOS-G0.1.1.0
2024-03-02 08:24:00,845 [WARN] PackLoader:240 - Cannot read IP mode file for STMicroelectronics.X-CUBE-NFC4.3.0.0
2024-03-02 08:24:00,890 [WARN] PackLoader:240 - Cannot read IP mode file for STMicroelectronics.X-CUBE-BLEMGR.3.0.0
2024-03-02 08:24:00,908 [WARN] PackLoader:240 - Cannot read IP mode file for STMicroelectronics.FP-ATR-SIGFOX1.3.2.0
2024-03-02 08:24:00,939 [WARN] PackLoader:240 - Cannot read IP mode file for STMicroelectronics.X-CUBE-EEPRMA1.5.1.0
2024-03-02 08:24:01,123 [WARN] PackLoader:240 - Cannot read IP mode file for SEGGER.I-CUBE-embOS.1.3.1
2024-03-02 08:24:01,405 [WARN] PackLoader:240 - Cannot read IP mode file for STMicroelectronics.X-CUBE-GNSS1.6.0.0
2024-03-02 08:24:01,597 [WARN] PackLoader:240 - Cannot read IP mode file for STMicroelectronics.X-CUBE-AZRTOS-F4.1.1.0
2024-03-02 08:24:01,765 [INFO] WebApp:161 - Instantiating new browser for Auth
2024-03-02 08:24:02,012 [WARN] PackLoader:240 - Cannot read IP mode file for STMicroelectronics.X-CUBE-MEMS1.9.6.0
2024-03-02 08:24:02,966 [WARN] PackLoader:240 - Cannot read IP mode file for STMicroelectronics.X-CUBE-EEPRMA1.4.2.0
2024-03-02 08:24:02,999 [WARN] PackLoader:240 - Cannot read IP mode file for ITTIA_DB.I-CUBE-ITTIADB.8.8.0
2024-03-02 08:24:03,044 [WARN] PackLoader:240 - Cannot read IP mode file for STMicroelectronics.X-CUBE-BLEMGR.2.0.0
2024-03-02 08:24:03,136 [WARN] ConditionMgr:438 - getConditionDescription Invalid condition id : UX DEVICE CLASS RTOS Condition cause : null
2024-03-02 08:24:03,137 [WARN] ConditionMgr:438 - getConditionDescription Invalid condition id : UX DEVICE CLASS RTOS Condition cause : null
2024-03-02 08:24:03,147 [WARN] PackLoader:240 - Cannot read IP mode file for STMicroelectronics.X-CUBE-AZRTOS-H7.3.1.0
2024-03-02 08:24:03,150 [WARN] ConditionMgr:1039 - genDependencies : Invalid condition id : UX DEVICE CLASS RTOS Condition cause : null
2024-03-02 08:24:03,151 [WARN] ConditionMgr:1039 - genDependencies : Invalid condition id : UX DEVICE CLASS RTOS Condition cause : null
2024-03-02 08:24:03,153 [WARN] ConditionMgr:1039 - genDependencies : Invalid condition id : UX DEVICE CLASS RTOS Condition cause : null
2024-03-02 08:24:03,154 [WARN] ConditionMgr:1039 - genDependencies : Invalid condition id : UX DEVICE CLASS RTOS Condition cause : null
2024-03-02 08:24:03,155 [WARN] ConditionMgr:1039 - genDependencies : Invalid condition id : UX DEVICE CLASS RTOS Condition cause : null
2024-03-02 08:24:03,186 [WARN] PackLoader:240 - Cannot read IP mode file for STMicroelectronics.X-CUBE-NFC7.1.0.1
2024-03-02 08:24:03,207 [WARN] PackLoader:240 - Cannot read IP mode file for STMicroelectronics.X-CUBE-EEPRMA1.4.1.0
2024-03-02 08:24:03,326 [WARN] ConditionMgr:438 - getConditionDescription Invalid condition id : LAN8742 Phy interface Condition cause : null
2024-03-02 08:24:03,331 [WARN] PackLoader:240 - Cannot read IP mode file for STMicroelectronics.X-CUBE-AZRTOS-L4.2.0.0
2024-03-02 08:24:03,336 [WARN] ConditionMgr:1039 - genDependencies : Invalid condition id : LAN8742 Phy interface Condition cause : null
2024-03-02 08:24:03,338 [WARN] ConditionMgr:1039 - genDependencies : Invalid condition id : LAN8742 Phy interface Condition cause : null
2024-03-02 08:24:03,339 [WARN] ConditionMgr:1039 - genDependencies : Invalid condition id : LAN8742 Phy interface Condition cause : null
2024-03-02 08:24:03,395 [WARN] PackLoader:240 - Cannot read IP mode file for STMicroelectronics.X-CUBE-SFXS2LP1.4.0.0
2024-03-02 08:24:03,419 [WARN] PackLoader:240 - Cannot read IP mode file for STMicroelectronics.X-CUBE-ISPU.1.1.0
2024-03-02 08:24:03,474 [WARN] PackLoader:240 - Cannot read IP mode file for STMicroelectronics.X-CUBE-SUBG2.5.0.0
2024-03-02 08:24:03,557 [WARN] PackLoader:240 - Cannot read IP mode file for STMicroelectronics.X-CUBE-TOF1.3.3.1
2024-03-02 08:24:03,843 [WARN] PackLoader:240 - Cannot read IP mode file for STMicroelectronics.X-CUBE-AZRTOS-G4.2.0.0
2024-03-02 08:24:04,018 [WARN] PackLoader:240 - Cannot read IP mode file for Infineon.AIROC-Wi-Fi-Bluetooth-STM32.1.5.1
2024-03-02 08:24:04,046 [WARN] PackLoader:240 - Cannot read IP mode file for STMicroelectronics.FP-SNS-MOTENVWB1.1.3.0
2024-03-02 08:24:04,094 [WARN] PackLoader:240 - Cannot read IP mode file for STMicroelectronics.FP-SNS-MOTENVWB1.1.3.1
2024-03-02 08:24:04,162 [WARN] PackLoader:240 - Cannot read IP mode file for STMicroelectronics.X-CUBE-ISPU.2.0.0
2024-03-02 08:24:04,417 [WARN] PackLoader:240 - Cannot read IP mode file for STMicroelectronics.X-CUBE-MEMS1.10.0.0
2024-03-02 08:24:05,109 [WARN] PackLoader:240 - Cannot read IP mode file for portGmbH.I-Cube-SoM-uGOAL.1.1.0
2024-03-02 08:24:05,137 [WARN] PackLoader:240 - Cannot read IP mode file for STMicroelectronics.X-CUBE-ALS.1.0.1
2024-03-02 08:24:05,163 [WARN] PackLoader:240 - Cannot read IP mode file for STMicroelectronics.FP-ATR-ASTRA1.2.0.0
2024-03-02 08:24:05,236 [WARN] PackLoader:240 - Cannot read IP mode file for STMicroelectronics.X-CUBE-TOF1.3.4.0
2024-03-02 08:24:05,436 [WARN] PackLoader:240 - Cannot read IP mode file for STMicroelectronics.X-CUBE-AZRTOS-H7.3.2.0
2024-03-02 08:24:05,448 [INFO] ThirdParty:978 - Integrity check success = true
2024-03-02 08:24:05,448 [INFO] IntegrityCheckThread:100 - exiting critical section [integrity check]
2024-03-02 08:24:05,448 [INFO] IntegrityCheckThread:103 - End integrity checks thread
2024-03-02 08:24:05,839 [INFO] WebApp:780 - Register for checkConnection events
2024-03-02 08:24:05,841 [INFO] WebApp:414 - Apply proxy settings
2024-03-02 08:24:05,842 [INFO] WebApp:499 - Chromium requires no authentication
2024-03-02 08:24:05,885 [INFO] WebApp:442 - Direct internet connection detected
2024-03-02 08:24:06,660 [INFO] WebApp:192 - Starting web application
2024-03-02 08:24:06,661 [INFO] WebApp:544 - Web application path used /opt/st/stm32cubeide_1.14.0/plugins/com.st.stm32cube.common.mx_6.10.0.202311202037/db/plugins/mcufinder/reactClient1/index.html
2024-03-02 08:24:27,700 [ERROR] LogOutputStream:75 - [STDERR_REDIRECT] SLF4J: Failed to load class "org.slf4j.impl.StaticLoggerBinder".
2024-03-02 08:24:27,701 [ERROR] LogOutputStream:75 - [STDERR_REDIRECT] SLF4J: Defaulting to no-operation (NOP) logger implementation
2024-03-02 08:24:27,703 [ERROR] LogOutputStream:75 - [STDERR_REDIRECT] SLF4J: See http://www.slf4j.org/codes.html#StaticLoggerBinder for further details.
2024-03-02 16:31:45,307 [ERROR] LogOutputStream:75 - [STDERR_REDIRECT] 
