2024-02-27 00:04:31,031 [ERROR] LogOutputStream:75 - [STDERR_REDIRECT] 
2024-02-27 21:51:50,767 [INFO] Activator:176 - 


2024-02-27 21:51:50,770 [INFO] Activator:177 - !SESSION log4j initialized
2024-02-27 21:51:53,769 [INFO] LogOutputStream:77 - [STDOUT_REDIRECT] 
2024-02-27 21:51:55,462 [INFO] ApplicationProperties:184 - Using Application install path: /opt/st/stm32cubeide_1.14.0/plugins/com.st.stm32cube.common.mx_6.10.0.202311202037
2024-02-27 21:51:55,477 [INFO] DbMcusXml:78 - Set database path to: /opt/st/stm32cubeide_1.14.0/plugins/com.st.stm32cube.common.mx_6.10.0.202311202037//db//mcu/
2024-02-27 21:51:55,477 [INFO] ApiDb:274 - Set plugin database path to: /opt/st/stm32cubeide_1.14.0/plugins/com.st.stm32cube.common.mx_6.10.0.202311202037//db//plugins/boardmanager/
2024-02-27 21:51:55,477 [WARN] ApiDb:259 - Overriding images path with different value:  => /opt/st/stm32cubeide_1.14.0/plugins/com.st.stm32cube.common.mx_6.10.0.202311202037//db//plugins/mcufinder/images/
2024-02-27 21:51:55,485 [INFO] ApiDb:250 - Set database path to: /home/fede/.stmcufinder/plugins/mcufinder//mcu/
2024-02-27 21:51:55,485 [INFO] DbMcusAds:125 - Set database path to: /home/fede/.stmcufinder/plugins/mcufinder//mcu/
2024-02-27 21:51:55,487 [INFO] CrossReferenceDbSqlite:203 - Set database path to: /home/fede/.stmcufinder/plugins/mcufinder//mcu/cs/
2024-02-27 21:51:55,584 [INFO] RulesReader:64 - Compatibility file has been processed (297 Rules)
2024-02-27 21:51:55,639 [INFO] DbMcusXml:78 - Set database path to: /opt/st/stm32cubeide_1.14.0/plugins/com.st.stm32cube.common.mx_6.10.0.202311202037//db//mcu/
2024-02-27 21:51:55,639 [INFO] ApiDb:274 - Set plugin database path to: /opt/st/stm32cubeide_1.14.0/plugins/com.st.stm32cube.common.mx_6.10.0.202311202037//db//plugins/boardmanager/
2024-02-27 21:51:55,639 [INFO] ApiDb:261 - Set plugin images path to: /opt/st/stm32cubeide_1.14.0/plugins/com.st.stm32cube.common.mx_6.10.0.202311202037//db//plugins/mcufinder/images/
2024-02-27 21:51:55,640 [WARN] DbFile:41 - Overriding database path with different value: /home/fede/.stmcufinder/plugins/mcufinder/ => /home/fede/.stmcufinder/plugins/mcufinder
2024-02-27 21:51:55,640 [INFO] ApiDb:250 - Set database path to: /home/fede/.stmcufinder/plugins/mcufinder//mcu/
2024-02-27 21:51:55,640 [WARN] DbFile:41 - Overriding database path with different value: /home/fede/.stmcufinder/plugins/mcufinder/ => /home/fede/.stmcufinder/plugins/mcufinder
2024-02-27 21:51:55,640 [INFO] DbMcusAds:125 - Set database path to: /home/fede/.stmcufinder/plugins/mcufinder//mcu/
2024-02-27 21:51:55,640 [WARN] DbFile:41 - Overriding database path with different value: /home/fede/.stmcufinder/plugins/mcufinder/ => /home/fede/.stmcufinder/plugins/mcufinder
2024-02-27 21:51:55,640 [WARN] DbFile:41 - Overriding database path with different value: /home/fede/.stmcufinder/plugins/mcufinder/ => /home/fede/.stmcufinder/plugins/mcufinder
2024-02-27 21:51:55,640 [INFO] CrossReferenceDbSqlite:203 - Set database path to: /home/fede/.stmcufinder/plugins/mcufinder//mcu/cs/
2024-02-27 21:51:55,707 [INFO] MainPanel:264 - HeapMemory: 268435456
2024-02-27 21:51:55,804 [INFO] DbMcusXml:78 - Set database path to: /opt/st/stm32cubeide_1.14.0/plugins/com.st.stm32cube.common.mx_6.10.0.202311202037//db//mcu/
2024-02-27 21:51:55,804 [INFO] ApiDb:274 - Set plugin database path to: /opt/st/stm32cubeide_1.14.0/plugins/com.st.stm32cube.common.mx_6.10.0.202311202037//db//plugins/boardmanager/
2024-02-27 21:51:55,804 [INFO] ApiDb:261 - Set plugin images path to: /opt/st/stm32cubeide_1.14.0/plugins/com.st.stm32cube.common.mx_6.10.0.202311202037//db//plugins/mcufinder/images/
2024-02-27 21:51:55,805 [WARN] DbFile:41 - Overriding database path with different value: /home/fede/.stmcufinder/plugins/mcufinder/ => /home/fede/.stmcufinder/plugins/mcufinder
2024-02-27 21:51:55,805 [INFO] ApiDb:250 - Set database path to: /home/fede/.stmcufinder/plugins/mcufinder//mcu/
2024-02-27 21:51:55,805 [WARN] DbFile:41 - Overriding database path with different value: /home/fede/.stmcufinder/plugins/mcufinder/ => /home/fede/.stmcufinder/plugins/mcufinder
2024-02-27 21:51:55,805 [INFO] DbMcusAds:125 - Set database path to: /home/fede/.stmcufinder/plugins/mcufinder//mcu/
2024-02-27 21:51:55,805 [WARN] DbFile:41 - Overriding database path with different value: /home/fede/.stmcufinder/plugins/mcufinder/ => /home/fede/.stmcufinder/plugins/mcufinder
2024-02-27 21:51:55,805 [WARN] DbFile:41 - Overriding database path with different value: /home/fede/.stmcufinder/plugins/mcufinder/ => /home/fede/.stmcufinder/plugins/mcufinder
2024-02-27 21:51:55,805 [INFO] CrossReferenceDbSqlite:203 - Set database path to: /home/fede/.stmcufinder/plugins/mcufinder//mcu/cs/
2024-02-27 21:51:55,868 [INFO] ApplicationProperties:184 - Using Application install path: /opt/st/stm32cubeide_1.14.0/plugins/com.st.stm32cube.common.mx_6.10.0.202311202037
2024-02-27 21:51:55,870 [INFO] PluginManage:196 - Search for loadable plugins [exclusion list=, ]
2024-02-27 21:51:55,871 [INFO] PluginManage:310 - Check plugin analytics
2024-02-27 21:51:56,000 [INFO] AnalyticsPlugin:253 - Accepted Software Licenses: 
2024-02-27 21:51:56,000 [INFO] AnalyticsPlugin:255 - Accepted CMSIS Pack Licenses: 
2024-02-27 21:51:56,000 [INFO] AnalyticsPlugin:257 - Accepted Firmware Licenses: FW.F7.1.17.0
2024-02-27 21:51:56,003 [INFO] PluginManage:359 - Loaded plugin analytics (category:tool,tabindex:-1)
2024-02-27 21:51:56,004 [INFO] PluginManage:310 - Check plugin cadmodel
2024-02-27 21:51:56,173 [INFO] CADModel:105 - Init CAD model plugin
2024-02-27 21:51:56,174 [INFO] PluginManage:359 - Loaded plugin cadmodel (category:power,tabindex:5)
2024-02-27 21:51:56,174 [INFO] PluginManage:310 - Check plugin clock
2024-02-27 21:51:56,189 [INFO] PluginManage:359 - Loaded plugin clock (category:base,tabindex:2)
2024-02-27 21:51:56,189 [INFO] PluginManage:310 - Check plugin ddr
2024-02-27 21:51:56,191 [INFO] PluginManage:359 - Loaded plugin ddr (category:tool,tabindex:6)
2024-02-27 21:51:56,192 [INFO] PluginManage:310 - Check plugin filemanager
2024-02-27 21:51:56,319 [INFO] PluginManage:359 - Loaded plugin filemanager (category:base,tabindex:10)
2024-02-27 21:51:56,319 [INFO] PluginManage:310 - Check plugin ipmanager
2024-02-27 21:51:56,324 [INFO] PluginManage:359 - Loaded plugin ipmanager (category:base,tabindex:5)
2024-02-27 21:51:56,324 [INFO] PluginManage:310 - Check plugin lpbam
2024-02-27 21:51:56,331 [INFO] PluginManage:359 - Loaded plugin lpbam (category:base,tabindex:0)
2024-02-27 21:51:56,331 [INFO] PluginManage:310 - Check plugin memorymap
2024-02-27 21:51:56,340 [INFO] PluginManage:359 - Loaded plugin memorymap (category:base,tabindex:4)
2024-02-27 21:51:56,341 [INFO] PluginManage:310 - Check plugin pinoutandconfiguration
2024-02-27 21:51:56,350 [INFO] PluginManage:359 - Loaded plugin pinoutandconfiguration (category:base,tabindex:1)
2024-02-27 21:51:56,350 [INFO] PluginManage:310 - Check plugin pinoutconfig
2024-02-27 21:51:56,427 [WARN] SupportedApi:132 - Cannot load RTOS API schema: s4s-elt-must-match.1: The content of 'definitions' must match (annotation?, (simpleType | complexType)?, (unique | key | keyref)*)). A problem was found starting at: attribute.
2024-02-27 21:51:56,529 [INFO] PluginManage:359 - Loaded plugin pinoutconfig (category:base,tabindex:0)
2024-02-27 21:51:56,529 [INFO] PluginManage:310 - Check plugin power
2024-02-27 21:51:56,537 [INFO] PluginManage:359 - Loaded plugin power (category:power,tabindex:4)
2024-02-27 21:51:56,537 [INFO] PluginManage:310 - Check plugin projectmanager
2024-02-27 21:51:56,550 [INFO] PluginManage:359 - Loaded plugin projectmanager (category:projectmanager,tabindex:3)
2024-02-27 21:51:56,550 [INFO] PluginManage:310 - Check plugin thirdparty
2024-02-27 21:51:56,665 [INFO] PluginManage:359 - Loaded plugin thirdparty (category:base,tabindex:-1)
2024-02-27 21:51:56,665 [WARN] IntegrityCheckThread:84 - waiting for thirdparty lock release [integrity check]
2024-02-27 21:51:56,665 [INFO] IntegrityCheckThread:86 - entering critical section [integrity check]
2024-02-27 21:51:56,665 [INFO] PluginManage:310 - Check plugin tools
2024-02-27 21:51:56,665 [INFO] ThirdPartyUpdaterWithRetryManager:70 - Updater plugin not ready yet. [1/15]
2024-02-27 21:51:56,667 [INFO] PluginManage:359 - Loaded plugin tools (category:base,tabindex:7)
2024-02-27 21:51:56,667 [INFO] PluginManage:310 - Check plugin tutovideos
2024-02-27 21:51:56,802 [INFO] PluginManage:359 - Loaded plugin tutovideos (category:base,tabindex:-1)
2024-02-27 21:51:56,802 [INFO] PluginManage:310 - Check plugin updater
2024-02-27 21:51:56,812 [INFO] PluginManage:359 - Loaded plugin updater (category:base,tabindex:12)
2024-02-27 21:51:56,813 [INFO] PluginManage:310 - Check plugin userauth
2024-02-27 21:51:56,817 [INFO] UserAuth:114 - Init User Auth plugin
2024-02-27 21:51:56,817 [INFO] PluginManage:359 - Loaded plugin userauth (category:base,tabindex:14)
2024-02-27 21:51:56,818 [INFO] PluginManage:283 - PluginManage : Loaded plugins [17]
2024-02-27 21:51:56,980 [INFO] PinOutPanel:1499 - setPackage(No Configuration,No Configuration)
2024-02-27 21:51:57,036 [INFO] CADModel:165 - CPN selected for project level
2024-02-27 21:51:57,036 [INFO] CADModel:114 - Register for checkConnection events
2024-02-27 21:51:57,051 [INFO] IPUIPlugin:80 - create IPUIPlugin
2024-02-27 21:51:57,052 [INFO] PluginManager:220 - loadIPPluginJar : add gfxmmu
2024-02-27 21:51:57,053 [INFO] IPUIPlugin:80 - create IPUIPlugin
2024-02-27 21:51:57,054 [INFO] PluginManager:220 - loadIPPluginJar : add comp
2024-02-27 21:51:57,057 [INFO] IPUIPlugin:80 - create IPUIPlugin
2024-02-27 21:51:57,057 [INFO] PluginManager:220 - loadIPPluginJar : add usbx
2024-02-27 21:51:57,068 [INFO] IPUIPlugin:80 - create IPUIPlugin
2024-02-27 21:51:57,068 [INFO] PluginManager:220 - loadIPPluginJar : add linkedlist
2024-02-27 21:51:57,077 [INFO] IPUIPlugin:80 - create IPUIPlugin
2024-02-27 21:51:57,079 [INFO] PluginManager:220 - loadIPPluginJar : add mdma
2024-02-27 21:51:57,082 [INFO] IPUIPlugin:80 - create IPUIPlugin
2024-02-27 21:51:57,082 [INFO] PluginManager:220 - loadIPPluginJar : add i3c
2024-02-27 21:51:57,084 [INFO] IPUIPlugin:80 - create IPUIPlugin
2024-02-27 21:51:57,084 [INFO] PluginManager:220 - loadIPPluginJar : add cryp
2024-02-27 21:51:57,085 [INFO] IPUIPlugin:80 - create IPUIPlugin
2024-02-27 21:51:57,085 [INFO] PluginManager:220 - loadIPPluginJar : add quadspi
2024-02-27 21:51:57,087 [INFO] IPUIPlugin:80 - create IPUIPlugin
2024-02-27 21:51:57,087 [INFO] PluginManager:220 - loadIPPluginJar : add tsc
2024-02-27 21:51:57,089 [INFO] IPUIPlugin:80 - create IPUIPlugin
2024-02-27 21:51:57,089 [INFO] PluginManager:220 - loadIPPluginJar : add hash
2024-02-27 21:51:57,090 [INFO] IPUIPlugin:80 - create IPUIPlugin
2024-02-27 21:51:57,091 [INFO] PluginManager:220 - loadIPPluginJar : add aes
2024-02-27 21:51:57,095 [INFO] IPUIPlugin:80 - create IPUIPlugin
2024-02-27 21:51:57,095 [INFO] PluginManager:220 - loadIPPluginJar : add i2c
2024-02-27 21:51:57,098 [INFO] IPUIPlugin:80 - create IPUIPlugin
2024-02-27 21:51:57,098 [INFO] PluginManager:220 - loadIPPluginJar : add gtzc
2024-02-27 21:51:57,103 [INFO] IPUIPlugin:80 - create IPUIPlugin
2024-02-27 21:51:57,103 [INFO] PluginManager:220 - loadIPPluginJar : add stm32_wpan
2024-02-27 21:51:57,109 [INFO] IPUIPlugin:80 - create IPUIPlugin
2024-02-27 21:51:57,115 [INFO] PluginManager:220 - loadIPPluginJar : add plateformsettings
2024-02-27 21:51:57,121 [INFO] IPUIPlugin:80 - create IPUIPlugin
2024-02-27 21:51:57,122 [INFO] PluginManager:220 - loadIPPluginJar : add adc
2024-02-27 21:51:57,125 [INFO] IPUIPlugin:80 - create IPUIPlugin
2024-02-27 21:51:57,125 [INFO] PluginManager:220 - loadIPPluginJar : add sai
2024-02-27 21:51:57,131 [INFO] IPUIPlugin:80 - create IPUIPlugin
2024-02-27 21:51:57,131 [INFO] PluginManager:220 - loadIPPluginJar : add gic
2024-02-27 21:51:57,133 [INFO] IPUIPlugin:80 - create IPUIPlugin
2024-02-27 21:51:57,133 [INFO] PluginManager:220 - loadIPPluginJar : add opamp
2024-02-27 21:51:57,135 [INFO] IPUIPlugin:80 - create IPUIPlugin
2024-02-27 21:51:57,135 [INFO] PluginManager:220 - loadIPPluginJar : add i2s
2024-02-27 21:51:57,138 [INFO] IPUIPlugin:80 - create IPUIPlugin
2024-02-27 21:51:57,138 [INFO] PluginManager:220 - loadIPPluginJar : add touchsensing
2024-02-27 21:51:57,141 [INFO] IPUIPlugin:80 - create IPUIPlugin
2024-02-27 21:51:57,141 [INFO] PluginManager:220 - loadIPPluginJar : add dma3
2024-02-27 21:51:57,148 [INFO] IPUIPlugin:80 - create IPUIPlugin
2024-02-27 21:51:57,148 [INFO] PluginManager:220 - loadIPPluginJar : add gpio
2024-02-27 21:51:57,152 [INFO] IPUIPlugin:80 - create IPUIPlugin
2024-02-27 21:51:57,152 [INFO] PluginManager:220 - loadIPPluginJar : add lorawan
2024-02-27 21:51:57,154 [INFO] IPUIPlugin:80 - create IPUIPlugin
2024-02-27 21:51:57,154 [INFO] PluginManager:220 - loadIPPluginJar : add tracer_emb
2024-02-27 21:51:57,158 [INFO] IPUIPlugin:80 - create IPUIPlugin
2024-02-27 21:51:57,158 [INFO] PluginManager:220 - loadIPPluginJar : add ipddr
2024-02-27 21:51:57,165 [INFO] IPUIPlugin:80 - create IPUIPlugin
2024-02-27 21:51:57,165 [INFO] PluginManager:220 - loadIPPluginJar : add resmgrutility
2024-02-27 21:51:57,169 [INFO] IPUIPlugin:80 - create IPUIPlugin
2024-02-27 21:51:57,169 [INFO] PluginManager:220 - loadIPPluginJar : add fmc
2024-02-27 21:51:57,172 [INFO] IPUIPlugin:80 - create IPUIPlugin
2024-02-27 21:51:57,172 [INFO] PluginManager:220 - loadIPPluginJar : add tim
2024-02-27 21:51:57,173 [INFO] IPUIPlugin:80 - create IPUIPlugin
2024-02-27 21:51:57,174 [INFO] PluginManager:220 - loadIPPluginJar : add ltdc
2024-02-27 21:51:57,177 [INFO] IPUIPlugin:80 - create IPUIPlugin
2024-02-27 21:51:57,177 [INFO] PluginManager:220 - loadIPPluginJar : add genericplugin
2024-02-27 21:51:57,183 [INFO] IPUIPlugin:80 - create IPUIPlugin
2024-02-27 21:51:57,184 [INFO] PluginManager:220 - loadIPPluginJar : add dma
2024-02-27 21:51:57,186 [INFO] IPUIPlugin:80 - create IPUIPlugin
2024-02-27 21:51:57,186 [INFO] PluginManager:220 - loadIPPluginJar : add usart
2024-02-27 21:51:57,189 [INFO] IPUIPlugin:80 - create IPUIPlugin
2024-02-27 21:51:57,189 [INFO] PluginManager:220 - loadIPPluginJar : add openamp
2024-02-27 21:51:57,190 [INFO] IPUIPlugin:80 - create IPUIPlugin
2024-02-27 21:51:57,190 [INFO] PluginManager:220 - loadIPPluginJar : add fatfs
2024-02-27 21:51:57,193 [INFO] IPUIPlugin:80 - create IPUIPlugin
2024-02-27 21:51:57,193 [INFO] PluginManager:220 - loadIPPluginJar : add spi
2024-02-27 21:51:57,196 [INFO] IPUIPlugin:80 - create IPUIPlugin
2024-02-27 21:51:57,196 [INFO] PluginManager:220 - loadIPPluginJar : add dfsdm
2024-02-27 21:51:57,198 [INFO] IPUIPlugin:80 - create IPUIPlugin
2024-02-27 21:51:57,198 [INFO] PluginManager:220 - loadIPPluginJar : add can
2024-02-27 21:51:57,201 [INFO] IPUIPlugin:80 - create IPUIPlugin
2024-02-27 21:51:57,201 [INFO] PluginManager:220 - loadIPPluginJar : add nvic
2024-02-27 21:51:57,205 [INFO] IPUIPlugin:80 - create IPUIPlugin
2024-02-27 21:51:57,206 [INFO] PluginManager:220 - loadIPPluginJar : add freertos
2024-02-27 21:51:57,208 [INFO] IPUIPlugin:80 - create IPUIPlugin
2024-02-27 21:51:57,209 [INFO] PluginManager:220 - loadIPPluginJar : add pdm2pcm
2024-02-27 21:51:57,212 [INFO] IPUIPlugin:80 - create IPUIPlugin
2024-02-27 21:51:57,212 [INFO] PluginManager:220 - loadIPPluginJar : add ts
2024-02-27 21:51:57,213 [INFO] IPUIPlugin:80 - create IPUIPlugin
2024-02-27 21:51:57,214 [INFO] PluginManager:220 - loadIPPluginJar : add ucpd
2024-02-27 21:51:57,321 [INFO] CADModel:165 - CPN selected for project level
2024-02-27 21:51:57,321 [INFO] CADModel:114 - Register for checkConnection events
2024-02-27 21:51:57,321 [FATAL] Updater:308 - Updater called before beeing initialized
2024-02-27 21:51:57,321 [ERROR] CADModel:125 - Updater not yet initialized, retry later 
2024-02-27 21:51:57,449 [INFO] CADModel:165 - CPN selected for project level
2024-02-27 21:51:57,449 [INFO] CADModel:114 - Register for checkConnection events
2024-02-27 21:51:57,449 [FATAL] Updater:308 - Updater called before beeing initialized
2024-02-27 21:51:57,449 [ERROR] CADModel:125 - Updater not yet initialized, retry later 
2024-02-27 21:51:57,452 [FATAL] Updater:308 - Updater called before beeing initialized
2024-02-27 21:51:57,513 [FATAL] Updater:308 - Updater called before beeing initialized
2024-02-27 21:51:57,516 [INFO] DbMcusAds:53 - JSON generation date=Wed Nov 29 07:52:27 ART 2023 (1701255147349)
2024-02-27 21:51:57,516 [FATAL] Updater:308 - Updater called before beeing initialized
2024-02-27 21:51:57,547 [WARN] DetailPanel:346 - Failed to get advertising image, set to default
2024-02-27 21:51:57,612 [FATAL] Updater:308 - Updater called before beeing initialized
2024-02-27 21:51:57,613 [FATAL] Updater:308 - Updater called before beeing initialized
2024-02-27 21:51:57,613 [FATAL] Updater:308 - Updater called before beeing initialized
2024-02-27 21:51:57,613 [WARN] DetailPanel:346 - Failed to get advertising image, set to default
2024-02-27 21:51:57,614 [FATAL] Updater:308 - Updater called before beeing initialized
2024-02-27 21:51:57,636 [ERROR] Updater:1120 - MainUpdater not yet initialized. External WinMGr cannot be set.
2024-02-27 21:51:57,637 [INFO] Updater:1056 - Updater Version found : 6.10.0
2024-02-27 21:51:57,651 [INFO] ApplicationProperties:184 - Using Application install path: /opt/st/stm32cubeide_1.14.0/plugins/com.st.stm32cube.common.mx_6.10.0.202311202037
2024-02-27 21:51:58,048 [INFO] MainUpdater:2873 - connection check result : 10
2024-02-27 21:51:58,049 [INFO] MainUpdater:290 - Updater Check For Update Now.
2024-02-27 21:51:58,049 [INFO] MicroXplorer:498 - Change Database Version : DB.6.0.100
2024-02-27 21:51:58,056 [INFO] McuFinderGlobals:63 - Set McuFinder mode to 2 (CubeIDE integrated)
2024-02-27 21:51:58,238 [INFO] CheckServerUpdateThread:120 - End of CheckServer Thread
2024-02-27 21:51:59,181 [INFO] UserAuth:404 - Internet connection configuration mode: 1
2024-02-27 21:51:59,195 [INFO] JxBrowserEngine:152 - Initiate JxBrowser Engine with user profile folder
2024-02-27 21:51:59,754 [WARN] PackLoader:240 - Cannot read IP mode file for STMicroelectronics.X-CUBE-SMBUS.2.1.0
2024-02-27 21:51:59,762 [WARN] PackLoader:240 - Cannot read IP mode file for STMicroelectronics.X-CUBE-TOUCHGFX.4.23.0
2024-02-27 21:51:59,802 [WARN] PackLoader:240 - Cannot read IP mode file for STMicroelectronics.X-CUBE-AZRTOS-F7.1.1.0
2024-02-27 21:51:59,820 [WARN] PackLoader:240 - Cannot read IP mode file for STMicroelectronics.FP-SNS-MOTENV1.4.3.2
2024-02-27 21:51:59,841 [WARN] PackLoader:240 - Cannot read IP mode file for STMicroelectronics.X-CUBE-DISPLAY.3.0.0
2024-02-27 21:51:59,859 [WARN] PackLoader:240 - Cannot read IP mode file for emotas.I-CUBE-CANOPEN.1.3.0
2024-02-27 21:51:59,864 [WARN] PackLoader:240 - Cannot read IP mode file for STMicroelectronics.X-CUBE-TOUCHGFX.4.22.0
2024-02-27 21:51:59,867 [WARN] PackLoader:240 - Cannot read IP mode file for STMicroelectronics.X-CUBE-TOUCHGFX.4.22.1
2024-02-27 21:51:59,882 [INFO] LogOutputStream:77 - [STDOUT_REDIRECT] 1 : Invalid condition id : UX_CORESTACK_Condition cause : null
2024-02-27 21:51:59,883 [INFO] LogOutputStream:77 - [STDOUT_REDIRECT] 1 : Invalid condition id : UX_CORESTACK_Condition cause : null
2024-02-27 21:51:59,883 [INFO] LogOutputStream:77 - [STDOUT_REDIRECT] 1 : Invalid condition id : UX_CORESTACK_Condition cause : null
2024-02-27 21:51:59,883 [INFO] LogOutputStream:77 - [STDOUT_REDIRECT] 1 : Invalid condition id : UX_CORESTACK_Condition cause : null
2024-02-27 21:51:59,883 [INFO] LogOutputStream:77 - [STDOUT_REDIRECT] 1 : Invalid condition id : UX_CORESTACK_Condition cause : null
2024-02-27 21:51:59,887 [WARN] PackLoader:240 - Cannot read IP mode file for STMicroelectronics.X-CUBE-AZRTOS-WL.2.0.0
2024-02-27 21:51:59,902 [WARN] PackLoader:240 - Cannot read IP mode file for WES.I-CUBE-Cesium.1.3.0
2024-02-27 21:51:59,911 [WARN] PackLoader:240 - Cannot read IP mode file for STMicroelectronics.X-CUBE-BLE2.3.3.0
2024-02-27 21:51:59,920 [WARN] PackLoader:240 - Cannot read IP mode file for STMicroelectronics.X-CUBE-ALGOBUILD.1.3.0
2024-02-27 21:51:59,944 [WARN] PackLoader:240 - Cannot read IP mode file for STMicroelectronics.X-CUBE-AZRTOS-G0.1.1.0
2024-02-27 21:51:59,956 [WARN] PackLoader:240 - Cannot read IP mode file for STMicroelectronics.X-CUBE-NFC4.3.0.0
2024-02-27 21:51:59,972 [WARN] PackLoader:240 - Cannot read IP mode file for STMicroelectronics.X-CUBE-BLEMGR.3.0.0
2024-02-27 21:51:59,981 [WARN] PackLoader:240 - Cannot read IP mode file for STMicroelectronics.FP-ATR-SIGFOX1.3.2.0
2024-02-27 21:51:59,986 [WARN] PackLoader:240 - Cannot read IP mode file for STMicroelectronics.X-CUBE-EEPRMA1.5.1.0
2024-02-27 21:52:00,051 [WARN] PackLoader:240 - Cannot read IP mode file for SEGGER.I-CUBE-embOS.1.3.1
2024-02-27 21:52:00,117 [WARN] PackLoader:240 - Cannot read IP mode file for STMicroelectronics.X-CUBE-GNSS1.6.0.0
2024-02-27 21:52:00,165 [WARN] PackLoader:240 - Cannot read IP mode file for STMicroelectronics.X-CUBE-AZRTOS-F4.1.1.0
2024-02-27 21:52:00,221 [WARN] PackLoader:240 - Cannot read IP mode file for STMicroelectronics.X-CUBE-MEMS1.9.6.0
2024-02-27 21:52:00,255 [INFO] WebApp:161 - Instantiating new browser for Auth
2024-02-27 21:52:00,380 [WARN] PackLoader:240 - Cannot read IP mode file for STMicroelectronics.X-CUBE-EEPRMA1.4.2.0
2024-02-27 21:52:00,384 [WARN] PackLoader:240 - Cannot read IP mode file for ITTIA_DB.I-CUBE-ITTIADB.8.8.0
2024-02-27 21:52:00,389 [WARN] PackLoader:240 - Cannot read IP mode file for STMicroelectronics.X-CUBE-BLEMGR.2.0.0
2024-02-27 21:52:00,402 [WARN] ConditionMgr:438 - getConditionDescription Invalid condition id : UX DEVICE CLASS RTOS Condition cause : null
2024-02-27 21:52:00,403 [WARN] ConditionMgr:438 - getConditionDescription Invalid condition id : UX DEVICE CLASS RTOS Condition cause : null
2024-02-27 21:52:00,406 [WARN] PackLoader:240 - Cannot read IP mode file for STMicroelectronics.X-CUBE-AZRTOS-H7.3.1.0
2024-02-27 21:52:00,407 [WARN] ConditionMgr:1039 - genDependencies : Invalid condition id : UX DEVICE CLASS RTOS Condition cause : null
2024-02-27 21:52:00,408 [WARN] ConditionMgr:1039 - genDependencies : Invalid condition id : UX DEVICE CLASS RTOS Condition cause : null
2024-02-27 21:52:00,408 [WARN] ConditionMgr:1039 - genDependencies : Invalid condition id : UX DEVICE CLASS RTOS Condition cause : null
2024-02-27 21:52:00,409 [WARN] ConditionMgr:1039 - genDependencies : Invalid condition id : UX DEVICE CLASS RTOS Condition cause : null
2024-02-27 21:52:00,409 [WARN] ConditionMgr:1039 - genDependencies : Invalid condition id : UX DEVICE CLASS RTOS Condition cause : null
2024-02-27 21:52:00,414 [WARN] PackLoader:240 - Cannot read IP mode file for STMicroelectronics.X-CUBE-NFC7.1.0.1
2024-02-27 21:52:00,420 [WARN] PackLoader:240 - Cannot read IP mode file for STMicroelectronics.X-CUBE-EEPRMA1.4.1.0
2024-02-27 21:52:00,436 [WARN] ConditionMgr:438 - getConditionDescription Invalid condition id : LAN8742 Phy interface Condition cause : null
2024-02-27 21:52:00,437 [WARN] PackLoader:240 - Cannot read IP mode file for STMicroelectronics.X-CUBE-AZRTOS-L4.2.0.0
2024-02-27 21:52:00,438 [WARN] ConditionMgr:1039 - genDependencies : Invalid condition id : LAN8742 Phy interface Condition cause : null
2024-02-27 21:52:00,439 [WARN] ConditionMgr:1039 - genDependencies : Invalid condition id : LAN8742 Phy interface Condition cause : null
2024-02-27 21:52:00,439 [WARN] ConditionMgr:1039 - genDependencies : Invalid condition id : LAN8742 Phy interface Condition cause : null
2024-02-27 21:52:00,445 [WARN] PackLoader:240 - Cannot read IP mode file for STMicroelectronics.X-CUBE-SFXS2LP1.4.0.0
2024-02-27 21:52:00,451 [WARN] PackLoader:240 - Cannot read IP mode file for STMicroelectronics.X-CUBE-ISPU.1.1.0
2024-02-27 21:52:00,461 [WARN] PackLoader:240 - Cannot read IP mode file for STMicroelectronics.X-CUBE-SUBG2.5.0.0
2024-02-27 21:52:00,476 [WARN] PackLoader:240 - Cannot read IP mode file for STMicroelectronics.X-CUBE-TOF1.3.3.1
2024-02-27 21:52:00,513 [WARN] PackLoader:240 - Cannot read IP mode file for STMicroelectronics.X-CUBE-AZRTOS-G4.2.0.0
2024-02-27 21:52:00,532 [WARN] PackLoader:240 - Cannot read IP mode file for Infineon.AIROC-Wi-Fi-Bluetooth-STM32.1.5.1
2024-02-27 21:52:00,541 [WARN] PackLoader:240 - Cannot read IP mode file for STMicroelectronics.FP-SNS-MOTENVWB1.1.3.0
2024-02-27 21:52:00,551 [WARN] PackLoader:240 - Cannot read IP mode file for STMicroelectronics.FP-SNS-MOTENVWB1.1.3.1
2024-02-27 21:52:00,558 [WARN] PackLoader:240 - Cannot read IP mode file for STMicroelectronics.X-CUBE-ISPU.2.0.0
2024-02-27 21:52:00,615 [WARN] PackLoader:240 - Cannot read IP mode file for STMicroelectronics.X-CUBE-MEMS1.10.0.0
2024-02-27 21:52:00,787 [WARN] PackLoader:240 - Cannot read IP mode file for portGmbH.I-Cube-SoM-uGOAL.1.1.0
2024-02-27 21:52:00,791 [WARN] PackLoader:240 - Cannot read IP mode file for STMicroelectronics.X-CUBE-ALS.1.0.1
2024-02-27 21:52:00,794 [WARN] PackLoader:240 - Cannot read IP mode file for STMicroelectronics.FP-ATR-ASTRA1.2.0.0
2024-02-27 21:52:00,802 [WARN] PackLoader:240 - Cannot read IP mode file for STMicroelectronics.X-CUBE-TOF1.3.4.0
2024-02-27 21:52:00,826 [WARN] PackLoader:240 - Cannot read IP mode file for STMicroelectronics.X-CUBE-AZRTOS-H7.3.2.0
2024-02-27 21:52:00,829 [INFO] ThirdParty:978 - Integrity check success = true
2024-02-27 21:52:00,829 [INFO] IntegrityCheckThread:100 - exiting critical section [integrity check]
2024-02-27 21:52:00,829 [INFO] IntegrityCheckThread:103 - End integrity checks thread
2024-02-27 21:52:01,106 [INFO] WebApp:780 - Register for checkConnection events
2024-02-27 21:52:01,106 [INFO] WebApp:414 - Apply proxy settings
2024-02-27 21:52:01,106 [INFO] WebApp:499 - Chromium requires no authentication
2024-02-27 21:52:01,115 [INFO] WebApp:442 - Direct internet connection detected
2024-02-27 21:52:01,243 [INFO] WebApp:192 - Starting web application
2024-02-27 21:52:01,244 [INFO] WebApp:544 - Web application path used /opt/st/stm32cubeide_1.14.0/plugins/com.st.stm32cube.common.mx_6.10.0.202311202037/db/plugins/mcufinder/reactClient1/index.html
2024-02-27 21:52:21,649 [ERROR] LogOutputStream:75 - [STDERR_REDIRECT] SLF4J: Failed to load class "org.slf4j.impl.StaticLoggerBinder".
2024-02-27 21:52:21,650 [ERROR] LogOutputStream:75 - [STDERR_REDIRECT] SLF4J: Defaulting to no-operation (NOP) logger implementation
2024-02-27 21:52:21,650 [ERROR] LogOutputStream:75 - [STDERR_REDIRECT] SLF4J: See http://www.slf4j.org/codes.html#StaticLoggerBinder for further details.
