2024-06-02 13:47:18,512 [INFO] Activator:176 - 


2024-06-02 13:47:18,516 [INFO] Activator:177 - !SESSION log4j initialized
2024-06-02 13:47:23,643 [INFO] LogOutputStream:77 - [STDOUT_REDIRECT] 
2024-06-02 13:47:25,329 [INFO] ApplicationProperties:184 - Using Application install path: /opt/st/stm32cubeide_1.14.0/plugins/com.st.stm32cube.common.mx_6.10.0.202311202037
2024-06-02 13:47:25,351 [INFO] DbMcusXml:78 - Set database path to: /opt/st/stm32cubeide_1.14.0/plugins/com.st.stm32cube.common.mx_6.10.0.202311202037//db//mcu/
2024-06-02 13:47:25,351 [INFO] ApiDb:274 - Set plugin database path to: /opt/st/stm32cubeide_1.14.0/plugins/com.st.stm32cube.common.mx_6.10.0.202311202037//db//plugins/boardmanager/
2024-06-02 13:47:25,352 [WARN] ApiDb:259 - Overriding images path with different value:  => /opt/st/stm32cubeide_1.14.0/plugins/com.st.stm32cube.common.mx_6.10.0.202311202037//db//plugins/mcufinder/images/
2024-06-02 13:47:25,362 [INFO] ApiDb:250 - Set database path to: /home/fede/.stmcufinder/plugins/mcufinder//mcu/
2024-06-02 13:47:25,364 [INFO] DbMcusAds:125 - Set database path to: /home/fede/.stmcufinder/plugins/mcufinder//mcu/
2024-06-02 13:47:25,367 [INFO] CrossReferenceDbSqlite:203 - Set database path to: /home/fede/.stmcufinder/plugins/mcufinder//mcu/cs/
2024-06-02 13:47:25,554 [INFO] RulesReader:64 - Compatibility file has been processed (297 Rules)
2024-06-02 13:47:25,643 [INFO] DbMcusXml:78 - Set database path to: /opt/st/stm32cubeide_1.14.0/plugins/com.st.stm32cube.common.mx_6.10.0.202311202037//db//mcu/
2024-06-02 13:47:25,643 [INFO] ApiDb:274 - Set plugin database path to: /opt/st/stm32cubeide_1.14.0/plugins/com.st.stm32cube.common.mx_6.10.0.202311202037//db//plugins/boardmanager/
2024-06-02 13:47:25,643 [INFO] ApiDb:261 - Set plugin images path to: /opt/st/stm32cubeide_1.14.0/plugins/com.st.stm32cube.common.mx_6.10.0.202311202037//db//plugins/mcufinder/images/
2024-06-02 13:47:25,643 [WARN] DbFile:41 - Overriding database path with different value: /home/fede/.stmcufinder/plugins/mcufinder/ => /home/fede/.stmcufinder/plugins/mcufinder
2024-06-02 13:47:25,643 [INFO] ApiDb:250 - Set database path to: /home/fede/.stmcufinder/plugins/mcufinder//mcu/
2024-06-02 13:47:25,644 [WARN] DbFile:41 - Overriding database path with different value: /home/fede/.stmcufinder/plugins/mcufinder/ => /home/fede/.stmcufinder/plugins/mcufinder
2024-06-02 13:47:25,644 [INFO] DbMcusAds:125 - Set database path to: /home/fede/.stmcufinder/plugins/mcufinder//mcu/
2024-06-02 13:47:25,644 [WARN] DbFile:41 - Overriding database path with different value: /home/fede/.stmcufinder/plugins/mcufinder/ => /home/fede/.stmcufinder/plugins/mcufinder
2024-06-02 13:47:25,644 [WARN] DbFile:41 - Overriding database path with different value: /home/fede/.stmcufinder/plugins/mcufinder/ => /home/fede/.stmcufinder/plugins/mcufinder
2024-06-02 13:47:25,644 [INFO] CrossReferenceDbSqlite:203 - Set database path to: /home/fede/.stmcufinder/plugins/mcufinder//mcu/cs/
2024-06-02 13:47:25,732 [INFO] MainPanel:264 - HeapMemory: 268435456
2024-06-02 13:47:25,834 [INFO] DbMcusXml:78 - Set database path to: /opt/st/stm32cubeide_1.14.0/plugins/com.st.stm32cube.common.mx_6.10.0.202311202037//db//mcu/
2024-06-02 13:47:25,834 [INFO] ApiDb:274 - Set plugin database path to: /opt/st/stm32cubeide_1.14.0/plugins/com.st.stm32cube.common.mx_6.10.0.202311202037//db//plugins/boardmanager/
2024-06-02 13:47:25,835 [INFO] ApiDb:261 - Set plugin images path to: /opt/st/stm32cubeide_1.14.0/plugins/com.st.stm32cube.common.mx_6.10.0.202311202037//db//plugins/mcufinder/images/
2024-06-02 13:47:25,835 [WARN] DbFile:41 - Overriding database path with different value: /home/fede/.stmcufinder/plugins/mcufinder/ => /home/fede/.stmcufinder/plugins/mcufinder
2024-06-02 13:47:25,835 [INFO] ApiDb:250 - Set database path to: /home/fede/.stmcufinder/plugins/mcufinder//mcu/
2024-06-02 13:47:25,835 [WARN] DbFile:41 - Overriding database path with different value: /home/fede/.stmcufinder/plugins/mcufinder/ => /home/fede/.stmcufinder/plugins/mcufinder
2024-06-02 13:47:25,835 [INFO] DbMcusAds:125 - Set database path to: /home/fede/.stmcufinder/plugins/mcufinder//mcu/
2024-06-02 13:47:25,836 [WARN] DbFile:41 - Overriding database path with different value: /home/fede/.stmcufinder/plugins/mcufinder/ => /home/fede/.stmcufinder/plugins/mcufinder
2024-06-02 13:47:25,836 [WARN] DbFile:41 - Overriding database path with different value: /home/fede/.stmcufinder/plugins/mcufinder/ => /home/fede/.stmcufinder/plugins/mcufinder
2024-06-02 13:47:25,836 [INFO] CrossReferenceDbSqlite:203 - Set database path to: /home/fede/.stmcufinder/plugins/mcufinder//mcu/cs/
2024-06-02 13:47:25,856 [INFO] ApplicationProperties:184 - Using Application install path: /opt/st/stm32cubeide_1.14.0/plugins/com.st.stm32cube.common.mx_6.10.0.202311202037
2024-06-02 13:47:25,858 [INFO] PluginManage:196 - Search for loadable plugins [exclusion list=, ]
2024-06-02 13:47:25,859 [INFO] PluginManage:310 - Check plugin analytics
2024-06-02 13:47:26,054 [INFO] AnalyticsPlugin:253 - Accepted Software Licenses: 
2024-06-02 13:47:26,055 [INFO] AnalyticsPlugin:255 - Accepted CMSIS Pack Licenses: STMicroelectronics.X-CUBE-ALGOBUILD.1.3.0,ARM.CMSIS-DSP.1.15.0
2024-06-02 13:47:26,055 [INFO] AnalyticsPlugin:257 - Accepted Firmware Licenses: FW.F7.1.17.0
2024-06-02 13:47:26,058 [INFO] PluginManage:359 - Loaded plugin analytics (category:tool,tabindex:-1)
2024-06-02 13:47:26,058 [INFO] PluginManage:310 - Check plugin cadmodel
2024-06-02 13:47:26,313 [INFO] CADModel:105 - Init CAD model plugin
2024-06-02 13:47:26,313 [INFO] PluginManage:359 - Loaded plugin cadmodel (category:power,tabindex:5)
2024-06-02 13:47:26,313 [INFO] PluginManage:310 - Check plugin clock
2024-06-02 13:47:26,324 [INFO] PluginManage:359 - Loaded plugin clock (category:base,tabindex:2)
2024-06-02 13:47:26,324 [INFO] PluginManage:310 - Check plugin ddr
2024-06-02 13:47:26,327 [INFO] PluginManage:359 - Loaded plugin ddr (category:tool,tabindex:6)
2024-06-02 13:47:26,327 [INFO] PluginManage:310 - Check plugin filemanager
2024-06-02 13:47:26,492 [INFO] PluginManage:359 - Loaded plugin filemanager (category:base,tabindex:10)
2024-06-02 13:47:26,493 [INFO] PluginManage:310 - Check plugin ipmanager
2024-06-02 13:47:26,500 [INFO] PluginManage:359 - Loaded plugin ipmanager (category:base,tabindex:5)
2024-06-02 13:47:26,500 [INFO] PluginManage:310 - Check plugin lpbam
2024-06-02 13:47:26,510 [INFO] PluginManage:359 - Loaded plugin lpbam (category:base,tabindex:0)
2024-06-02 13:47:26,510 [INFO] PluginManage:310 - Check plugin memorymap
2024-06-02 13:47:26,525 [INFO] PluginManage:359 - Loaded plugin memorymap (category:base,tabindex:4)
2024-06-02 13:47:26,525 [INFO] PluginManage:310 - Check plugin pinoutandconfiguration
2024-06-02 13:47:26,533 [INFO] PluginManage:359 - Loaded plugin pinoutandconfiguration (category:base,tabindex:1)
2024-06-02 13:47:26,534 [INFO] PluginManage:310 - Check plugin pinoutconfig
2024-06-02 13:47:26,635 [WARN] SupportedApi:132 - Cannot load RTOS API schema: s4s-elt-must-match.1: The content of 'definitions' must match (annotation?, (simpleType | complexType)?, (unique | key | keyref)*)). A problem was found starting at: attribute.
2024-06-02 13:47:26,813 [INFO] PluginManage:359 - Loaded plugin pinoutconfig (category:base,tabindex:0)
2024-06-02 13:47:26,813 [INFO] PluginManage:310 - Check plugin power
2024-06-02 13:47:26,827 [INFO] PluginManage:359 - Loaded plugin power (category:power,tabindex:4)
2024-06-02 13:47:26,827 [INFO] PluginManage:310 - Check plugin projectmanager
2024-06-02 13:47:26,847 [INFO] PluginManage:359 - Loaded plugin projectmanager (category:projectmanager,tabindex:3)
2024-06-02 13:47:26,847 [INFO] PluginManage:310 - Check plugin thirdparty
2024-06-02 13:47:26,998 [INFO] PluginManage:359 - Loaded plugin thirdparty (category:base,tabindex:-1)
2024-06-02 13:47:26,998 [WARN] IntegrityCheckThread:84 - waiting for thirdparty lock release [integrity check]
2024-06-02 13:47:26,998 [INFO] IntegrityCheckThread:86 - entering critical section [integrity check]
2024-06-02 13:47:26,998 [INFO] PluginManage:310 - Check plugin tools
2024-06-02 13:47:26,999 [INFO] ThirdPartyUpdaterWithRetryManager:70 - Updater plugin not ready yet. [1/15]
2024-06-02 13:47:27,001 [INFO] PluginManage:359 - Loaded plugin tools (category:base,tabindex:7)
2024-06-02 13:47:27,002 [INFO] PluginManage:310 - Check plugin tutovideos
2024-06-02 13:47:27,281 [INFO] PluginManage:359 - Loaded plugin tutovideos (category:base,tabindex:-1)
2024-06-02 13:47:27,282 [INFO] PluginManage:310 - Check plugin updater
2024-06-02 13:47:27,300 [INFO] PluginManage:359 - Loaded plugin updater (category:base,tabindex:12)
2024-06-02 13:47:27,300 [INFO] PluginManage:310 - Check plugin userauth
2024-06-02 13:47:27,307 [INFO] UserAuth:114 - Init User Auth plugin
2024-06-02 13:47:27,308 [INFO] PluginManage:359 - Loaded plugin userauth (category:base,tabindex:14)
2024-06-02 13:47:27,308 [INFO] PluginManage:283 - PluginManage : Loaded plugins [17]
2024-06-02 13:47:27,599 [INFO] PinOutPanel:1499 - setPackage(No Configuration,No Configuration)
2024-06-02 13:47:27,672 [INFO] CADModel:165 - CPN selected for project level
2024-06-02 13:47:27,672 [INFO] CADModel:114 - Register for checkConnection events
2024-06-02 13:47:27,687 [INFO] IPUIPlugin:80 - create IPUIPlugin
2024-06-02 13:47:27,688 [INFO] PluginManager:220 - loadIPPluginJar : add gfxmmu
2024-06-02 13:47:27,690 [INFO] IPUIPlugin:80 - create IPUIPlugin
2024-06-02 13:47:27,690 [INFO] PluginManager:220 - loadIPPluginJar : add comp
2024-06-02 13:47:27,693 [INFO] IPUIPlugin:80 - create IPUIPlugin
2024-06-02 13:47:27,693 [INFO] PluginManager:220 - loadIPPluginJar : add usbx
2024-06-02 13:47:27,703 [INFO] IPUIPlugin:80 - create IPUIPlugin
2024-06-02 13:47:27,703 [INFO] PluginManager:220 - loadIPPluginJar : add linkedlist
2024-06-02 13:47:27,710 [INFO] IPUIPlugin:80 - create IPUIPlugin
2024-06-02 13:47:27,711 [INFO] PluginManager:220 - loadIPPluginJar : add mdma
2024-06-02 13:47:27,715 [INFO] IPUIPlugin:80 - create IPUIPlugin
2024-06-02 13:47:27,715 [INFO] PluginManager:220 - loadIPPluginJar : add i3c
2024-06-02 13:47:27,717 [INFO] IPUIPlugin:80 - create IPUIPlugin
2024-06-02 13:47:27,718 [INFO] PluginManager:220 - loadIPPluginJar : add cryp
2024-06-02 13:47:27,719 [INFO] IPUIPlugin:80 - create IPUIPlugin
2024-06-02 13:47:27,719 [INFO] PluginManager:220 - loadIPPluginJar : add quadspi
2024-06-02 13:47:27,721 [INFO] IPUIPlugin:80 - create IPUIPlugin
2024-06-02 13:47:27,721 [INFO] PluginManager:220 - loadIPPluginJar : add tsc
2024-06-02 13:47:27,723 [INFO] IPUIPlugin:80 - create IPUIPlugin
2024-06-02 13:47:27,724 [INFO] PluginManager:220 - loadIPPluginJar : add hash
2024-06-02 13:47:27,726 [INFO] IPUIPlugin:80 - create IPUIPlugin
2024-06-02 13:47:27,726 [INFO] PluginManager:220 - loadIPPluginJar : add aes
2024-06-02 13:47:27,729 [INFO] IPUIPlugin:80 - create IPUIPlugin
2024-06-02 13:47:27,730 [INFO] PluginManager:220 - loadIPPluginJar : add i2c
2024-06-02 13:47:27,733 [INFO] IPUIPlugin:80 - create IPUIPlugin
2024-06-02 13:47:27,733 [INFO] PluginManager:220 - loadIPPluginJar : add gtzc
2024-06-02 13:47:27,741 [INFO] IPUIPlugin:80 - create IPUIPlugin
2024-06-02 13:47:27,742 [INFO] PluginManager:220 - loadIPPluginJar : add stm32_wpan
2024-06-02 13:47:27,749 [INFO] IPUIPlugin:80 - create IPUIPlugin
2024-06-02 13:47:27,752 [INFO] PluginManager:220 - loadIPPluginJar : add plateformsettings
2024-06-02 13:47:27,760 [INFO] IPUIPlugin:80 - create IPUIPlugin
2024-06-02 13:47:27,760 [INFO] PluginManager:220 - loadIPPluginJar : add adc
2024-06-02 13:47:27,763 [INFO] IPUIPlugin:80 - create IPUIPlugin
2024-06-02 13:47:27,763 [INFO] PluginManager:220 - loadIPPluginJar : add sai
2024-06-02 13:47:27,769 [INFO] IPUIPlugin:80 - create IPUIPlugin
2024-06-02 13:47:27,770 [INFO] PluginManager:220 - loadIPPluginJar : add gic
2024-06-02 13:47:27,773 [INFO] IPUIPlugin:80 - create IPUIPlugin
2024-06-02 13:47:27,773 [INFO] PluginManager:220 - loadIPPluginJar : add opamp
2024-06-02 13:47:27,776 [INFO] IPUIPlugin:80 - create IPUIPlugin
2024-06-02 13:47:27,776 [INFO] PluginManager:220 - loadIPPluginJar : add i2s
2024-06-02 13:47:27,779 [INFO] IPUIPlugin:80 - create IPUIPlugin
2024-06-02 13:47:27,779 [INFO] PluginManager:220 - loadIPPluginJar : add touchsensing
2024-06-02 13:47:27,782 [INFO] IPUIPlugin:80 - create IPUIPlugin
2024-06-02 13:47:27,782 [INFO] PluginManager:220 - loadIPPluginJar : add dma3
2024-06-02 13:47:27,787 [INFO] IPUIPlugin:80 - create IPUIPlugin
2024-06-02 13:47:27,787 [INFO] PluginManager:220 - loadIPPluginJar : add gpio
2024-06-02 13:47:27,789 [INFO] IPUIPlugin:80 - create IPUIPlugin
2024-06-02 13:47:27,790 [INFO] PluginManager:220 - loadIPPluginJar : add lorawan
2024-06-02 13:47:27,792 [INFO] IPUIPlugin:80 - create IPUIPlugin
2024-06-02 13:47:27,792 [INFO] PluginManager:220 - loadIPPluginJar : add tracer_emb
2024-06-02 13:47:27,796 [INFO] IPUIPlugin:80 - create IPUIPlugin
2024-06-02 13:47:27,796 [INFO] PluginManager:220 - loadIPPluginJar : add ipddr
2024-06-02 13:47:27,800 [INFO] IPUIPlugin:80 - create IPUIPlugin
2024-06-02 13:47:27,801 [INFO] PluginManager:220 - loadIPPluginJar : add resmgrutility
2024-06-02 13:47:27,806 [INFO] IPUIPlugin:80 - create IPUIPlugin
2024-06-02 13:47:27,806 [INFO] PluginManager:220 - loadIPPluginJar : add fmc
2024-06-02 13:47:27,808 [INFO] IPUIPlugin:80 - create IPUIPlugin
2024-06-02 13:47:27,808 [INFO] PluginManager:220 - loadIPPluginJar : add tim
2024-06-02 13:47:27,809 [INFO] IPUIPlugin:80 - create IPUIPlugin
2024-06-02 13:47:27,809 [INFO] PluginManager:220 - loadIPPluginJar : add ltdc
2024-06-02 13:47:27,811 [INFO] IPUIPlugin:80 - create IPUIPlugin
2024-06-02 13:47:27,811 [INFO] PluginManager:220 - loadIPPluginJar : add genericplugin
2024-06-02 13:47:27,817 [INFO] IPUIPlugin:80 - create IPUIPlugin
2024-06-02 13:47:27,818 [INFO] PluginManager:220 - loadIPPluginJar : add dma
2024-06-02 13:47:27,821 [INFO] IPUIPlugin:80 - create IPUIPlugin
2024-06-02 13:47:27,821 [INFO] PluginManager:220 - loadIPPluginJar : add usart
2024-06-02 13:47:27,824 [INFO] IPUIPlugin:80 - create IPUIPlugin
2024-06-02 13:47:27,824 [INFO] PluginManager:220 - loadIPPluginJar : add openamp
2024-06-02 13:47:27,825 [INFO] IPUIPlugin:80 - create IPUIPlugin
2024-06-02 13:47:27,825 [INFO] PluginManager:220 - loadIPPluginJar : add fatfs
2024-06-02 13:47:27,827 [INFO] IPUIPlugin:80 - create IPUIPlugin
2024-06-02 13:47:27,828 [INFO] PluginManager:220 - loadIPPluginJar : add spi
2024-06-02 13:47:27,830 [INFO] IPUIPlugin:80 - create IPUIPlugin
2024-06-02 13:47:27,830 [INFO] PluginManager:220 - loadIPPluginJar : add dfsdm
2024-06-02 13:47:27,833 [INFO] IPUIPlugin:80 - create IPUIPlugin
2024-06-02 13:47:27,833 [INFO] PluginManager:220 - loadIPPluginJar : add can
2024-06-02 13:47:27,837 [INFO] IPUIPlugin:80 - create IPUIPlugin
2024-06-02 13:47:27,837 [INFO] PluginManager:220 - loadIPPluginJar : add nvic
2024-06-02 13:47:27,844 [INFO] IPUIPlugin:80 - create IPUIPlugin
2024-06-02 13:47:27,845 [INFO] PluginManager:220 - loadIPPluginJar : add freertos
2024-06-02 13:47:27,847 [INFO] IPUIPlugin:80 - create IPUIPlugin
2024-06-02 13:47:27,848 [INFO] PluginManager:220 - loadIPPluginJar : add pdm2pcm
2024-06-02 13:47:27,850 [INFO] IPUIPlugin:80 - create IPUIPlugin
2024-06-02 13:47:27,850 [INFO] PluginManager:220 - loadIPPluginJar : add ts
2024-06-02 13:47:27,852 [INFO] IPUIPlugin:80 - create IPUIPlugin
2024-06-02 13:47:27,852 [INFO] PluginManager:220 - loadIPPluginJar : add ucpd
2024-06-02 13:47:27,968 [INFO] CADModel:165 - CPN selected for project level
2024-06-02 13:47:27,968 [INFO] CADModel:114 - Register for checkConnection events
2024-06-02 13:47:27,969 [FATAL] Updater:308 - Updater called before beeing initialized
2024-06-02 13:47:27,969 [ERROR] CADModel:125 - Updater not yet initialized, retry later 
2024-06-02 13:47:28,122 [INFO] CADModel:165 - CPN selected for project level
2024-06-02 13:47:28,122 [INFO] CADModel:114 - Register for checkConnection events
2024-06-02 13:47:28,122 [FATAL] Updater:308 - Updater called before beeing initialized
2024-06-02 13:47:28,122 [ERROR] CADModel:125 - Updater not yet initialized, retry later 
2024-06-02 13:47:28,126 [FATAL] Updater:308 - Updater called before beeing initialized
2024-06-02 13:47:28,219 [FATAL] Updater:308 - Updater called before beeing initialized
2024-06-02 13:47:28,224 [INFO] DbMcusAds:53 - JSON generation date=Thu May 16 06:22:00 ART 2024 (1715851320852)
2024-06-02 13:47:28,224 [FATAL] Updater:308 - Updater called before beeing initialized
2024-06-02 13:47:28,273 [WARN] DetailPanel:346 - Failed to get advertising image, set to default
2024-06-02 13:47:28,434 [FATAL] Updater:308 - Updater called before beeing initialized
2024-06-02 13:47:28,436 [FATAL] Updater:308 - Updater called before beeing initialized
2024-06-02 13:47:28,436 [FATAL] Updater:308 - Updater called before beeing initialized
2024-06-02 13:47:28,436 [WARN] DetailPanel:346 - Failed to get advertising image, set to default
2024-06-02 13:47:28,437 [FATAL] Updater:308 - Updater called before beeing initialized
2024-06-02 13:47:28,473 [ERROR] Updater:1120 - MainUpdater not yet initialized. External WinMGr cannot be set.
2024-06-02 13:47:28,476 [INFO] Updater:1056 - Updater Version found : 6.10.0
2024-06-02 13:47:28,497 [INFO] ApplicationProperties:184 - Using Application install path: /opt/st/stm32cubeide_1.14.0/plugins/com.st.stm32cube.common.mx_6.10.0.202311202037
2024-06-02 13:47:28,780 [INFO] MainUpdater:2873 - connection check result : 10
2024-06-02 13:47:28,781 [INFO] MainUpdater:290 - Updater Check For Update Now.
2024-06-02 13:47:28,781 [INFO] MicroXplorer:498 - Change Database Version : DB.6.0.100
2024-06-02 13:47:28,786 [INFO] McuFinderGlobals:63 - Set McuFinder mode to 2 (CubeIDE integrated)
2024-06-02 13:47:28,978 [INFO] CheckServerUpdateThread:120 - End of CheckServer Thread
2024-06-02 13:47:29,774 [INFO] UserAuth:404 - Internet connection configuration mode: 1
2024-06-02 13:47:29,791 [INFO] JxBrowserEngine:152 - Initiate JxBrowser Engine with user profile folder
2024-06-02 13:47:30,164 [WARN] PackLoader:240 - Cannot read IP mode file for STMicroelectronics.FP-SNS-MOTENVWB1.1.4.0
2024-06-02 13:47:30,173 [WARN] PackLoader:240 - Cannot read IP mode file for STMicroelectronics.X-CUBE-SMBUS.2.1.0
2024-06-02 13:47:30,179 [WARN] PackLoader:240 - Cannot read IP mode file for STMicroelectronics.X-CUBE-TOUCHGFX.4.23.0
2024-06-02 13:47:30,182 [WARN] PackLoader:240 - Cannot read IP mode file for STMicroelectronics.X-CUBE-TOUCHGFX.4.23.2
2024-06-02 13:47:30,216 [WARN] PackLoader:240 - Cannot read IP mode file for STMicroelectronics.X-CUBE-AZRTOS-F7.1.1.0
2024-06-02 13:47:30,229 [WARN] PackLoader:240 - Cannot read IP mode file for STMicroelectronics.FP-SNS-MOTENV1.4.3.2
2024-06-02 13:47:30,239 [WARN] PackLoader:240 - Cannot read IP mode file for STMicroelectronics.FP-SNS-FLIGHT1.5.0.2
2024-06-02 13:47:30,254 [WARN] PackLoader:240 - Cannot read IP mode file for STMicroelectronics.X-CUBE-DISPLAY.3.0.0
2024-06-02 13:47:30,271 [WARN] PackLoader:240 - Cannot read IP mode file for STMicroelectronics.X-CUBE-BLE1.7.0.0
2024-06-02 13:47:30,277 [WARN] PackLoader:240 - Cannot read IP mode file for emotas.I-CUBE-CANOPEN.1.3.0
2024-06-02 13:47:30,280 [WARN] PackLoader:240 - Cannot read IP mode file for STMicroelectronics.X-CUBE-TOUCHGFX.4.22.0
2024-06-02 13:47:30,283 [WARN] PackLoader:240 - Cannot read IP mode file for STMicroelectronics.X-CUBE-TOUCHGFX.4.22.1
2024-06-02 13:47:30,298 [WARN] PackLoader:240 - Cannot read IP mode file for STMicroelectronics.X-CUBE-BLEMGR.3.1.0
2024-06-02 13:47:30,307 [WARN] PackLoader:240 - Cannot read IP mode file for STMicroelectronics.FP-SNS-SMARTAG2.1.2.0
2024-06-02 13:47:30,320 [INFO] LogOutputStream:77 - [STDOUT_REDIRECT] 1 : Invalid condition id : UX_CORESTACK_Condition cause : null
2024-06-02 13:47:30,321 [INFO] LogOutputStream:77 - [STDOUT_REDIRECT] 1 : Invalid condition id : UX_CORESTACK_Condition cause : null
2024-06-02 13:47:30,321 [INFO] LogOutputStream:77 - [STDOUT_REDIRECT] 1 : Invalid condition id : UX_CORESTACK_Condition cause : null
2024-06-02 13:47:30,321 [INFO] LogOutputStream:77 - [STDOUT_REDIRECT] 1 : Invalid condition id : UX_CORESTACK_Condition cause : null
2024-06-02 13:47:30,321 [INFO] LogOutputStream:77 - [STDOUT_REDIRECT] 1 : Invalid condition id : UX_CORESTACK_Condition cause : null
2024-06-02 13:47:30,327 [WARN] PackLoader:240 - Cannot read IP mode file for STMicroelectronics.X-CUBE-AZRTOS-WL.2.0.0
2024-06-02 13:47:30,333 [WARN] PackLoader:240 - Cannot read IP mode file for STMicroelectronics.FP-SNS-MOTENV1.5.0.0
2024-06-02 13:47:30,343 [WARN] PackLoader:240 - Cannot read IP mode file for WES.I-CUBE-Cesium.1.3.0
2024-06-02 13:47:30,349 [WARN] PackLoader:240 - Cannot read IP mode file for STMicroelectronics.X-CUBE-BLE2.3.3.0
2024-06-02 13:47:30,357 [WARN] PackLoader:240 - Cannot read IP mode file for STMicroelectronics.X-CUBE-TCPP.4.1.0
2024-06-02 13:47:30,368 [WARN] PackLoader:240 - Cannot read IP mode file for STMicroelectronics.X-CUBE-ALGOBUILD.1.3.0
2024-06-02 13:47:30,522 [WARN] PackLoader:240 - Cannot read IP mode file for STMicroelectronics.X-CUBE-AZRTOS-G0.1.1.0
2024-06-02 13:47:30,539 [WARN] PackLoader:240 - Cannot read IP mode file for STMicroelectronics.X-CUBE-SAFEA1.1.2.2
2024-06-02 13:47:30,551 [WARN] PackLoader:240 - Cannot read IP mode file for STMicroelectronics.X-CUBE-NFC4.3.0.0
2024-06-02 13:47:30,575 [WARN] PackLoader:240 - Cannot read IP mode file for STMicroelectronics.X-CUBE-BLEMGR.3.0.0
2024-06-02 13:47:30,587 [WARN] PackLoader:240 - Cannot read IP mode file for STMicroelectronics.FP-ATR-SIGFOX1.3.2.0
2024-06-02 13:47:30,599 [WARN] PackLoader:240 - Cannot read IP mode file for STMicroelectronics.X-CUBE-EEPRMA1.5.1.0
2024-06-02 13:47:30,687 [WARN] PackLoader:240 - Cannot read IP mode file for SEGGER.I-CUBE-embOS.1.3.1
2024-06-02 13:47:30,783 [WARN] PackLoader:240 - Cannot read IP mode file for STMicroelectronics.X-CUBE-ALGOBUILD.1.4.0
2024-06-02 13:47:30,791 [WARN] PackLoader:240 - Cannot read IP mode file for STMicroelectronics.X-CUBE-GNSS1.6.0.0
2024-06-02 13:47:30,843 [WARN] PackLoader:240 - Cannot read IP mode file for STMicroelectronics.X-CUBE-AZRTOS-F4.1.1.0
2024-06-02 13:47:30,855 [WARN] PackLoader:240 - Cannot read IP mode file for wolfSSL.I-CUBE-wolfSSL.5.6.3
2024-06-02 13:47:30,862 [INFO] WebApp:161 - Instantiating new browser for Auth
2024-06-02 13:47:30,863 [WARN] PackLoader:240 - Cannot read IP mode file for STMicroelectronics.X-CUBE-FREERTOS.1.2.0
2024-06-02 13:47:30,870 [WARN] PackLoader:240 - Cannot read IP mode file for wolfSSL.I-CUBE-wolfSSL.5.6.6
2024-06-02 13:47:30,941 [WARN] PackLoader:240 - Cannot read IP mode file for STMicroelectronics.X-CUBE-AZRTOS-L5.2.0.0
2024-06-02 13:47:31,089 [WARN] PackLoader:240 - Cannot read IP mode file for STMicroelectronics.X-CUBE-MEMS1.9.6.0
2024-06-02 13:47:31,399 [WARN] PackLoader:240 - Cannot read IP mode file for STMicroelectronics.X-CUBE-EEPRMA1.4.2.0
2024-06-02 13:47:31,409 [WARN] PackLoader:240 - Cannot read IP mode file for STMicroelectronics.X-CUBE-NFC6.3.1.0
2024-06-02 13:47:31,418 [WARN] PackLoader:240 - Cannot read IP mode file for ITTIA_DB.I-CUBE-ITTIADB.8.8.0
2024-06-02 13:47:31,428 [WARN] PackLoader:240 - Cannot read IP mode file for STMicroelectronics.X-CUBE-BLEMGR.2.0.0
2024-06-02 13:47:31,435 [WARN] PackLoader:240 - Cannot read IP mode file for STMicroelectronics.X-CUBE-AI.9.0.0
2024-06-02 13:47:31,469 [WARN] ConditionMgr:438 - getConditionDescription Invalid condition id : UX DEVICE CLASS RTOS Condition cause : null
2024-06-02 13:47:31,470 [WARN] ConditionMgr:438 - getConditionDescription Invalid condition id : UX DEVICE CLASS RTOS Condition cause : null
2024-06-02 13:47:31,475 [WARN] PackLoader:240 - Cannot read IP mode file for STMicroelectronics.X-CUBE-AZRTOS-H7.3.1.0
2024-06-02 13:47:31,476 [WARN] ConditionMgr:1039 - genDependencies : Invalid condition id : UX DEVICE CLASS RTOS Condition cause : null
2024-06-02 13:47:31,476 [WARN] ConditionMgr:1039 - genDependencies : Invalid condition id : UX DEVICE CLASS RTOS Condition cause : null
2024-06-02 13:47:31,478 [WARN] ConditionMgr:1039 - genDependencies : Invalid condition id : UX DEVICE CLASS RTOS Condition cause : null
2024-06-02 13:47:31,478 [WARN] ConditionMgr:1039 - genDependencies : Invalid condition id : UX DEVICE CLASS RTOS Condition cause : null
2024-06-02 13:47:31,479 [WARN] ConditionMgr:1039 - genDependencies : Invalid condition id : UX DEVICE CLASS RTOS Condition cause : null
2024-06-02 13:47:31,487 [WARN] PackLoader:240 - Cannot read IP mode file for STMicroelectronics.X-CUBE-NFC7.1.0.1
2024-06-02 13:47:31,497 [WARN] PackLoader:240 - Cannot read IP mode file for STMicroelectronics.X-CUBE-NFC6.3.0.0
2024-06-02 13:47:31,508 [WARN] PackLoader:240 - Cannot read IP mode file for STMicroelectronics.X-CUBE-EEPRMA1.4.1.0
2024-06-02 13:47:31,516 [WARN] PackLoader:240 - Cannot read IP mode file for STMicroelectronics.X-CUBE-AI.8.1.0
2024-06-02 13:47:31,582 [WARN] ConditionMgr:438 - getConditionDescription Invalid condition id : LAN8742 Phy interface Condition cause : null
2024-06-02 13:47:31,584 [WARN] PackLoader:240 - Cannot read IP mode file for STMicroelectronics.X-CUBE-AZRTOS-L4.2.0.0
2024-06-02 13:47:31,588 [WARN] ConditionMgr:1039 - genDependencies : Invalid condition id : LAN8742 Phy interface Condition cause : null
2024-06-02 13:47:31,589 [WARN] ConditionMgr:1039 - genDependencies : Invalid condition id : LAN8742 Phy interface Condition cause : null
2024-06-02 13:47:31,591 [WARN] ConditionMgr:1039 - genDependencies : Invalid condition id : LAN8742 Phy interface Condition cause : null
2024-06-02 13:47:31,620 [WARN] PackLoader:240 - Cannot read IP mode file for STMicroelectronics.X-CUBE-SFXS2LP1.4.0.0
2024-06-02 13:47:31,632 [WARN] PackLoader:240 - Cannot read IP mode file for STMicroelectronics.X-CUBE-ISPU.1.1.0
2024-06-02 13:47:31,677 [WARN] ConditionMgr:438 - getConditionDescription Invalid condition id : UX DEVICE CLASS RTOS Condition cause : null
2024-06-02 13:47:31,677 [WARN] ConditionMgr:438 - getConditionDescription Invalid condition id : UX DEVICE CLASS RTOS Condition cause : null
2024-06-02 13:47:31,686 [WARN] PackLoader:240 - Cannot read IP mode file for STMicroelectronics.X-CUBE-AZRTOS-WB.2.0.0
2024-06-02 13:47:31,688 [WARN] ConditionMgr:1039 - genDependencies : Invalid condition id : UX DEVICE CLASS RTOS Condition cause : null
2024-06-02 13:47:31,689 [WARN] ConditionMgr:1039 - genDependencies : Invalid condition id : UX DEVICE CLASS RTOS Condition cause : null
2024-06-02 13:47:31,690 [WARN] ConditionMgr:1039 - genDependencies : Invalid condition id : UX DEVICE CLASS RTOS Condition cause : null
2024-06-02 13:47:31,691 [WARN] ConditionMgr:1039 - genDependencies : Invalid condition id : UX DEVICE CLASS RTOS Condition cause : null
2024-06-02 13:47:31,691 [WARN] ConditionMgr:1039 - genDependencies : Invalid condition id : UX DEVICE CLASS RTOS Condition cause : null
2024-06-02 13:47:31,729 [WARN] PackLoader:240 - Cannot read IP mode file for STMicroelectronics.X-CUBE-SUBG2.5.0.0
2024-06-02 13:47:31,779 [WARN] PackLoader:240 - Cannot read IP mode file for STMicroelectronics.X-CUBE-TOF1.3.3.1
2024-06-02 13:47:31,846 [WARN] PackLoader:240 - Cannot read IP mode file for STMicroelectronics.X-CUBE-AZRTOS-G4.2.0.0
2024-06-02 13:47:31,890 [WARN] PackLoader:240 - Cannot read IP mode file for Infineon.AIROC-Wi-Fi-Bluetooth-STM32.1.5.1
2024-06-02 13:47:31,908 [WARN] PackLoader:240 - Cannot read IP mode file for STMicroelectronics.FP-SNS-MOTENVWB1.1.3.0
2024-06-02 13:47:31,917 [WARN] PackLoader:240 - Cannot read IP mode file for STMicroelectronics.FP-SNS-MOTENVWB1.1.3.1
2024-06-02 13:47:31,923 [WARN] PackLoader:240 - Cannot read IP mode file for STMicroelectronics.X-CUBE-ISPU.2.0.0
2024-06-02 13:47:31,928 [WARN] PackLoader:240 - Cannot read IP mode file for STMicroelectronics.X-CUBE-ALS.1.0.2
2024-06-02 13:47:32,026 [WARN] PackLoader:240 - Cannot read IP mode file for STMicroelectronics.X-CUBE-MEMS1.10.0.0
2024-06-02 13:47:32,030 [INFO] WebApp:780 - Register for checkConnection events
2024-06-02 13:47:32,031 [INFO] WebApp:414 - Apply proxy settings
2024-06-02 13:47:32,031 [INFO] WebApp:499 - Chromium requires no authentication
2024-06-02 13:47:32,045 [INFO] WebApp:442 - Direct internet connection detected
2024-06-02 13:47:32,292 [INFO] WebApp:192 - Starting web application
2024-06-02 13:47:32,293 [INFO] WebApp:544 - Web application path used /opt/st/stm32cubeide_1.14.0/plugins/com.st.stm32cube.common.mx_6.10.0.202311202037/db/plugins/mcufinder/reactClient1/index.html
2024-06-02 13:47:32,296 [WARN] PackLoader:240 - Cannot read IP mode file for STMicroelectronics.X-CUBE-FREERTOS.1.1.0
2024-06-02 13:47:32,307 [WARN] PackLoader:240 - Cannot read IP mode file for portGmbH.I-Cube-SoM-uGOAL.1.1.0
2024-06-02 13:47:32,314 [WARN] PackLoader:240 - Cannot read IP mode file for STMicroelectronics.X-CUBE-ALS.1.0.1
2024-06-02 13:47:32,359 [WARN] PackLoader:240 - Cannot read IP mode file for STMicroelectronics.X-CUBE-AZRTOS-H7RS.1.0.0
2024-06-02 13:47:32,369 [WARN] PackLoader:240 - Cannot read IP mode file for STMicroelectronics.FP-ATR-ASTRA1.2.0.0
2024-06-02 13:47:32,389 [WARN] PackLoader:240 - Cannot read IP mode file for STMicroelectronics.X-CUBE-TOF1.3.4.0
2024-06-02 13:47:32,428 [WARN] PackLoader:240 - Cannot read IP mode file for STMicroelectronics.X-CUBE-TOF1.3.4.1
2024-06-02 13:47:32,507 [WARN] PackLoader:240 - Cannot read IP mode file for STMicroelectronics.X-CUBE-AZRTOS-H7.3.2.0
2024-06-02 13:47:32,517 [INFO] ThirdParty:978 - Integrity check success = true
2024-06-02 13:47:32,517 [INFO] IntegrityCheckThread:100 - exiting critical section [integrity check]
2024-06-02 13:47:32,517 [INFO] IntegrityCheckThread:103 - End integrity checks thread
2024-06-02 13:47:52,742 [ERROR] LogOutputStream:75 - [STDERR_REDIRECT] SLF4J: Failed to load class "org.slf4j.impl.StaticLoggerBinder".
2024-06-02 13:47:52,742 [ERROR] LogOutputStream:75 - [STDERR_REDIRECT] SLF4J: Defaulting to no-operation (NOP) logger implementation
2024-06-02 13:47:52,743 [ERROR] LogOutputStream:75 - [STDERR_REDIRECT] SLF4J: See http://www.slf4j.org/codes.html#StaticLoggerBinder for further details.
2024-06-02 15:38:20,048 [INFO] Activator:176 - 


2024-06-02 15:38:20,050 [INFO] Activator:177 - !SESSION log4j initialized
2024-06-02 15:38:24,405 [INFO] LogOutputStream:77 - [STDOUT_REDIRECT] 
2024-06-02 15:38:25,925 [INFO] ApplicationProperties:184 - Using Application install path: /opt/st/stm32cubeide_1.14.0/plugins/com.st.stm32cube.common.mx_6.10.0.202311202037
2024-06-02 15:38:25,943 [INFO] DbMcusXml:78 - Set database path to: /opt/st/stm32cubeide_1.14.0/plugins/com.st.stm32cube.common.mx_6.10.0.202311202037//db//mcu/
2024-06-02 15:38:25,943 [INFO] ApiDb:274 - Set plugin database path to: /opt/st/stm32cubeide_1.14.0/plugins/com.st.stm32cube.common.mx_6.10.0.202311202037//db//plugins/boardmanager/
2024-06-02 15:38:25,943 [WARN] ApiDb:259 - Overriding images path with different value:  => /opt/st/stm32cubeide_1.14.0/plugins/com.st.stm32cube.common.mx_6.10.0.202311202037//db//plugins/mcufinder/images/
2024-06-02 15:38:25,953 [INFO] ApiDb:250 - Set database path to: /home/fede/.stmcufinder/plugins/mcufinder//mcu/
2024-06-02 15:38:25,954 [INFO] DbMcusAds:125 - Set database path to: /home/fede/.stmcufinder/plugins/mcufinder//mcu/
2024-06-02 15:38:25,956 [INFO] CrossReferenceDbSqlite:203 - Set database path to: /home/fede/.stmcufinder/plugins/mcufinder//mcu/cs/
2024-06-02 15:38:26,047 [INFO] RulesReader:64 - Compatibility file has been processed (297 Rules)
2024-06-02 15:38:26,095 [INFO] DbMcusXml:78 - Set database path to: /opt/st/stm32cubeide_1.14.0/plugins/com.st.stm32cube.common.mx_6.10.0.202311202037//db//mcu/
2024-06-02 15:38:26,096 [INFO] ApiDb:274 - Set plugin database path to: /opt/st/stm32cubeide_1.14.0/plugins/com.st.stm32cube.common.mx_6.10.0.202311202037//db//plugins/boardmanager/
2024-06-02 15:38:26,096 [INFO] ApiDb:261 - Set plugin images path to: /opt/st/stm32cubeide_1.14.0/plugins/com.st.stm32cube.common.mx_6.10.0.202311202037//db//plugins/mcufinder/images/
2024-06-02 15:38:26,096 [WARN] DbFile:41 - Overriding database path with different value: /home/fede/.stmcufinder/plugins/mcufinder/ => /home/fede/.stmcufinder/plugins/mcufinder
2024-06-02 15:38:26,096 [INFO] ApiDb:250 - Set database path to: /home/fede/.stmcufinder/plugins/mcufinder//mcu/
2024-06-02 15:38:26,096 [WARN] DbFile:41 - Overriding database path with different value: /home/fede/.stmcufinder/plugins/mcufinder/ => /home/fede/.stmcufinder/plugins/mcufinder
2024-06-02 15:38:26,096 [INFO] DbMcusAds:125 - Set database path to: /home/fede/.stmcufinder/plugins/mcufinder//mcu/
2024-06-02 15:38:26,096 [WARN] DbFile:41 - Overriding database path with different value: /home/fede/.stmcufinder/plugins/mcufinder/ => /home/fede/.stmcufinder/plugins/mcufinder
2024-06-02 15:38:26,096 [WARN] DbFile:41 - Overriding database path with different value: /home/fede/.stmcufinder/plugins/mcufinder/ => /home/fede/.stmcufinder/plugins/mcufinder
2024-06-02 15:38:26,096 [INFO] CrossReferenceDbSqlite:203 - Set database path to: /home/fede/.stmcufinder/plugins/mcufinder//mcu/cs/
2024-06-02 15:38:26,199 [INFO] MainPanel:264 - HeapMemory: 268435456
2024-06-02 15:38:26,294 [INFO] DbMcusXml:78 - Set database path to: /opt/st/stm32cubeide_1.14.0/plugins/com.st.stm32cube.common.mx_6.10.0.202311202037//db//mcu/
2024-06-02 15:38:26,294 [INFO] ApiDb:274 - Set plugin database path to: /opt/st/stm32cubeide_1.14.0/plugins/com.st.stm32cube.common.mx_6.10.0.202311202037//db//plugins/boardmanager/
2024-06-02 15:38:26,294 [INFO] ApiDb:261 - Set plugin images path to: /opt/st/stm32cubeide_1.14.0/plugins/com.st.stm32cube.common.mx_6.10.0.202311202037//db//plugins/mcufinder/images/
2024-06-02 15:38:26,294 [WARN] DbFile:41 - Overriding database path with different value: /home/fede/.stmcufinder/plugins/mcufinder/ => /home/fede/.stmcufinder/plugins/mcufinder
2024-06-02 15:38:26,294 [INFO] ApiDb:250 - Set database path to: /home/fede/.stmcufinder/plugins/mcufinder//mcu/
2024-06-02 15:38:26,294 [WARN] DbFile:41 - Overriding database path with different value: /home/fede/.stmcufinder/plugins/mcufinder/ => /home/fede/.stmcufinder/plugins/mcufinder
2024-06-02 15:38:26,294 [INFO] DbMcusAds:125 - Set database path to: /home/fede/.stmcufinder/plugins/mcufinder//mcu/
2024-06-02 15:38:26,295 [WARN] DbFile:41 - Overriding database path with different value: /home/fede/.stmcufinder/plugins/mcufinder/ => /home/fede/.stmcufinder/plugins/mcufinder
2024-06-02 15:38:26,295 [WARN] DbFile:41 - Overriding database path with different value: /home/fede/.stmcufinder/plugins/mcufinder/ => /home/fede/.stmcufinder/plugins/mcufinder
2024-06-02 15:38:26,295 [INFO] CrossReferenceDbSqlite:203 - Set database path to: /home/fede/.stmcufinder/plugins/mcufinder//mcu/cs/
2024-06-02 15:38:26,306 [INFO] ApplicationProperties:184 - Using Application install path: /opt/st/stm32cubeide_1.14.0/plugins/com.st.stm32cube.common.mx_6.10.0.202311202037
2024-06-02 15:38:26,307 [INFO] PluginManage:196 - Search for loadable plugins [exclusion list=, ]
2024-06-02 15:38:26,308 [INFO] PluginManage:310 - Check plugin analytics
2024-06-02 15:38:26,420 [INFO] AnalyticsPlugin:253 - Accepted Software Licenses: 
2024-06-02 15:38:26,420 [INFO] AnalyticsPlugin:255 - Accepted CMSIS Pack Licenses: STMicroelectronics.X-CUBE-ALGOBUILD.1.3.0,ARM.CMSIS-DSP.1.15.0
2024-06-02 15:38:26,420 [INFO] AnalyticsPlugin:257 - Accepted Firmware Licenses: FW.F7.1.17.0
2024-06-02 15:38:26,423 [INFO] PluginManage:359 - Loaded plugin analytics (category:tool,tabindex:-1)
2024-06-02 15:38:26,423 [INFO] PluginManage:310 - Check plugin cadmodel
2024-06-02 15:38:26,546 [INFO] CADModel:105 - Init CAD model plugin
2024-06-02 15:38:26,547 [INFO] PluginManage:359 - Loaded plugin cadmodel (category:power,tabindex:5)
2024-06-02 15:38:26,547 [INFO] PluginManage:310 - Check plugin clock
2024-06-02 15:38:26,555 [INFO] PluginManage:359 - Loaded plugin clock (category:base,tabindex:2)
2024-06-02 15:38:26,555 [INFO] PluginManage:310 - Check plugin ddr
2024-06-02 15:38:26,557 [INFO] PluginManage:359 - Loaded plugin ddr (category:tool,tabindex:6)
2024-06-02 15:38:26,557 [INFO] PluginManage:310 - Check plugin filemanager
2024-06-02 15:38:26,650 [INFO] PluginManage:359 - Loaded plugin filemanager (category:base,tabindex:10)
2024-06-02 15:38:26,651 [INFO] PluginManage:310 - Check plugin ipmanager
2024-06-02 15:38:26,655 [INFO] PluginManage:359 - Loaded plugin ipmanager (category:base,tabindex:5)
2024-06-02 15:38:26,655 [INFO] PluginManage:310 - Check plugin lpbam
2024-06-02 15:38:26,661 [INFO] PluginManage:359 - Loaded plugin lpbam (category:base,tabindex:0)
2024-06-02 15:38:26,662 [INFO] PluginManage:310 - Check plugin memorymap
2024-06-02 15:38:26,671 [INFO] PluginManage:359 - Loaded plugin memorymap (category:base,tabindex:4)
2024-06-02 15:38:26,671 [INFO] PluginManage:310 - Check plugin pinoutandconfiguration
2024-06-02 15:38:26,678 [INFO] PluginManage:359 - Loaded plugin pinoutandconfiguration (category:base,tabindex:1)
2024-06-02 15:38:26,678 [INFO] PluginManage:310 - Check plugin pinoutconfig
2024-06-02 15:38:26,745 [WARN] SupportedApi:132 - Cannot load RTOS API schema: s4s-elt-must-match.1: The content of 'definitions' must match (annotation?, (simpleType | complexType)?, (unique | key | keyref)*)). A problem was found starting at: attribute.
2024-06-02 15:38:26,844 [INFO] PluginManage:359 - Loaded plugin pinoutconfig (category:base,tabindex:0)
2024-06-02 15:38:26,845 [INFO] PluginManage:310 - Check plugin power
2024-06-02 15:38:26,853 [INFO] PluginManage:359 - Loaded plugin power (category:power,tabindex:4)
2024-06-02 15:38:26,853 [INFO] PluginManage:310 - Check plugin projectmanager
2024-06-02 15:38:26,869 [INFO] PluginManage:359 - Loaded plugin projectmanager (category:projectmanager,tabindex:3)
2024-06-02 15:38:26,869 [INFO] PluginManage:310 - Check plugin thirdparty
2024-06-02 15:38:26,983 [INFO] PluginManage:359 - Loaded plugin thirdparty (category:base,tabindex:-1)
2024-06-02 15:38:26,984 [INFO] PluginManage:310 - Check plugin tools
2024-06-02 15:38:26,983 [WARN] IntegrityCheckThread:84 - waiting for thirdparty lock release [integrity check]
2024-06-02 15:38:26,984 [INFO] IntegrityCheckThread:86 - entering critical section [integrity check]
2024-06-02 15:38:26,984 [INFO] ThirdPartyUpdaterWithRetryManager:70 - Updater plugin not ready yet. [1/15]
2024-06-02 15:38:26,986 [INFO] PluginManage:359 - Loaded plugin tools (category:base,tabindex:7)
2024-06-02 15:38:26,986 [INFO] PluginManage:310 - Check plugin tutovideos
2024-06-02 15:38:27,104 [INFO] PluginManage:359 - Loaded plugin tutovideos (category:base,tabindex:-1)
2024-06-02 15:38:27,104 [INFO] PluginManage:310 - Check plugin updater
2024-06-02 15:38:27,113 [INFO] PluginManage:359 - Loaded plugin updater (category:base,tabindex:12)
2024-06-02 15:38:27,113 [INFO] PluginManage:310 - Check plugin userauth
2024-06-02 15:38:27,117 [INFO] UserAuth:114 - Init User Auth plugin
2024-06-02 15:38:27,117 [INFO] PluginManage:359 - Loaded plugin userauth (category:base,tabindex:14)
2024-06-02 15:38:27,117 [INFO] PluginManage:283 - PluginManage : Loaded plugins [17]
2024-06-02 15:38:27,257 [INFO] PinOutPanel:1499 - setPackage(No Configuration,No Configuration)
2024-06-02 15:38:27,308 [INFO] CADModel:165 - CPN selected for project level
2024-06-02 15:38:27,308 [INFO] CADModel:114 - Register for checkConnection events
2024-06-02 15:38:27,320 [INFO] IPUIPlugin:80 - create IPUIPlugin
2024-06-02 15:38:27,321 [INFO] PluginManager:220 - loadIPPluginJar : add gfxmmu
2024-06-02 15:38:27,322 [INFO] IPUIPlugin:80 - create IPUIPlugin
2024-06-02 15:38:27,322 [INFO] PluginManager:220 - loadIPPluginJar : add comp
2024-06-02 15:38:27,325 [INFO] IPUIPlugin:80 - create IPUIPlugin
2024-06-02 15:38:27,325 [INFO] PluginManager:220 - loadIPPluginJar : add usbx
2024-06-02 15:38:27,332 [INFO] IPUIPlugin:80 - create IPUIPlugin
2024-06-02 15:38:27,333 [INFO] PluginManager:220 - loadIPPluginJar : add linkedlist
2024-06-02 15:38:27,339 [INFO] IPUIPlugin:80 - create IPUIPlugin
2024-06-02 15:38:27,340 [INFO] PluginManager:220 - loadIPPluginJar : add mdma
2024-06-02 15:38:27,343 [INFO] IPUIPlugin:80 - create IPUIPlugin
2024-06-02 15:38:27,343 [INFO] PluginManager:220 - loadIPPluginJar : add i3c
2024-06-02 15:38:27,345 [INFO] IPUIPlugin:80 - create IPUIPlugin
2024-06-02 15:38:27,345 [INFO] PluginManager:220 - loadIPPluginJar : add cryp
2024-06-02 15:38:27,347 [INFO] IPUIPlugin:80 - create IPUIPlugin
2024-06-02 15:38:27,347 [INFO] PluginManager:220 - loadIPPluginJar : add quadspi
2024-06-02 15:38:27,348 [INFO] IPUIPlugin:80 - create IPUIPlugin
2024-06-02 15:38:27,348 [INFO] PluginManager:220 - loadIPPluginJar : add tsc
2024-06-02 15:38:27,350 [INFO] IPUIPlugin:80 - create IPUIPlugin
2024-06-02 15:38:27,350 [INFO] PluginManager:220 - loadIPPluginJar : add hash
2024-06-02 15:38:27,351 [INFO] IPUIPlugin:80 - create IPUIPlugin
2024-06-02 15:38:27,352 [INFO] PluginManager:220 - loadIPPluginJar : add aes
2024-06-02 15:38:27,353 [INFO] IPUIPlugin:80 - create IPUIPlugin
2024-06-02 15:38:27,354 [INFO] PluginManager:220 - loadIPPluginJar : add i2c
2024-06-02 15:38:27,357 [INFO] IPUIPlugin:80 - create IPUIPlugin
2024-06-02 15:38:27,357 [INFO] PluginManager:220 - loadIPPluginJar : add gtzc
2024-06-02 15:38:27,364 [INFO] IPUIPlugin:80 - create IPUIPlugin
2024-06-02 15:38:27,364 [INFO] PluginManager:220 - loadIPPluginJar : add stm32_wpan
2024-06-02 15:38:27,369 [INFO] IPUIPlugin:80 - create IPUIPlugin
2024-06-02 15:38:27,371 [INFO] PluginManager:220 - loadIPPluginJar : add plateformsettings
2024-06-02 15:38:27,377 [INFO] IPUIPlugin:80 - create IPUIPlugin
2024-06-02 15:38:27,377 [INFO] PluginManager:220 - loadIPPluginJar : add adc
2024-06-02 15:38:27,380 [INFO] IPUIPlugin:80 - create IPUIPlugin
2024-06-02 15:38:27,381 [INFO] PluginManager:220 - loadIPPluginJar : add sai
2024-06-02 15:38:27,385 [INFO] IPUIPlugin:80 - create IPUIPlugin
2024-06-02 15:38:27,386 [INFO] PluginManager:220 - loadIPPluginJar : add gic
2024-06-02 15:38:27,389 [INFO] IPUIPlugin:80 - create IPUIPlugin
2024-06-02 15:38:27,389 [INFO] PluginManager:220 - loadIPPluginJar : add opamp
2024-06-02 15:38:27,392 [INFO] IPUIPlugin:80 - create IPUIPlugin
2024-06-02 15:38:27,393 [INFO] PluginManager:220 - loadIPPluginJar : add i2s
2024-06-02 15:38:27,396 [INFO] IPUIPlugin:80 - create IPUIPlugin
2024-06-02 15:38:27,397 [INFO] PluginManager:220 - loadIPPluginJar : add touchsensing
2024-06-02 15:38:27,398 [INFO] IPUIPlugin:80 - create IPUIPlugin
2024-06-02 15:38:27,399 [INFO] PluginManager:220 - loadIPPluginJar : add dma3
2024-06-02 15:38:27,402 [INFO] IPUIPlugin:80 - create IPUIPlugin
2024-06-02 15:38:27,403 [INFO] PluginManager:220 - loadIPPluginJar : add gpio
2024-06-02 15:38:27,405 [INFO] IPUIPlugin:80 - create IPUIPlugin
2024-06-02 15:38:27,405 [INFO] PluginManager:220 - loadIPPluginJar : add lorawan
2024-06-02 15:38:27,407 [INFO] IPUIPlugin:80 - create IPUIPlugin
2024-06-02 15:38:27,408 [INFO] PluginManager:220 - loadIPPluginJar : add tracer_emb
2024-06-02 15:38:27,411 [INFO] IPUIPlugin:80 - create IPUIPlugin
2024-06-02 15:38:27,412 [INFO] PluginManager:220 - loadIPPluginJar : add ipddr
2024-06-02 15:38:27,416 [INFO] IPUIPlugin:80 - create IPUIPlugin
2024-06-02 15:38:27,416 [INFO] PluginManager:220 - loadIPPluginJar : add resmgrutility
2024-06-02 15:38:27,420 [INFO] IPUIPlugin:80 - create IPUIPlugin
2024-06-02 15:38:27,420 [INFO] PluginManager:220 - loadIPPluginJar : add fmc
2024-06-02 15:38:27,422 [INFO] IPUIPlugin:80 - create IPUIPlugin
2024-06-02 15:38:27,423 [INFO] PluginManager:220 - loadIPPluginJar : add tim
2024-06-02 15:38:27,425 [INFO] IPUIPlugin:80 - create IPUIPlugin
2024-06-02 15:38:27,425 [INFO] PluginManager:220 - loadIPPluginJar : add ltdc
2024-06-02 15:38:27,426 [INFO] IPUIPlugin:80 - create IPUIPlugin
2024-06-02 15:38:27,427 [INFO] PluginManager:220 - loadIPPluginJar : add genericplugin
2024-06-02 15:38:27,433 [INFO] IPUIPlugin:80 - create IPUIPlugin
2024-06-02 15:38:27,434 [INFO] PluginManager:220 - loadIPPluginJar : add dma
2024-06-02 15:38:27,437 [INFO] IPUIPlugin:80 - create IPUIPlugin
2024-06-02 15:38:27,437 [INFO] PluginManager:220 - loadIPPluginJar : add usart
2024-06-02 15:38:27,439 [INFO] IPUIPlugin:80 - create IPUIPlugin
2024-06-02 15:38:27,440 [INFO] PluginManager:220 - loadIPPluginJar : add openamp
2024-06-02 15:38:27,441 [INFO] IPUIPlugin:80 - create IPUIPlugin
2024-06-02 15:38:27,441 [INFO] PluginManager:220 - loadIPPluginJar : add fatfs
2024-06-02 15:38:27,443 [INFO] IPUIPlugin:80 - create IPUIPlugin
2024-06-02 15:38:27,443 [INFO] PluginManager:220 - loadIPPluginJar : add spi
2024-06-02 15:38:27,445 [INFO] IPUIPlugin:80 - create IPUIPlugin
2024-06-02 15:38:27,445 [INFO] PluginManager:220 - loadIPPluginJar : add dfsdm
2024-06-02 15:38:27,448 [INFO] IPUIPlugin:80 - create IPUIPlugin
2024-06-02 15:38:27,448 [INFO] PluginManager:220 - loadIPPluginJar : add can
2024-06-02 15:38:27,452 [INFO] IPUIPlugin:80 - create IPUIPlugin
2024-06-02 15:38:27,452 [INFO] PluginManager:220 - loadIPPluginJar : add nvic
2024-06-02 15:38:27,457 [INFO] IPUIPlugin:80 - create IPUIPlugin
2024-06-02 15:38:27,458 [INFO] PluginManager:220 - loadIPPluginJar : add freertos
2024-06-02 15:38:27,459 [INFO] IPUIPlugin:80 - create IPUIPlugin
2024-06-02 15:38:27,460 [INFO] PluginManager:220 - loadIPPluginJar : add pdm2pcm
2024-06-02 15:38:27,461 [INFO] IPUIPlugin:80 - create IPUIPlugin
2024-06-02 15:38:27,461 [INFO] PluginManager:220 - loadIPPluginJar : add ts
2024-06-02 15:38:27,462 [INFO] IPUIPlugin:80 - create IPUIPlugin
2024-06-02 15:38:27,462 [INFO] PluginManager:220 - loadIPPluginJar : add ucpd
2024-06-02 15:38:27,561 [INFO] CADModel:165 - CPN selected for project level
2024-06-02 15:38:27,562 [INFO] CADModel:114 - Register for checkConnection events
2024-06-02 15:38:27,562 [FATAL] Updater:308 - Updater called before beeing initialized
2024-06-02 15:38:27,562 [ERROR] CADModel:125 - Updater not yet initialized, retry later 
2024-06-02 15:38:27,683 [INFO] CADModel:165 - CPN selected for project level
2024-06-02 15:38:27,683 [INFO] CADModel:114 - Register for checkConnection events
2024-06-02 15:38:27,683 [FATAL] Updater:308 - Updater called before beeing initialized
2024-06-02 15:38:27,683 [ERROR] CADModel:125 - Updater not yet initialized, retry later 
2024-06-02 15:38:27,685 [FATAL] Updater:308 - Updater called before beeing initialized
2024-06-02 15:38:27,751 [FATAL] Updater:308 - Updater called before beeing initialized
2024-06-02 15:38:27,755 [INFO] DbMcusAds:53 - JSON generation date=Thu May 16 06:22:00 ART 2024 (1715851320852)
2024-06-02 15:38:27,755 [FATAL] Updater:308 - Updater called before beeing initialized
2024-06-02 15:38:27,786 [WARN] DetailPanel:346 - Failed to get advertising image, set to default
2024-06-02 15:38:27,858 [FATAL] Updater:308 - Updater called before beeing initialized
2024-06-02 15:38:27,859 [FATAL] Updater:308 - Updater called before beeing initialized
2024-06-02 15:38:27,859 [FATAL] Updater:308 - Updater called before beeing initialized
2024-06-02 15:38:27,860 [WARN] DetailPanel:346 - Failed to get advertising image, set to default
2024-06-02 15:38:27,860 [FATAL] Updater:308 - Updater called before beeing initialized
2024-06-02 15:38:27,894 [ERROR] Updater:1120 - MainUpdater not yet initialized. External WinMGr cannot be set.
2024-06-02 15:38:27,895 [INFO] Updater:1056 - Updater Version found : 6.10.0
2024-06-02 15:38:27,909 [INFO] ApplicationProperties:184 - Using Application install path: /opt/st/stm32cubeide_1.14.0/plugins/com.st.stm32cube.common.mx_6.10.0.202311202037
2024-06-02 15:38:29,223 [INFO] MainUpdater:2873 - connection check result : 10
2024-06-02 15:38:29,224 [INFO] MainUpdater:290 - Updater Check For Update Now.
2024-06-02 15:38:29,224 [INFO] MicroXplorer:498 - Change Database Version : DB.6.0.100
2024-06-02 15:38:29,230 [INFO] McuFinderGlobals:63 - Set McuFinder mode to 2 (CubeIDE integrated)
2024-06-02 15:38:29,384 [INFO] CheckServerUpdateThread:120 - End of CheckServer Thread
2024-06-02 15:38:30,067 [WARN] PackLoader:240 - Cannot read IP mode file for STMicroelectronics.FP-SNS-MOTENVWB1.1.4.0
2024-06-02 15:38:30,080 [WARN] PackLoader:240 - Cannot read IP mode file for STMicroelectronics.X-CUBE-SMBUS.2.1.0
2024-06-02 15:38:30,084 [WARN] PackLoader:240 - Cannot read IP mode file for STMicroelectronics.X-CUBE-TOUCHGFX.4.23.0
2024-06-02 15:38:30,086 [WARN] PackLoader:240 - Cannot read IP mode file for STMicroelectronics.X-CUBE-TOUCHGFX.4.23.2
2024-06-02 15:38:30,107 [WARN] PackLoader:240 - Cannot read IP mode file for STMicroelectronics.X-CUBE-AZRTOS-F7.1.1.0
2024-06-02 15:38:30,114 [WARN] PackLoader:240 - Cannot read IP mode file for STMicroelectronics.FP-SNS-MOTENV1.4.3.2
2024-06-02 15:38:30,119 [WARN] PackLoader:240 - Cannot read IP mode file for STMicroelectronics.FP-SNS-FLIGHT1.5.0.2
2024-06-02 15:38:30,126 [WARN] PackLoader:240 - Cannot read IP mode file for STMicroelectronics.X-CUBE-DISPLAY.3.0.0
2024-06-02 15:38:30,134 [WARN] PackLoader:240 - Cannot read IP mode file for STMicroelectronics.X-CUBE-BLE1.7.0.0
2024-06-02 15:38:30,138 [WARN] PackLoader:240 - Cannot read IP mode file for emotas.I-CUBE-CANOPEN.1.3.0
2024-06-02 15:38:30,141 [WARN] PackLoader:240 - Cannot read IP mode file for STMicroelectronics.X-CUBE-TOUCHGFX.4.22.0
2024-06-02 15:38:30,143 [WARN] PackLoader:240 - Cannot read IP mode file for STMicroelectronics.X-CUBE-TOUCHGFX.4.22.1
2024-06-02 15:38:30,150 [WARN] PackLoader:240 - Cannot read IP mode file for STMicroelectronics.X-CUBE-BLEMGR.3.1.0
2024-06-02 15:38:30,155 [WARN] PackLoader:240 - Cannot read IP mode file for STMicroelectronics.FP-SNS-SMARTAG2.1.2.0
2024-06-02 15:38:30,161 [INFO] LogOutputStream:77 - [STDOUT_REDIRECT] 1 : Invalid condition id : UX_CORESTACK_Condition cause : null
2024-06-02 15:38:30,162 [INFO] LogOutputStream:77 - [STDOUT_REDIRECT] 1 : Invalid condition id : UX_CORESTACK_Condition cause : null
2024-06-02 15:38:30,162 [INFO] LogOutputStream:77 - [STDOUT_REDIRECT] 1 : Invalid condition id : UX_CORESTACK_Condition cause : null
2024-06-02 15:38:30,162 [INFO] LogOutputStream:77 - [STDOUT_REDIRECT] 1 : Invalid condition id : UX_CORESTACK_Condition cause : null
2024-06-02 15:38:30,162 [INFO] LogOutputStream:77 - [STDOUT_REDIRECT] 1 : Invalid condition id : UX_CORESTACK_Condition cause : null
2024-06-02 15:38:30,164 [WARN] PackLoader:240 - Cannot read IP mode file for STMicroelectronics.X-CUBE-AZRTOS-WL.2.0.0
2024-06-02 15:38:30,168 [WARN] PackLoader:240 - Cannot read IP mode file for STMicroelectronics.FP-SNS-MOTENV1.5.0.0
2024-06-02 15:38:30,174 [WARN] PackLoader:240 - Cannot read IP mode file for WES.I-CUBE-Cesium.1.3.0
2024-06-02 15:38:30,176 [WARN] PackLoader:240 - Cannot read IP mode file for STMicroelectronics.X-CUBE-BLE2.3.3.0
2024-06-02 15:38:30,180 [WARN] PackLoader:240 - Cannot read IP mode file for STMicroelectronics.X-CUBE-TCPP.4.1.0
2024-06-02 15:38:30,185 [WARN] PackLoader:240 - Cannot read IP mode file for STMicroelectronics.X-CUBE-ALGOBUILD.1.3.0
2024-06-02 15:38:30,240 [INFO] UserAuth:404 - Internet connection configuration mode: 1
2024-06-02 15:38:30,242 [WARN] PackLoader:240 - Cannot read IP mode file for STMicroelectronics.X-CUBE-AZRTOS-G0.1.1.0
2024-06-02 15:38:30,252 [WARN] PackLoader:240 - Cannot read IP mode file for STMicroelectronics.X-CUBE-SAFEA1.1.2.2
2024-06-02 15:38:30,258 [WARN] PackLoader:240 - Cannot read IP mode file for STMicroelectronics.X-CUBE-NFC4.3.0.0
2024-06-02 15:38:30,262 [INFO] JxBrowserEngine:152 - Initiate JxBrowser Engine with user profile folder
2024-06-02 15:38:30,268 [WARN] PackLoader:240 - Cannot read IP mode file for STMicroelectronics.X-CUBE-BLEMGR.3.0.0
2024-06-02 15:38:30,274 [WARN] PackLoader:240 - Cannot read IP mode file for STMicroelectronics.FP-ATR-SIGFOX1.3.2.0
2024-06-02 15:38:30,280 [WARN] PackLoader:240 - Cannot read IP mode file for STMicroelectronics.X-CUBE-EEPRMA1.5.1.0
2024-06-02 15:38:30,309 [WARN] PackLoader:240 - Cannot read IP mode file for SEGGER.I-CUBE-embOS.1.3.1
2024-06-02 15:38:30,376 [WARN] PackLoader:240 - Cannot read IP mode file for STMicroelectronics.X-CUBE-ALGOBUILD.1.4.0
2024-06-02 15:38:30,384 [WARN] PackLoader:240 - Cannot read IP mode file for STMicroelectronics.X-CUBE-GNSS1.6.0.0
2024-06-02 15:38:30,402 [WARN] PackLoader:240 - Cannot read IP mode file for STMicroelectronics.X-CUBE-AZRTOS-F4.1.1.0
2024-06-02 15:38:30,406 [WARN] PackLoader:240 - Cannot read IP mode file for wolfSSL.I-CUBE-wolfSSL.5.6.3
2024-06-02 15:38:30,409 [WARN] PackLoader:240 - Cannot read IP mode file for STMicroelectronics.X-CUBE-FREERTOS.1.2.0
2024-06-02 15:38:30,412 [WARN] PackLoader:240 - Cannot read IP mode file for wolfSSL.I-CUBE-wolfSSL.5.6.6
2024-06-02 15:38:30,423 [WARN] PackLoader:240 - Cannot read IP mode file for STMicroelectronics.X-CUBE-AZRTOS-L5.2.0.0
2024-06-02 15:38:30,471 [WARN] PackLoader:240 - Cannot read IP mode file for STMicroelectronics.X-CUBE-MEMS1.9.6.0
2024-06-02 15:38:30,599 [WARN] PackLoader:240 - Cannot read IP mode file for STMicroelectronics.X-CUBE-EEPRMA1.4.2.0
2024-06-02 15:38:30,607 [WARN] PackLoader:240 - Cannot read IP mode file for STMicroelectronics.X-CUBE-NFC6.3.1.0
2024-06-02 15:38:30,615 [WARN] PackLoader:240 - Cannot read IP mode file for ITTIA_DB.I-CUBE-ITTIADB.8.8.0
2024-06-02 15:38:30,622 [WARN] PackLoader:240 - Cannot read IP mode file for STMicroelectronics.X-CUBE-BLEMGR.2.0.0
2024-06-02 15:38:30,628 [WARN] PackLoader:240 - Cannot read IP mode file for STMicroelectronics.X-CUBE-AI.9.0.0
2024-06-02 15:38:30,641 [WARN] ConditionMgr:438 - getConditionDescription Invalid condition id : UX DEVICE CLASS RTOS Condition cause : null
2024-06-02 15:38:30,641 [WARN] ConditionMgr:438 - getConditionDescription Invalid condition id : UX DEVICE CLASS RTOS Condition cause : null
2024-06-02 15:38:30,645 [WARN] PackLoader:240 - Cannot read IP mode file for STMicroelectronics.X-CUBE-AZRTOS-H7.3.1.0
2024-06-02 15:38:30,647 [WARN] ConditionMgr:1039 - genDependencies : Invalid condition id : UX DEVICE CLASS RTOS Condition cause : null
2024-06-02 15:38:30,647 [WARN] ConditionMgr:1039 - genDependencies : Invalid condition id : UX DEVICE CLASS RTOS Condition cause : null
2024-06-02 15:38:30,648 [WARN] ConditionMgr:1039 - genDependencies : Invalid condition id : UX DEVICE CLASS RTOS Condition cause : null
2024-06-02 15:38:30,649 [WARN] ConditionMgr:1039 - genDependencies : Invalid condition id : UX DEVICE CLASS RTOS Condition cause : null
2024-06-02 15:38:30,649 [WARN] ConditionMgr:1039 - genDependencies : Invalid condition id : UX DEVICE CLASS RTOS Condition cause : null
2024-06-02 15:38:30,653 [WARN] PackLoader:240 - Cannot read IP mode file for STMicroelectronics.X-CUBE-NFC7.1.0.1
2024-06-02 15:38:30,658 [WARN] PackLoader:240 - Cannot read IP mode file for STMicroelectronics.X-CUBE-NFC6.3.0.0
2024-06-02 15:38:30,664 [WARN] PackLoader:240 - Cannot read IP mode file for STMicroelectronics.X-CUBE-EEPRMA1.4.1.0
2024-06-02 15:38:30,668 [WARN] PackLoader:240 - Cannot read IP mode file for STMicroelectronics.X-CUBE-AI.8.1.0
2024-06-02 15:38:30,679 [WARN] ConditionMgr:438 - getConditionDescription Invalid condition id : LAN8742 Phy interface Condition cause : null
2024-06-02 15:38:30,680 [WARN] PackLoader:240 - Cannot read IP mode file for STMicroelectronics.X-CUBE-AZRTOS-L4.2.0.0
2024-06-02 15:38:30,681 [WARN] ConditionMgr:1039 - genDependencies : Invalid condition id : LAN8742 Phy interface Condition cause : null
2024-06-02 15:38:30,681 [WARN] ConditionMgr:1039 - genDependencies : Invalid condition id : LAN8742 Phy interface Condition cause : null
2024-06-02 15:38:30,681 [WARN] ConditionMgr:1039 - genDependencies : Invalid condition id : LAN8742 Phy interface Condition cause : null
2024-06-02 15:38:30,703 [WARN] PackLoader:240 - Cannot read IP mode file for STMicroelectronics.X-CUBE-SFXS2LP1.4.0.0
2024-06-02 15:38:30,709 [WARN] PackLoader:240 - Cannot read IP mode file for STMicroelectronics.X-CUBE-ISPU.1.1.0
2024-06-02 15:38:30,724 [WARN] ConditionMgr:438 - getConditionDescription Invalid condition id : UX DEVICE CLASS RTOS Condition cause : null
2024-06-02 15:38:30,725 [WARN] ConditionMgr:438 - getConditionDescription Invalid condition id : UX DEVICE CLASS RTOS Condition cause : null
2024-06-02 15:38:30,727 [WARN] PackLoader:240 - Cannot read IP mode file for STMicroelectronics.X-CUBE-AZRTOS-WB.2.0.0
2024-06-02 15:38:30,728 [WARN] ConditionMgr:1039 - genDependencies : Invalid condition id : UX DEVICE CLASS RTOS Condition cause : null
2024-06-02 15:38:30,728 [WARN] ConditionMgr:1039 - genDependencies : Invalid condition id : UX DEVICE CLASS RTOS Condition cause : null
2024-06-02 15:38:30,729 [WARN] ConditionMgr:1039 - genDependencies : Invalid condition id : UX DEVICE CLASS RTOS Condition cause : null
2024-06-02 15:38:30,729 [WARN] ConditionMgr:1039 - genDependencies : Invalid condition id : UX DEVICE CLASS RTOS Condition cause : null
2024-06-02 15:38:30,729 [WARN] ConditionMgr:1039 - genDependencies : Invalid condition id : UX DEVICE CLASS RTOS Condition cause : null
2024-06-02 15:38:30,743 [WARN] PackLoader:240 - Cannot read IP mode file for STMicroelectronics.X-CUBE-SUBG2.5.0.0
2024-06-02 15:38:30,759 [WARN] PackLoader:240 - Cannot read IP mode file for STMicroelectronics.X-CUBE-TOF1.3.3.1
2024-06-02 15:38:30,785 [WARN] PackLoader:240 - Cannot read IP mode file for STMicroelectronics.X-CUBE-AZRTOS-G4.2.0.0
2024-06-02 15:38:30,803 [WARN] PackLoader:240 - Cannot read IP mode file for Infineon.AIROC-Wi-Fi-Bluetooth-STM32.1.5.1
2024-06-02 15:38:30,820 [WARN] PackLoader:240 - Cannot read IP mode file for STMicroelectronics.FP-SNS-MOTENVWB1.1.3.0
2024-06-02 15:38:30,826 [WARN] PackLoader:240 - Cannot read IP mode file for STMicroelectronics.FP-SNS-MOTENVWB1.1.3.1
2024-06-02 15:38:30,834 [WARN] PackLoader:240 - Cannot read IP mode file for STMicroelectronics.X-CUBE-ISPU.2.0.0
2024-06-02 15:38:30,839 [WARN] PackLoader:240 - Cannot read IP mode file for STMicroelectronics.X-CUBE-ALS.1.0.2
2024-06-02 15:38:30,887 [WARN] PackLoader:240 - Cannot read IP mode file for STMicroelectronics.X-CUBE-MEMS1.10.0.0
2024-06-02 15:38:31,024 [WARN] PackLoader:240 - Cannot read IP mode file for STMicroelectronics.X-CUBE-FREERTOS.1.1.0
2024-06-02 15:38:31,031 [WARN] PackLoader:240 - Cannot read IP mode file for portGmbH.I-Cube-SoM-uGOAL.1.1.0
2024-06-02 15:38:31,035 [WARN] PackLoader:240 - Cannot read IP mode file for STMicroelectronics.X-CUBE-ALS.1.0.1
2024-06-02 15:38:31,054 [WARN] PackLoader:240 - Cannot read IP mode file for STMicroelectronics.X-CUBE-AZRTOS-H7RS.1.0.0
2024-06-02 15:38:31,062 [WARN] PackLoader:240 - Cannot read IP mode file for STMicroelectronics.FP-ATR-ASTRA1.2.0.0
2024-06-02 15:38:31,075 [WARN] PackLoader:240 - Cannot read IP mode file for STMicroelectronics.X-CUBE-TOF1.3.4.0
2024-06-02 15:38:31,098 [WARN] PackLoader:240 - Cannot read IP mode file for STMicroelectronics.X-CUBE-TOF1.3.4.1
2024-06-02 15:38:31,137 [WARN] PackLoader:240 - Cannot read IP mode file for STMicroelectronics.X-CUBE-AZRTOS-H7.3.2.0
2024-06-02 15:38:31,142 [INFO] ThirdParty:978 - Integrity check success = true
2024-06-02 15:38:31,142 [INFO] IntegrityCheckThread:100 - exiting critical section [integrity check]
2024-06-02 15:38:31,142 [INFO] IntegrityCheckThread:103 - End integrity checks thread
2024-06-02 15:38:31,355 [INFO] WebApp:161 - Instantiating new browser for Auth
2024-06-02 15:38:31,901 [INFO] WebApp:780 - Register for checkConnection events
2024-06-02 15:38:31,901 [INFO] WebApp:414 - Apply proxy settings
2024-06-02 15:38:31,901 [INFO] WebApp:499 - Chromium requires no authentication
2024-06-02 15:38:31,906 [INFO] WebApp:442 - Direct internet connection detected
2024-06-02 15:38:31,994 [INFO] WebApp:192 - Starting web application
2024-06-02 15:38:31,995 [INFO] WebApp:544 - Web application path used /opt/st/stm32cubeide_1.14.0/plugins/com.st.stm32cube.common.mx_6.10.0.202311202037/db/plugins/mcufinder/reactClient1/index.html
2024-06-02 15:38:52,322 [ERROR] LogOutputStream:75 - [STDERR_REDIRECT] SLF4J: Failed to load class "org.slf4j.impl.StaticLoggerBinder".
2024-06-02 15:38:52,323 [ERROR] LogOutputStream:75 - [STDERR_REDIRECT] SLF4J: Defaulting to no-operation (NOP) logger implementation
2024-06-02 15:38:52,323 [ERROR] LogOutputStream:75 - [STDERR_REDIRECT] SLF4J: See http://www.slf4j.org/codes.html#StaticLoggerBinder for further details.
2024-06-02 18:12:20,059 [ERROR] LogOutputStream:75 - [STDERR_REDIRECT] 
