2024-03-07 00:20:02,758 [ERROR] LogOutputStream:75 - [STDERR_REDIRECT] 
2024-03-07 19:53:39,022 [INFO] Activator:176 - 


2024-03-07 19:53:39,023 [INFO] Activator:177 - !SESSION log4j initialized
2024-03-07 19:53:45,355 [INFO] LogOutputStream:77 - [STDOUT_REDIRECT] 
2024-03-07 19:53:47,081 [INFO] ApplicationProperties:184 - Using Application install path: /opt/st/stm32cubeide_1.14.0/plugins/com.st.stm32cube.common.mx_6.10.0.202311202037
2024-03-07 19:53:47,107 [INFO] DbMcusXml:78 - Set database path to: /opt/st/stm32cubeide_1.14.0/plugins/com.st.stm32cube.common.mx_6.10.0.202311202037//db//mcu/
2024-03-07 19:53:47,108 [INFO] ApiDb:274 - Set plugin database path to: /opt/st/stm32cubeide_1.14.0/plugins/com.st.stm32cube.common.mx_6.10.0.202311202037//db//plugins/boardmanager/
2024-03-07 19:53:47,108 [WARN] ApiDb:259 - Overriding images path with different value:  => /opt/st/stm32cubeide_1.14.0/plugins/com.st.stm32cube.common.mx_6.10.0.202311202037//db//plugins/mcufinder/images/
2024-03-07 19:53:47,120 [INFO] ApiDb:250 - Set database path to: /home/fede/.stmcufinder/plugins/mcufinder//mcu/
2024-03-07 19:53:47,122 [INFO] DbMcusAds:125 - Set database path to: /home/fede/.stmcufinder/plugins/mcufinder//mcu/
2024-03-07 19:53:47,126 [INFO] CrossReferenceDbSqlite:203 - Set database path to: /home/fede/.stmcufinder/plugins/mcufinder//mcu/cs/
2024-03-07 19:53:47,310 [INFO] RulesReader:64 - Compatibility file has been processed (297 Rules)
2024-03-07 19:53:47,426 [INFO] DbMcusXml:78 - Set database path to: /opt/st/stm32cubeide_1.14.0/plugins/com.st.stm32cube.common.mx_6.10.0.202311202037//db//mcu/
2024-03-07 19:53:47,426 [INFO] ApiDb:274 - Set plugin database path to: /opt/st/stm32cubeide_1.14.0/plugins/com.st.stm32cube.common.mx_6.10.0.202311202037//db//plugins/boardmanager/
2024-03-07 19:53:47,427 [INFO] ApiDb:261 - Set plugin images path to: /opt/st/stm32cubeide_1.14.0/plugins/com.st.stm32cube.common.mx_6.10.0.202311202037//db//plugins/mcufinder/images/
2024-03-07 19:53:47,427 [WARN] DbFile:41 - Overriding database path with different value: /home/fede/.stmcufinder/plugins/mcufinder/ => /home/fede/.stmcufinder/plugins/mcufinder
2024-03-07 19:53:47,427 [INFO] ApiDb:250 - Set database path to: /home/fede/.stmcufinder/plugins/mcufinder//mcu/
2024-03-07 19:53:47,427 [WARN] DbFile:41 - Overriding database path with different value: /home/fede/.stmcufinder/plugins/mcufinder/ => /home/fede/.stmcufinder/plugins/mcufinder
2024-03-07 19:53:47,427 [INFO] DbMcusAds:125 - Set database path to: /home/fede/.stmcufinder/plugins/mcufinder//mcu/
2024-03-07 19:53:47,427 [WARN] DbFile:41 - Overriding database path with different value: /home/fede/.stmcufinder/plugins/mcufinder/ => /home/fede/.stmcufinder/plugins/mcufinder
2024-03-07 19:53:47,428 [WARN] DbFile:41 - Overriding database path with different value: /home/fede/.stmcufinder/plugins/mcufinder/ => /home/fede/.stmcufinder/plugins/mcufinder
2024-03-07 19:53:47,428 [INFO] CrossReferenceDbSqlite:203 - Set database path to: /home/fede/.stmcufinder/plugins/mcufinder//mcu/cs/
2024-03-07 19:53:47,534 [INFO] MainPanel:264 - HeapMemory: 268435456
2024-03-07 19:53:47,655 [INFO] DbMcusXml:78 - Set database path to: /opt/st/stm32cubeide_1.14.0/plugins/com.st.stm32cube.common.mx_6.10.0.202311202037//db//mcu/
2024-03-07 19:53:47,655 [INFO] ApiDb:274 - Set plugin database path to: /opt/st/stm32cubeide_1.14.0/plugins/com.st.stm32cube.common.mx_6.10.0.202311202037//db//plugins/boardmanager/
2024-03-07 19:53:47,655 [INFO] ApiDb:261 - Set plugin images path to: /opt/st/stm32cubeide_1.14.0/plugins/com.st.stm32cube.common.mx_6.10.0.202311202037//db//plugins/mcufinder/images/
2024-03-07 19:53:47,656 [WARN] DbFile:41 - Overriding database path with different value: /home/fede/.stmcufinder/plugins/mcufinder/ => /home/fede/.stmcufinder/plugins/mcufinder
2024-03-07 19:53:47,657 [INFO] ApiDb:250 - Set database path to: /home/fede/.stmcufinder/plugins/mcufinder//mcu/
2024-03-07 19:53:47,657 [WARN] DbFile:41 - Overriding database path with different value: /home/fede/.stmcufinder/plugins/mcufinder/ => /home/fede/.stmcufinder/plugins/mcufinder
2024-03-07 19:53:47,657 [INFO] DbMcusAds:125 - Set database path to: /home/fede/.stmcufinder/plugins/mcufinder//mcu/
2024-03-07 19:53:47,657 [WARN] DbFile:41 - Overriding database path with different value: /home/fede/.stmcufinder/plugins/mcufinder/ => /home/fede/.stmcufinder/plugins/mcufinder
2024-03-07 19:53:47,657 [WARN] DbFile:41 - Overriding database path with different value: /home/fede/.stmcufinder/plugins/mcufinder/ => /home/fede/.stmcufinder/plugins/mcufinder
2024-03-07 19:53:47,657 [INFO] CrossReferenceDbSqlite:203 - Set database path to: /home/fede/.stmcufinder/plugins/mcufinder//mcu/cs/
2024-03-07 19:53:47,683 [INFO] ApplicationProperties:184 - Using Application install path: /opt/st/stm32cubeide_1.14.0/plugins/com.st.stm32cube.common.mx_6.10.0.202311202037
2024-03-07 19:53:47,686 [INFO] PluginManage:196 - Search for loadable plugins [exclusion list=, ]
2024-03-07 19:53:47,688 [INFO] PluginManage:310 - Check plugin analytics
2024-03-07 19:53:47,926 [INFO] AnalyticsPlugin:253 - Accepted Software Licenses: 
2024-03-07 19:53:47,926 [INFO] AnalyticsPlugin:255 - Accepted CMSIS Pack Licenses: STMicroelectronics.X-CUBE-ALGOBUILD.1.3.0,ARM.CMSIS-DSP.1.15.0
2024-03-07 19:53:47,927 [INFO] AnalyticsPlugin:257 - Accepted Firmware Licenses: FW.F7.1.17.0
2024-03-07 19:53:47,931 [INFO] PluginManage:359 - Loaded plugin analytics (category:tool,tabindex:-1)
2024-03-07 19:53:47,931 [INFO] PluginManage:310 - Check plugin cadmodel
2024-03-07 19:53:48,204 [INFO] CADModel:105 - Init CAD model plugin
2024-03-07 19:53:48,205 [INFO] PluginManage:359 - Loaded plugin cadmodel (category:power,tabindex:5)
2024-03-07 19:53:48,205 [INFO] PluginManage:310 - Check plugin clock
2024-03-07 19:53:48,216 [INFO] PluginManage:359 - Loaded plugin clock (category:base,tabindex:2)
2024-03-07 19:53:48,216 [INFO] PluginManage:310 - Check plugin ddr
2024-03-07 19:53:48,220 [INFO] PluginManage:359 - Loaded plugin ddr (category:tool,tabindex:6)
2024-03-07 19:53:48,220 [INFO] PluginManage:310 - Check plugin filemanager
2024-03-07 19:53:48,421 [INFO] PluginManage:359 - Loaded plugin filemanager (category:base,tabindex:10)
2024-03-07 19:53:48,421 [INFO] PluginManage:310 - Check plugin ipmanager
2024-03-07 19:53:48,429 [INFO] PluginManage:359 - Loaded plugin ipmanager (category:base,tabindex:5)
2024-03-07 19:53:48,430 [INFO] PluginManage:310 - Check plugin lpbam
2024-03-07 19:53:48,442 [INFO] PluginManage:359 - Loaded plugin lpbam (category:base,tabindex:0)
2024-03-07 19:53:48,442 [INFO] PluginManage:310 - Check plugin memorymap
2024-03-07 19:53:48,461 [INFO] PluginManage:359 - Loaded plugin memorymap (category:base,tabindex:4)
2024-03-07 19:53:48,461 [INFO] PluginManage:310 - Check plugin pinoutandconfiguration
2024-03-07 19:53:48,471 [INFO] PluginManage:359 - Loaded plugin pinoutandconfiguration (category:base,tabindex:1)
2024-03-07 19:53:48,472 [INFO] PluginManage:310 - Check plugin pinoutconfig
2024-03-07 19:53:48,599 [WARN] SupportedApi:132 - Cannot load RTOS API schema: s4s-elt-must-match.1: The content of 'definitions' must match (annotation?, (simpleType | complexType)?, (unique | key | keyref)*)). A problem was found starting at: attribute.
2024-03-07 19:53:48,783 [INFO] PluginManage:359 - Loaded plugin pinoutconfig (category:base,tabindex:0)
2024-03-07 19:53:48,783 [INFO] PluginManage:310 - Check plugin power
2024-03-07 19:53:48,801 [INFO] PluginManage:359 - Loaded plugin power (category:power,tabindex:4)
2024-03-07 19:53:48,802 [INFO] PluginManage:310 - Check plugin projectmanager
2024-03-07 19:53:48,833 [INFO] PluginManage:359 - Loaded plugin projectmanager (category:projectmanager,tabindex:3)
2024-03-07 19:53:48,833 [INFO] PluginManage:310 - Check plugin thirdparty
2024-03-07 19:53:49,106 [INFO] PluginManage:359 - Loaded plugin thirdparty (category:base,tabindex:-1)
2024-03-07 19:53:49,106 [WARN] IntegrityCheckThread:84 - waiting for thirdparty lock release [integrity check]
2024-03-07 19:53:49,106 [INFO] IntegrityCheckThread:86 - entering critical section [integrity check]
2024-03-07 19:53:49,106 [INFO] PluginManage:310 - Check plugin tools
2024-03-07 19:53:49,107 [INFO] ThirdPartyUpdaterWithRetryManager:70 - Updater plugin not ready yet. [1/15]
2024-03-07 19:53:49,111 [INFO] PluginManage:359 - Loaded plugin tools (category:base,tabindex:7)
2024-03-07 19:53:49,111 [INFO] PluginManage:310 - Check plugin tutovideos
2024-03-07 19:53:49,711 [INFO] PluginManage:359 - Loaded plugin tutovideos (category:base,tabindex:-1)
2024-03-07 19:53:49,712 [INFO] PluginManage:310 - Check plugin updater
2024-03-07 19:53:49,762 [INFO] PluginManage:359 - Loaded plugin updater (category:base,tabindex:12)
2024-03-07 19:53:49,762 [INFO] PluginManage:310 - Check plugin userauth
2024-03-07 19:53:49,818 [INFO] UserAuth:114 - Init User Auth plugin
2024-03-07 19:53:49,819 [INFO] PluginManage:359 - Loaded plugin userauth (category:base,tabindex:14)
2024-03-07 19:53:49,822 [INFO] PluginManage:283 - PluginManage : Loaded plugins [17]
2024-03-07 19:53:50,540 [INFO] PinOutPanel:1499 - setPackage(No Configuration,No Configuration)
2024-03-07 19:53:50,671 [INFO] CADModel:165 - CPN selected for project level
2024-03-07 19:53:50,671 [INFO] CADModel:114 - Register for checkConnection events
2024-03-07 19:53:50,694 [INFO] IPUIPlugin:80 - create IPUIPlugin
2024-03-07 19:53:50,694 [INFO] PluginManager:220 - loadIPPluginJar : add gfxmmu
2024-03-07 19:53:50,696 [INFO] IPUIPlugin:80 - create IPUIPlugin
2024-03-07 19:53:50,697 [INFO] PluginManager:220 - loadIPPluginJar : add comp
2024-03-07 19:53:50,701 [INFO] IPUIPlugin:80 - create IPUIPlugin
2024-03-07 19:53:50,701 [INFO] PluginManager:220 - loadIPPluginJar : add usbx
2024-03-07 19:53:50,714 [INFO] IPUIPlugin:80 - create IPUIPlugin
2024-03-07 19:53:50,714 [INFO] PluginManager:220 - loadIPPluginJar : add linkedlist
2024-03-07 19:53:50,724 [INFO] IPUIPlugin:80 - create IPUIPlugin
2024-03-07 19:53:50,725 [INFO] PluginManager:220 - loadIPPluginJar : add mdma
2024-03-07 19:53:50,729 [INFO] IPUIPlugin:80 - create IPUIPlugin
2024-03-07 19:53:50,730 [INFO] PluginManager:220 - loadIPPluginJar : add i3c
2024-03-07 19:53:50,733 [INFO] IPUIPlugin:80 - create IPUIPlugin
2024-03-07 19:53:50,733 [INFO] PluginManager:220 - loadIPPluginJar : add cryp
2024-03-07 19:53:50,735 [INFO] IPUIPlugin:80 - create IPUIPlugin
2024-03-07 19:53:50,735 [INFO] PluginManager:220 - loadIPPluginJar : add quadspi
2024-03-07 19:53:50,737 [INFO] IPUIPlugin:80 - create IPUIPlugin
2024-03-07 19:53:50,738 [INFO] PluginManager:220 - loadIPPluginJar : add tsc
2024-03-07 19:53:50,741 [INFO] IPUIPlugin:80 - create IPUIPlugin
2024-03-07 19:53:50,741 [INFO] PluginManager:220 - loadIPPluginJar : add hash
2024-03-07 19:53:50,745 [INFO] IPUIPlugin:80 - create IPUIPlugin
2024-03-07 19:53:50,745 [INFO] PluginManager:220 - loadIPPluginJar : add aes
2024-03-07 19:53:50,749 [INFO] IPUIPlugin:80 - create IPUIPlugin
2024-03-07 19:53:50,749 [INFO] PluginManager:220 - loadIPPluginJar : add i2c
2024-03-07 19:53:50,753 [INFO] IPUIPlugin:80 - create IPUIPlugin
2024-03-07 19:53:50,754 [INFO] PluginManager:220 - loadIPPluginJar : add gtzc
2024-03-07 19:53:50,769 [INFO] IPUIPlugin:80 - create IPUIPlugin
2024-03-07 19:53:50,770 [INFO] PluginManager:220 - loadIPPluginJar : add stm32_wpan
2024-03-07 19:53:50,786 [INFO] IPUIPlugin:80 - create IPUIPlugin
2024-03-07 19:53:50,798 [INFO] PluginManager:220 - loadIPPluginJar : add plateformsettings
2024-03-07 19:53:50,815 [INFO] IPUIPlugin:80 - create IPUIPlugin
2024-03-07 19:53:50,815 [INFO] PluginManager:220 - loadIPPluginJar : add adc
2024-03-07 19:53:50,823 [INFO] IPUIPlugin:80 - create IPUIPlugin
2024-03-07 19:53:50,824 [INFO] PluginManager:220 - loadIPPluginJar : add sai
2024-03-07 19:53:50,834 [INFO] IPUIPlugin:80 - create IPUIPlugin
2024-03-07 19:53:50,835 [INFO] PluginManager:220 - loadIPPluginJar : add gic
2024-03-07 19:53:50,840 [INFO] IPUIPlugin:80 - create IPUIPlugin
2024-03-07 19:53:50,841 [INFO] PluginManager:220 - loadIPPluginJar : add opamp
2024-03-07 19:53:50,845 [INFO] IPUIPlugin:80 - create IPUIPlugin
2024-03-07 19:53:50,846 [INFO] PluginManager:220 - loadIPPluginJar : add i2s
2024-03-07 19:53:50,852 [INFO] IPUIPlugin:80 - create IPUIPlugin
2024-03-07 19:53:50,852 [INFO] PluginManager:220 - loadIPPluginJar : add touchsensing
2024-03-07 19:53:50,869 [INFO] IPUIPlugin:80 - create IPUIPlugin
2024-03-07 19:53:50,870 [INFO] PluginManager:220 - loadIPPluginJar : add dma3
2024-03-07 19:53:50,879 [INFO] IPUIPlugin:80 - create IPUIPlugin
2024-03-07 19:53:50,879 [INFO] PluginManager:220 - loadIPPluginJar : add gpio
2024-03-07 19:53:50,884 [INFO] IPUIPlugin:80 - create IPUIPlugin
2024-03-07 19:53:50,884 [INFO] PluginManager:220 - loadIPPluginJar : add lorawan
2024-03-07 19:53:50,888 [INFO] IPUIPlugin:80 - create IPUIPlugin
2024-03-07 19:53:50,889 [INFO] PluginManager:220 - loadIPPluginJar : add tracer_emb
2024-03-07 19:53:50,895 [INFO] IPUIPlugin:80 - create IPUIPlugin
2024-03-07 19:53:50,896 [INFO] PluginManager:220 - loadIPPluginJar : add ipddr
2024-03-07 19:53:50,902 [INFO] IPUIPlugin:80 - create IPUIPlugin
2024-03-07 19:53:50,902 [INFO] PluginManager:220 - loadIPPluginJar : add resmgrutility
2024-03-07 19:53:50,911 [INFO] IPUIPlugin:80 - create IPUIPlugin
2024-03-07 19:53:50,911 [INFO] PluginManager:220 - loadIPPluginJar : add fmc
2024-03-07 19:53:50,915 [INFO] IPUIPlugin:80 - create IPUIPlugin
2024-03-07 19:53:50,915 [INFO] PluginManager:220 - loadIPPluginJar : add tim
2024-03-07 19:53:50,917 [INFO] IPUIPlugin:80 - create IPUIPlugin
2024-03-07 19:53:50,918 [INFO] PluginManager:220 - loadIPPluginJar : add ltdc
2024-03-07 19:53:50,920 [INFO] IPUIPlugin:80 - create IPUIPlugin
2024-03-07 19:53:50,921 [INFO] PluginManager:220 - loadIPPluginJar : add genericplugin
2024-03-07 19:53:50,933 [INFO] IPUIPlugin:80 - create IPUIPlugin
2024-03-07 19:53:50,933 [INFO] PluginManager:220 - loadIPPluginJar : add dma
2024-03-07 19:53:50,938 [INFO] IPUIPlugin:80 - create IPUIPlugin
2024-03-07 19:53:50,939 [INFO] PluginManager:220 - loadIPPluginJar : add usart
2024-03-07 19:53:50,944 [INFO] IPUIPlugin:80 - create IPUIPlugin
2024-03-07 19:53:50,945 [INFO] PluginManager:220 - loadIPPluginJar : add openamp
2024-03-07 19:53:50,948 [INFO] IPUIPlugin:80 - create IPUIPlugin
2024-03-07 19:53:50,948 [INFO] PluginManager:220 - loadIPPluginJar : add fatfs
2024-03-07 19:53:50,952 [INFO] IPUIPlugin:80 - create IPUIPlugin
2024-03-07 19:53:50,953 [INFO] PluginManager:220 - loadIPPluginJar : add spi
2024-03-07 19:53:50,957 [INFO] IPUIPlugin:80 - create IPUIPlugin
2024-03-07 19:53:50,957 [INFO] PluginManager:220 - loadIPPluginJar : add dfsdm
2024-03-07 19:53:50,962 [INFO] IPUIPlugin:80 - create IPUIPlugin
2024-03-07 19:53:50,963 [INFO] PluginManager:220 - loadIPPluginJar : add can
2024-03-07 19:53:50,970 [INFO] IPUIPlugin:80 - create IPUIPlugin
2024-03-07 19:53:50,970 [INFO] PluginManager:220 - loadIPPluginJar : add nvic
2024-03-07 19:53:50,981 [INFO] IPUIPlugin:80 - create IPUIPlugin
2024-03-07 19:53:50,982 [INFO] PluginManager:220 - loadIPPluginJar : add freertos
2024-03-07 19:53:50,986 [INFO] IPUIPlugin:80 - create IPUIPlugin
2024-03-07 19:53:50,986 [INFO] PluginManager:220 - loadIPPluginJar : add pdm2pcm
2024-03-07 19:53:50,989 [INFO] IPUIPlugin:80 - create IPUIPlugin
2024-03-07 19:53:50,989 [INFO] PluginManager:220 - loadIPPluginJar : add ts
2024-03-07 19:53:50,992 [INFO] IPUIPlugin:80 - create IPUIPlugin
2024-03-07 19:53:50,992 [INFO] PluginManager:220 - loadIPPluginJar : add ucpd
2024-03-07 19:53:51,127 [INFO] CADModel:165 - CPN selected for project level
2024-03-07 19:53:51,127 [INFO] CADModel:114 - Register for checkConnection events
2024-03-07 19:53:51,128 [FATAL] Updater:308 - Updater called before beeing initialized
2024-03-07 19:53:51,128 [ERROR] CADModel:125 - Updater not yet initialized, retry later 
2024-03-07 19:53:51,351 [INFO] CADModel:165 - CPN selected for project level
2024-03-07 19:53:51,351 [INFO] CADModel:114 - Register for checkConnection events
2024-03-07 19:53:51,351 [FATAL] Updater:308 - Updater called before beeing initialized
2024-03-07 19:53:51,351 [ERROR] CADModel:125 - Updater not yet initialized, retry later 
2024-03-07 19:53:51,356 [FATAL] Updater:308 - Updater called before beeing initialized
2024-03-07 19:53:51,543 [FATAL] Updater:308 - Updater called before beeing initialized
2024-03-07 19:53:51,554 [INFO] DbMcusAds:53 - JSON generation date=Wed Nov 29 07:52:27 ART 2023 (1701255147349)
2024-03-07 19:53:51,555 [FATAL] Updater:308 - Updater called before beeing initialized
2024-03-07 19:53:51,653 [WARN] DetailPanel:346 - Failed to get advertising image, set to default
2024-03-07 19:53:51,892 [FATAL] Updater:308 - Updater called before beeing initialized
2024-03-07 19:53:51,894 [FATAL] Updater:308 - Updater called before beeing initialized
2024-03-07 19:53:51,894 [FATAL] Updater:308 - Updater called before beeing initialized
2024-03-07 19:53:51,895 [WARN] DetailPanel:346 - Failed to get advertising image, set to default
2024-03-07 19:53:51,896 [FATAL] Updater:308 - Updater called before beeing initialized
2024-03-07 19:53:51,944 [ERROR] Updater:1120 - MainUpdater not yet initialized. External WinMGr cannot be set.
2024-03-07 19:53:51,947 [INFO] Updater:1056 - Updater Version found : 6.10.0
2024-03-07 19:53:51,975 [INFO] ApplicationProperties:184 - Using Application install path: /opt/st/stm32cubeide_1.14.0/plugins/com.st.stm32cube.common.mx_6.10.0.202311202037
2024-03-07 19:53:52,108 [INFO] ThirdPartyUpdaterWithRetryManager:70 - Updater plugin not ready yet. [2/15]
2024-03-07 19:53:52,734 [INFO] MainUpdater:2873 - connection check result : 10
2024-03-07 19:53:52,735 [INFO] MainUpdater:290 - Updater Check For Update Now.
2024-03-07 19:53:52,735 [INFO] MicroXplorer:498 - Change Database Version : DB.6.0.100
2024-03-07 19:53:52,740 [INFO] McuFinderGlobals:63 - Set McuFinder mode to 2 (CubeIDE integrated)
2024-03-07 19:53:52,940 [INFO] CheckServerUpdateThread:120 - End of CheckServer Thread
2024-03-07 19:53:53,992 [INFO] UserAuth:404 - Internet connection configuration mode: 1
2024-03-07 19:53:54,003 [INFO] JxBrowserEngine:152 - Initiate JxBrowser Engine with user profile folder
2024-03-07 19:53:54,945 [INFO] WebApp:161 - Instantiating new browser for Auth
2024-03-07 19:53:55,286 [WARN] PackLoader:240 - Cannot read IP mode file for STMicroelectronics.X-CUBE-SMBUS.2.1.0
2024-03-07 19:53:55,298 [WARN] PackLoader:240 - Cannot read IP mode file for STMicroelectronics.X-CUBE-TOUCHGFX.4.23.0
2024-03-07 19:53:55,360 [WARN] PackLoader:240 - Cannot read IP mode file for STMicroelectronics.X-CUBE-AZRTOS-F7.1.1.0
2024-03-07 19:53:55,374 [WARN] PackLoader:240 - Cannot read IP mode file for STMicroelectronics.FP-SNS-MOTENV1.4.3.2
2024-03-07 19:53:55,384 [WARN] PackLoader:240 - Cannot read IP mode file for STMicroelectronics.FP-SNS-FLIGHT1.5.0.2
2024-03-07 19:53:55,396 [WARN] PackLoader:240 - Cannot read IP mode file for STMicroelectronics.X-CUBE-DISPLAY.3.0.0
2024-03-07 19:53:55,422 [WARN] PackLoader:240 - Cannot read IP mode file for STMicroelectronics.X-CUBE-BLE1.7.0.0
2024-03-07 19:53:55,432 [WARN] PackLoader:240 - Cannot read IP mode file for emotas.I-CUBE-CANOPEN.1.3.0
2024-03-07 19:53:55,436 [WARN] PackLoader:240 - Cannot read IP mode file for STMicroelectronics.X-CUBE-TOUCHGFX.4.22.0
2024-03-07 19:53:55,440 [WARN] PackLoader:240 - Cannot read IP mode file for STMicroelectronics.X-CUBE-TOUCHGFX.4.22.1
2024-03-07 19:53:55,460 [WARN] PackLoader:240 - Cannot read IP mode file for STMicroelectronics.X-CUBE-BLEMGR.3.1.0
2024-03-07 19:53:55,472 [WARN] PackLoader:240 - Cannot read IP mode file for STMicroelectronics.FP-SNS-SMARTAG2.1.2.0
2024-03-07 19:53:55,503 [INFO] LogOutputStream:77 - [STDOUT_REDIRECT] 1 : Invalid condition id : UX_CORESTACK_Condition cause : null
2024-03-07 19:53:55,504 [INFO] LogOutputStream:77 - [STDOUT_REDIRECT] 1 : Invalid condition id : UX_CORESTACK_Condition cause : null
2024-03-07 19:53:55,504 [INFO] LogOutputStream:77 - [STDOUT_REDIRECT] 1 : Invalid condition id : UX_CORESTACK_Condition cause : null
2024-03-07 19:53:55,505 [INFO] LogOutputStream:77 - [STDOUT_REDIRECT] 1 : Invalid condition id : UX_CORESTACK_Condition cause : null
2024-03-07 19:53:55,505 [INFO] LogOutputStream:77 - [STDOUT_REDIRECT] 1 : Invalid condition id : UX_CORESTACK_Condition cause : null
2024-03-07 19:53:55,515 [WARN] PackLoader:240 - Cannot read IP mode file for STMicroelectronics.X-CUBE-AZRTOS-WL.2.0.0
2024-03-07 19:53:55,532 [WARN] PackLoader:240 - Cannot read IP mode file for WES.I-CUBE-Cesium.1.3.0
2024-03-07 19:53:55,538 [WARN] PackLoader:240 - Cannot read IP mode file for STMicroelectronics.X-CUBE-BLE2.3.3.0
2024-03-07 19:53:55,550 [WARN] PackLoader:240 - Cannot read IP mode file for STMicroelectronics.X-CUBE-ALGOBUILD.1.3.0
2024-03-07 19:53:55,701 [WARN] PackLoader:240 - Cannot read IP mode file for STMicroelectronics.X-CUBE-AZRTOS-G0.1.1.0
2024-03-07 19:53:55,712 [WARN] PackLoader:240 - Cannot read IP mode file for STMicroelectronics.X-CUBE-NFC4.3.0.0
2024-03-07 19:53:55,726 [WARN] PackLoader:240 - Cannot read IP mode file for STMicroelectronics.X-CUBE-BLEMGR.3.0.0
2024-03-07 19:53:55,734 [WARN] PackLoader:240 - Cannot read IP mode file for STMicroelectronics.FP-ATR-SIGFOX1.3.2.0
2024-03-07 19:53:55,742 [WARN] PackLoader:240 - Cannot read IP mode file for STMicroelectronics.X-CUBE-EEPRMA1.5.1.0
2024-03-07 19:53:55,845 [WARN] PackLoader:240 - Cannot read IP mode file for SEGGER.I-CUBE-embOS.1.3.1
2024-03-07 19:53:55,972 [WARN] PackLoader:240 - Cannot read IP mode file for STMicroelectronics.X-CUBE-GNSS1.6.0.0
2024-03-07 19:53:56,000 [INFO] WebApp:780 - Register for checkConnection events
2024-03-07 19:53:56,000 [INFO] WebApp:414 - Apply proxy settings
2024-03-07 19:53:56,001 [INFO] WebApp:499 - Chromium requires no authentication
2024-03-07 19:53:56,047 [INFO] WebApp:442 - Direct internet connection detected
2024-03-07 19:53:56,067 [WARN] PackLoader:240 - Cannot read IP mode file for STMicroelectronics.X-CUBE-AZRTOS-F4.1.1.0
2024-03-07 19:53:56,083 [WARN] PackLoader:240 - Cannot read IP mode file for wolfSSL.I-CUBE-wolfSSL.5.6.3
2024-03-07 19:53:56,089 [WARN] PackLoader:240 - Cannot read IP mode file for wolfSSL.I-CUBE-wolfSSL.5.6.6
2024-03-07 19:53:56,129 [WARN] PackLoader:240 - Cannot read IP mode file for STMicroelectronics.X-CUBE-AZRTOS-L5.2.0.0
2024-03-07 19:53:56,244 [WARN] PackLoader:240 - Cannot read IP mode file for STMicroelectronics.X-CUBE-MEMS1.9.6.0
2024-03-07 19:53:56,355 [INFO] WebApp:192 - Starting web application
2024-03-07 19:53:56,356 [INFO] WebApp:544 - Web application path used /opt/st/stm32cubeide_1.14.0/plugins/com.st.stm32cube.common.mx_6.10.0.202311202037/db/plugins/mcufinder/reactClient1/index.html
2024-03-07 19:53:56,592 [WARN] PackLoader:240 - Cannot read IP mode file for STMicroelectronics.X-CUBE-EEPRMA1.4.2.0
2024-03-07 19:53:56,604 [WARN] PackLoader:240 - Cannot read IP mode file for ITTIA_DB.I-CUBE-ITTIADB.8.8.0
2024-03-07 19:53:56,623 [WARN] PackLoader:240 - Cannot read IP mode file for STMicroelectronics.X-CUBE-BLEMGR.2.0.0
2024-03-07 19:53:56,681 [WARN] ConditionMgr:438 - getConditionDescription Invalid condition id : UX DEVICE CLASS RTOS Condition cause : null
2024-03-07 19:53:56,681 [WARN] ConditionMgr:438 - getConditionDescription Invalid condition id : UX DEVICE CLASS RTOS Condition cause : null
2024-03-07 19:53:56,690 [WARN] PackLoader:240 - Cannot read IP mode file for STMicroelectronics.X-CUBE-AZRTOS-H7.3.1.0
2024-03-07 19:53:56,693 [WARN] ConditionMgr:1039 - genDependencies : Invalid condition id : UX DEVICE CLASS RTOS Condition cause : null
2024-03-07 19:53:56,694 [WARN] ConditionMgr:1039 - genDependencies : Invalid condition id : UX DEVICE CLASS RTOS Condition cause : null
2024-03-07 19:53:56,695 [WARN] ConditionMgr:1039 - genDependencies : Invalid condition id : UX DEVICE CLASS RTOS Condition cause : null
2024-03-07 19:53:56,696 [WARN] ConditionMgr:1039 - genDependencies : Invalid condition id : UX DEVICE CLASS RTOS Condition cause : null
2024-03-07 19:53:56,696 [WARN] ConditionMgr:1039 - genDependencies : Invalid condition id : UX DEVICE CLASS RTOS Condition cause : null
2024-03-07 19:53:56,710 [WARN] PackLoader:240 - Cannot read IP mode file for STMicroelectronics.X-CUBE-NFC7.1.0.1
2024-03-07 19:53:56,727 [WARN] PackLoader:240 - Cannot read IP mode file for STMicroelectronics.X-CUBE-NFC6.3.0.0
2024-03-07 19:53:56,741 [WARN] PackLoader:240 - Cannot read IP mode file for STMicroelectronics.X-CUBE-EEPRMA1.4.1.0
2024-03-07 19:53:56,750 [WARN] PackLoader:240 - Cannot read IP mode file for STMicroelectronics.X-CUBE-AI.8.1.0
2024-03-07 19:53:56,790 [WARN] ConditionMgr:438 - getConditionDescription Invalid condition id : LAN8742 Phy interface Condition cause : null
2024-03-07 19:53:56,791 [WARN] PackLoader:240 - Cannot read IP mode file for STMicroelectronics.X-CUBE-AZRTOS-L4.2.0.0
2024-03-07 19:53:56,795 [WARN] ConditionMgr:1039 - genDependencies : Invalid condition id : LAN8742 Phy interface Condition cause : null
2024-03-07 19:53:56,795 [WARN] ConditionMgr:1039 - genDependencies : Invalid condition id : LAN8742 Phy interface Condition cause : null
2024-03-07 19:53:56,796 [WARN] ConditionMgr:1039 - genDependencies : Invalid condition id : LAN8742 Phy interface Condition cause : null
2024-03-07 19:53:56,809 [WARN] PackLoader:240 - Cannot read IP mode file for STMicroelectronics.X-CUBE-SFXS2LP1.4.0.0
2024-03-07 19:53:56,817 [WARN] PackLoader:240 - Cannot read IP mode file for STMicroelectronics.X-CUBE-ISPU.1.1.0
2024-03-07 19:53:56,846 [WARN] ConditionMgr:438 - getConditionDescription Invalid condition id : UX DEVICE CLASS RTOS Condition cause : null
2024-03-07 19:53:56,846 [WARN] ConditionMgr:438 - getConditionDescription Invalid condition id : UX DEVICE CLASS RTOS Condition cause : null
2024-03-07 19:53:56,851 [WARN] PackLoader:240 - Cannot read IP mode file for STMicroelectronics.X-CUBE-AZRTOS-WB.2.0.0
2024-03-07 19:53:56,852 [WARN] ConditionMgr:1039 - genDependencies : Invalid condition id : UX DEVICE CLASS RTOS Condition cause : null
2024-03-07 19:53:56,853 [WARN] ConditionMgr:1039 - genDependencies : Invalid condition id : UX DEVICE CLASS RTOS Condition cause : null
2024-03-07 19:53:56,853 [WARN] ConditionMgr:1039 - genDependencies : Invalid condition id : UX DEVICE CLASS RTOS Condition cause : null
2024-03-07 19:53:56,854 [WARN] ConditionMgr:1039 - genDependencies : Invalid condition id : UX DEVICE CLASS RTOS Condition cause : null
2024-03-07 19:53:56,854 [WARN] ConditionMgr:1039 - genDependencies : Invalid condition id : UX DEVICE CLASS RTOS Condition cause : null
2024-03-07 19:53:56,875 [WARN] PackLoader:240 - Cannot read IP mode file for STMicroelectronics.X-CUBE-SUBG2.5.0.0
2024-03-07 19:53:56,905 [WARN] PackLoader:240 - Cannot read IP mode file for STMicroelectronics.X-CUBE-TOF1.3.3.1
2024-03-07 19:53:56,957 [WARN] PackLoader:240 - Cannot read IP mode file for STMicroelectronics.X-CUBE-AZRTOS-G4.2.0.0
2024-03-07 19:53:56,984 [WARN] PackLoader:240 - Cannot read IP mode file for Infineon.AIROC-Wi-Fi-Bluetooth-STM32.1.5.1
2024-03-07 19:53:56,996 [WARN] PackLoader:240 - Cannot read IP mode file for STMicroelectronics.FP-SNS-MOTENVWB1.1.3.0
2024-03-07 19:53:57,001 [WARN] PackLoader:240 - Cannot read IP mode file for STMicroelectronics.FP-SNS-MOTENVWB1.1.3.1
2024-03-07 19:53:57,007 [WARN] PackLoader:240 - Cannot read IP mode file for STMicroelectronics.X-CUBE-ISPU.2.0.0
2024-03-07 19:53:57,092 [WARN] PackLoader:240 - Cannot read IP mode file for STMicroelectronics.X-CUBE-MEMS1.10.0.0
2024-03-07 19:53:57,379 [WARN] PackLoader:240 - Cannot read IP mode file for STMicroelectronics.X-CUBE-FREERTOS.1.1.0
2024-03-07 19:53:57,387 [WARN] PackLoader:240 - Cannot read IP mode file for portGmbH.I-Cube-SoM-uGOAL.1.1.0
2024-03-07 19:53:57,392 [WARN] PackLoader:240 - Cannot read IP mode file for STMicroelectronics.X-CUBE-ALS.1.0.1
2024-03-07 19:53:57,398 [WARN] PackLoader:240 - Cannot read IP mode file for STMicroelectronics.FP-ATR-ASTRA1.2.0.0
2024-03-07 19:53:57,417 [WARN] PackLoader:240 - Cannot read IP mode file for STMicroelectronics.X-CUBE-TOF1.3.4.0
2024-03-07 19:53:57,479 [WARN] PackLoader:240 - Cannot read IP mode file for STMicroelectronics.X-CUBE-AZRTOS-H7.3.2.0
2024-03-07 19:53:57,485 [INFO] ThirdParty:978 - Integrity check success = true
2024-03-07 19:53:57,486 [INFO] IntegrityCheckThread:100 - exiting critical section [integrity check]
2024-03-07 19:53:57,486 [INFO] IntegrityCheckThread:103 - End integrity checks thread
2024-03-07 19:54:17,112 [ERROR] LogOutputStream:75 - [STDERR_REDIRECT] SLF4J: Failed to load class "org.slf4j.impl.StaticLoggerBinder".
2024-03-07 19:54:17,113 [ERROR] LogOutputStream:75 - [STDERR_REDIRECT] SLF4J: Defaulting to no-operation (NOP) logger implementation
2024-03-07 19:54:17,114 [ERROR] LogOutputStream:75 - [STDERR_REDIRECT] SLF4J: See http://www.slf4j.org/codes.html#StaticLoggerBinder for further details.
2024-03-07 22:38:28,313 [INFO] Activator:176 - 


2024-03-07 22:38:28,315 [INFO] Activator:177 - !SESSION log4j initialized
2024-03-07 22:38:32,343 [INFO] LogOutputStream:77 - [STDOUT_REDIRECT] 
2024-03-07 22:38:33,571 [INFO] ApplicationProperties:184 - Using Application install path: /opt/st/stm32cubeide_1.14.0/plugins/com.st.stm32cube.common.mx_6.10.0.202311202037
2024-03-07 22:38:33,584 [INFO] DbMcusXml:78 - Set database path to: /opt/st/stm32cubeide_1.14.0/plugins/com.st.stm32cube.common.mx_6.10.0.202311202037//db//mcu/
2024-03-07 22:38:33,584 [INFO] ApiDb:274 - Set plugin database path to: /opt/st/stm32cubeide_1.14.0/plugins/com.st.stm32cube.common.mx_6.10.0.202311202037//db//plugins/boardmanager/
2024-03-07 22:38:33,584 [WARN] ApiDb:259 - Overriding images path with different value:  => /opt/st/stm32cubeide_1.14.0/plugins/com.st.stm32cube.common.mx_6.10.0.202311202037//db//plugins/mcufinder/images/
2024-03-07 22:38:33,590 [INFO] ApiDb:250 - Set database path to: /home/fede/.stmcufinder/plugins/mcufinder//mcu/
2024-03-07 22:38:33,590 [INFO] DbMcusAds:125 - Set database path to: /home/fede/.stmcufinder/plugins/mcufinder//mcu/
2024-03-07 22:38:33,592 [INFO] CrossReferenceDbSqlite:203 - Set database path to: /home/fede/.stmcufinder/plugins/mcufinder//mcu/cs/
2024-03-07 22:38:33,678 [INFO] RulesReader:64 - Compatibility file has been processed (297 Rules)
2024-03-07 22:38:33,737 [INFO] DbMcusXml:78 - Set database path to: /opt/st/stm32cubeide_1.14.0/plugins/com.st.stm32cube.common.mx_6.10.0.202311202037//db//mcu/
2024-03-07 22:38:33,737 [INFO] ApiDb:274 - Set plugin database path to: /opt/st/stm32cubeide_1.14.0/plugins/com.st.stm32cube.common.mx_6.10.0.202311202037//db//plugins/boardmanager/
2024-03-07 22:38:33,738 [INFO] ApiDb:261 - Set plugin images path to: /opt/st/stm32cubeide_1.14.0/plugins/com.st.stm32cube.common.mx_6.10.0.202311202037//db//plugins/mcufinder/images/
2024-03-07 22:38:33,738 [WARN] DbFile:41 - Overriding database path with different value: /home/fede/.stmcufinder/plugins/mcufinder/ => /home/fede/.stmcufinder/plugins/mcufinder
2024-03-07 22:38:33,738 [INFO] ApiDb:250 - Set database path to: /home/fede/.stmcufinder/plugins/mcufinder//mcu/
2024-03-07 22:38:33,738 [WARN] DbFile:41 - Overriding database path with different value: /home/fede/.stmcufinder/plugins/mcufinder/ => /home/fede/.stmcufinder/plugins/mcufinder
2024-03-07 22:38:33,738 [INFO] DbMcusAds:125 - Set database path to: /home/fede/.stmcufinder/plugins/mcufinder//mcu/
2024-03-07 22:38:33,738 [WARN] DbFile:41 - Overriding database path with different value: /home/fede/.stmcufinder/plugins/mcufinder/ => /home/fede/.stmcufinder/plugins/mcufinder
2024-03-07 22:38:33,738 [WARN] DbFile:41 - Overriding database path with different value: /home/fede/.stmcufinder/plugins/mcufinder/ => /home/fede/.stmcufinder/plugins/mcufinder
2024-03-07 22:38:33,738 [INFO] CrossReferenceDbSqlite:203 - Set database path to: /home/fede/.stmcufinder/plugins/mcufinder//mcu/cs/
2024-03-07 22:38:33,802 [INFO] MainPanel:264 - HeapMemory: 268435456
2024-03-07 22:38:33,873 [INFO] DbMcusXml:78 - Set database path to: /opt/st/stm32cubeide_1.14.0/plugins/com.st.stm32cube.common.mx_6.10.0.202311202037//db//mcu/
2024-03-07 22:38:33,873 [INFO] ApiDb:274 - Set plugin database path to: /opt/st/stm32cubeide_1.14.0/plugins/com.st.stm32cube.common.mx_6.10.0.202311202037//db//plugins/boardmanager/
2024-03-07 22:38:33,873 [INFO] ApiDb:261 - Set plugin images path to: /opt/st/stm32cubeide_1.14.0/plugins/com.st.stm32cube.common.mx_6.10.0.202311202037//db//plugins/mcufinder/images/
2024-03-07 22:38:33,874 [WARN] DbFile:41 - Overriding database path with different value: /home/fede/.stmcufinder/plugins/mcufinder/ => /home/fede/.stmcufinder/plugins/mcufinder
2024-03-07 22:38:33,874 [INFO] ApiDb:250 - Set database path to: /home/fede/.stmcufinder/plugins/mcufinder//mcu/
2024-03-07 22:38:33,874 [WARN] DbFile:41 - Overriding database path with different value: /home/fede/.stmcufinder/plugins/mcufinder/ => /home/fede/.stmcufinder/plugins/mcufinder
2024-03-07 22:38:33,874 [INFO] DbMcusAds:125 - Set database path to: /home/fede/.stmcufinder/plugins/mcufinder//mcu/
2024-03-07 22:38:33,874 [WARN] DbFile:41 - Overriding database path with different value: /home/fede/.stmcufinder/plugins/mcufinder/ => /home/fede/.stmcufinder/plugins/mcufinder
2024-03-07 22:38:33,874 [WARN] DbFile:41 - Overriding database path with different value: /home/fede/.stmcufinder/plugins/mcufinder/ => /home/fede/.stmcufinder/plugins/mcufinder
2024-03-07 22:38:33,874 [INFO] CrossReferenceDbSqlite:203 - Set database path to: /home/fede/.stmcufinder/plugins/mcufinder//mcu/cs/
2024-03-07 22:38:33,888 [INFO] ApplicationProperties:184 - Using Application install path: /opt/st/stm32cubeide_1.14.0/plugins/com.st.stm32cube.common.mx_6.10.0.202311202037
2024-03-07 22:38:33,889 [INFO] PluginManage:196 - Search for loadable plugins [exclusion list=, ]
2024-03-07 22:38:33,890 [INFO] PluginManage:310 - Check plugin analytics
2024-03-07 22:38:33,996 [INFO] AnalyticsPlugin:253 - Accepted Software Licenses: 
2024-03-07 22:38:33,996 [INFO] AnalyticsPlugin:255 - Accepted CMSIS Pack Licenses: STMicroelectronics.X-CUBE-ALGOBUILD.1.3.0,ARM.CMSIS-DSP.1.15.0
2024-03-07 22:38:33,996 [INFO] AnalyticsPlugin:257 - Accepted Firmware Licenses: FW.F7.1.17.0
2024-03-07 22:38:33,999 [INFO] PluginManage:359 - Loaded plugin analytics (category:tool,tabindex:-1)
2024-03-07 22:38:33,999 [INFO] PluginManage:310 - Check plugin cadmodel
2024-03-07 22:38:34,026 [INFO] CADModel:105 - Init CAD model plugin
2024-03-07 22:38:34,027 [INFO] PluginManage:359 - Loaded plugin cadmodel (category:power,tabindex:5)
2024-03-07 22:38:34,027 [INFO] PluginManage:310 - Check plugin clock
2024-03-07 22:38:34,035 [INFO] PluginManage:359 - Loaded plugin clock (category:base,tabindex:2)
2024-03-07 22:38:34,035 [INFO] PluginManage:310 - Check plugin ddr
2024-03-07 22:38:34,037 [INFO] PluginManage:359 - Loaded plugin ddr (category:tool,tabindex:6)
2024-03-07 22:38:34,037 [INFO] PluginManage:310 - Check plugin filemanager
2024-03-07 22:38:34,143 [INFO] PluginManage:359 - Loaded plugin filemanager (category:base,tabindex:10)
2024-03-07 22:38:34,143 [INFO] PluginManage:310 - Check plugin ipmanager
2024-03-07 22:38:34,147 [INFO] PluginManage:359 - Loaded plugin ipmanager (category:base,tabindex:5)
2024-03-07 22:38:34,147 [INFO] PluginManage:310 - Check plugin lpbam
2024-03-07 22:38:34,156 [INFO] PluginManage:359 - Loaded plugin lpbam (category:base,tabindex:0)
2024-03-07 22:38:34,156 [INFO] PluginManage:310 - Check plugin memorymap
2024-03-07 22:38:34,167 [INFO] PluginManage:359 - Loaded plugin memorymap (category:base,tabindex:4)
2024-03-07 22:38:34,167 [INFO] PluginManage:310 - Check plugin pinoutandconfiguration
2024-03-07 22:38:34,177 [INFO] PluginManage:359 - Loaded plugin pinoutandconfiguration (category:base,tabindex:1)
2024-03-07 22:38:34,177 [INFO] PluginManage:310 - Check plugin pinoutconfig
2024-03-07 22:38:34,246 [WARN] SupportedApi:132 - Cannot load RTOS API schema: s4s-elt-must-match.1: The content of 'definitions' must match (annotation?, (simpleType | complexType)?, (unique | key | keyref)*)). A problem was found starting at: attribute.
2024-03-07 22:38:34,332 [INFO] PluginManage:359 - Loaded plugin pinoutconfig (category:base,tabindex:0)
2024-03-07 22:38:34,332 [INFO] PluginManage:310 - Check plugin power
2024-03-07 22:38:34,339 [INFO] PluginManage:359 - Loaded plugin power (category:power,tabindex:4)
2024-03-07 22:38:34,339 [INFO] PluginManage:310 - Check plugin projectmanager
2024-03-07 22:38:34,349 [INFO] PluginManage:359 - Loaded plugin projectmanager (category:projectmanager,tabindex:3)
2024-03-07 22:38:34,349 [INFO] PluginManage:310 - Check plugin thirdparty
2024-03-07 22:38:34,465 [INFO] PluginManage:359 - Loaded plugin thirdparty (category:base,tabindex:-1)
2024-03-07 22:38:34,465 [WARN] IntegrityCheckThread:84 - waiting for thirdparty lock release [integrity check]
2024-03-07 22:38:34,465 [INFO] IntegrityCheckThread:86 - entering critical section [integrity check]
2024-03-07 22:38:34,465 [INFO] PluginManage:310 - Check plugin tools
2024-03-07 22:38:34,465 [INFO] ThirdPartyUpdaterWithRetryManager:70 - Updater plugin not ready yet. [1/15]
2024-03-07 22:38:34,467 [INFO] PluginManage:359 - Loaded plugin tools (category:base,tabindex:7)
2024-03-07 22:38:34,467 [INFO] PluginManage:310 - Check plugin tutovideos
2024-03-07 22:38:34,581 [INFO] PluginManage:359 - Loaded plugin tutovideos (category:base,tabindex:-1)
2024-03-07 22:38:34,581 [INFO] PluginManage:310 - Check plugin updater
2024-03-07 22:38:34,591 [INFO] PluginManage:359 - Loaded plugin updater (category:base,tabindex:12)
2024-03-07 22:38:34,591 [INFO] PluginManage:310 - Check plugin userauth
2024-03-07 22:38:34,596 [INFO] UserAuth:114 - Init User Auth plugin
2024-03-07 22:38:34,596 [INFO] PluginManage:359 - Loaded plugin userauth (category:base,tabindex:14)
2024-03-07 22:38:34,597 [INFO] PluginManage:283 - PluginManage : Loaded plugins [17]
2024-03-07 22:38:34,726 [INFO] PinOutPanel:1499 - setPackage(No Configuration,No Configuration)
2024-03-07 22:38:34,766 [INFO] CADModel:165 - CPN selected for project level
2024-03-07 22:38:34,767 [INFO] CADModel:114 - Register for checkConnection events
2024-03-07 22:38:34,776 [INFO] IPUIPlugin:80 - create IPUIPlugin
2024-03-07 22:38:34,776 [INFO] PluginManager:220 - loadIPPluginJar : add gfxmmu
2024-03-07 22:38:34,777 [INFO] IPUIPlugin:80 - create IPUIPlugin
2024-03-07 22:38:34,777 [INFO] PluginManager:220 - loadIPPluginJar : add comp
2024-03-07 22:38:34,779 [INFO] IPUIPlugin:80 - create IPUIPlugin
2024-03-07 22:38:34,779 [INFO] PluginManager:220 - loadIPPluginJar : add usbx
2024-03-07 22:38:34,784 [INFO] IPUIPlugin:80 - create IPUIPlugin
2024-03-07 22:38:34,784 [INFO] PluginManager:220 - loadIPPluginJar : add linkedlist
2024-03-07 22:38:34,789 [INFO] IPUIPlugin:80 - create IPUIPlugin
2024-03-07 22:38:34,789 [INFO] PluginManager:220 - loadIPPluginJar : add mdma
2024-03-07 22:38:34,791 [INFO] IPUIPlugin:80 - create IPUIPlugin
2024-03-07 22:38:34,791 [INFO] PluginManager:220 - loadIPPluginJar : add i3c
2024-03-07 22:38:34,792 [INFO] IPUIPlugin:80 - create IPUIPlugin
2024-03-07 22:38:34,792 [INFO] PluginManager:220 - loadIPPluginJar : add cryp
2024-03-07 22:38:34,793 [INFO] IPUIPlugin:80 - create IPUIPlugin
2024-03-07 22:38:34,793 [INFO] PluginManager:220 - loadIPPluginJar : add quadspi
2024-03-07 22:38:34,793 [INFO] IPUIPlugin:80 - create IPUIPlugin
2024-03-07 22:38:34,794 [INFO] PluginManager:220 - loadIPPluginJar : add tsc
2024-03-07 22:38:34,795 [INFO] IPUIPlugin:80 - create IPUIPlugin
2024-03-07 22:38:34,795 [INFO] PluginManager:220 - loadIPPluginJar : add hash
2024-03-07 22:38:34,796 [INFO] IPUIPlugin:80 - create IPUIPlugin
2024-03-07 22:38:34,796 [INFO] PluginManager:220 - loadIPPluginJar : add aes
2024-03-07 22:38:34,798 [INFO] IPUIPlugin:80 - create IPUIPlugin
2024-03-07 22:38:34,798 [INFO] PluginManager:220 - loadIPPluginJar : add i2c
2024-03-07 22:38:34,799 [INFO] IPUIPlugin:80 - create IPUIPlugin
2024-03-07 22:38:34,800 [INFO] PluginManager:220 - loadIPPluginJar : add gtzc
2024-03-07 22:38:34,804 [INFO] IPUIPlugin:80 - create IPUIPlugin
2024-03-07 22:38:34,804 [INFO] PluginManager:220 - loadIPPluginJar : add stm32_wpan
2024-03-07 22:38:34,808 [INFO] IPUIPlugin:80 - create IPUIPlugin
2024-03-07 22:38:34,810 [INFO] PluginManager:220 - loadIPPluginJar : add plateformsettings
2024-03-07 22:38:34,814 [INFO] IPUIPlugin:80 - create IPUIPlugin
2024-03-07 22:38:34,814 [INFO] PluginManager:220 - loadIPPluginJar : add adc
2024-03-07 22:38:34,816 [INFO] IPUIPlugin:80 - create IPUIPlugin
2024-03-07 22:38:34,816 [INFO] PluginManager:220 - loadIPPluginJar : add sai
2024-03-07 22:38:34,819 [INFO] IPUIPlugin:80 - create IPUIPlugin
2024-03-07 22:38:34,819 [INFO] PluginManager:220 - loadIPPluginJar : add gic
2024-03-07 22:38:34,821 [INFO] IPUIPlugin:80 - create IPUIPlugin
2024-03-07 22:38:34,821 [INFO] PluginManager:220 - loadIPPluginJar : add opamp
2024-03-07 22:38:34,822 [INFO] IPUIPlugin:80 - create IPUIPlugin
2024-03-07 22:38:34,822 [INFO] PluginManager:220 - loadIPPluginJar : add i2s
2024-03-07 22:38:34,824 [INFO] IPUIPlugin:80 - create IPUIPlugin
2024-03-07 22:38:34,824 [INFO] PluginManager:220 - loadIPPluginJar : add touchsensing
2024-03-07 22:38:34,825 [INFO] IPUIPlugin:80 - create IPUIPlugin
2024-03-07 22:38:34,825 [INFO] PluginManager:220 - loadIPPluginJar : add dma3
2024-03-07 22:38:34,828 [INFO] IPUIPlugin:80 - create IPUIPlugin
2024-03-07 22:38:34,828 [INFO] PluginManager:220 - loadIPPluginJar : add gpio
2024-03-07 22:38:34,829 [INFO] IPUIPlugin:80 - create IPUIPlugin
2024-03-07 22:38:34,829 [INFO] PluginManager:220 - loadIPPluginJar : add lorawan
2024-03-07 22:38:34,830 [INFO] IPUIPlugin:80 - create IPUIPlugin
2024-03-07 22:38:34,830 [INFO] PluginManager:220 - loadIPPluginJar : add tracer_emb
2024-03-07 22:38:34,833 [INFO] IPUIPlugin:80 - create IPUIPlugin
2024-03-07 22:38:34,833 [INFO] PluginManager:220 - loadIPPluginJar : add ipddr
2024-03-07 22:38:34,835 [INFO] IPUIPlugin:80 - create IPUIPlugin
2024-03-07 22:38:34,835 [INFO] PluginManager:220 - loadIPPluginJar : add resmgrutility
2024-03-07 22:38:34,838 [INFO] IPUIPlugin:80 - create IPUIPlugin
2024-03-07 22:38:34,838 [INFO] PluginManager:220 - loadIPPluginJar : add fmc
2024-03-07 22:38:34,839 [INFO] IPUIPlugin:80 - create IPUIPlugin
2024-03-07 22:38:34,839 [INFO] PluginManager:220 - loadIPPluginJar : add tim
2024-03-07 22:38:34,840 [INFO] IPUIPlugin:80 - create IPUIPlugin
2024-03-07 22:38:34,840 [INFO] PluginManager:220 - loadIPPluginJar : add ltdc
2024-03-07 22:38:34,841 [INFO] IPUIPlugin:80 - create IPUIPlugin
2024-03-07 22:38:34,841 [INFO] PluginManager:220 - loadIPPluginJar : add genericplugin
2024-03-07 22:38:34,845 [INFO] IPUIPlugin:80 - create IPUIPlugin
2024-03-07 22:38:34,845 [INFO] PluginManager:220 - loadIPPluginJar : add dma
2024-03-07 22:38:34,847 [INFO] IPUIPlugin:80 - create IPUIPlugin
2024-03-07 22:38:34,847 [INFO] PluginManager:220 - loadIPPluginJar : add usart
2024-03-07 22:38:34,848 [INFO] IPUIPlugin:80 - create IPUIPlugin
2024-03-07 22:38:34,848 [INFO] PluginManager:220 - loadIPPluginJar : add openamp
2024-03-07 22:38:34,849 [INFO] IPUIPlugin:80 - create IPUIPlugin
2024-03-07 22:38:34,849 [INFO] PluginManager:220 - loadIPPluginJar : add fatfs
2024-03-07 22:38:34,850 [INFO] IPUIPlugin:80 - create IPUIPlugin
2024-03-07 22:38:34,851 [INFO] PluginManager:220 - loadIPPluginJar : add spi
2024-03-07 22:38:34,852 [INFO] IPUIPlugin:80 - create IPUIPlugin
2024-03-07 22:38:34,852 [INFO] PluginManager:220 - loadIPPluginJar : add dfsdm
2024-03-07 22:38:34,853 [INFO] IPUIPlugin:80 - create IPUIPlugin
2024-03-07 22:38:34,853 [INFO] PluginManager:220 - loadIPPluginJar : add can
2024-03-07 22:38:34,855 [INFO] IPUIPlugin:80 - create IPUIPlugin
2024-03-07 22:38:34,856 [INFO] PluginManager:220 - loadIPPluginJar : add nvic
2024-03-07 22:38:34,859 [INFO] IPUIPlugin:80 - create IPUIPlugin
2024-03-07 22:38:34,860 [INFO] PluginManager:220 - loadIPPluginJar : add freertos
2024-03-07 22:38:34,861 [INFO] IPUIPlugin:80 - create IPUIPlugin
2024-03-07 22:38:34,861 [INFO] PluginManager:220 - loadIPPluginJar : add pdm2pcm
2024-03-07 22:38:34,862 [INFO] IPUIPlugin:80 - create IPUIPlugin
2024-03-07 22:38:34,862 [INFO] PluginManager:220 - loadIPPluginJar : add ts
2024-03-07 22:38:34,863 [INFO] IPUIPlugin:80 - create IPUIPlugin
2024-03-07 22:38:34,863 [INFO] PluginManager:220 - loadIPPluginJar : add ucpd
2024-03-07 22:38:34,956 [INFO] CADModel:165 - CPN selected for project level
2024-03-07 22:38:34,956 [INFO] CADModel:114 - Register for checkConnection events
2024-03-07 22:38:34,956 [FATAL] Updater:308 - Updater called before beeing initialized
2024-03-07 22:38:34,957 [ERROR] CADModel:125 - Updater not yet initialized, retry later 
2024-03-07 22:38:35,043 [INFO] CADModel:165 - CPN selected for project level
2024-03-07 22:38:35,044 [INFO] CADModel:114 - Register for checkConnection events
2024-03-07 22:38:35,044 [FATAL] Updater:308 - Updater called before beeing initialized
2024-03-07 22:38:35,044 [ERROR] CADModel:125 - Updater not yet initialized, retry later 
2024-03-07 22:38:35,046 [FATAL] Updater:308 - Updater called before beeing initialized
2024-03-07 22:38:35,097 [FATAL] Updater:308 - Updater called before beeing initialized
2024-03-07 22:38:35,101 [INFO] DbMcusAds:53 - JSON generation date=Wed Nov 29 07:52:27 ART 2023 (1701255147349)
2024-03-07 22:38:35,101 [FATAL] Updater:308 - Updater called before beeing initialized
2024-03-07 22:38:35,129 [WARN] DetailPanel:346 - Failed to get advertising image, set to default
2024-03-07 22:38:35,189 [FATAL] Updater:308 - Updater called before beeing initialized
2024-03-07 22:38:35,191 [FATAL] Updater:308 - Updater called before beeing initialized
2024-03-07 22:38:35,191 [FATAL] Updater:308 - Updater called before beeing initialized
2024-03-07 22:38:35,191 [WARN] DetailPanel:346 - Failed to get advertising image, set to default
2024-03-07 22:38:35,192 [FATAL] Updater:308 - Updater called before beeing initialized
2024-03-07 22:38:35,218 [ERROR] Updater:1120 - MainUpdater not yet initialized. External WinMGr cannot be set.
2024-03-07 22:38:35,219 [INFO] Updater:1056 - Updater Version found : 6.10.0
2024-03-07 22:38:35,237 [INFO] ApplicationProperties:184 - Using Application install path: /opt/st/stm32cubeide_1.14.0/plugins/com.st.stm32cube.common.mx_6.10.0.202311202037
2024-03-07 22:38:35,598 [INFO] MainUpdater:2873 - connection check result : 10
2024-03-07 22:38:35,599 [INFO] MainUpdater:290 - Updater Check For Update Now.
2024-03-07 22:38:35,599 [INFO] MicroXplorer:498 - Change Database Version : DB.6.0.100
2024-03-07 22:38:35,606 [INFO] McuFinderGlobals:63 - Set McuFinder mode to 2 (CubeIDE integrated)
2024-03-07 22:38:35,772 [INFO] CheckServerUpdateThread:120 - End of CheckServer Thread
2024-03-07 22:38:36,817 [INFO] UserAuth:404 - Internet connection configuration mode: 1
2024-03-07 22:38:36,834 [INFO] JxBrowserEngine:152 - Initiate JxBrowser Engine with user profile folder
2024-03-07 22:38:37,551 [WARN] PackLoader:240 - Cannot read IP mode file for STMicroelectronics.X-CUBE-SMBUS.2.1.0
2024-03-07 22:38:37,559 [WARN] PackLoader:240 - Cannot read IP mode file for STMicroelectronics.X-CUBE-TOUCHGFX.4.23.0
2024-03-07 22:38:37,602 [WARN] PackLoader:240 - Cannot read IP mode file for STMicroelectronics.X-CUBE-AZRTOS-F7.1.1.0
2024-03-07 22:38:37,612 [WARN] PackLoader:240 - Cannot read IP mode file for STMicroelectronics.FP-SNS-MOTENV1.4.3.2
2024-03-07 22:38:37,618 [WARN] PackLoader:240 - Cannot read IP mode file for STMicroelectronics.FP-SNS-FLIGHT1.5.0.2
2024-03-07 22:38:37,625 [WARN] PackLoader:240 - Cannot read IP mode file for STMicroelectronics.X-CUBE-DISPLAY.3.0.0
2024-03-07 22:38:37,631 [INFO] WebApp:161 - Instantiating new browser for Auth
2024-03-07 22:38:37,637 [WARN] PackLoader:240 - Cannot read IP mode file for STMicroelectronics.X-CUBE-BLE1.7.0.0
2024-03-07 22:38:37,644 [WARN] PackLoader:240 - Cannot read IP mode file for emotas.I-CUBE-CANOPEN.1.3.0
2024-03-07 22:38:37,648 [WARN] PackLoader:240 - Cannot read IP mode file for STMicroelectronics.X-CUBE-TOUCHGFX.4.22.0
2024-03-07 22:38:37,651 [WARN] PackLoader:240 - Cannot read IP mode file for STMicroelectronics.X-CUBE-TOUCHGFX.4.22.1
2024-03-07 22:38:37,660 [WARN] PackLoader:240 - Cannot read IP mode file for STMicroelectronics.X-CUBE-BLEMGR.3.1.0
2024-03-07 22:38:37,665 [WARN] PackLoader:240 - Cannot read IP mode file for STMicroelectronics.FP-SNS-SMARTAG2.1.2.0
2024-03-07 22:38:37,673 [INFO] LogOutputStream:77 - [STDOUT_REDIRECT] 1 : Invalid condition id : UX_CORESTACK_Condition cause : null
2024-03-07 22:38:37,674 [INFO] LogOutputStream:77 - [STDOUT_REDIRECT] 1 : Invalid condition id : UX_CORESTACK_Condition cause : null
2024-03-07 22:38:37,674 [INFO] LogOutputStream:77 - [STDOUT_REDIRECT] 1 : Invalid condition id : UX_CORESTACK_Condition cause : null
2024-03-07 22:38:37,674 [INFO] LogOutputStream:77 - [STDOUT_REDIRECT] 1 : Invalid condition id : UX_CORESTACK_Condition cause : null
2024-03-07 22:38:37,674 [INFO] LogOutputStream:77 - [STDOUT_REDIRECT] 1 : Invalid condition id : UX_CORESTACK_Condition cause : null
2024-03-07 22:38:37,677 [WARN] PackLoader:240 - Cannot read IP mode file for STMicroelectronics.X-CUBE-AZRTOS-WL.2.0.0
2024-03-07 22:38:37,683 [WARN] PackLoader:240 - Cannot read IP mode file for WES.I-CUBE-Cesium.1.3.0
2024-03-07 22:38:37,686 [WARN] PackLoader:240 - Cannot read IP mode file for STMicroelectronics.X-CUBE-BLE2.3.3.0
2024-03-07 22:38:37,691 [WARN] PackLoader:240 - Cannot read IP mode file for STMicroelectronics.X-CUBE-ALGOBUILD.1.3.0
2024-03-07 22:38:37,773 [WARN] PackLoader:240 - Cannot read IP mode file for STMicroelectronics.X-CUBE-AZRTOS-G0.1.1.0
2024-03-07 22:38:37,781 [WARN] PackLoader:240 - Cannot read IP mode file for STMicroelectronics.X-CUBE-NFC4.3.0.0
2024-03-07 22:38:37,792 [WARN] PackLoader:240 - Cannot read IP mode file for STMicroelectronics.X-CUBE-BLEMGR.3.0.0
2024-03-07 22:38:37,798 [WARN] PackLoader:240 - Cannot read IP mode file for STMicroelectronics.FP-ATR-SIGFOX1.3.2.0
2024-03-07 22:38:37,804 [WARN] PackLoader:240 - Cannot read IP mode file for STMicroelectronics.X-CUBE-EEPRMA1.5.1.0
2024-03-07 22:38:37,841 [WARN] PackLoader:240 - Cannot read IP mode file for SEGGER.I-CUBE-embOS.1.3.1
2024-03-07 22:38:37,896 [WARN] PackLoader:240 - Cannot read IP mode file for STMicroelectronics.X-CUBE-GNSS1.6.0.0
2024-03-07 22:38:37,913 [WARN] PackLoader:240 - Cannot read IP mode file for STMicroelectronics.X-CUBE-AZRTOS-F4.1.1.0
2024-03-07 22:38:37,921 [WARN] PackLoader:240 - Cannot read IP mode file for wolfSSL.I-CUBE-wolfSSL.5.6.3
2024-03-07 22:38:37,924 [WARN] PackLoader:240 - Cannot read IP mode file for wolfSSL.I-CUBE-wolfSSL.5.6.6
2024-03-07 22:38:37,941 [WARN] PackLoader:240 - Cannot read IP mode file for STMicroelectronics.X-CUBE-AZRTOS-L5.2.0.0
2024-03-07 22:38:37,982 [WARN] PackLoader:240 - Cannot read IP mode file for STMicroelectronics.X-CUBE-MEMS1.9.6.0
2024-03-07 22:38:38,155 [WARN] PackLoader:240 - Cannot read IP mode file for STMicroelectronics.X-CUBE-EEPRMA1.4.2.0
2024-03-07 22:38:38,160 [WARN] PackLoader:240 - Cannot read IP mode file for ITTIA_DB.I-CUBE-ITTIADB.8.8.0
2024-03-07 22:38:38,169 [WARN] PackLoader:240 - Cannot read IP mode file for STMicroelectronics.X-CUBE-BLEMGR.2.0.0
2024-03-07 22:38:38,187 [WARN] ConditionMgr:438 - getConditionDescription Invalid condition id : UX DEVICE CLASS RTOS Condition cause : null
2024-03-07 22:38:38,187 [WARN] ConditionMgr:438 - getConditionDescription Invalid condition id : UX DEVICE CLASS RTOS Condition cause : null
2024-03-07 22:38:38,191 [WARN] PackLoader:240 - Cannot read IP mode file for STMicroelectronics.X-CUBE-AZRTOS-H7.3.1.0
2024-03-07 22:38:38,192 [WARN] ConditionMgr:1039 - genDependencies : Invalid condition id : UX DEVICE CLASS RTOS Condition cause : null
2024-03-07 22:38:38,193 [WARN] ConditionMgr:1039 - genDependencies : Invalid condition id : UX DEVICE CLASS RTOS Condition cause : null
2024-03-07 22:38:38,193 [WARN] ConditionMgr:1039 - genDependencies : Invalid condition id : UX DEVICE CLASS RTOS Condition cause : null
2024-03-07 22:38:38,194 [WARN] ConditionMgr:1039 - genDependencies : Invalid condition id : UX DEVICE CLASS RTOS Condition cause : null
2024-03-07 22:38:38,194 [WARN] ConditionMgr:1039 - genDependencies : Invalid condition id : UX DEVICE CLASS RTOS Condition cause : null
2024-03-07 22:38:38,201 [WARN] PackLoader:240 - Cannot read IP mode file for STMicroelectronics.X-CUBE-NFC7.1.0.1
2024-03-07 22:38:38,209 [WARN] PackLoader:240 - Cannot read IP mode file for STMicroelectronics.X-CUBE-NFC6.3.0.0
2024-03-07 22:38:38,218 [WARN] PackLoader:240 - Cannot read IP mode file for STMicroelectronics.X-CUBE-EEPRMA1.4.1.0
2024-03-07 22:38:38,223 [WARN] PackLoader:240 - Cannot read IP mode file for STMicroelectronics.X-CUBE-AI.8.1.0
2024-03-07 22:38:38,239 [WARN] ConditionMgr:438 - getConditionDescription Invalid condition id : LAN8742 Phy interface Condition cause : null
2024-03-07 22:38:38,240 [WARN] PackLoader:240 - Cannot read IP mode file for STMicroelectronics.X-CUBE-AZRTOS-L4.2.0.0
2024-03-07 22:38:38,241 [WARN] ConditionMgr:1039 - genDependencies : Invalid condition id : LAN8742 Phy interface Condition cause : null
2024-03-07 22:38:38,242 [WARN] ConditionMgr:1039 - genDependencies : Invalid condition id : LAN8742 Phy interface Condition cause : null
2024-03-07 22:38:38,243 [WARN] ConditionMgr:1039 - genDependencies : Invalid condition id : LAN8742 Phy interface Condition cause : null
2024-03-07 22:38:38,250 [WARN] PackLoader:240 - Cannot read IP mode file for STMicroelectronics.X-CUBE-SFXS2LP1.4.0.0
2024-03-07 22:38:38,254 [WARN] PackLoader:240 - Cannot read IP mode file for STMicroelectronics.X-CUBE-ISPU.1.1.0
2024-03-07 22:38:38,265 [WARN] ConditionMgr:438 - getConditionDescription Invalid condition id : UX DEVICE CLASS RTOS Condition cause : null
2024-03-07 22:38:38,265 [WARN] ConditionMgr:438 - getConditionDescription Invalid condition id : UX DEVICE CLASS RTOS Condition cause : null
2024-03-07 22:38:38,267 [WARN] PackLoader:240 - Cannot read IP mode file for STMicroelectronics.X-CUBE-AZRTOS-WB.2.0.0
2024-03-07 22:38:38,268 [WARN] ConditionMgr:1039 - genDependencies : Invalid condition id : UX DEVICE CLASS RTOS Condition cause : null
2024-03-07 22:38:38,268 [WARN] ConditionMgr:1039 - genDependencies : Invalid condition id : UX DEVICE CLASS RTOS Condition cause : null
2024-03-07 22:38:38,268 [WARN] ConditionMgr:1039 - genDependencies : Invalid condition id : UX DEVICE CLASS RTOS Condition cause : null
2024-03-07 22:38:38,269 [WARN] ConditionMgr:1039 - genDependencies : Invalid condition id : UX DEVICE CLASS RTOS Condition cause : null
2024-03-07 22:38:38,269 [WARN] ConditionMgr:1039 - genDependencies : Invalid condition id : UX DEVICE CLASS RTOS Condition cause : null
2024-03-07 22:38:38,283 [WARN] PackLoader:240 - Cannot read IP mode file for STMicroelectronics.X-CUBE-SUBG2.5.0.0
2024-03-07 22:38:38,298 [WARN] PackLoader:240 - Cannot read IP mode file for STMicroelectronics.X-CUBE-TOF1.3.3.1
2024-03-07 22:38:38,322 [WARN] PackLoader:240 - Cannot read IP mode file for STMicroelectronics.X-CUBE-AZRTOS-G4.2.0.0
2024-03-07 22:38:38,335 [WARN] PackLoader:240 - Cannot read IP mode file for Infineon.AIROC-Wi-Fi-Bluetooth-STM32.1.5.1
2024-03-07 22:38:38,344 [WARN] PackLoader:240 - Cannot read IP mode file for STMicroelectronics.FP-SNS-MOTENVWB1.1.3.0
2024-03-07 22:38:38,348 [WARN] PackLoader:240 - Cannot read IP mode file for STMicroelectronics.FP-SNS-MOTENVWB1.1.3.1
2024-03-07 22:38:38,353 [WARN] PackLoader:240 - Cannot read IP mode file for STMicroelectronics.X-CUBE-ISPU.2.0.0
2024-03-07 22:38:38,380 [INFO] WebApp:780 - Register for checkConnection events
2024-03-07 22:38:38,380 [INFO] WebApp:414 - Apply proxy settings
2024-03-07 22:38:38,380 [INFO] WebApp:499 - Chromium requires no authentication
2024-03-07 22:38:38,391 [INFO] WebApp:442 - Direct internet connection detected
2024-03-07 22:38:38,407 [WARN] PackLoader:240 - Cannot read IP mode file for STMicroelectronics.X-CUBE-MEMS1.10.0.0
2024-03-07 22:38:38,577 [WARN] PackLoader:240 - Cannot read IP mode file for STMicroelectronics.X-CUBE-FREERTOS.1.1.0
2024-03-07 22:38:38,581 [WARN] PackLoader:240 - Cannot read IP mode file for portGmbH.I-Cube-SoM-uGOAL.1.1.0
2024-03-07 22:38:38,585 [WARN] PackLoader:240 - Cannot read IP mode file for STMicroelectronics.X-CUBE-ALS.1.0.1
2024-03-07 22:38:38,588 [WARN] PackLoader:240 - Cannot read IP mode file for STMicroelectronics.FP-ATR-ASTRA1.2.0.0
2024-03-07 22:38:38,596 [INFO] WebApp:192 - Starting web application
2024-03-07 22:38:38,597 [WARN] PackLoader:240 - Cannot read IP mode file for STMicroelectronics.X-CUBE-TOF1.3.4.0
2024-03-07 22:38:38,597 [INFO] WebApp:544 - Web application path used /opt/st/stm32cubeide_1.14.0/plugins/com.st.stm32cube.common.mx_6.10.0.202311202037/db/plugins/mcufinder/reactClient1/index.html
2024-03-07 22:38:38,626 [WARN] PackLoader:240 - Cannot read IP mode file for STMicroelectronics.X-CUBE-AZRTOS-H7.3.2.0
2024-03-07 22:38:38,630 [INFO] ThirdParty:978 - Integrity check success = true
2024-03-07 22:38:38,630 [INFO] IntegrityCheckThread:100 - exiting critical section [integrity check]
2024-03-07 22:38:38,630 [INFO] IntegrityCheckThread:103 - End integrity checks thread
2024-03-07 22:38:59,153 [ERROR] LogOutputStream:75 - [STDERR_REDIRECT] SLF4J: Failed to load class "org.slf4j.impl.StaticLoggerBinder".
2024-03-07 22:38:59,156 [ERROR] LogOutputStream:75 - [STDERR_REDIRECT] SLF4J: Defaulting to no-operation (NOP) logger implementation
2024-03-07 22:38:59,156 [ERROR] LogOutputStream:75 - [STDERR_REDIRECT] SLF4J: See http://www.slf4j.org/codes.html#StaticLoggerBinder for further details.
2024-03-07 23:46:09,649 [ERROR] LogOutputStream:75 - [STDERR_REDIRECT] 
