2024-05-02 00:58:59,580 [ERROR] LogOutputStream:75 - [STDERR_REDIRECT] 
2024-05-02 23:34:29,529 [INFO] Activator:176 - 


2024-05-02 23:34:29,531 [INFO] Activator:177 - !SESSION log4j initialized
2024-05-02 23:34:34,079 [INFO] LogOutputStream:77 - [STDOUT_REDIRECT] 
2024-05-02 23:34:35,225 [INFO] ApplicationProperties:184 - Using Application install path: /opt/st/stm32cubeide_1.14.0/plugins/com.st.stm32cube.common.mx_6.10.0.202311202037
2024-05-02 23:34:35,238 [INFO] DbMcusXml:78 - Set database path to: /opt/st/stm32cubeide_1.14.0/plugins/com.st.stm32cube.common.mx_6.10.0.202311202037//db//mcu/
2024-05-02 23:34:35,238 [INFO] ApiDb:274 - Set plugin database path to: /opt/st/stm32cubeide_1.14.0/plugins/com.st.stm32cube.common.mx_6.10.0.202311202037//db//plugins/boardmanager/
2024-05-02 23:34:35,238 [WARN] ApiDb:259 - Overriding images path with different value:  => /opt/st/stm32cubeide_1.14.0/plugins/com.st.stm32cube.common.mx_6.10.0.202311202037//db//plugins/mcufinder/images/
2024-05-02 23:34:35,245 [INFO] ApiDb:250 - Set database path to: /home/fede/.stmcufinder/plugins/mcufinder//mcu/
2024-05-02 23:34:35,246 [INFO] DbMcusAds:125 - Set database path to: /home/fede/.stmcufinder/plugins/mcufinder//mcu/
2024-05-02 23:34:35,247 [INFO] CrossReferenceDbSqlite:203 - Set database path to: /home/fede/.stmcufinder/plugins/mcufinder//mcu/cs/
2024-05-02 23:34:35,356 [INFO] RulesReader:64 - Compatibility file has been processed (297 Rules)
2024-05-02 23:34:35,409 [INFO] DbMcusXml:78 - Set database path to: /opt/st/stm32cubeide_1.14.0/plugins/com.st.stm32cube.common.mx_6.10.0.202311202037//db//mcu/
2024-05-02 23:34:35,410 [INFO] ApiDb:274 - Set plugin database path to: /opt/st/stm32cubeide_1.14.0/plugins/com.st.stm32cube.common.mx_6.10.0.202311202037//db//plugins/boardmanager/
2024-05-02 23:34:35,410 [INFO] ApiDb:261 - Set plugin images path to: /opt/st/stm32cubeide_1.14.0/plugins/com.st.stm32cube.common.mx_6.10.0.202311202037//db//plugins/mcufinder/images/
2024-05-02 23:34:35,411 [WARN] DbFile:41 - Overriding database path with different value: /home/fede/.stmcufinder/plugins/mcufinder/ => /home/fede/.stmcufinder/plugins/mcufinder
2024-05-02 23:34:35,411 [INFO] ApiDb:250 - Set database path to: /home/fede/.stmcufinder/plugins/mcufinder//mcu/
2024-05-02 23:34:35,411 [WARN] DbFile:41 - Overriding database path with different value: /home/fede/.stmcufinder/plugins/mcufinder/ => /home/fede/.stmcufinder/plugins/mcufinder
2024-05-02 23:34:35,411 [INFO] DbMcusAds:125 - Set database path to: /home/fede/.stmcufinder/plugins/mcufinder//mcu/
2024-05-02 23:34:35,411 [WARN] DbFile:41 - Overriding database path with different value: /home/fede/.stmcufinder/plugins/mcufinder/ => /home/fede/.stmcufinder/plugins/mcufinder
2024-05-02 23:34:35,411 [WARN] DbFile:41 - Overriding database path with different value: /home/fede/.stmcufinder/plugins/mcufinder/ => /home/fede/.stmcufinder/plugins/mcufinder
2024-05-02 23:34:35,411 [INFO] CrossReferenceDbSqlite:203 - Set database path to: /home/fede/.stmcufinder/plugins/mcufinder//mcu/cs/
2024-05-02 23:34:35,464 [INFO] MainPanel:264 - HeapMemory: 268435456
2024-05-02 23:34:35,580 [INFO] DbMcusXml:78 - Set database path to: /opt/st/stm32cubeide_1.14.0/plugins/com.st.stm32cube.common.mx_6.10.0.202311202037//db//mcu/
2024-05-02 23:34:35,580 [INFO] ApiDb:274 - Set plugin database path to: /opt/st/stm32cubeide_1.14.0/plugins/com.st.stm32cube.common.mx_6.10.0.202311202037//db//plugins/boardmanager/
2024-05-02 23:34:35,580 [INFO] ApiDb:261 - Set plugin images path to: /opt/st/stm32cubeide_1.14.0/plugins/com.st.stm32cube.common.mx_6.10.0.202311202037//db//plugins/mcufinder/images/
2024-05-02 23:34:35,581 [WARN] DbFile:41 - Overriding database path with different value: /home/fede/.stmcufinder/plugins/mcufinder/ => /home/fede/.stmcufinder/plugins/mcufinder
2024-05-02 23:34:35,581 [INFO] ApiDb:250 - Set database path to: /home/fede/.stmcufinder/plugins/mcufinder//mcu/
2024-05-02 23:34:35,581 [WARN] DbFile:41 - Overriding database path with different value: /home/fede/.stmcufinder/plugins/mcufinder/ => /home/fede/.stmcufinder/plugins/mcufinder
2024-05-02 23:34:35,581 [INFO] DbMcusAds:125 - Set database path to: /home/fede/.stmcufinder/plugins/mcufinder//mcu/
2024-05-02 23:34:35,581 [WARN] DbFile:41 - Overriding database path with different value: /home/fede/.stmcufinder/plugins/mcufinder/ => /home/fede/.stmcufinder/plugins/mcufinder
2024-05-02 23:34:35,582 [WARN] DbFile:41 - Overriding database path with different value: /home/fede/.stmcufinder/plugins/mcufinder/ => /home/fede/.stmcufinder/plugins/mcufinder
2024-05-02 23:34:35,582 [INFO] CrossReferenceDbSqlite:203 - Set database path to: /home/fede/.stmcufinder/plugins/mcufinder//mcu/cs/
2024-05-02 23:34:35,599 [INFO] ApplicationProperties:184 - Using Application install path: /opt/st/stm32cubeide_1.14.0/plugins/com.st.stm32cube.common.mx_6.10.0.202311202037
2024-05-02 23:34:35,600 [INFO] PluginManage:196 - Search for loadable plugins [exclusion list=, ]
2024-05-02 23:34:35,602 [INFO] PluginManage:310 - Check plugin analytics
2024-05-02 23:34:35,962 [INFO] AnalyticsPlugin:253 - Accepted Software Licenses: 
2024-05-02 23:34:35,963 [INFO] AnalyticsPlugin:255 - Accepted CMSIS Pack Licenses: STMicroelectronics.X-CUBE-ALGOBUILD.1.3.0,ARM.CMSIS-DSP.1.15.0
2024-05-02 23:34:35,963 [INFO] AnalyticsPlugin:257 - Accepted Firmware Licenses: FW.F7.1.17.0
2024-05-02 23:34:35,971 [INFO] PluginManage:359 - Loaded plugin analytics (category:tool,tabindex:-1)
2024-05-02 23:34:35,972 [INFO] PluginManage:310 - Check plugin cadmodel
2024-05-02 23:34:36,033 [INFO] CADModel:105 - Init CAD model plugin
2024-05-02 23:34:36,034 [INFO] PluginManage:359 - Loaded plugin cadmodel (category:power,tabindex:5)
2024-05-02 23:34:36,035 [INFO] PluginManage:310 - Check plugin clock
2024-05-02 23:34:36,051 [INFO] PluginManage:359 - Loaded plugin clock (category:base,tabindex:2)
2024-05-02 23:34:36,051 [INFO] PluginManage:310 - Check plugin ddr
2024-05-02 23:34:36,055 [INFO] PluginManage:359 - Loaded plugin ddr (category:tool,tabindex:6)
2024-05-02 23:34:36,055 [INFO] PluginManage:310 - Check plugin filemanager
2024-05-02 23:34:36,304 [INFO] PluginManage:359 - Loaded plugin filemanager (category:base,tabindex:10)
2024-05-02 23:34:36,305 [INFO] PluginManage:310 - Check plugin ipmanager
2024-05-02 23:34:36,318 [INFO] PluginManage:359 - Loaded plugin ipmanager (category:base,tabindex:5)
2024-05-02 23:34:36,318 [INFO] PluginManage:310 - Check plugin lpbam
2024-05-02 23:34:36,335 [INFO] PluginManage:359 - Loaded plugin lpbam (category:base,tabindex:0)
2024-05-02 23:34:36,335 [INFO] PluginManage:310 - Check plugin memorymap
2024-05-02 23:34:36,361 [INFO] PluginManage:359 - Loaded plugin memorymap (category:base,tabindex:4)
2024-05-02 23:34:36,362 [INFO] PluginManage:310 - Check plugin pinoutandconfiguration
2024-05-02 23:34:36,380 [INFO] PluginManage:359 - Loaded plugin pinoutandconfiguration (category:base,tabindex:1)
2024-05-02 23:34:36,380 [INFO] PluginManage:310 - Check plugin pinoutconfig
2024-05-02 23:34:36,530 [WARN] SupportedApi:132 - Cannot load RTOS API schema: s4s-elt-must-match.1: The content of 'definitions' must match (annotation?, (simpleType | complexType)?, (unique | key | keyref)*)). A problem was found starting at: attribute.
2024-05-02 23:34:36,721 [INFO] PluginManage:359 - Loaded plugin pinoutconfig (category:base,tabindex:0)
2024-05-02 23:34:36,722 [INFO] PluginManage:310 - Check plugin power
2024-05-02 23:34:36,733 [INFO] PluginManage:359 - Loaded plugin power (category:power,tabindex:4)
2024-05-02 23:34:36,734 [INFO] PluginManage:310 - Check plugin projectmanager
2024-05-02 23:34:36,756 [INFO] PluginManage:359 - Loaded plugin projectmanager (category:projectmanager,tabindex:3)
2024-05-02 23:34:36,757 [INFO] PluginManage:310 - Check plugin thirdparty
2024-05-02 23:34:36,932 [INFO] PluginManage:359 - Loaded plugin thirdparty (category:base,tabindex:-1)
2024-05-02 23:34:36,933 [INFO] PluginManage:310 - Check plugin tools
2024-05-02 23:34:36,932 [WARN] IntegrityCheckThread:84 - waiting for thirdparty lock release [integrity check]
2024-05-02 23:34:36,933 [INFO] IntegrityCheckThread:86 - entering critical section [integrity check]
2024-05-02 23:34:36,934 [INFO] ThirdPartyUpdaterWithRetryManager:70 - Updater plugin not ready yet. [1/15]
2024-05-02 23:34:36,936 [INFO] PluginManage:359 - Loaded plugin tools (category:base,tabindex:7)
2024-05-02 23:34:36,936 [INFO] PluginManage:310 - Check plugin tutovideos
2024-05-02 23:34:37,203 [INFO] PluginManage:359 - Loaded plugin tutovideos (category:base,tabindex:-1)
2024-05-02 23:34:37,203 [INFO] PluginManage:310 - Check plugin updater
2024-05-02 23:34:37,216 [INFO] PluginManage:359 - Loaded plugin updater (category:base,tabindex:12)
2024-05-02 23:34:37,216 [INFO] PluginManage:310 - Check plugin userauth
2024-05-02 23:34:37,223 [INFO] UserAuth:114 - Init User Auth plugin
2024-05-02 23:34:37,223 [INFO] PluginManage:359 - Loaded plugin userauth (category:base,tabindex:14)
2024-05-02 23:34:37,223 [INFO] PluginManage:283 - PluginManage : Loaded plugins [17]
2024-05-02 23:34:37,493 [INFO] PinOutPanel:1499 - setPackage(No Configuration,No Configuration)
2024-05-02 23:34:37,578 [INFO] CADModel:165 - CPN selected for project level
2024-05-02 23:34:37,578 [INFO] CADModel:114 - Register for checkConnection events
2024-05-02 23:34:37,594 [INFO] IPUIPlugin:80 - create IPUIPlugin
2024-05-02 23:34:37,594 [INFO] PluginManager:220 - loadIPPluginJar : add gfxmmu
2024-05-02 23:34:37,596 [INFO] IPUIPlugin:80 - create IPUIPlugin
2024-05-02 23:34:37,596 [INFO] PluginManager:220 - loadIPPluginJar : add comp
2024-05-02 23:34:37,599 [INFO] IPUIPlugin:80 - create IPUIPlugin
2024-05-02 23:34:37,600 [INFO] PluginManager:220 - loadIPPluginJar : add usbx
2024-05-02 23:34:37,608 [INFO] IPUIPlugin:80 - create IPUIPlugin
2024-05-02 23:34:37,608 [INFO] PluginManager:220 - loadIPPluginJar : add linkedlist
2024-05-02 23:34:37,616 [INFO] IPUIPlugin:80 - create IPUIPlugin
2024-05-02 23:34:37,617 [INFO] PluginManager:220 - loadIPPluginJar : add mdma
2024-05-02 23:34:37,620 [INFO] IPUIPlugin:80 - create IPUIPlugin
2024-05-02 23:34:37,620 [INFO] PluginManager:220 - loadIPPluginJar : add i3c
2024-05-02 23:34:37,623 [INFO] IPUIPlugin:80 - create IPUIPlugin
2024-05-02 23:34:37,623 [INFO] PluginManager:220 - loadIPPluginJar : add cryp
2024-05-02 23:34:37,625 [INFO] IPUIPlugin:80 - create IPUIPlugin
2024-05-02 23:34:37,625 [INFO] PluginManager:220 - loadIPPluginJar : add quadspi
2024-05-02 23:34:37,627 [INFO] IPUIPlugin:80 - create IPUIPlugin
2024-05-02 23:34:37,627 [INFO] PluginManager:220 - loadIPPluginJar : add tsc
2024-05-02 23:34:37,629 [INFO] IPUIPlugin:80 - create IPUIPlugin
2024-05-02 23:34:37,629 [INFO] PluginManager:220 - loadIPPluginJar : add hash
2024-05-02 23:34:37,632 [INFO] IPUIPlugin:80 - create IPUIPlugin
2024-05-02 23:34:37,632 [INFO] PluginManager:220 - loadIPPluginJar : add aes
2024-05-02 23:34:37,635 [INFO] IPUIPlugin:80 - create IPUIPlugin
2024-05-02 23:34:37,635 [INFO] PluginManager:220 - loadIPPluginJar : add i2c
2024-05-02 23:34:37,638 [INFO] IPUIPlugin:80 - create IPUIPlugin
2024-05-02 23:34:37,639 [INFO] PluginManager:220 - loadIPPluginJar : add gtzc
2024-05-02 23:34:37,646 [INFO] IPUIPlugin:80 - create IPUIPlugin
2024-05-02 23:34:37,647 [INFO] PluginManager:220 - loadIPPluginJar : add stm32_wpan
2024-05-02 23:34:37,654 [INFO] IPUIPlugin:80 - create IPUIPlugin
2024-05-02 23:34:37,657 [INFO] PluginManager:220 - loadIPPluginJar : add plateformsettings
2024-05-02 23:34:37,665 [INFO] IPUIPlugin:80 - create IPUIPlugin
2024-05-02 23:34:37,665 [INFO] PluginManager:220 - loadIPPluginJar : add adc
2024-05-02 23:34:37,668 [INFO] IPUIPlugin:80 - create IPUIPlugin
2024-05-02 23:34:37,668 [INFO] PluginManager:220 - loadIPPluginJar : add sai
2024-05-02 23:34:37,675 [INFO] IPUIPlugin:80 - create IPUIPlugin
2024-05-02 23:34:37,675 [INFO] PluginManager:220 - loadIPPluginJar : add gic
2024-05-02 23:34:37,678 [INFO] IPUIPlugin:80 - create IPUIPlugin
2024-05-02 23:34:37,678 [INFO] PluginManager:220 - loadIPPluginJar : add opamp
2024-05-02 23:34:37,681 [INFO] IPUIPlugin:80 - create IPUIPlugin
2024-05-02 23:34:37,681 [INFO] PluginManager:220 - loadIPPluginJar : add i2s
2024-05-02 23:34:37,684 [INFO] IPUIPlugin:80 - create IPUIPlugin
2024-05-02 23:34:37,684 [INFO] PluginManager:220 - loadIPPluginJar : add touchsensing
2024-05-02 23:34:37,687 [INFO] IPUIPlugin:80 - create IPUIPlugin
2024-05-02 23:34:37,687 [INFO] PluginManager:220 - loadIPPluginJar : add dma3
2024-05-02 23:34:37,692 [INFO] IPUIPlugin:80 - create IPUIPlugin
2024-05-02 23:34:37,693 [INFO] PluginManager:220 - loadIPPluginJar : add gpio
2024-05-02 23:34:37,695 [INFO] IPUIPlugin:80 - create IPUIPlugin
2024-05-02 23:34:37,696 [INFO] PluginManager:220 - loadIPPluginJar : add lorawan
2024-05-02 23:34:37,698 [INFO] IPUIPlugin:80 - create IPUIPlugin
2024-05-02 23:34:37,698 [INFO] PluginManager:220 - loadIPPluginJar : add tracer_emb
2024-05-02 23:34:37,702 [INFO] IPUIPlugin:80 - create IPUIPlugin
2024-05-02 23:34:37,702 [INFO] PluginManager:220 - loadIPPluginJar : add ipddr
2024-05-02 23:34:37,706 [INFO] IPUIPlugin:80 - create IPUIPlugin
2024-05-02 23:34:37,706 [INFO] PluginManager:220 - loadIPPluginJar : add resmgrutility
2024-05-02 23:34:37,711 [INFO] IPUIPlugin:80 - create IPUIPlugin
2024-05-02 23:34:37,711 [INFO] PluginManager:220 - loadIPPluginJar : add fmc
2024-05-02 23:34:37,713 [INFO] IPUIPlugin:80 - create IPUIPlugin
2024-05-02 23:34:37,713 [INFO] PluginManager:220 - loadIPPluginJar : add tim
2024-05-02 23:34:37,714 [INFO] IPUIPlugin:80 - create IPUIPlugin
2024-05-02 23:34:37,715 [INFO] PluginManager:220 - loadIPPluginJar : add ltdc
2024-05-02 23:34:37,716 [INFO] IPUIPlugin:80 - create IPUIPlugin
2024-05-02 23:34:37,716 [INFO] PluginManager:220 - loadIPPluginJar : add genericplugin
2024-05-02 23:34:37,723 [INFO] IPUIPlugin:80 - create IPUIPlugin
2024-05-02 23:34:37,723 [INFO] PluginManager:220 - loadIPPluginJar : add dma
2024-05-02 23:34:37,726 [INFO] IPUIPlugin:80 - create IPUIPlugin
2024-05-02 23:34:37,726 [INFO] PluginManager:220 - loadIPPluginJar : add usart
2024-05-02 23:34:37,728 [INFO] IPUIPlugin:80 - create IPUIPlugin
2024-05-02 23:34:37,728 [INFO] PluginManager:220 - loadIPPluginJar : add openamp
2024-05-02 23:34:37,730 [INFO] IPUIPlugin:80 - create IPUIPlugin
2024-05-02 23:34:37,730 [INFO] PluginManager:220 - loadIPPluginJar : add fatfs
2024-05-02 23:34:37,732 [INFO] IPUIPlugin:80 - create IPUIPlugin
2024-05-02 23:34:37,732 [INFO] PluginManager:220 - loadIPPluginJar : add spi
2024-05-02 23:34:37,734 [INFO] IPUIPlugin:80 - create IPUIPlugin
2024-05-02 23:34:37,734 [INFO] PluginManager:220 - loadIPPluginJar : add dfsdm
2024-05-02 23:34:37,737 [INFO] IPUIPlugin:80 - create IPUIPlugin
2024-05-02 23:34:37,737 [INFO] PluginManager:220 - loadIPPluginJar : add can
2024-05-02 23:34:37,741 [INFO] IPUIPlugin:80 - create IPUIPlugin
2024-05-02 23:34:37,742 [INFO] PluginManager:220 - loadIPPluginJar : add nvic
2024-05-02 23:34:37,748 [INFO] IPUIPlugin:80 - create IPUIPlugin
2024-05-02 23:34:37,749 [INFO] PluginManager:220 - loadIPPluginJar : add freertos
2024-05-02 23:34:37,752 [INFO] IPUIPlugin:80 - create IPUIPlugin
2024-05-02 23:34:37,752 [INFO] PluginManager:220 - loadIPPluginJar : add pdm2pcm
2024-05-02 23:34:37,754 [INFO] IPUIPlugin:80 - create IPUIPlugin
2024-05-02 23:34:37,754 [INFO] PluginManager:220 - loadIPPluginJar : add ts
2024-05-02 23:34:37,756 [INFO] IPUIPlugin:80 - create IPUIPlugin
2024-05-02 23:34:37,756 [INFO] PluginManager:220 - loadIPPluginJar : add ucpd
2024-05-02 23:34:37,873 [INFO] CADModel:165 - CPN selected for project level
2024-05-02 23:34:37,874 [INFO] CADModel:114 - Register for checkConnection events
2024-05-02 23:34:37,874 [FATAL] Updater:308 - Updater called before beeing initialized
2024-05-02 23:34:37,874 [ERROR] CADModel:125 - Updater not yet initialized, retry later 
2024-05-02 23:34:38,033 [INFO] CADModel:165 - CPN selected for project level
2024-05-02 23:34:38,033 [INFO] CADModel:114 - Register for checkConnection events
2024-05-02 23:34:38,033 [FATAL] Updater:308 - Updater called before beeing initialized
2024-05-02 23:34:38,033 [ERROR] CADModel:125 - Updater not yet initialized, retry later 
2024-05-02 23:34:38,038 [FATAL] Updater:308 - Updater called before beeing initialized
2024-05-02 23:34:38,148 [FATAL] Updater:308 - Updater called before beeing initialized
2024-05-02 23:34:38,154 [INFO] DbMcusAds:53 - JSON generation date=Wed Nov 29 07:52:27 ART 2023 (1701255147349)
2024-05-02 23:34:38,154 [FATAL] Updater:308 - Updater called before beeing initialized
2024-05-02 23:34:38,215 [WARN] DetailPanel:346 - Failed to get advertising image, set to default
2024-05-02 23:34:38,426 [FATAL] Updater:308 - Updater called before beeing initialized
2024-05-02 23:34:38,429 [FATAL] Updater:308 - Updater called before beeing initialized
2024-05-02 23:34:38,429 [FATAL] Updater:308 - Updater called before beeing initialized
2024-05-02 23:34:38,429 [WARN] DetailPanel:346 - Failed to get advertising image, set to default
2024-05-02 23:34:38,430 [FATAL] Updater:308 - Updater called before beeing initialized
2024-05-02 23:34:38,481 [ERROR] Updater:1120 - MainUpdater not yet initialized. External WinMGr cannot be set.
2024-05-02 23:34:38,483 [INFO] Updater:1056 - Updater Version found : 6.10.0
2024-05-02 23:34:38,508 [INFO] ApplicationProperties:184 - Using Application install path: /opt/st/stm32cubeide_1.14.0/plugins/com.st.stm32cube.common.mx_6.10.0.202311202037
2024-05-02 23:34:39,095 [INFO] MainUpdater:2873 - connection check result : 10
2024-05-02 23:34:39,096 [INFO] MainUpdater:290 - Updater Check For Update Now.
2024-05-02 23:34:39,096 [INFO] MicroXplorer:498 - Change Database Version : DB.6.0.100
2024-05-02 23:34:39,101 [INFO] McuFinderGlobals:63 - Set McuFinder mode to 2 (CubeIDE integrated)
2024-05-02 23:34:39,295 [INFO] CheckServerUpdateThread:120 - End of CheckServer Thread
2024-05-02 23:34:39,966 [INFO] UserAuth:404 - Internet connection configuration mode: 1
2024-05-02 23:34:39,984 [INFO] JxBrowserEngine:152 - Initiate JxBrowser Engine with user profile folder
2024-05-02 23:34:40,045 [WARN] PackLoader:240 - Cannot read IP mode file for STMicroelectronics.FP-SNS-MOTENVWB1.1.4.0
2024-05-02 23:34:40,053 [WARN] PackLoader:240 - Cannot read IP mode file for STMicroelectronics.X-CUBE-SMBUS.2.1.0
2024-05-02 23:34:40,057 [WARN] PackLoader:240 - Cannot read IP mode file for STMicroelectronics.X-CUBE-TOUCHGFX.4.23.0
2024-05-02 23:34:40,060 [WARN] PackLoader:240 - Cannot read IP mode file for STMicroelectronics.X-CUBE-TOUCHGFX.4.23.2
2024-05-02 23:34:40,092 [WARN] PackLoader:240 - Cannot read IP mode file for STMicroelectronics.X-CUBE-AZRTOS-F7.1.1.0
2024-05-02 23:34:40,102 [WARN] PackLoader:240 - Cannot read IP mode file for STMicroelectronics.FP-SNS-MOTENV1.4.3.2
2024-05-02 23:34:40,108 [WARN] PackLoader:240 - Cannot read IP mode file for STMicroelectronics.FP-SNS-FLIGHT1.5.0.2
2024-05-02 23:34:40,117 [WARN] PackLoader:240 - Cannot read IP mode file for STMicroelectronics.X-CUBE-DISPLAY.3.0.0
2024-05-02 23:34:40,128 [WARN] PackLoader:240 - Cannot read IP mode file for STMicroelectronics.X-CUBE-BLE1.7.0.0
2024-05-02 23:34:40,134 [WARN] PackLoader:240 - Cannot read IP mode file for emotas.I-CUBE-CANOPEN.1.3.0
2024-05-02 23:34:40,137 [WARN] PackLoader:240 - Cannot read IP mode file for STMicroelectronics.X-CUBE-TOUCHGFX.4.22.0
2024-05-02 23:34:40,139 [WARN] PackLoader:240 - Cannot read IP mode file for STMicroelectronics.X-CUBE-TOUCHGFX.4.22.1
2024-05-02 23:34:40,151 [WARN] PackLoader:240 - Cannot read IP mode file for STMicroelectronics.X-CUBE-BLEMGR.3.1.0
2024-05-02 23:34:40,159 [WARN] PackLoader:240 - Cannot read IP mode file for STMicroelectronics.FP-SNS-SMARTAG2.1.2.0
2024-05-02 23:34:40,188 [INFO] LogOutputStream:77 - [STDOUT_REDIRECT] 1 : Invalid condition id : UX_CORESTACK_Condition cause : null
2024-05-02 23:34:40,188 [INFO] LogOutputStream:77 - [STDOUT_REDIRECT] 1 : Invalid condition id : UX_CORESTACK_Condition cause : null
2024-05-02 23:34:40,189 [INFO] LogOutputStream:77 - [STDOUT_REDIRECT] 1 : Invalid condition id : UX_CORESTACK_Condition cause : null
2024-05-02 23:34:40,189 [INFO] LogOutputStream:77 - [STDOUT_REDIRECT] 1 : Invalid condition id : UX_CORESTACK_Condition cause : null
2024-05-02 23:34:40,189 [INFO] LogOutputStream:77 - [STDOUT_REDIRECT] 1 : Invalid condition id : UX_CORESTACK_Condition cause : null
2024-05-02 23:34:40,195 [WARN] PackLoader:240 - Cannot read IP mode file for STMicroelectronics.X-CUBE-AZRTOS-WL.2.0.0
2024-05-02 23:34:40,203 [WARN] PackLoader:240 - Cannot read IP mode file for STMicroelectronics.FP-SNS-MOTENV1.5.0.0
2024-05-02 23:34:40,212 [WARN] PackLoader:240 - Cannot read IP mode file for WES.I-CUBE-Cesium.1.3.0
2024-05-02 23:34:40,218 [WARN] PackLoader:240 - Cannot read IP mode file for STMicroelectronics.X-CUBE-BLE2.3.3.0
2024-05-02 23:34:40,226 [WARN] PackLoader:240 - Cannot read IP mode file for STMicroelectronics.X-CUBE-TCPP.4.1.0
2024-05-02 23:34:40,236 [WARN] PackLoader:240 - Cannot read IP mode file for STMicroelectronics.X-CUBE-ALGOBUILD.1.3.0
2024-05-02 23:34:40,339 [WARN] PackLoader:240 - Cannot read IP mode file for STMicroelectronics.X-CUBE-AZRTOS-G0.1.1.0
2024-05-02 23:34:40,350 [WARN] PackLoader:240 - Cannot read IP mode file for STMicroelectronics.X-CUBE-SAFEA1.1.2.2
2024-05-02 23:34:40,356 [WARN] PackLoader:240 - Cannot read IP mode file for STMicroelectronics.X-CUBE-NFC4.3.0.0
2024-05-02 23:34:40,368 [WARN] PackLoader:240 - Cannot read IP mode file for STMicroelectronics.X-CUBE-BLEMGR.3.0.0
2024-05-02 23:34:40,375 [WARN] PackLoader:240 - Cannot read IP mode file for STMicroelectronics.FP-ATR-SIGFOX1.3.2.0
2024-05-02 23:34:40,381 [WARN] PackLoader:240 - Cannot read IP mode file for STMicroelectronics.X-CUBE-EEPRMA1.5.1.0
2024-05-02 23:34:40,427 [WARN] PackLoader:240 - Cannot read IP mode file for SEGGER.I-CUBE-embOS.1.3.1
2024-05-02 23:34:40,509 [WARN] PackLoader:240 - Cannot read IP mode file for STMicroelectronics.X-CUBE-GNSS1.6.0.0
2024-05-02 23:34:40,563 [WARN] PackLoader:240 - Cannot read IP mode file for STMicroelectronics.X-CUBE-AZRTOS-F4.1.1.0
2024-05-02 23:34:40,577 [WARN] PackLoader:240 - Cannot read IP mode file for wolfSSL.I-CUBE-wolfSSL.5.6.3
2024-05-02 23:34:40,586 [WARN] PackLoader:240 - Cannot read IP mode file for STMicroelectronics.X-CUBE-FREERTOS.1.2.0
2024-05-02 23:34:40,593 [WARN] PackLoader:240 - Cannot read IP mode file for wolfSSL.I-CUBE-wolfSSL.5.6.6
2024-05-02 23:34:40,643 [WARN] PackLoader:240 - Cannot read IP mode file for STMicroelectronics.X-CUBE-AZRTOS-L5.2.0.0
2024-05-02 23:34:40,799 [WARN] PackLoader:240 - Cannot read IP mode file for STMicroelectronics.X-CUBE-MEMS1.9.6.0
2024-05-02 23:34:41,167 [WARN] PackLoader:240 - Cannot read IP mode file for STMicroelectronics.X-CUBE-EEPRMA1.4.2.0
2024-05-02 23:34:41,182 [WARN] PackLoader:240 - Cannot read IP mode file for STMicroelectronics.X-CUBE-NFC6.3.1.0
2024-05-02 23:34:41,195 [WARN] PackLoader:240 - Cannot read IP mode file for ITTIA_DB.I-CUBE-ITTIADB.8.8.0
2024-05-02 23:34:41,211 [WARN] PackLoader:240 - Cannot read IP mode file for STMicroelectronics.X-CUBE-BLEMGR.2.0.0
2024-05-02 23:34:41,222 [WARN] PackLoader:240 - Cannot read IP mode file for STMicroelectronics.X-CUBE-AI.9.0.0
2024-05-02 23:34:41,271 [WARN] ConditionMgr:438 - getConditionDescription Invalid condition id : UX DEVICE CLASS RTOS Condition cause : null
2024-05-02 23:34:41,272 [WARN] ConditionMgr:438 - getConditionDescription Invalid condition id : UX DEVICE CLASS RTOS Condition cause : null
2024-05-02 23:34:41,281 [WARN] PackLoader:240 - Cannot read IP mode file for STMicroelectronics.X-CUBE-AZRTOS-H7.3.1.0
2024-05-02 23:34:41,283 [WARN] ConditionMgr:1039 - genDependencies : Invalid condition id : UX DEVICE CLASS RTOS Condition cause : null
2024-05-02 23:34:41,284 [WARN] ConditionMgr:1039 - genDependencies : Invalid condition id : UX DEVICE CLASS RTOS Condition cause : null
2024-05-02 23:34:41,285 [WARN] ConditionMgr:1039 - genDependencies : Invalid condition id : UX DEVICE CLASS RTOS Condition cause : null
2024-05-02 23:34:41,285 [WARN] ConditionMgr:1039 - genDependencies : Invalid condition id : UX DEVICE CLASS RTOS Condition cause : null
2024-05-02 23:34:41,286 [WARN] ConditionMgr:1039 - genDependencies : Invalid condition id : UX DEVICE CLASS RTOS Condition cause : null
2024-05-02 23:34:41,294 [WARN] PackLoader:240 - Cannot read IP mode file for STMicroelectronics.X-CUBE-NFC7.1.0.1
2024-05-02 23:34:41,305 [WARN] PackLoader:240 - Cannot read IP mode file for STMicroelectronics.X-CUBE-NFC6.3.0.0
2024-05-02 23:34:41,316 [WARN] PackLoader:240 - Cannot read IP mode file for STMicroelectronics.X-CUBE-EEPRMA1.4.1.0
2024-05-02 23:34:41,324 [WARN] PackLoader:240 - Cannot read IP mode file for STMicroelectronics.X-CUBE-AI.8.1.0
2024-05-02 23:34:41,354 [WARN] ConditionMgr:438 - getConditionDescription Invalid condition id : LAN8742 Phy interface Condition cause : null
2024-05-02 23:34:41,355 [WARN] PackLoader:240 - Cannot read IP mode file for STMicroelectronics.X-CUBE-AZRTOS-L4.2.0.0
2024-05-02 23:34:41,365 [WARN] ConditionMgr:1039 - genDependencies : Invalid condition id : LAN8742 Phy interface Condition cause : null
2024-05-02 23:34:41,366 [WARN] ConditionMgr:1039 - genDependencies : Invalid condition id : LAN8742 Phy interface Condition cause : null
2024-05-02 23:34:41,367 [WARN] ConditionMgr:1039 - genDependencies : Invalid condition id : LAN8742 Phy interface Condition cause : null
2024-05-02 23:34:41,384 [WARN] PackLoader:240 - Cannot read IP mode file for STMicroelectronics.X-CUBE-SFXS2LP1.4.0.0
2024-05-02 23:34:41,394 [WARN] PackLoader:240 - Cannot read IP mode file for STMicroelectronics.X-CUBE-ISPU.1.1.0
2024-05-02 23:34:41,419 [WARN] ConditionMgr:438 - getConditionDescription Invalid condition id : UX DEVICE CLASS RTOS Condition cause : null
2024-05-02 23:34:41,419 [WARN] ConditionMgr:438 - getConditionDescription Invalid condition id : UX DEVICE CLASS RTOS Condition cause : null
2024-05-02 23:34:41,424 [WARN] PackLoader:240 - Cannot read IP mode file for STMicroelectronics.X-CUBE-AZRTOS-WB.2.0.0
2024-05-02 23:34:41,426 [WARN] ConditionMgr:1039 - genDependencies : Invalid condition id : UX DEVICE CLASS RTOS Condition cause : null
2024-05-02 23:34:41,426 [WARN] ConditionMgr:1039 - genDependencies : Invalid condition id : UX DEVICE CLASS RTOS Condition cause : null
2024-05-02 23:34:41,427 [WARN] ConditionMgr:1039 - genDependencies : Invalid condition id : UX DEVICE CLASS RTOS Condition cause : null
2024-05-02 23:34:41,428 [WARN] ConditionMgr:1039 - genDependencies : Invalid condition id : UX DEVICE CLASS RTOS Condition cause : null
2024-05-02 23:34:41,428 [WARN] ConditionMgr:1039 - genDependencies : Invalid condition id : UX DEVICE CLASS RTOS Condition cause : null
2024-05-02 23:34:41,446 [WARN] PackLoader:240 - Cannot read IP mode file for STMicroelectronics.X-CUBE-SUBG2.5.0.0
2024-05-02 23:34:41,451 [INFO] WebApp:161 - Instantiating new browser for Auth
2024-05-02 23:34:41,478 [WARN] PackLoader:240 - Cannot read IP mode file for STMicroelectronics.X-CUBE-TOF1.3.3.1
2024-05-02 23:34:41,533 [WARN] PackLoader:240 - Cannot read IP mode file for STMicroelectronics.X-CUBE-AZRTOS-G4.2.0.0
2024-05-02 23:34:41,562 [WARN] PackLoader:240 - Cannot read IP mode file for Infineon.AIROC-Wi-Fi-Bluetooth-STM32.1.5.1
2024-05-02 23:34:41,573 [WARN] PackLoader:240 - Cannot read IP mode file for STMicroelectronics.FP-SNS-MOTENVWB1.1.3.0
2024-05-02 23:34:41,579 [WARN] PackLoader:240 - Cannot read IP mode file for STMicroelectronics.FP-SNS-MOTENVWB1.1.3.1
2024-05-02 23:34:41,585 [WARN] PackLoader:240 - Cannot read IP mode file for STMicroelectronics.X-CUBE-ISPU.2.0.0
2024-05-02 23:34:41,659 [WARN] PackLoader:240 - Cannot read IP mode file for STMicroelectronics.X-CUBE-MEMS1.10.0.0
2024-05-02 23:34:42,007 [WARN] PackLoader:240 - Cannot read IP mode file for STMicroelectronics.X-CUBE-FREERTOS.1.1.0
2024-05-02 23:34:42,015 [WARN] PackLoader:240 - Cannot read IP mode file for portGmbH.I-Cube-SoM-uGOAL.1.1.0
2024-05-02 23:34:42,020 [WARN] PackLoader:240 - Cannot read IP mode file for STMicroelectronics.X-CUBE-ALS.1.0.1
2024-05-02 23:34:42,063 [WARN] PackLoader:240 - Cannot read IP mode file for STMicroelectronics.X-CUBE-AZRTOS-H7RS.1.0.0
2024-05-02 23:34:42,075 [WARN] PackLoader:240 - Cannot read IP mode file for STMicroelectronics.FP-ATR-ASTRA1.2.0.0
2024-05-02 23:34:42,105 [WARN] PackLoader:240 - Cannot read IP mode file for STMicroelectronics.X-CUBE-TOF1.3.4.0
2024-05-02 23:34:42,166 [WARN] PackLoader:240 - Cannot read IP mode file for STMicroelectronics.X-CUBE-TOF1.3.4.1
2024-05-02 23:34:42,224 [WARN] PackLoader:240 - Cannot read IP mode file for STMicroelectronics.X-CUBE-AZRTOS-H7.3.2.0
2024-05-02 23:34:42,231 [INFO] ThirdParty:978 - Integrity check success = true
2024-05-02 23:34:42,231 [INFO] IntegrityCheckThread:100 - exiting critical section [integrity check]
2024-05-02 23:34:42,231 [INFO] IntegrityCheckThread:103 - End integrity checks thread
2024-05-02 23:34:42,637 [INFO] WebApp:780 - Register for checkConnection events
2024-05-02 23:34:42,638 [INFO] WebApp:414 - Apply proxy settings
2024-05-02 23:34:42,638 [INFO] WebApp:499 - Chromium requires no authentication
2024-05-02 23:34:42,648 [INFO] WebApp:442 - Direct internet connection detected
2024-05-02 23:34:42,856 [INFO] WebApp:192 - Starting web application
2024-05-02 23:34:42,856 [INFO] WebApp:544 - Web application path used /opt/st/stm32cubeide_1.14.0/plugins/com.st.stm32cube.common.mx_6.10.0.202311202037/db/plugins/mcufinder/reactClient1/index.html
2024-05-02 23:35:03,237 [ERROR] LogOutputStream:75 - [STDERR_REDIRECT] SLF4J: Failed to load class "org.slf4j.impl.StaticLoggerBinder".
2024-05-02 23:35:03,237 [ERROR] LogOutputStream:75 - [STDERR_REDIRECT] SLF4J: Defaulting to no-operation (NOP) logger implementation
2024-05-02 23:35:03,238 [ERROR] LogOutputStream:75 - [STDERR_REDIRECT] SLF4J: See http://www.slf4j.org/codes.html#StaticLoggerBinder for further details.
