2024-02-20 21:29:08,738 [INFO] Activator:176 - 


2024-02-20 21:29:08,747 [INFO] Activator:177 - !SESSION log4j initialized
2024-02-20 21:29:16,830 [INFO] LogOutputStream:77 - [STDOUT_REDIRECT] 
2024-02-20 21:29:18,609 [INFO] ApplicationProperties:184 - Using Application install path: /opt/st/stm32cubeide_1.14.0/plugins/com.st.stm32cube.common.mx_6.10.0.202311202037
2024-02-20 21:29:18,634 [INFO] DbMcusXml:78 - Set database path to: /opt/st/stm32cubeide_1.14.0/plugins/com.st.stm32cube.common.mx_6.10.0.202311202037//db//mcu/
2024-02-20 21:29:18,635 [INFO] ApiDb:274 - Set plugin database path to: /opt/st/stm32cubeide_1.14.0/plugins/com.st.stm32cube.common.mx_6.10.0.202311202037//db//plugins/boardmanager/
2024-02-20 21:29:18,635 [WARN] ApiDb:259 - Overriding images path with different value:  => /opt/st/stm32cubeide_1.14.0/plugins/com.st.stm32cube.common.mx_6.10.0.202311202037//db//plugins/mcufinder/images/
2024-02-20 21:29:18,644 [INFO] ApiDb:250 - Set database path to: /home/fede/.stmcufinder/plugins/mcufinder//mcu/
2024-02-20 21:29:18,646 [INFO] DbMcusAds:125 - Set database path to: /home/fede/.stmcufinder/plugins/mcufinder//mcu/
2024-02-20 21:29:18,649 [INFO] CrossReferenceDbSqlite:203 - Set database path to: /home/fede/.stmcufinder/plugins/mcufinder//mcu/cs/
2024-02-20 21:29:18,814 [INFO] RulesReader:64 - Compatibility file has been processed (297 Rules)
2024-02-20 21:29:18,917 [INFO] DbMcusXml:78 - Set database path to: /opt/st/stm32cubeide_1.14.0/plugins/com.st.stm32cube.common.mx_6.10.0.202311202037//db//mcu/
2024-02-20 21:29:18,918 [INFO] ApiDb:274 - Set plugin database path to: /opt/st/stm32cubeide_1.14.0/plugins/com.st.stm32cube.common.mx_6.10.0.202311202037//db//plugins/boardmanager/
2024-02-20 21:29:18,918 [INFO] ApiDb:261 - Set plugin images path to: /opt/st/stm32cubeide_1.14.0/plugins/com.st.stm32cube.common.mx_6.10.0.202311202037//db//plugins/mcufinder/images/
2024-02-20 21:29:18,918 [WARN] DbFile:41 - Overriding database path with different value: /home/fede/.stmcufinder/plugins/mcufinder/ => /home/fede/.stmcufinder/plugins/mcufinder
2024-02-20 21:29:18,918 [INFO] ApiDb:250 - Set database path to: /home/fede/.stmcufinder/plugins/mcufinder//mcu/
2024-02-20 21:29:18,918 [WARN] DbFile:41 - Overriding database path with different value: /home/fede/.stmcufinder/plugins/mcufinder/ => /home/fede/.stmcufinder/plugins/mcufinder
2024-02-20 21:29:18,919 [INFO] DbMcusAds:125 - Set database path to: /home/fede/.stmcufinder/plugins/mcufinder//mcu/
2024-02-20 21:29:18,919 [WARN] DbFile:41 - Overriding database path with different value: /home/fede/.stmcufinder/plugins/mcufinder/ => /home/fede/.stmcufinder/plugins/mcufinder
2024-02-20 21:29:18,919 [WARN] DbFile:41 - Overriding database path with different value: /home/fede/.stmcufinder/plugins/mcufinder/ => /home/fede/.stmcufinder/plugins/mcufinder
2024-02-20 21:29:18,919 [INFO] CrossReferenceDbSqlite:203 - Set database path to: /home/fede/.stmcufinder/plugins/mcufinder//mcu/cs/
2024-02-20 21:29:19,018 [INFO] MainPanel:264 - HeapMemory: 268435456
2024-02-20 21:29:19,131 [INFO] DbMcusXml:78 - Set database path to: /opt/st/stm32cubeide_1.14.0/plugins/com.st.stm32cube.common.mx_6.10.0.202311202037//db//mcu/
2024-02-20 21:29:19,131 [INFO] ApiDb:274 - Set plugin database path to: /opt/st/stm32cubeide_1.14.0/plugins/com.st.stm32cube.common.mx_6.10.0.202311202037//db//plugins/boardmanager/
2024-02-20 21:29:19,131 [INFO] ApiDb:261 - Set plugin images path to: /opt/st/stm32cubeide_1.14.0/plugins/com.st.stm32cube.common.mx_6.10.0.202311202037//db//plugins/mcufinder/images/
2024-02-20 21:29:19,132 [WARN] DbFile:41 - Overriding database path with different value: /home/fede/.stmcufinder/plugins/mcufinder/ => /home/fede/.stmcufinder/plugins/mcufinder
2024-02-20 21:29:19,132 [INFO] ApiDb:250 - Set database path to: /home/fede/.stmcufinder/plugins/mcufinder//mcu/
2024-02-20 21:29:19,132 [WARN] DbFile:41 - Overriding database path with different value: /home/fede/.stmcufinder/plugins/mcufinder/ => /home/fede/.stmcufinder/plugins/mcufinder
2024-02-20 21:29:19,132 [INFO] DbMcusAds:125 - Set database path to: /home/fede/.stmcufinder/plugins/mcufinder//mcu/
2024-02-20 21:29:19,132 [WARN] DbFile:41 - Overriding database path with different value: /home/fede/.stmcufinder/plugins/mcufinder/ => /home/fede/.stmcufinder/plugins/mcufinder
2024-02-20 21:29:19,132 [WARN] DbFile:41 - Overriding database path with different value: /home/fede/.stmcufinder/plugins/mcufinder/ => /home/fede/.stmcufinder/plugins/mcufinder
2024-02-20 21:29:19,133 [INFO] CrossReferenceDbSqlite:203 - Set database path to: /home/fede/.stmcufinder/plugins/mcufinder//mcu/cs/
2024-02-20 21:29:19,153 [INFO] ApplicationProperties:184 - Using Application install path: /opt/st/stm32cubeide_1.14.0/plugins/com.st.stm32cube.common.mx_6.10.0.202311202037
2024-02-20 21:29:19,155 [INFO] PluginManage:196 - Search for loadable plugins [exclusion list=, ]
2024-02-20 21:29:19,156 [INFO] PluginManage:310 - Check plugin analytics
2024-02-20 21:29:19,351 [INFO] AnalyticsPlugin:253 - Accepted Software Licenses: 
2024-02-20 21:29:19,352 [INFO] AnalyticsPlugin:255 - Accepted CMSIS Pack Licenses: 
2024-02-20 21:29:19,352 [INFO] AnalyticsPlugin:257 - Accepted Firmware Licenses: FW.F7.1.17.0
2024-02-20 21:29:19,356 [INFO] PluginManage:359 - Loaded plugin analytics (category:tool,tabindex:-1)
2024-02-20 21:29:19,356 [INFO] PluginManage:310 - Check plugin cadmodel
2024-02-20 21:29:19,615 [INFO] CADModel:105 - Init CAD model plugin
2024-02-20 21:29:19,615 [INFO] PluginManage:359 - Loaded plugin cadmodel (category:power,tabindex:5)
2024-02-20 21:29:19,615 [INFO] PluginManage:310 - Check plugin clock
2024-02-20 21:29:19,627 [INFO] PluginManage:359 - Loaded plugin clock (category:base,tabindex:2)
2024-02-20 21:29:19,627 [INFO] PluginManage:310 - Check plugin ddr
2024-02-20 21:29:19,630 [INFO] PluginManage:359 - Loaded plugin ddr (category:tool,tabindex:6)
2024-02-20 21:29:19,630 [INFO] PluginManage:310 - Check plugin filemanager
2024-02-20 21:29:19,810 [INFO] PluginManage:359 - Loaded plugin filemanager (category:base,tabindex:10)
2024-02-20 21:29:19,810 [INFO] PluginManage:310 - Check plugin ipmanager
2024-02-20 21:29:19,819 [INFO] PluginManage:359 - Loaded plugin ipmanager (category:base,tabindex:5)
2024-02-20 21:29:19,819 [INFO] PluginManage:310 - Check plugin lpbam
2024-02-20 21:29:19,831 [INFO] PluginManage:359 - Loaded plugin lpbam (category:base,tabindex:0)
2024-02-20 21:29:19,831 [INFO] PluginManage:310 - Check plugin memorymap
2024-02-20 21:29:19,848 [INFO] PluginManage:359 - Loaded plugin memorymap (category:base,tabindex:4)
2024-02-20 21:29:19,848 [INFO] PluginManage:310 - Check plugin pinoutandconfiguration
2024-02-20 21:29:19,857 [INFO] PluginManage:359 - Loaded plugin pinoutandconfiguration (category:base,tabindex:1)
2024-02-20 21:29:19,857 [INFO] PluginManage:310 - Check plugin pinoutconfig
2024-02-20 21:29:19,968 [WARN] SupportedApi:132 - Cannot load RTOS API schema: s4s-elt-must-match.1: The content of 'definitions' must match (annotation?, (simpleType | complexType)?, (unique | key | keyref)*)). A problem was found starting at: attribute.
2024-02-20 21:29:20,143 [INFO] PluginManage:359 - Loaded plugin pinoutconfig (category:base,tabindex:0)
2024-02-20 21:29:20,143 [INFO] PluginManage:310 - Check plugin power
2024-02-20 21:29:20,154 [INFO] PluginManage:359 - Loaded plugin power (category:power,tabindex:4)
2024-02-20 21:29:20,154 [INFO] PluginManage:310 - Check plugin projectmanager
2024-02-20 21:29:20,172 [INFO] PluginManage:359 - Loaded plugin projectmanager (category:projectmanager,tabindex:3)
2024-02-20 21:29:20,173 [INFO] PluginManage:310 - Check plugin thirdparty
2024-02-20 21:29:20,335 [INFO] PluginManage:359 - Loaded plugin thirdparty (category:base,tabindex:-1)
2024-02-20 21:29:20,335 [WARN] IntegrityCheckThread:84 - waiting for thirdparty lock release [integrity check]
2024-02-20 21:29:20,336 [INFO] PluginManage:310 - Check plugin tools
2024-02-20 21:29:20,336 [INFO] IntegrityCheckThread:86 - entering critical section [integrity check]
2024-02-20 21:29:20,336 [INFO] ThirdPartyUpdaterWithRetryManager:70 - Updater plugin not ready yet. [1/15]
2024-02-20 21:29:20,339 [INFO] PluginManage:359 - Loaded plugin tools (category:base,tabindex:7)
2024-02-20 21:29:20,339 [INFO] PluginManage:310 - Check plugin tutovideos
2024-02-20 21:29:20,623 [INFO] PluginManage:359 - Loaded plugin tutovideos (category:base,tabindex:-1)
2024-02-20 21:29:20,624 [INFO] PluginManage:310 - Check plugin updater
2024-02-20 21:29:20,636 [INFO] PluginManage:359 - Loaded plugin updater (category:base,tabindex:12)
2024-02-20 21:29:20,637 [INFO] PluginManage:310 - Check plugin userauth
2024-02-20 21:29:20,643 [INFO] UserAuth:114 - Init User Auth plugin
2024-02-20 21:29:20,644 [INFO] PluginManage:359 - Loaded plugin userauth (category:base,tabindex:14)
2024-02-20 21:29:20,645 [INFO] PluginManage:283 - PluginManage : Loaded plugins [17]
2024-02-20 21:29:20,955 [INFO] PinOutPanel:1499 - setPackage(No Configuration,No Configuration)
2024-02-20 21:29:21,064 [INFO] CADModel:165 - CPN selected for project level
2024-02-20 21:29:21,065 [INFO] CADModel:114 - Register for checkConnection events
2024-02-20 21:29:21,087 [INFO] IPUIPlugin:80 - create IPUIPlugin
2024-02-20 21:29:21,087 [INFO] PluginManager:220 - loadIPPluginJar : add gfxmmu
2024-02-20 21:29:21,090 [INFO] IPUIPlugin:80 - create IPUIPlugin
2024-02-20 21:29:21,091 [INFO] PluginManager:220 - loadIPPluginJar : add comp
2024-02-20 21:29:21,096 [INFO] IPUIPlugin:80 - create IPUIPlugin
2024-02-20 21:29:21,096 [INFO] PluginManager:220 - loadIPPluginJar : add usbx
2024-02-20 21:29:21,109 [INFO] IPUIPlugin:80 - create IPUIPlugin
2024-02-20 21:29:21,109 [INFO] PluginManager:220 - loadIPPluginJar : add linkedlist
2024-02-20 21:29:21,123 [INFO] IPUIPlugin:80 - create IPUIPlugin
2024-02-20 21:29:21,124 [INFO] PluginManager:220 - loadIPPluginJar : add mdma
2024-02-20 21:29:21,129 [INFO] IPUIPlugin:80 - create IPUIPlugin
2024-02-20 21:29:21,129 [INFO] PluginManager:220 - loadIPPluginJar : add i3c
2024-02-20 21:29:21,133 [INFO] IPUIPlugin:80 - create IPUIPlugin
2024-02-20 21:29:21,133 [INFO] PluginManager:220 - loadIPPluginJar : add cryp
2024-02-20 21:29:21,135 [INFO] IPUIPlugin:80 - create IPUIPlugin
2024-02-20 21:29:21,136 [INFO] PluginManager:220 - loadIPPluginJar : add quadspi
2024-02-20 21:29:21,138 [INFO] IPUIPlugin:80 - create IPUIPlugin
2024-02-20 21:29:21,138 [INFO] PluginManager:220 - loadIPPluginJar : add tsc
2024-02-20 21:29:21,141 [INFO] IPUIPlugin:80 - create IPUIPlugin
2024-02-20 21:29:21,142 [INFO] PluginManager:220 - loadIPPluginJar : add hash
2024-02-20 21:29:21,146 [INFO] IPUIPlugin:80 - create IPUIPlugin
2024-02-20 21:29:21,147 [INFO] PluginManager:220 - loadIPPluginJar : add aes
2024-02-20 21:29:21,151 [INFO] IPUIPlugin:80 - create IPUIPlugin
2024-02-20 21:29:21,151 [INFO] PluginManager:220 - loadIPPluginJar : add i2c
2024-02-20 21:29:21,156 [INFO] IPUIPlugin:80 - create IPUIPlugin
2024-02-20 21:29:21,156 [INFO] PluginManager:220 - loadIPPluginJar : add gtzc
2024-02-20 21:29:21,169 [INFO] IPUIPlugin:80 - create IPUIPlugin
2024-02-20 21:29:21,169 [INFO] PluginManager:220 - loadIPPluginJar : add stm32_wpan
2024-02-20 21:29:21,180 [INFO] IPUIPlugin:80 - create IPUIPlugin
2024-02-20 21:29:21,186 [INFO] PluginManager:220 - loadIPPluginJar : add plateformsettings
2024-02-20 21:29:21,196 [INFO] IPUIPlugin:80 - create IPUIPlugin
2024-02-20 21:29:21,197 [INFO] PluginManager:220 - loadIPPluginJar : add adc
2024-02-20 21:29:21,202 [INFO] IPUIPlugin:80 - create IPUIPlugin
2024-02-20 21:29:21,202 [INFO] PluginManager:220 - loadIPPluginJar : add sai
2024-02-20 21:29:21,211 [INFO] IPUIPlugin:80 - create IPUIPlugin
2024-02-20 21:29:21,212 [INFO] PluginManager:220 - loadIPPluginJar : add gic
2024-02-20 21:29:21,217 [INFO] IPUIPlugin:80 - create IPUIPlugin
2024-02-20 21:29:21,217 [INFO] PluginManager:220 - loadIPPluginJar : add opamp
2024-02-20 21:29:21,221 [INFO] IPUIPlugin:80 - create IPUIPlugin
2024-02-20 21:29:21,221 [INFO] PluginManager:220 - loadIPPluginJar : add i2s
2024-02-20 21:29:21,226 [INFO] IPUIPlugin:80 - create IPUIPlugin
2024-02-20 21:29:21,226 [INFO] PluginManager:220 - loadIPPluginJar : add touchsensing
2024-02-20 21:29:21,228 [INFO] IPUIPlugin:80 - create IPUIPlugin
2024-02-20 21:29:21,229 [INFO] PluginManager:220 - loadIPPluginJar : add dma3
2024-02-20 21:29:21,236 [INFO] IPUIPlugin:80 - create IPUIPlugin
2024-02-20 21:29:21,236 [INFO] PluginManager:220 - loadIPPluginJar : add gpio
2024-02-20 21:29:21,239 [INFO] IPUIPlugin:80 - create IPUIPlugin
2024-02-20 21:29:21,240 [INFO] PluginManager:220 - loadIPPluginJar : add lorawan
2024-02-20 21:29:21,242 [INFO] IPUIPlugin:80 - create IPUIPlugin
2024-02-20 21:29:21,243 [INFO] PluginManager:220 - loadIPPluginJar : add tracer_emb
2024-02-20 21:29:21,248 [INFO] IPUIPlugin:80 - create IPUIPlugin
2024-02-20 21:29:21,248 [INFO] PluginManager:220 - loadIPPluginJar : add ipddr
2024-02-20 21:29:21,252 [INFO] IPUIPlugin:80 - create IPUIPlugin
2024-02-20 21:29:21,252 [INFO] PluginManager:220 - loadIPPluginJar : add resmgrutility
2024-02-20 21:29:21,258 [INFO] IPUIPlugin:80 - create IPUIPlugin
2024-02-20 21:29:21,258 [INFO] PluginManager:220 - loadIPPluginJar : add fmc
2024-02-20 21:29:21,260 [INFO] IPUIPlugin:80 - create IPUIPlugin
2024-02-20 21:29:21,260 [INFO] PluginManager:220 - loadIPPluginJar : add tim
2024-02-20 21:29:21,262 [INFO] IPUIPlugin:80 - create IPUIPlugin
2024-02-20 21:29:21,262 [INFO] PluginManager:220 - loadIPPluginJar : add ltdc
2024-02-20 21:29:21,264 [INFO] IPUIPlugin:80 - create IPUIPlugin
2024-02-20 21:29:21,264 [INFO] PluginManager:220 - loadIPPluginJar : add genericplugin
2024-02-20 21:29:21,274 [INFO] IPUIPlugin:80 - create IPUIPlugin
2024-02-20 21:29:21,274 [INFO] PluginManager:220 - loadIPPluginJar : add dma
2024-02-20 21:29:21,278 [INFO] IPUIPlugin:80 - create IPUIPlugin
2024-02-20 21:29:21,278 [INFO] PluginManager:220 - loadIPPluginJar : add usart
2024-02-20 21:29:21,283 [INFO] IPUIPlugin:80 - create IPUIPlugin
2024-02-20 21:29:21,283 [INFO] PluginManager:220 - loadIPPluginJar : add openamp
2024-02-20 21:29:21,285 [INFO] IPUIPlugin:80 - create IPUIPlugin
2024-02-20 21:29:21,286 [INFO] PluginManager:220 - loadIPPluginJar : add fatfs
2024-02-20 21:29:21,289 [INFO] IPUIPlugin:80 - create IPUIPlugin
2024-02-20 21:29:21,290 [INFO] PluginManager:220 - loadIPPluginJar : add spi
2024-02-20 21:29:21,294 [INFO] IPUIPlugin:80 - create IPUIPlugin
2024-02-20 21:29:21,294 [INFO] PluginManager:220 - loadIPPluginJar : add dfsdm
2024-02-20 21:29:21,299 [INFO] IPUIPlugin:80 - create IPUIPlugin
2024-02-20 21:29:21,299 [INFO] PluginManager:220 - loadIPPluginJar : add can
2024-02-20 21:29:21,307 [INFO] IPUIPlugin:80 - create IPUIPlugin
2024-02-20 21:29:21,307 [INFO] PluginManager:220 - loadIPPluginJar : add nvic
2024-02-20 21:29:21,319 [INFO] IPUIPlugin:80 - create IPUIPlugin
2024-02-20 21:29:21,319 [INFO] PluginManager:220 - loadIPPluginJar : add freertos
2024-02-20 21:29:21,324 [INFO] IPUIPlugin:80 - create IPUIPlugin
2024-02-20 21:29:21,325 [INFO] PluginManager:220 - loadIPPluginJar : add pdm2pcm
2024-02-20 21:29:21,328 [INFO] IPUIPlugin:80 - create IPUIPlugin
2024-02-20 21:29:21,328 [INFO] PluginManager:220 - loadIPPluginJar : add ts
2024-02-20 21:29:21,331 [INFO] IPUIPlugin:80 - create IPUIPlugin
2024-02-20 21:29:21,332 [INFO] PluginManager:220 - loadIPPluginJar : add ucpd
2024-02-20 21:29:21,460 [INFO] CADModel:165 - CPN selected for project level
2024-02-20 21:29:21,460 [INFO] CADModel:114 - Register for checkConnection events
2024-02-20 21:29:21,460 [FATAL] Updater:308 - Updater called before beeing initialized
2024-02-20 21:29:21,460 [ERROR] CADModel:125 - Updater not yet initialized, retry later 
2024-02-20 21:29:21,668 [INFO] CADModel:165 - CPN selected for project level
2024-02-20 21:29:21,669 [INFO] CADModel:114 - Register for checkConnection events
2024-02-20 21:29:21,669 [FATAL] Updater:308 - Updater called before beeing initialized
2024-02-20 21:29:21,669 [ERROR] CADModel:125 - Updater not yet initialized, retry later 
2024-02-20 21:29:21,674 [FATAL] Updater:308 - Updater called before beeing initialized
2024-02-20 21:29:21,833 [FATAL] Updater:308 - Updater called before beeing initialized
2024-02-20 21:29:21,841 [INFO] DbMcusAds:53 - JSON generation date=Wed Nov 29 07:52:27 ART 2023 (1701255147349)
2024-02-20 21:29:21,841 [FATAL] Updater:308 - Updater called before beeing initialized
2024-02-20 21:29:21,912 [WARN] DetailPanel:346 - Failed to get advertising image, set to default
2024-02-20 21:29:22,100 [FATAL] Updater:308 - Updater called before beeing initialized
2024-02-20 21:29:22,103 [FATAL] Updater:308 - Updater called before beeing initialized
2024-02-20 21:29:22,103 [FATAL] Updater:308 - Updater called before beeing initialized
2024-02-20 21:29:22,103 [WARN] DetailPanel:346 - Failed to get advertising image, set to default
2024-02-20 21:29:22,105 [FATAL] Updater:308 - Updater called before beeing initialized
2024-02-20 21:29:22,189 [ERROR] Updater:1120 - MainUpdater not yet initialized. External WinMGr cannot be set.
2024-02-20 21:29:22,193 [INFO] Updater:1056 - Updater Version found : 6.10.0
2024-02-20 21:29:22,256 [INFO] ApplicationProperties:184 - Using Application install path: /opt/st/stm32cubeide_1.14.0/plugins/com.st.stm32cube.common.mx_6.10.0.202311202037
2024-02-20 21:29:23,015 [INFO] MainUpdater:2873 - connection check result : 10
2024-02-20 21:29:23,016 [INFO] MainUpdater:3567 - Updater definition file requires update
2024-02-20 21:29:23,017 [INFO] MainUpdater:290 - Updater Check For Update Now.
2024-02-20 21:29:23,017 [INFO] MicroXplorer:498 - Change Database Version : DB.6.0.100
2024-02-20 21:29:23,023 [INFO] McuFinderGlobals:63 - Set McuFinder mode to 2 (CubeIDE integrated)
2024-02-20 21:29:23,076 [INFO] ServerAccessManage:473 - Download File updaters.zip
2024-02-20 21:29:23,337 [WARN] MainUpdater:1194 - Updater busy. Cannot search thirdparties
2024-02-20 21:29:23,338 [INFO] ThirdPartyUpdaterWithRetryManager:96 - Updater plugin is busy. [1/15]
2024-02-20 21:29:23,427 [INFO] FileExtend:240 - Unzip File : updaters.zip
2024-02-20 21:29:23,428 [INFO] FileExtend:255 - Standard Zip Deflate
2024-02-20 21:29:23,948 [INFO] ServerAccessManage:473 - Download File PacksControlFlags.xml
2024-02-20 21:29:24,197 [INFO] ServerAccessManage:473 - Download File cubemx.pidx
2024-02-20 21:29:24,569 [INFO] LoadServerUpdatesThread:375 - End of LoadServerUpdate Thread
2024-02-20 21:29:24,794 [INFO] UserAuth:404 - Internet connection configuration mode: 1
2024-02-20 21:29:24,885 [INFO] JxBrowserEngine:152 - Initiate JxBrowser Engine with user profile folder
2024-02-20 21:29:24,968 [INFO] CheckServerUpdateThread:120 - End of CheckServer Thread
2024-02-20 21:29:26,794 [WARN] PackLoader:240 - Cannot read IP mode file for STMicroelectronics.X-CUBE-SMBUS.2.1.0
2024-02-20 21:29:26,856 [WARN] PackLoader:240 - Cannot read IP mode file for STMicroelectronics.X-CUBE-TOUCHGFX.4.23.0
2024-02-20 21:29:27,024 [WARN] PackLoader:240 - Cannot read IP mode file for STMicroelectronics.X-CUBE-AZRTOS-F7.1.1.0
2024-02-20 21:29:27,087 [WARN] PackLoader:240 - Cannot read IP mode file for STMicroelectronics.FP-SNS-MOTENV1.4.3.2
2024-02-20 21:29:27,139 [WARN] PackLoader:240 - Cannot read IP mode file for STMicroelectronics.X-CUBE-DISPLAY.3.0.0
2024-02-20 21:29:27,181 [WARN] PackLoader:240 - Cannot read IP mode file for emotas.I-CUBE-CANOPEN.1.3.0
2024-02-20 21:29:27,190 [WARN] PackLoader:240 - Cannot read IP mode file for STMicroelectronics.X-CUBE-TOUCHGFX.4.22.0
2024-02-20 21:29:27,200 [WARN] PackLoader:240 - Cannot read IP mode file for STMicroelectronics.X-CUBE-TOUCHGFX.4.22.1
2024-02-20 21:29:27,246 [INFO] LogOutputStream:77 - [STDOUT_REDIRECT] 1 : Invalid condition id : UX_CORESTACK_Condition cause : null
2024-02-20 21:29:27,247 [INFO] LogOutputStream:77 - [STDOUT_REDIRECT] 1 : Invalid condition id : UX_CORESTACK_Condition cause : null
2024-02-20 21:29:27,248 [INFO] LogOutputStream:77 - [STDOUT_REDIRECT] 1 : Invalid condition id : UX_CORESTACK_Condition cause : null
2024-02-20 21:29:27,249 [INFO] LogOutputStream:77 - [STDOUT_REDIRECT] 1 : Invalid condition id : UX_CORESTACK_Condition cause : null
2024-02-20 21:29:27,249 [INFO] LogOutputStream:77 - [STDOUT_REDIRECT] 1 : Invalid condition id : UX_CORESTACK_Condition cause : null
2024-02-20 21:29:27,270 [WARN] PackLoader:240 - Cannot read IP mode file for STMicroelectronics.X-CUBE-AZRTOS-WL.2.0.0
2024-02-20 21:29:27,301 [WARN] PackLoader:240 - Cannot read IP mode file for WES.I-CUBE-Cesium.1.3.0
2024-02-20 21:29:27,323 [WARN] PackLoader:240 - Cannot read IP mode file for STMicroelectronics.X-CUBE-BLE2.3.3.0
2024-02-20 21:29:27,357 [WARN] PackLoader:240 - Cannot read IP mode file for STMicroelectronics.X-CUBE-ALGOBUILD.1.3.0
2024-02-20 21:29:27,441 [WARN] PackLoader:240 - Cannot read IP mode file for STMicroelectronics.X-CUBE-AZRTOS-G0.1.1.0
2024-02-20 21:29:27,487 [WARN] PackLoader:240 - Cannot read IP mode file for STMicroelectronics.X-CUBE-NFC4.3.0.0
2024-02-20 21:29:27,526 [WARN] PackLoader:240 - Cannot read IP mode file for STMicroelectronics.X-CUBE-BLEMGR.3.0.0
2024-02-20 21:29:27,546 [WARN] PackLoader:240 - Cannot read IP mode file for STMicroelectronics.FP-ATR-SIGFOX1.3.2.0
2024-02-20 21:29:27,565 [WARN] PackLoader:240 - Cannot read IP mode file for STMicroelectronics.X-CUBE-EEPRMA1.5.1.0
2024-02-20 21:29:27,565 [INFO] WebApp:161 - Instantiating new browser for Auth
2024-02-20 21:29:27,788 [WARN] PackLoader:240 - Cannot read IP mode file for SEGGER.I-CUBE-embOS.1.3.1
2024-02-20 21:29:27,945 [WARN] PackLoader:240 - Cannot read IP mode file for STMicroelectronics.X-CUBE-GNSS1.6.0.0
2024-02-20 21:29:28,039 [WARN] PackLoader:240 - Cannot read IP mode file for STMicroelectronics.X-CUBE-AZRTOS-F4.1.1.0
2024-02-20 21:29:28,191 [WARN] PackLoader:240 - Cannot read IP mode file for STMicroelectronics.X-CUBE-MEMS1.9.6.0
2024-02-20 21:29:28,838 [WARN] PackLoader:240 - Cannot read IP mode file for STMicroelectronics.X-CUBE-EEPRMA1.4.2.0
2024-02-20 21:29:28,851 [WARN] PackLoader:240 - Cannot read IP mode file for ITTIA_DB.I-CUBE-ITTIADB.8.8.0
2024-02-20 21:29:28,869 [WARN] PackLoader:240 - Cannot read IP mode file for STMicroelectronics.X-CUBE-BLEMGR.2.0.0
2024-02-20 21:29:28,914 [WARN] ConditionMgr:438 - getConditionDescription Invalid condition id : UX DEVICE CLASS RTOS Condition cause : null
2024-02-20 21:29:28,915 [WARN] ConditionMgr:438 - getConditionDescription Invalid condition id : UX DEVICE CLASS RTOS Condition cause : null
2024-02-20 21:29:28,925 [WARN] PackLoader:240 - Cannot read IP mode file for STMicroelectronics.X-CUBE-AZRTOS-H7.3.1.0
2024-02-20 21:29:28,928 [WARN] ConditionMgr:1039 - genDependencies : Invalid condition id : UX DEVICE CLASS RTOS Condition cause : null
2024-02-20 21:29:28,928 [WARN] ConditionMgr:1039 - genDependencies : Invalid condition id : UX DEVICE CLASS RTOS Condition cause : null
2024-02-20 21:29:28,931 [WARN] ConditionMgr:1039 - genDependencies : Invalid condition id : UX DEVICE CLASS RTOS Condition cause : null
2024-02-20 21:29:28,932 [WARN] ConditionMgr:1039 - genDependencies : Invalid condition id : UX DEVICE CLASS RTOS Condition cause : null
2024-02-20 21:29:28,932 [WARN] ConditionMgr:1039 - genDependencies : Invalid condition id : UX DEVICE CLASS RTOS Condition cause : null
2024-02-20 21:29:28,946 [WARN] PackLoader:240 - Cannot read IP mode file for STMicroelectronics.X-CUBE-NFC7.1.0.1
2024-02-20 21:29:28,955 [WARN] PackLoader:240 - Cannot read IP mode file for STMicroelectronics.X-CUBE-EEPRMA1.4.1.0
2024-02-20 21:29:29,003 [WARN] ConditionMgr:438 - getConditionDescription Invalid condition id : LAN8742 Phy interface Condition cause : null
2024-02-20 21:29:29,005 [WARN] PackLoader:240 - Cannot read IP mode file for STMicroelectronics.X-CUBE-AZRTOS-L4.2.0.0
2024-02-20 21:29:29,008 [WARN] ConditionMgr:1039 - genDependencies : Invalid condition id : LAN8742 Phy interface Condition cause : null
2024-02-20 21:29:29,009 [WARN] ConditionMgr:1039 - genDependencies : Invalid condition id : LAN8742 Phy interface Condition cause : null
2024-02-20 21:29:29,011 [WARN] ConditionMgr:1039 - genDependencies : Invalid condition id : LAN8742 Phy interface Condition cause : null
2024-02-20 21:29:29,034 [WARN] PackLoader:240 - Cannot read IP mode file for STMicroelectronics.X-CUBE-SFXS2LP1.4.0.0
2024-02-20 21:29:29,056 [WARN] PackLoader:240 - Cannot read IP mode file for STMicroelectronics.X-CUBE-ISPU.1.1.0
2024-02-20 21:29:29,102 [WARN] PackLoader:240 - Cannot read IP mode file for STMicroelectronics.X-CUBE-SUBG2.5.0.0
2024-02-20 21:29:29,167 [WARN] PackLoader:240 - Cannot read IP mode file for STMicroelectronics.X-CUBE-TOF1.3.3.1
2024-02-20 21:29:29,303 [WARN] PackLoader:240 - Cannot read IP mode file for STMicroelectronics.X-CUBE-AZRTOS-G4.2.0.0
2024-02-20 21:29:29,367 [WARN] PackLoader:240 - Cannot read IP mode file for Infineon.AIROC-Wi-Fi-Bluetooth-STM32.1.5.1
2024-02-20 21:29:29,395 [WARN] PackLoader:240 - Cannot read IP mode file for STMicroelectronics.FP-SNS-MOTENVWB1.1.3.0
2024-02-20 21:29:29,421 [WARN] PackLoader:240 - Cannot read IP mode file for STMicroelectronics.FP-SNS-MOTENVWB1.1.3.1
2024-02-20 21:29:29,432 [WARN] PackLoader:240 - Cannot read IP mode file for STMicroelectronics.X-CUBE-ISPU.2.0.0
2024-02-20 21:29:29,567 [WARN] PackLoader:240 - Cannot read IP mode file for STMicroelectronics.X-CUBE-MEMS1.10.0.0
2024-02-20 21:29:29,985 [WARN] PackLoader:240 - Cannot read IP mode file for portGmbH.I-Cube-SoM-uGOAL.1.1.0
2024-02-20 21:29:29,994 [WARN] PackLoader:240 - Cannot read IP mode file for STMicroelectronics.X-CUBE-ALS.1.0.1
2024-02-20 21:29:30,003 [WARN] PackLoader:240 - Cannot read IP mode file for STMicroelectronics.FP-ATR-ASTRA1.2.0.0
2024-02-20 21:29:30,033 [WARN] PackLoader:240 - Cannot read IP mode file for STMicroelectronics.X-CUBE-TOF1.3.4.0
2024-02-20 21:29:30,121 [WARN] PackLoader:240 - Cannot read IP mode file for STMicroelectronics.X-CUBE-AZRTOS-H7.3.2.0
2024-02-20 21:29:30,131 [INFO] ThirdParty:978 - Integrity check success = true
2024-02-20 21:29:30,132 [INFO] IntegrityCheckThread:100 - exiting critical section [integrity check]
2024-02-20 21:29:30,132 [INFO] IntegrityCheckThread:103 - End integrity checks thread
2024-02-20 21:29:30,272 [INFO] WebApp:780 - Register for checkConnection events
2024-02-20 21:29:30,273 [INFO] WebApp:414 - Apply proxy settings
2024-02-20 21:29:30,273 [INFO] WebApp:499 - Chromium requires no authentication
2024-02-20 21:29:30,295 [INFO] WebApp:442 - Direct internet connection detected
2024-02-20 21:29:30,789 [INFO] WebApp:192 - Starting web application
2024-02-20 21:29:30,789 [INFO] WebApp:544 - Web application path used /opt/st/stm32cubeide_1.14.0/plugins/com.st.stm32cube.common.mx_6.10.0.202311202037/db/plugins/mcufinder/reactClient1/index.html
2024-02-20 21:29:51,444 [ERROR] LogOutputStream:75 - [STDERR_REDIRECT] SLF4J: Failed to load class "org.slf4j.impl.StaticLoggerBinder".
2024-02-20 21:29:51,445 [ERROR] LogOutputStream:75 - [STDERR_REDIRECT] SLF4J: Defaulting to no-operation (NOP) logger implementation
2024-02-20 21:29:51,445 [ERROR] LogOutputStream:75 - [STDERR_REDIRECT] SLF4J: See http://www.slf4j.org/codes.html#StaticLoggerBinder for further details.
